This file contains any messages produced by compilers while
running configure, to aid debugging if configure makes a mistake.

It was created by tkimggif configure 1.4.13, which was
generated by GNU Autoconf 2.71.  Invocation command line was

  $ ./configure --with-tk=/usr/local/src/SAOImageDS9/tk8.6/unix --with-tcl=/usr/local/src/SAOImageDS9/tcl8.6/unix --prefix /usr/local/src/SAOImageDS9 --exec-prefix /usr/local/src/SAOImageDS9 --libdir /usr/local/src/SAOImageDS9/lib --disable-shared --disable-stubs --enable-symbols --cache-file=../config.cache --srcdir=. --with-tkimg=/usr/local/src/SAOImageDS9/tkimg/base --disable-option-checking

## --------- ##
## Platform. ##
## --------- ##

hostname = nancep7.obs-nancay.fr
uname -m = x86_64
uname -r = 5.15.0-69-generic
uname -s = Linux
uname -v = #76~20.04.1-Ubuntu SMP Mon Mar 20 15:54:19 UTC 2023

/usr/bin/uname -p = unknown
/bin/uname -X     = unknown

/bin/arch              = unknown
/usr/bin/arch -k       = unknown
/usr/convex/getsysinfo = unknown
/usr/bin/hostinfo      = unknown
/bin/machine           = unknown
/usr/bin/oslevel       = unknown
/bin/universe          = unknown

PATH: /usr/local/sbin/
PATH: /usr/local/bin/
PATH: /usr/sbin/
PATH: /usr/bin/
PATH: /sbin/
PATH: /bin/


## ----------- ##
## Core tests. ##
## ----------- ##

configure:2100: loading cache ../config.cache
configure:2503: checking TEA configuration
configure:2509: result: ok (TEA 3.13)
configure:2595: configuring tkimggif 1.4.13
configure:2625: checking system version
configure:2652: result: Linux-5.15.0-69-generic
configure:2701: checking for Tcl configuration
configure:2834: result: found /usr/local/src/SAOImageDS9/tcl8.6/unix/tclConfig.sh
configure:2901: checking for gcc
configure:2933: result: gcc
configure:3286: checking for C compiler version
configure:3295: gcc --version >&5
gcc (Debian 10.2.1-6) 10.2.1 20210110
Copyright (C) 2020 Free Software Foundation, Inc.
This is free software; see the source for copying conditions.  There is NO
warranty; not even for MERCHANTABILITY or FITNESS FOR A PARTICULAR PURPOSE.

configure:3306: $? = 0
configure:3295: gcc -v >&5
Using built-in specs.
COLLECT_GCC=gcc
COLLECT_LTO_WRAPPER=/usr/lib/gcc/x86_64-linux-gnu/10/lto-wrapper
OFFLOAD_TARGET_NAMES=nvptx-none:amdgcn-amdhsa:hsa
OFFLOAD_TARGET_DEFAULT=1
Target: x86_64-linux-gnu
Configured with: ../src/configure -v --with-pkgversion='Debian 10.2.1-6' --with-bugurl=file:///usr/share/doc/gcc-10/README.Bugs --enable-languages=c,ada,c++,go,brig,d,fortran,objc,obj-c++,m2 --prefix=/usr --with-gcc-major-version-only --program-suffix=-10 --program-prefix=x86_64-linux-gnu- --enable-shared --enable-linker-build-id --libexecdir=/usr/lib --without-included-gettext --enable-threads=posix --libdir=/usr/lib --enable-nls --enable-bootstrap --enable-clocale=gnu --enable-libstdcxx-debug --enable-libstdcxx-time=yes --with-default-libstdcxx-abi=new --enable-gnu-unique-object --disable-vtable-verify --enable-plugin --enable-default-pie --with-system-zlib --enable-libphobos-checking=release --with-target-system-zlib=auto --enable-objc-gc=auto --enable-multiarch --disable-werror --with-arch-32=i686 --with-abi=m64 --with-multilib-list=m32,m64,mx32 --enable-multilib --with-tune=generic --enable-offload-targets=nvptx-none=/build/gcc-10-Km9U7s/gcc-10-10.2.1/debian/tmp-nvptx/usr,amdgcn-amdhsa=/build/gcc-10-Km9U7s/gcc-10-10.2.1/debian/tmp-gcn/usr,hsa --without-cuda-driver --enable-checking=release --build=x86_64-linux-gnu --host=x86_64-linux-gnu --target=x86_64-linux-gnu --with-build-config=bootstrap-lto-lean --enable-link-mutex
Thread model: posix
Supported LTO compression algorithms: zlib zstd
gcc version 10.2.1 20210110 (Debian 10.2.1-6) 
... rest of stderr output deleted ...
configure:3306: $? = 0
configure:3295: gcc -V >&5
gcc: error: unrecognized command-line option '-V'
gcc: fatal error: no input files
compilation terminated.
configure:3306: $? = 1
configure:3295: gcc -qversion >&5
gcc: error: unrecognized command-line option '-qversion'; did you mean '--version'?
gcc: fatal error: no input files
compilation terminated.
configure:3306: $? = 1
configure:3295: gcc -version >&5
gcc: error: unrecognized command-line option '-version'
gcc: fatal error: no input files
compilation terminated.
configure:3306: $? = 1
configure:3326: checking whether the C compiler works
configure:3348: gcc    conftest.c  >&5
configure:3352: $? = 0
configure:3402: result: yes
configure:3405: checking for C compiler default output file name
configure:3407: result: a.out
configure:3413: checking for suffix of executables
configure:3420: gcc -o conftest    conftest.c  >&5
configure:3424: $? = 0
configure:3447: result: 
configure:3469: checking whether we are cross compiling
configure:3477: gcc -o conftest    conftest.c  >&5
configure:3481: $? = 0
configure:3488: ./conftest
configure:3492: $? = 0
configure:3507: result: no
configure:3512: checking for suffix of object files
configure:3561: result: o
configure:3565: checking whether the compiler supports GNU C
configure:3595: result: yes
configure:3606: checking whether gcc accepts -g
configure:3671: result: yes
configure:3691: checking for gcc option to enable C11 features
configure:3706: gcc  -c   conftest.c >&5
configure:3706: $? = 0
configure:3724: result: none needed
configure:3836: checking for existence of /usr/local/src/SAOImageDS9/tcl8.6/unix/tclConfig.sh
configure:3840: result: loading
configure:3894: checking platform
configure:3912: gcc -c   conftest.c >&5
configure:3912: $? = 0
configure:3969: result: unix
configure:4009: checking for Tk configuration
configure:4139: result: found /usr/local/src/SAOImageDS9/tk8.6/unix/tkConfig.sh
configure:4145: checking for existence of /usr/local/src/SAOImageDS9/tk8.6/unix/tkConfig.sh
configure:4149: result: loading
configure:4320: checking for gcc
configure:4352: result: gcc
configure:4705: checking for C compiler version
configure:4714: gcc --version >&5
gcc (Debian 10.2.1-6) 10.2.1 20210110
Copyright (C) 2020 Free Software Foundation, Inc.
This is free software; see the source for copying conditions.  There is NO
warranty; not even for MERCHANTABILITY or FITNESS FOR A PARTICULAR PURPOSE.

configure:4725: $? = 0
configure:4714: gcc -v >&5
Using built-in specs.
COLLECT_GCC=gcc
COLLECT_LTO_WRAPPER=/usr/lib/gcc/x86_64-linux-gnu/10/lto-wrapper
OFFLOAD_TARGET_NAMES=nvptx-none:amdgcn-amdhsa:hsa
OFFLOAD_TARGET_DEFAULT=1
Target: x86_64-linux-gnu
Configured with: ../src/configure -v --with-pkgversion='Debian 10.2.1-6' --with-bugurl=file:///usr/share/doc/gcc-10/README.Bugs --enable-languages=c,ada,c++,go,brig,d,fortran,objc,obj-c++,m2 --prefix=/usr --with-gcc-major-version-only --program-suffix=-10 --program-prefix=x86_64-linux-gnu- --enable-shared --enable-linker-build-id --libexecdir=/usr/lib --without-included-gettext --enable-threads=posix --libdir=/usr/lib --enable-nls --enable-bootstrap --enable-clocale=gnu --enable-libstdcxx-debug --enable-libstdcxx-time=yes --with-default-libstdcxx-abi=new --enable-gnu-unique-object --disable-vtable-verify --enable-plugin --enable-default-pie --with-system-zlib --enable-libphobos-checking=release --with-target-system-zlib=auto --enable-objc-gc=auto --enable-multiarch --disable-werror --with-arch-32=i686 --with-abi=m64 --with-multilib-list=m32,m64,mx32 --enable-multilib --with-tune=generic --enable-offload-targets=nvptx-none=/build/gcc-10-Km9U7s/gcc-10-10.2.1/debian/tmp-nvptx/usr,amdgcn-amdhsa=/build/gcc-10-Km9U7s/gcc-10-10.2.1/debian/tmp-gcn/usr,hsa --without-cuda-driver --enable-checking=release --build=x86_64-linux-gnu --host=x86_64-linux-gnu --target=x86_64-linux-gnu --with-build-config=bootstrap-lto-lean --enable-link-mutex
Thread model: posix
Supported LTO compression algorithms: zlib zstd
gcc version 10.2.1 20210110 (Debian 10.2.1-6) 
... rest of stderr output deleted ...
configure:4725: $? = 0
configure:4714: gcc -V >&5
gcc: error: unrecognized command-line option '-V'
gcc: fatal error: no input files
compilation terminated.
configure:4725: $? = 1
configure:4714: gcc -qversion >&5
gcc: error: unrecognized command-line option '-qversion'; did you mean '--version'?
gcc: fatal error: no input files
compilation terminated.
configure:4725: $? = 1
configure:4714: gcc -version >&5
gcc: error: unrecognized command-line option '-version'
gcc: fatal error: no input files
compilation terminated.
configure:4725: $? = 1
configure:4729: checking whether the compiler supports GNU C
configure:4759: result: yes
configure:4770: checking whether gcc accepts -g
configure:4835: result: yes
configure:4855: checking for gcc option to enable C11 features
configure:4888: result: none needed
configure:5003: checking how to run the C preprocessor
configure:5071: result: gcc -E
configure:5085: gcc -E  conftest.c
configure:5085: $? = 0
configure:5100: gcc -E  conftest.c
conftest.c:10:10: fatal error: ac_nonexistent.h: No such file or directory
   10 | #include <ac_nonexistent.h>
      |          ^~~~~~~~~~~~~~~~~~
compilation terminated.
configure:5100: $? = 1
configure: failed program was:
| /* confdefs.h */
| #define PACKAGE_NAME "tkimggif"
| #define PACKAGE_TARNAME "tkimggif"
| #define PACKAGE_VERSION "1.4.13"
| #define PACKAGE_STRING "tkimggif 1.4.13"
| #define PACKAGE_BUGREPORT ""
| #define PACKAGE_URL ""
| #define BUILD_tkimggif /**/
| /* end confdefs.h.  */
| #include <ac_nonexistent.h>
configure:5135: checking whether make sets $(MAKE)
configure:5158: result: yes
configure:5220: checking for ranlib
configure:5252: result: ranlib
configure:5286: checking for stdio.h
configure:5286: gcc -c   conftest.c >&5
configure:5286: $? = 0
configure:5286: result: yes
configure:5286: checking for stdlib.h
configure:5286: result: yes
configure:5286: checking for string.h
configure:5286: result: yes
configure:5286: checking for inttypes.h
configure:5286: result: yes
configure:5286: checking for stdint.h
configure:5286: result: yes
configure:5286: checking for strings.h
configure:5286: result: yes
configure:5286: checking for sys/stat.h
configure:5286: result: yes
configure:5286: checking for sys/types.h
configure:5286: result: yes
configure:5286: checking for unistd.h
configure:5286: result: yes
configure:5321: checking if the compiler understands -pipe
configure:5349: result: yes
configure:5360: checking whether byte ordering is bigendian
configure:5575: result: no
configure:5612: checking for tkimg configuration
configure:5701: result: found /usr/local/src/SAOImageDS9/tkimg/base/tkimgConfig.sh
configure:5707: checking for existence of /usr/local/src/SAOImageDS9/tkimg/base/tkimgConfig.sh
configure:5711: result: loading
configure:5729: WARNING: Found Makefile - using build library specs for tkimg
configure:5802: checking For tkimg_STUB library for LIBS
configure:5835: result: using tkimg_STUB_LIB_SPEC -L/usr/local/src/SAOImageDS9/tkimg/base -ltkimgstub1.4.13
configure:6017: checking for Tcl public headers
configure:6090: result: /usr/local/src/SAOImageDS9/tcl8.6/generic
configure:6103: checking for Tk public headers
configure:6179: result: /usr/local/src/SAOImageDS9/tk8.6/generic
configure:6266: checking for pthread_mutex_init in -lpthread
configure:6299: result: yes
configure:6509: checking for building with threads
configure:6515: result: yes (default)
configure:6544: checking how to build libraries
configure:6585: result: static
configure:6669: checking for ranlib
configure:6701: result: ranlib
configure:6728: checking if 64bit support is requested
configure:6738: result: no
configure:6743: checking if 64bit Sparc VIS support is requested
configure:6753: result: no
configure:6764: checking if compiler supports visibility "hidden"
configure:6795: result: yes
configure:6811: checking if rpath support is requested
configure:6821: result: yes
configure:6828: checking system version
configure:6855: result: Linux-5.15.0-69-generic
configure:6941: checking for ar
configure:6973: result: ar
configure:8693: checking for cast to union support
configure:8722: result: yes
configure:8730: checking for stdbool.h
configure:8730: result: yes
configure:8756: checking for required early compiler flags
configure:8913: result:  _LARGEFILE64_SOURCE
configure:8918: checking for 64-bit integer type
configure:8972: result: yes
configure:9157: checking for build with symbols
configure:9176: result: yes (standard debugging)
configure:9209: checking for X
configure:9434: result: libraries , headers 
configure:9445: gcc -E  conftest.c
configure:9445: $? = 0
configure:9590: checking for grep that handles long lines and -e
configure:9654: result: /bin/grep
configure:9659: checking for egrep
configure:9727: result: /bin/grep -E
configure:9877: checking for tclsh
configure:9912: result: /usr/local/src/SAOImageDS9/tcl8.6/unix/tclsh
configure:9917: checking for wish
configure:9952: result: /usr/local/src/SAOImageDS9/tk8.6/unix/wish
configure:10055: updating cache ../config.cache
configure:10142: creating ./config.status

## ---------------------- ##
## Running config.status. ##
## ---------------------- ##

This file was extended by tkimggif config.status 1.4.13, which was
generated by GNU Autoconf 2.71.  Invocation command line was

  CONFIG_FILES    = 
  CONFIG_HEADERS  = 
  CONFIG_LINKS    = 
  CONFIG_COMMANDS = 
  $ ./config.status 

on nancep7.obs-nancay.fr

config.status:829: creating Makefile
config.status:829: creating tkimggifConfig.sh

## ---------------- ##
## Cache variables. ##
## ---------------- ##

ac_cv_c_bigendian=no
ac_cv_c_compiler_gnu=yes
ac_cv_c_tclconfig=/usr/local/src/SAOImageDS9/tcl8.6/unix
ac_cv_c_tclh=/usr/local/src/SAOImageDS9/tcl8.6/generic
ac_cv_c_tkconfig=/usr/local/src/SAOImageDS9/tk8.6/unix
ac_cv_c_tkh=/usr/local/src/SAOImageDS9/tk8.6/generic
ac_cv_c_tkimgconfig=/usr/local/src/SAOImageDS9/tkimg/base
ac_cv_c_zlibtclconfig=/usr/local/src/SAOImageDS9/tkimg/zlib
ac_cv_env_CC_set=
ac_cv_env_CC_value=
ac_cv_env_CFLAGS_set=
ac_cv_env_CFLAGS_value=
ac_cv_env_CPPFLAGS_set=
ac_cv_env_CPPFLAGS_value=
ac_cv_env_CPP_set=
ac_cv_env_CPP_value=
ac_cv_env_LDFLAGS_set=
ac_cv_env_LDFLAGS_value=
ac_cv_env_LIBS_set=
ac_cv_env_LIBS_value=
ac_cv_env_XMKMF_set=
ac_cv_env_XMKMF_value=
ac_cv_env_build_alias_set=
ac_cv_env_build_alias_value=
ac_cv_env_host_alias_set=
ac_cv_env_host_alias_value=
ac_cv_env_target_alias_set=
ac_cv_env_target_alias_value=
ac_cv_have_x='have_x=yes	ac_x_includes='\'''\''	ac_x_libraries='\'''\'''
ac_cv_header_inttypes_h=yes
ac_cv_header_memory_h=yes
ac_cv_header_stdbool_h=yes
ac_cv_header_stdc=yes
ac_cv_header_stdint_h=yes
ac_cv_header_stdio_h=yes
ac_cv_header_stdlib_h=yes
ac_cv_header_string_h=yes
ac_cv_header_strings_h=yes
ac_cv_header_sys_stat_h=yes
ac_cv_header_sys_types_h=yes
ac_cv_header_unistd_h=yes
ac_cv_lib_pthread_pthread_mutex_init=yes
ac_cv_objext=o
ac_cv_path_EGREP='/bin/grep -E'
ac_cv_path_GREP=/bin/grep
ac_cv_prog_CPP='gcc -E'
ac_cv_prog_ac_ct_AR=ar
ac_cv_prog_ac_ct_CC=gcc
ac_cv_prog_ac_ct_RANLIB=ranlib
ac_cv_prog_cc_c11=
ac_cv_prog_cc_c89=
ac_cv_prog_cc_g=yes
ac_cv_prog_cc_stdc=
ac_cv_prog_make_make_set=yes
tcl_cv_cast_to_union=yes
tcl_cv_cc_pipe=yes
tcl_cv_cc_visibility_hidden=yes
tcl_cv_flag__isoc99_source=no
tcl_cv_flag__largefile64_source=yes
tcl_cv_flag__largefile_source64=no
tcl_cv_sys_version=Linux-5.15.0-69-generic
tcl_cv_type_64bit=none

## ----------------- ##
## Output variables. ##
## ----------------- ##

AR='ar'
CC='gcc'
CFLAGS=' -pipe ${CFLAGS_DEFAULT} ${CFLAGS_WARNING} '
CFLAGS_DEBUG='-g'
CFLAGS_DEFAULT='-g'
CFLAGS_OPTIMIZE='-O2 -fomit-frame-pointer'
CFLAGS_WARNING='-Wall'
CLEANFILES=''
CPP='gcc -E'
CPPFLAGS=''
CYGPATH='echo'
DEFS='-DPACKAGE_NAME=\"tkimggif\" -DPACKAGE_TARNAME=\"tkimggif\" -DPACKAGE_VERSION=\"1.4.13\" -DPACKAGE_STRING=\"tkimggif\ 1.4.13\" -DPACKAGE_BUGREPORT=\"\" -DPACKAGE_URL=\"\" -DBUILD_tkimggif=/\*\*/ -DHAVE_STDIO_H=1 -DHAVE_STDLIB_H=1 -DHAVE_STRING_H=1 -DHAVE_INTTYPES_H=1 -DHAVE_STDINT_H=1 -DHAVE_STRINGS_H=1 -DHAVE_SYS_STAT_H=1 -DHAVE_SYS_TYPES_H=1 -DHAVE_UNISTD_H=1 -DSTDC_HEADERS=1 -DUSE_THREAD_ALLOC=1 -D_REENTRANT=1 -D_THREAD_SAFE=1 -DTCL_THREADS=1 -DSTATIC_BUILD=1 -DMODULE_SCOPE=extern\ __attribute__\(\(__visibility__\(\"hidden\"\)\)\) -DHAVE_HIDDEN=1 -DHAVE_CAST_TO_UNION=1 -DHAVE_STDBOOL_H=1 -D_LARGEFILE64_SOURCE=1 -DTCL_WIDE_INT_IS_LONG=1 -DUSE_TCL_STUBS=1 -DUSE_TK_STUBS=1'
ECHO_C=''
ECHO_N='-n'
ECHO_T=''
EGREP='/bin/grep -E'
EXEEXT=''
GREP='/bin/grep'
INSTALL='$(SHELL) $(srcdir)/tclconfig/install-sh -c'
INSTALL_DATA='${INSTALL} -m 644'
INSTALL_DATA_DIR='${INSTALL} -d -m 755'
INSTALL_LIBRARY='${INSTALL} -m 644'
INSTALL_PROGRAM='${INSTALL} -m 755'
INSTALL_SCRIPT='${INSTALL} -m 755'
LDFLAGS=' -Wl,--export-dynamic '
LDFLAGS_DEBUG=''
LDFLAGS_DEFAULT=''
LDFLAGS_OPTIMIZE=''
LD_LIBRARY_PATH_VAR='LD_LIBRARY_PATH'
LIBOBJS=''
LIBS=''
LTLIBOBJS=''
MAJOR_VERSION=''
MAKE_LIB='${STLIB_LD} $@ $(PKG_OBJECTS) '
MAKE_SHARED_LIB='${SHLIB_LD} ${LDFLAGS} ${LDFLAGS_DEFAULT} -o $@ $(PKG_OBJECTS) ${SHLIB_LD_LIBS}'
MAKE_STATIC_LIB='${STLIB_LD} $@ $(PKG_OBJECTS)'
MAKE_STUB_LIB='${STLIB_LD} $@ $(PKG_STUB_OBJECTS)'
MINOR_VERSION=''
OBJEXT='o'
PACKAGE_BUGREPORT=''
PACKAGE_NAME='tkimggif'
PACKAGE_STRING='tkimggif 1.4.13'
PACKAGE_TARNAME='tkimggif'
PACKAGE_TCLNAME='img::gif'
PACKAGE_URL=''
PACKAGE_VERSION='1.4.13'
PATCHLEVEL=''
PATH_SEPARATOR=':'
PHIMGTYPE='gif'
PKG_CFLAGS='  -DTKIMG_VERSION=\"${tkimg_VERSION}\"'
PKG_HEADERS=''
PKG_INCLUDES=' -I"/usr/local/src/SAOImageDS9/tkimg/base/." -I.'
PKG_LIBS=' -L/usr/local/src/SAOImageDS9/tkimg/base -ltkimgstub1.4.13 -lX11 -L/usr/local/src/SAOImageDS9/tkimg/base -ltkimgstub1.4.13'
PKG_LIB_FILE='libtkimggif1.4.13.a'
PKG_OBJECTS=' gif.o'
PKG_SOURCES=' gif.c'
PKG_STUB_LIB_FILE='libtkimggifstub1.4.13.a'
PKG_STUB_OBJECTS=''
PKG_STUB_SOURCES=''
PKG_TCL_SOURCES=''
RANLIB='ranlib'
RANLIB_STUB='ranlib'
RC=''
SET_MAKE=''
SHARED_BUILD='0'
SHELL='/bin/bash'
SHLIB_CFLAGS='-fPIC'
SHLIB_LD='${CC} ${CFLAGS} ${LDFLAGS_DEFAULT} -shared'
SHLIB_LD_LIBS='${LIBS}'
STLIB_LD='${AR} cr'
STUBS_BUILD='0'
TCLSH_PROG='/usr/local/src/SAOImageDS9/tcl8.6/unix/tclsh'
TCL_BIN_DIR='/usr/local/src/SAOImageDS9/tcl8.6/unix'
TCL_DEFS='-DPACKAGE_NAME=\"tcl\" -DPACKAGE_TARNAME=\"tcl\" -DPACKAGE_VERSION=\"8.6\" -DPACKAGE_STRING=\"tcl\ 8.6\" -DPACKAGE_BUGREPORT=\"\" -DSTDC_HEADERS=1 -DHAVE_SYS_TYPES_H=1 -DHAVE_SYS_STAT_H=1 -DHAVE_STDLIB_H=1 -DHAVE_STRING_H=1 -DHAVE_MEMORY_H=1 -DHAVE_STRINGS_H=1 -DHAVE_INTTYPES_H=1 -DHAVE_STDINT_H=1 -DHAVE_UNISTD_H=1 -DHAVE_SYS_PARAM_H=1 -DUSE_THREAD_ALLOC=1 -D_REENTRANT=1 -D_THREAD_SAFE=1 -DHAVE_PTHREAD_ATTR_SETSTACKSIZE=1 -DHAVE_PTHREAD_ATFORK=1 -DTCL_THREADS=1 -DTCL_CFGVAL_ENCODING=\"iso8859-1\" -DSTATIC_BUILD=1 -DHAVE_ZLIB=1 -DMODULE_SCOPE=extern\ __attribute__\(\(__visibility__\(\"hidden\"\)\)\) -DHAVE_HIDDEN=1 -DHAVE_CAST_TO_UNION=1 -DTCL_SHLIB_EXT=\".so\" -DTCL_TOMMATH=1 -DMP_PREC=4 -D_LARGEFILE64_SOURCE=1 -DTCL_WIDE_INT_IS_LONG=1 -DHAVE_GETCWD=1 -DHAVE_MKSTEMP=1 -DHAVE_OPENDIR=1 -DHAVE_STRTOL=1 -DHAVE_WAITPID=1 -DHAVE_GETNAMEINFO=1 -DHAVE_GETADDRINFO=1 -DHAVE_FREEADDRINFO=1 -DHAVE_GAI_STRERROR=1 -DHAVE_STRUCT_ADDRINFO=1 -DHAVE_STRUCT_IN6_ADDR=1 -DHAVE_STRUCT_SOCKADDR_IN6=1 -DHAVE_STRUCT_SOCKADDR_STORAGE=1 -DHAVE_GETPWUID_R_5=1 -DHAVE_GETPWUID_R=1 -DHAVE_GETPWNAM_R_5=1 -DHAVE_GETPWNAM_R=1 -DHAVE_GETGRGID_R_5=1 -DHAVE_GETGRGID_R=1 -DHAVE_GETGRNAM_R_5=1 -DHAVE_GETGRNAM_R=1 -DHAVE_DECL_GETHOSTBYNAME_R=1 -DHAVE_GETHOSTBYNAME_R_6=1 -DHAVE_GETHOSTBYNAME_R=1 -DHAVE_DECL_GETHOSTBYADDR_R=1 -DHAVE_GETHOSTBYADDR_R_8=1 -DHAVE_GETHOSTBYADDR_R=1 -DHAVE_TERMIOS_H=1 -DHAVE_SYS_IOCTL_H=1 -DHAVE_SYS_TIME_H=1 -DTIME_WITH_SYS_TIME=1 -DHAVE_GMTIME_R=1 -DHAVE_LOCALTIME_R=1 -DHAVE_MKTIME=1 -DHAVE_TM_GMTOFF=1 -DHAVE_TIMEZONE_VAR=1 -DHAVE_STRUCT_STAT_ST_BLOCKS=1 -DHAVE_STRUCT_STAT_ST_BLKSIZE=1 -DHAVE_BLKCNT_T=1 -DHAVE_INTPTR_T=1 -DHAVE_UINTPTR_T=1 -DNO_UNION_WAIT=1 -DHAVE_SIGNED_CHAR=1 -DHAVE_LANGINFO=1 -DHAVE_MKSTEMPS=1 -DHAVE_FTS=1 -DHAVE_SYS_IOCTL_H=1 -DTCL_UNLOAD_DLLS=1 -DHAVE_CPUID=1 '
TCL_EXTRA_CFLAGS=' -pipe '
TCL_INCLUDES='-I"/usr/local/src/SAOImageDS9/tcl8.6/generic"'
TCL_LD_FLAGS=' -Wl,--export-dynamic '
TCL_LIBS='-ldl -lz  -lpthread -lm'
TCL_LIB_FILE='libtcl8.6.a'
TCL_LIB_FLAG='-ltcl8.6'
TCL_LIB_SPEC='-L/usr/local/src/SAOImageDS9/tcl8.6/unix -ltcl8.6'
TCL_PATCH_LEVEL='.12'
TCL_SHLIB_LD_LIBS='${LIBS}'
TCL_SRC_DIR='/usr/local/src/SAOImageDS9/tcl8.6'
TCL_STUB_LIB_FILE='libtclstub8.6.a'
TCL_STUB_LIB_FLAG='-ltclstub8.6'
TCL_STUB_LIB_SPEC='-L/usr/local/src/SAOImageDS9/tcl8.6/unix -ltclstub8.6'
TCL_THREADS='1'
TCL_VERSION='8.6'
TK_BIN_DIR='/usr/local/src/SAOImageDS9/tk8.6/unix'
TK_INCLUDES='-I"/usr/local/src/SAOImageDS9/tk8.6/generic"'
TK_LIBS='-lX11 -lXft -lfontconfig -lfreetype -lfontconfig  -lpthread -ldl -lz  -lpthread -lm'
TK_LIB_FILE='libtk8.6.a'
TK_LIB_FLAG='-ltk8.6'
TK_LIB_SPEC='-L/usr/local/src/SAOImageDS9/tk8.6/unix -ltk8.6'
TK_SRC_DIR='/usr/local/src/SAOImageDS9/tk8.6'
TK_STUB_LIB_FILE='libtkstub8.6.a'
TK_STUB_LIB_FLAG='-ltkstub8.6'
TK_STUB_LIB_SPEC='-L/usr/local/src/SAOImageDS9/tk8.6/unix -ltkstub8.6'
TK_VERSION='8.6'
TK_XINCLUDES=''
VC_MANIFEST_EMBED_DLL=''
VC_MANIFEST_EMBED_EXE=''
WISH_PROG='/usr/local/src/SAOImageDS9/tk8.6/unix/wish'
XMKMF=''
ac_ct_CC='gcc'
bindir='${exec_prefix}/bin'
build_alias=''
datadir='${datarootdir}'
datarootdir='${prefix}/share'
docdir='${datarootdir}/doc/${PACKAGE_TARNAME}'
dvidir='${docdir}'
exec_prefix='/usr/local/src/SAOImageDS9'
host_alias=''
htmldir='${docdir}'
includedir='${prefix}/include'
infodir='${datarootdir}/info'
libdir='/usr/local/src/SAOImageDS9/lib'
libexecdir='${exec_prefix}/libexec'
localedir='${datarootdir}/locale'
localstatedir='${prefix}/var'
mandir='${datarootdir}/man'
oldincludedir='/usr/include'
pdfdir='${docdir}'
prefix='/usr/local/src/SAOImageDS9'
program_transform_name='s,x,x,'
psdir='${docdir}'
runstatedir='${localstatedir}/run'
sbindir='${exec_prefix}/sbin'
sharedstatedir='${prefix}/com'
sysconfdir='${prefix}/etc'
target_alias=''
tkimg_BIN_DIR='/usr/local/src/SAOImageDS9/tkimg/base'
tkimg_BUILD_PATH='/usr/local/src/SAOImageDS9/tkimg/base'
tkimg_LIB_FILE='libtkimg1.4.13.a'
tkimg_LIB_SPEC='-L/usr/local/src/SAOImageDS9/tkimg/base -ltkimg1.4.13'
tkimg_SRC_DIR='.'
tkimg_SRC_PATH='/usr/local/src/SAOImageDS9/tkimg/base/.'
tkimg_STUB_LIB_FILE='libtkimgstub1.4.13.a'
tkimg_STUB_LIB_PATH='/usr/local/src/SAOImageDS9/tkimg/base/libtkimgstub1.4.13.a'
tkimg_STUB_LIB_SPEC='-L/usr/local/src/SAOImageDS9/tkimg/base -ltkimgstub1.4.13'
tkimg_VERSION='1.4.13'
tkimggif_BUILD_LIB_SPEC='-L/usr/local/src/SAOImageDS9/tkimg/gif -ltkimggif1.4.13'
tkimggif_BUILD_STUB_LIB_PATH='/usr/local/src/SAOImageDS9/tkimg/gif/libtkimggifstub1.4.13.a'
tkimggif_BUILD_STUB_LIB_SPEC='-L/usr/local/src/SAOImageDS9/tkimg/gif -ltkimggifstub1.4.13'
tkimggif_LIB_SPEC='-L/usr/local/src/SAOImageDS9/lib/tkimggif1.4.13 -ltkimggif1.4.13'
tkimggif_STUB_LIB_PATH='/usr/local/src/SAOImageDS9/lib/tkimggif1.4.13/libtkimggifstub1.4.13.a'
tkimggif_STUB_LIB_SPEC='-L/usr/local/src/SAOImageDS9/lib/tkimggif1.4.13 -ltkimggifstub1.4.13'

## ----------- ##
## confdefs.h. ##
## ----------- ##

/* confdefs.h */
#define PACKAGE_NAME "tkimggif"
#define PACKAGE_TARNAME "tkimggif"
#define PACKAGE_VERSION "1.4.13"
#define PACKAGE_STRING "tkimggif 1.4.13"
#define PACKAGE_BUGREPORT ""
#define PACKAGE_URL ""
#define BUILD_tkimggif /**/
#define HAVE_STDIO_H 1
#define HAVE_STDLIB_H 1
#define HAVE_STRING_H 1
#define HAVE_INTTYPES_H 1
#define HAVE_STDINT_H 1
#define HAVE_STRINGS_H 1
#define HAVE_SYS_STAT_H 1
#define HAVE_SYS_TYPES_H 1
#define HAVE_UNISTD_H 1
#define STDC_HEADERS 1
#define USE_THREAD_ALLOC 1
#define _REENTRANT 1
#define _THREAD_SAFE 1
#define TCL_THREADS 1
#define STATIC_BUILD 1
#define MODULE_SCOPE extern __attribute__((__visibility__("hidden")))
#define HAVE_HIDDEN 1
#define HAVE_CAST_TO_UNION 1
#define HAVE_STDBOOL_H 1
#define _LARGEFILE64_SOURCE 1
#define TCL_WIDE_INT_IS_LONG 1
#define USE_TCL_STUBS 1
#define USE_TK_STUBS 1

configure: exit 0
