This file contains any messages produced by compilers while
running configure, to aid debugging if configure makes a mistake.

It was created by fitsy configure 1.0.0, which was
generated by GNU Autoconf 2.71.  Invocation command line was

  $ ./configure --disable-option-checking --prefix=/usr/local/src/SAOImageDS9 --with-altlib=/usr/local/src/SAOImageDS9/funtools/libfuntools.a --with-zlib=/usr/local/src/SAOImageDS9/lib --exec-prefix /usr/local/src/SAOImageDS9 --libdir /usr/local/src/SAOImageDS9/lib --disable-shared --cache-file=/dev/null --srcdir=.

## --------- ##
## Platform. ##
## --------- ##

hostname = nancep7.obs-nancay.fr
uname -m = x86_64
uname -r = 5.15.0-69-generic
uname -s = Linux
uname -v = #76~20.04.1-Ubuntu SMP Mon Mar 20 15:54:19 UTC 2023

/usr/bin/uname -p = unknown
/bin/uname -X     = unknown

/bin/arch              = unknown
/usr/bin/arch -k       = unknown
/usr/convex/getsysinfo = unknown
/usr/bin/hostinfo      = unknown
/bin/machine           = unknown
/usr/bin/oslevel       = unknown
/bin/universe          = unknown

PATH: /usr/local/sbin/
PATH: /usr/local/bin/
PATH: /usr/sbin/
PATH: /usr/bin/
PATH: /sbin/
PATH: /bin/


## ----------- ##
## Core tests. ##
## ----------- ##

configure:2316: looking for aux files: config.guess config.sub
configure:2329:  trying ./
configure:2358:   ./config.guess found
configure:2358:   ./config.sub found
configure:2480: checking build system type
configure:2495: result: x86_64-unknown-linux-gnu
configure:2515: checking host system type
configure:2529: result: x86_64-unknown-linux-gnu
configure:2615: checking for gcc
configure:2636: found /usr/bin/gcc
configure:2647: result: gcc
configure:3000: checking for C compiler version
configure:3009: gcc --version >&5
gcc (Debian 10.2.1-6) 10.2.1 20210110
Copyright (C) 2020 Free Software Foundation, Inc.
This is free software; see the source for copying conditions.  There is NO
warranty; not even for MERCHANTABILITY or FITNESS FOR A PARTICULAR PURPOSE.

configure:3020: $? = 0
configure:3009: gcc -v >&5
Using built-in specs.
COLLECT_GCC=gcc
COLLECT_LTO_WRAPPER=/usr/lib/gcc/x86_64-linux-gnu/10/lto-wrapper
OFFLOAD_TARGET_NAMES=nvptx-none:amdgcn-amdhsa:hsa
OFFLOAD_TARGET_DEFAULT=1
Target: x86_64-linux-gnu
Configured with: ../src/configure -v --with-pkgversion='Debian 10.2.1-6' --with-bugurl=file:///usr/share/doc/gcc-10/README.Bugs --enable-languages=c,ada,c++,go,brig,d,fortran,objc,obj-c++,m2 --prefix=/usr --with-gcc-major-version-only --program-suffix=-10 --program-prefix=x86_64-linux-gnu- --enable-shared --enable-linker-build-id --libexecdir=/usr/lib --without-included-gettext --enable-threads=posix --libdir=/usr/lib --enable-nls --enable-bootstrap --enable-clocale=gnu --enable-libstdcxx-debug --enable-libstdcxx-time=yes --with-default-libstdcxx-abi=new --enable-gnu-unique-object --disable-vtable-verify --enable-plugin --enable-default-pie --with-system-zlib --enable-libphobos-checking=release --with-target-system-zlib=auto --enable-objc-gc=auto --enable-multiarch --disable-werror --with-arch-32=i686 --with-abi=m64 --with-multilib-list=m32,m64,mx32 --enable-multilib --with-tune=generic --enable-offload-targets=nvptx-none=/build/gcc-10-Km9U7s/gcc-10-10.2.1/debian/tmp-nvptx/usr,amdgcn-amdhsa=/build/gcc-10-Km9U7s/gcc-10-10.2.1/debian/tmp-gcn/usr,hsa --without-cuda-driver --enable-checking=release --build=x86_64-linux-gnu --host=x86_64-linux-gnu --target=x86_64-linux-gnu --with-build-config=bootstrap-lto-lean --enable-link-mutex
Thread model: posix
Supported LTO compression algorithms: zlib zstd
gcc version 10.2.1 20210110 (Debian 10.2.1-6) 
... rest of stderr output deleted ...
configure:3020: $? = 0
configure:3009: gcc -V >&5
gcc: error: unrecognized command-line option '-V'
gcc: fatal error: no input files
compilation terminated.
configure:3020: $? = 1
configure:3009: gcc -qversion >&5
gcc: error: unrecognized command-line option '-qversion'; did you mean '--version'?
gcc: fatal error: no input files
compilation terminated.
configure:3020: $? = 1
configure:3009: gcc -version >&5
gcc: error: unrecognized command-line option '-version'
gcc: fatal error: no input files
compilation terminated.
configure:3020: $? = 1
configure:3040: checking whether the C compiler works
configure:3062: gcc    conftest.c  >&5
configure:3066: $? = 0
configure:3116: result: yes
configure:3119: checking for C compiler default output file name
configure:3121: result: a.out
configure:3127: checking for suffix of executables
configure:3134: gcc -o conftest    conftest.c  >&5
configure:3138: $? = 0
configure:3161: result: 
configure:3183: checking whether we are cross compiling
configure:3191: gcc -o conftest    conftest.c  >&5
configure:3195: $? = 0
configure:3202: ./conftest
configure:3206: $? = 0
configure:3221: result: no
configure:3226: checking for suffix of object files
configure:3249: gcc -c   conftest.c >&5
configure:3253: $? = 0
configure:3275: result: o
configure:3279: checking whether the compiler supports GNU C
configure:3299: gcc -c   conftest.c >&5
configure:3299: $? = 0
configure:3309: result: yes
configure:3320: checking whether gcc accepts -g
configure:3341: gcc -c -g  conftest.c >&5
configure:3341: $? = 0
configure:3385: result: yes
configure:3405: checking for gcc option to enable C11 features
configure:3420: gcc  -c -g -O2  conftest.c >&5
configure:3420: $? = 0
configure:3438: result: none needed
configure:3555: checking for long long int
configure:3584: result: yes
configure:3641: checking for ranlib
configure:3662: found /usr/bin/ranlib
configure:3673: result: ranlib
configure:3700: checking for stdio.h
configure:3700: gcc -c -g -O2  conftest.c >&5
configure:3700: $? = 0
configure:3700: result: yes
configure:3700: checking for stdlib.h
configure:3700: gcc -c -g -O2  conftest.c >&5
configure:3700: $? = 0
configure:3700: result: yes
configure:3700: checking for string.h
configure:3700: gcc -c -g -O2  conftest.c >&5
configure:3700: $? = 0
configure:3700: result: yes
configure:3700: checking for inttypes.h
configure:3700: gcc -c -g -O2  conftest.c >&5
configure:3700: $? = 0
configure:3700: result: yes
configure:3700: checking for stdint.h
configure:3700: gcc -c -g -O2  conftest.c >&5
configure:3700: $? = 0
configure:3700: result: yes
configure:3700: checking for strings.h
configure:3700: gcc -c -g -O2  conftest.c >&5
configure:3700: $? = 0
configure:3700: result: yes
configure:3700: checking for sys/stat.h
configure:3700: gcc -c -g -O2  conftest.c >&5
configure:3700: $? = 0
configure:3700: result: yes
configure:3700: checking for sys/types.h
configure:3700: gcc -c -g -O2  conftest.c >&5
configure:3700: $? = 0
configure:3700: result: yes
configure:3700: checking for unistd.h
configure:3700: gcc -c -g -O2  conftest.c >&5
configure:3700: $? = 0
configure:3700: result: yes
configure:3725: checking for grep that handles long lines and -e
configure:3789: result: /bin/grep
configure:3797: checking for egrep
configure:3865: result: /bin/grep -E
configure:3871: checking for malloc.h
configure:3871: gcc -c -g -O2  conftest.c >&5
configure:3871: $? = 0
configure:3871: result: yes
configure:3878: checking for getopt.h
configure:3878: gcc -c -g -O2  conftest.c >&5
configure:3878: $? = 0
configure:3878: result: yes
configure:3885: checking for values.h
configure:3885: gcc -c -g -O2  conftest.c >&5
configure:3885: $? = 0
configure:3885: result: yes
configure:3892: checking for dlfcn.h
configure:3892: gcc -c -g -O2  conftest.c >&5
configure:3892: $? = 0
configure:3892: result: yes
configure:3899: checking for sys/un.h
configure:3899: gcc -c -g -O2  conftest.c >&5
configure:3899: $? = 0
configure:3899: result: yes
configure:3906: checking for sys/mman.h
configure:3906: gcc -c -g -O2  conftest.c >&5
configure:3906: $? = 0
configure:3906: result: yes
configure:3913: checking for sys/ipc.h
configure:3913: gcc -c -g -O2  conftest.c >&5
configure:3913: $? = 0
configure:3913: result: yes
configure:3924: checking for sys/shm.h
configure:3924: gcc -c -g -O2  conftest.c >&5
configure:3924: $? = 0
configure:3924: result: yes
configure:3934: checking for socklen_t
configure:3934: gcc -c -g -O2  conftest.c >&5
configure:3934: $? = 0
configure:3934: gcc -c -g -O2  conftest.c >&5
conftest.c: In function 'main':
conftest.c:33:24: error: expected expression before ')' token
   33 | if (sizeof ((socklen_t)))
      |                        ^
configure:3934: $? = 1
configure: failed program was:
| /* confdefs.h */
| #define PACKAGE_NAME "fitsy"
| #define PACKAGE_TARNAME "fitsy"
| #define PACKAGE_VERSION "1.0.0"
| #define PACKAGE_STRING "fitsy 1.0.0"
| #define PACKAGE_BUGREPORT "saord@cfa.harvard.edu"
| #define PACKAGE_URL ""
| #define HAVE_LONG_LONG 1
| #define HAVE_STDIO_H 1
| #define HAVE_STDLIB_H 1
| #define HAVE_STRING_H 1
| #define HAVE_INTTYPES_H 1
| #define HAVE_STDINT_H 1
| #define HAVE_STRINGS_H 1
| #define HAVE_SYS_STAT_H 1
| #define HAVE_SYS_TYPES_H 1
| #define HAVE_UNISTD_H 1
| #define STDC_HEADERS 1
| #define HAVE_MALLOC_H 1
| #define HAVE_GETOPT_H 1
| #define HAVE_VALUES_H 1
| #define HAVE_DLFCN_H 1
| #define HAVE_SYS_UN_H 1
| #define HAVE_SYS_MMAN_H 1
| #define HAVE_SYS_IPC_H 1
| #define HAVE_SYS_SHM_H 1
| /* end confdefs.h.  */
| #include <sys/socket.h>
| 
| int
| main (void)
| {
| if (sizeof ((socklen_t)))
| 	    return 0;
|   ;
|   return 0;
| }
configure:3934: result: yes
configure:3945: checking for an ANSI C-conforming const
configure:4012: gcc -c -g -O2  conftest.c >&5
configure:4012: $? = 0
configure:4020: result: yes
configure:4029: checking for strchr
configure:4029: gcc -o conftest -g -O2   conftest.c  >&5
conftest.c:45:6: warning: conflicting types for built-in function 'strchr'; expected 'char *(const char *, int)' [-Wbuiltin-declaration-mismatch]
   45 | char strchr ();
      |      ^~~~~~
conftest.c:37:1: note: 'strchr' is declared in header '<string.h>'
   36 | #include <limits.h>
   37 | #undef strchr
configure:4029: $? = 0
configure:4029: result: yes
configure:4035: checking for memcpy
configure:4035: gcc -o conftest -g -O2   conftest.c  >&5
conftest.c:46:6: warning: conflicting types for built-in function 'memcpy'; expected 'void *(void *, const void *, long unsigned int)' [-Wbuiltin-declaration-mismatch]
   46 | char memcpy ();
      |      ^~~~~~
conftest.c:38:1: note: 'memcpy' is declared in header '<string.h>'
   37 | #include <limits.h>
   38 | #undef memcpy
configure:4035: $? = 0
configure:4035: result: yes
configure:4041: checking for snprintf
configure:4041: gcc -o conftest -g -O2   conftest.c  >&5
conftest.c:47:6: warning: conflicting types for built-in function 'snprintf'; expected 'int(char *, long unsigned int,  const char *, ...)' [-Wbuiltin-declaration-mismatch]
   47 | char snprintf ();
      |      ^~~~~~~~
conftest.c:39:1: note: 'snprintf' is declared in header '<stdio.h>'
   38 | #include <limits.h>
   39 | #undef snprintf
configure:4041: $? = 0
configure:4041: result: yes
configure:4049: checking for connect
configure:4049: gcc -o conftest -g -O2   conftest.c  >&5
configure:4049: $? = 0
configure:4049: result: yes
configure:4097: checking for gethostbyname
configure:4097: gcc -o conftest -g -O2   conftest.c  >&5
configure:4097: $? = 0
configure:4097: result: yes
configure:4152: checking for alternate target library
configure:4163: result: yes (/usr/local/src/SAOImageDS9/funtools/libfuntools.a)
configure:4168: checking for shared library build
configure:4191: result: no
configure:4317: checking linux-gnu configuration
configure:4365: result: none
configure:4483: creating ./config.status

## ---------------------- ##
## Running config.status. ##
## ---------------------- ##

This file was extended by fitsy config.status 1.0.0, which was
generated by GNU Autoconf 2.71.  Invocation command line was

  CONFIG_FILES    = 
  CONFIG_HEADERS  = 
  CONFIG_LINKS    = 
  CONFIG_COMMANDS = 
  $ ./config.status 

on nancep7.obs-nancay.fr

config.status:819: creating Makefile
config.status:819: creating conf.h

## ---------------- ##
## Cache variables. ##
## ---------------- ##

ac_cv_build=x86_64-unknown-linux-gnu
ac_cv_c_compiler_gnu=yes
ac_cv_c_const=yes
ac_cv_c_long_long=yes
ac_cv_env_CC_set=
ac_cv_env_CC_value=
ac_cv_env_CFLAGS_set=
ac_cv_env_CFLAGS_value=
ac_cv_env_CPPFLAGS_set=
ac_cv_env_CPPFLAGS_value=
ac_cv_env_LDFLAGS_set=
ac_cv_env_LDFLAGS_value=
ac_cv_env_LIBS_set=
ac_cv_env_LIBS_value=
ac_cv_env_build_alias_set=
ac_cv_env_build_alias_value=
ac_cv_env_host_alias_set=
ac_cv_env_host_alias_value=
ac_cv_env_target_alias_set=
ac_cv_env_target_alias_value=
ac_cv_func_connect=yes
ac_cv_func_gethostbyname=yes
ac_cv_func_memcpy=yes
ac_cv_func_snprintf=yes
ac_cv_func_strchr=yes
ac_cv_header_dlfcn_h=yes
ac_cv_header_getopt_h=yes
ac_cv_header_inttypes_h=yes
ac_cv_header_malloc_h=yes
ac_cv_header_stdint_h=yes
ac_cv_header_stdio_h=yes
ac_cv_header_stdlib_h=yes
ac_cv_header_string_h=yes
ac_cv_header_strings_h=yes
ac_cv_header_sys_ipc_h=yes
ac_cv_header_sys_mman_h=yes
ac_cv_header_sys_shm_h=yes
ac_cv_header_sys_stat_h=yes
ac_cv_header_sys_types_h=yes
ac_cv_header_sys_un_h=yes
ac_cv_header_unistd_h=yes
ac_cv_header_values_h=yes
ac_cv_host=x86_64-unknown-linux-gnu
ac_cv_objext=o
ac_cv_path_EGREP='/bin/grep -E'
ac_cv_path_GREP=/bin/grep
ac_cv_prog_ac_ct_CC=gcc
ac_cv_prog_ac_ct_RANLIB=ranlib
ac_cv_prog_cc_c11=
ac_cv_prog_cc_g=yes
ac_cv_prog_cc_stdc=
ac_cv_type_socklen_t=yes

## ----------------- ##
## Output variables. ##
## ----------------- ##

CC='gcc'
CFLAGS='-g -O2'
CPPFLAGS=''
DEFLIB='libfitsy.a'
DEFS='-DHAVE_CONFIG_H'
DOSHARED=''
ECHO_C=''
ECHO_N='-n'
ECHO_T=''
EGREP='/bin/grep -E'
EXEEXT=''
EXTRA_LIBS=''
EXTRA_OBJS=''
GREP='/bin/grep'
LDFLAGS=''
LIB='/usr/local/src/SAOImageDS9/funtools/libfuntools.a'
LIBOBJS=''
LIBS=''
LLIB='$(LIB)'
LTLIBOBJS=''
OBJEXT='o'
PACKAGE_BUGREPORT='saord@cfa.harvard.edu'
PACKAGE_NAME='fitsy'
PACKAGE_STRING='fitsy 1.0.0'
PACKAGE_TARNAME='fitsy'
PACKAGE_URL=''
PACKAGE_VERSION='1.0.0'
PATH_SEPARATOR=':'
RANLIB='ranlib'
SHELL='/bin/bash'
USE_DL=''
ac_ct_CC='gcc'
bindir='${exec_prefix}/bin'
build='x86_64-unknown-linux-gnu'
build_alias=''
build_cpu='x86_64'
build_os='linux-gnu'
build_vendor='unknown'
datadir='${datarootdir}'
datarootdir='${prefix}/share'
docdir='${datarootdir}/doc/${PACKAGE_TARNAME}'
dvidir='${docdir}'
exec_prefix='/usr/local/src/SAOImageDS9'
host='x86_64-unknown-linux-gnu'
host_alias=''
host_cpu='x86_64'
host_os='linux-gnu'
host_vendor='unknown'
htmldir='${docdir}'
includedir='${prefix}/include'
infodir='${datarootdir}/info'
libdir='/usr/local/src/SAOImageDS9/lib'
libexecdir='${exec_prefix}/libexec'
localedir='${datarootdir}/locale'
localstatedir='${prefix}/var'
mandir='${datarootdir}/man'
oldincludedir='/usr/include'
pdfdir='${docdir}'
prefix='/usr/local/src/SAOImageDS9'
program_transform_name='s,x,x,'
psdir='${docdir}'
runstatedir='${localstatedir}/run'
sbindir='${exec_prefix}/sbin'
sharedstatedir='${prefix}/com'
sysconfdir='${prefix}/etc'
target_alias=''

## ----------- ##
## confdefs.h. ##
## ----------- ##

/* confdefs.h */
#define PACKAGE_NAME "fitsy"
#define PACKAGE_TARNAME "fitsy"
#define PACKAGE_VERSION "1.0.0"
#define PACKAGE_STRING "fitsy 1.0.0"
#define PACKAGE_BUGREPORT "saord@cfa.harvard.edu"
#define PACKAGE_URL ""
#define HAVE_LONG_LONG 1
#define HAVE_STDIO_H 1
#define HAVE_STDLIB_H 1
#define HAVE_STRING_H 1
#define HAVE_INTTYPES_H 1
#define HAVE_STDINT_H 1
#define HAVE_STRINGS_H 1
#define HAVE_SYS_STAT_H 1
#define HAVE_SYS_TYPES_H 1
#define HAVE_UNISTD_H 1
#define STDC_HEADERS 1
#define HAVE_MALLOC_H 1
#define HAVE_GETOPT_H 1
#define HAVE_VALUES_H 1
#define HAVE_DLFCN_H 1
#define HAVE_SYS_UN_H 1
#define HAVE_SYS_MMAN_H 1
#define HAVE_SYS_IPC_H 1
#define HAVE_SYS_SHM_H 1
#define HAVE_SOCKLEN_T 1
#define HAVE_STRCHR 1
#define HAVE_MEMCPY 1
#define HAVE_SNPRINTF 1

configure: exit 0
