This file contains any messages produced by compilers while
running configure, to aid debugging if configure makes a mistake.

It was created by ds9 configure 8.4, which was
generated by GNU Autoconf 2.71.  Invocation command line was

  $ ./configure --with-tk=/usr/local/src/SAOImageDS9/tk8.6/unix --with-tcl=/usr/local/src/SAOImageDS9/tcl8.6/unix --with-xml2-config=/usr/bin/xml2-config --prefix /usr/local/src/SAOImageDS9 --exec-prefix /usr/local/src/SAOImageDS9 --libdir /usr/local/src/SAOImageDS9/lib --disable-shared --disable-stubs --enable-symbols --config-cache --cache-file=/usr/local/src/SAOImageDS9/config.cache

## --------- ##
## Platform. ##
## --------- ##

hostname = nancep7.obs-nancay.fr
uname -m = x86_64
uname -r = 5.15.0-69-generic
uname -s = Linux
uname -v = #76~20.04.1-Ubuntu SMP Mon Mar 20 15:54:19 UTC 2023

/usr/bin/uname -p = unknown
/bin/uname -X     = unknown

/bin/arch              = unknown
/usr/bin/arch -k       = unknown
/usr/convex/getsysinfo = unknown
/usr/bin/hostinfo      = unknown
/bin/machine           = unknown
/usr/bin/oslevel       = unknown
/bin/universe          = unknown

PATH: /usr/local/sbin/
PATH: /usr/local/bin/
PATH: /usr/sbin/
PATH: /usr/bin/
PATH: /sbin/
PATH: /bin/


## ----------- ##
## Core tests. ##
## ----------- ##

configure:2360: loading cache /usr/local/src/SAOImageDS9/config.cache
configure:2985: checking TEA configuration
configure:2991: result: ok (TEA 3.13)
configure:3077: configuring ds9 8.4
configure:3107: checking system version
configure:3131: result: Linux-5.15.0-69-generic
configure:3173: checking for Tcl configuration
configure:3307: result: found /usr/local/src/SAOImageDS9/tcl8.6/unix/tclConfig.sh
configure:3374: checking for gcc
configure:3406: result: gcc
configure:3759: checking for C compiler version
configure:3768: gcc --version >&5
gcc (Debian 10.2.1-6) 10.2.1 20210110
Copyright (C) 2020 Free Software Foundation, Inc.
This is free software; see the source for copying conditions.  There is NO
warranty; not even for MERCHANTABILITY or FITNESS FOR A PARTICULAR PURPOSE.

configure:3779: $? = 0
configure:3768: gcc -v >&5
Using built-in specs.
COLLECT_GCC=gcc
COLLECT_LTO_WRAPPER=/usr/lib/gcc/x86_64-linux-gnu/10/lto-wrapper
OFFLOAD_TARGET_NAMES=nvptx-none:amdgcn-amdhsa:hsa
OFFLOAD_TARGET_DEFAULT=1
Target: x86_64-linux-gnu
Configured with: ../src/configure -v --with-pkgversion='Debian 10.2.1-6' --with-bugurl=file:///usr/share/doc/gcc-10/README.Bugs --enable-languages=c,ada,c++,go,brig,d,fortran,objc,obj-c++,m2 --prefix=/usr --with-gcc-major-version-only --program-suffix=-10 --program-prefix=x86_64-linux-gnu- --enable-shared --enable-linker-build-id --libexecdir=/usr/lib --without-included-gettext --enable-threads=posix --libdir=/usr/lib --enable-nls --enable-bootstrap --enable-clocale=gnu --enable-libstdcxx-debug --enable-libstdcxx-time=yes --with-default-libstdcxx-abi=new --enable-gnu-unique-object --disable-vtable-verify --enable-plugin --enable-default-pie --with-system-zlib --enable-libphobos-checking=release --with-target-system-zlib=auto --enable-objc-gc=auto --enable-multiarch --disable-werror --with-arch-32=i686 --with-abi=m64 --with-multilib-list=m32,m64,mx32 --enable-multilib --with-tune=generic --enable-offload-targets=nvptx-none=/build/gcc-10-Km9U7s/gcc-10-10.2.1/debian/tmp-nvptx/usr,amdgcn-amdhsa=/build/gcc-10-Km9U7s/gcc-10-10.2.1/debian/tmp-gcn/usr,hsa --without-cuda-driver --enable-checking=release --build=x86_64-linux-gnu --host=x86_64-linux-gnu --target=x86_64-linux-gnu --with-build-config=bootstrap-lto-lean --enable-link-mutex
Thread model: posix
Supported LTO compression algorithms: zlib zstd
gcc version 10.2.1 20210110 (Debian 10.2.1-6) 
... rest of stderr output deleted ...
configure:3779: $? = 0
configure:3768: gcc -V >&5
gcc: error: unrecognized command-line option '-V'
gcc: fatal error: no input files
compilation terminated.
configure:3779: $? = 1
configure:3768: gcc -qversion >&5
gcc: error: unrecognized command-line option '-qversion'; did you mean '--version'?
gcc: fatal error: no input files
compilation terminated.
configure:3779: $? = 1
configure:3768: gcc -version >&5
gcc: error: unrecognized command-line option '-version'
gcc: fatal error: no input files
compilation terminated.
configure:3779: $? = 1
configure:3799: checking whether the C compiler works
configure:3821: gcc    conftest.c  >&5
configure:3825: $? = 0
configure:3875: result: yes
configure:3878: checking for C compiler default output file name
configure:3880: result: a.out
configure:3886: checking for suffix of executables
configure:3893: gcc -o conftest    conftest.c  >&5
configure:3897: $? = 0
configure:3920: result: 
configure:3942: checking whether we are cross compiling
configure:3950: gcc -o conftest    conftest.c  >&5
configure:3954: $? = 0
configure:3961: ./conftest
configure:3965: $? = 0
configure:3980: result: no
configure:3985: checking for suffix of object files
configure:4034: result: o
configure:4038: checking whether the compiler supports GNU C
configure:4068: result: yes
configure:4079: checking whether gcc accepts -g
configure:4144: result: yes
configure:4164: checking for gcc option to enable C11 features
configure:4197: result: none needed
configure:4309: checking for existence of /usr/local/src/SAOImageDS9/tcl8.6/unix/tclConfig.sh
configure:4313: result: loading
configure:4377: checking platform
configure:4395: gcc -c   conftest.c >&5
configure:4395: $? = 0
configure:4451: result: unix
configure:4495: checking for Tk configuration
configure:4629: result: found /usr/local/src/SAOImageDS9/tk8.6/unix/tkConfig.sh
configure:4635: checking for existence of /usr/local/src/SAOImageDS9/tk8.6/unix/tkConfig.sh
configure:4639: result: loading
configure:4745: checking for util configuration
configure:4834: result: found /usr/local/src/SAOImageDS9/util/utilConfig.sh
configure:4840: checking for existence of /usr/local/src/SAOImageDS9/util/utilConfig.sh
configure:4844: result: loading
configure:4862: WARNING: Found Makefile - using build library specs for util
configure:4892: checking For UTIL_STUB library for LIBS
configure:4929: result: file not found
configure:4998: checking for vector configuration
configure:5087: result: found /usr/local/src/SAOImageDS9/vector/vectorConfig.sh
configure:5093: checking for existence of /usr/local/src/SAOImageDS9/vector/vectorConfig.sh
configure:5097: result: loading
configure:5115: WARNING: Found Makefile - using build library specs for vector
configure:5145: checking For VECTOR_STUB library for LIBS
configure:5182: result: file not found
configure:5251: checking for fitsy configuration
configure:5340: result: found /usr/local/src/SAOImageDS9/fitsy/fitsyConfig.sh
configure:5346: checking for existence of /usr/local/src/SAOImageDS9/fitsy/fitsyConfig.sh
configure:5350: result: loading
configure:5368: WARNING: Found Makefile - using build library specs for fitsy
configure:5398: checking For FITSY_STUB library for LIBS
configure:5435: result: file not found
configure:5504: checking for tifftcl configuration
configure:5593: result: found /usr/local/src/SAOImageDS9/lib/tifftclConfig.sh
configure:5599: checking for existence of /usr/local/src/SAOImageDS9/lib/tifftclConfig.sh
configure:5603: result: loading
configure:5694: checking For tifftcl_STUB library for LIBS
configure:5727: result: using tifftcl_STUB_LIB_SPEC -L/usr/local/src/SAOImageDS9/lib/tifftcl4.1.0 -ltifftclstub4.1.0
configure:5757: checking for jpegtcl configuration
configure:5846: result: found /usr/local/src/SAOImageDS9/lib/jpegtclConfig.sh
configure:5852: checking for existence of /usr/local/src/SAOImageDS9/lib/jpegtclConfig.sh
configure:5856: result: loading
configure:5947: checking For jpegtcl_STUB library for LIBS
configure:5980: result: using jpegtcl_STUB_LIB_SPEC -L/usr/local/src/SAOImageDS9/lib/jpegtcl9.4.0 -ljpegtclstub9.4.0
configure:6010: checking for zlibtcl configuration
configure:6099: result: found /usr/local/src/SAOImageDS9/lib/zlibtclConfig.sh
configure:6105: checking for existence of /usr/local/src/SAOImageDS9/lib/zlibtclConfig.sh
configure:6109: result: loading
configure:6200: checking For zlibtcl_STUB library for LIBS
configure:6233: result: using zlibtcl_STUB_LIB_SPEC -L/usr/local/src/SAOImageDS9/lib/zlibtcl1.2.11 -lzlibtclstub1.2.11
configure:6263: checking for tcliis configuration
configure:6352: result: found /usr/local/src/SAOImageDS9/tcliis/tcliisConfig.sh
configure:6358: checking for existence of /usr/local/src/SAOImageDS9/tcliis/tcliisConfig.sh
configure:6362: result: loading
configure:6380: WARNING: Found Makefile - using build library specs for tcliis
configure:6410: checking For TCLIIS_STUB library for LIBS
configure:6447: result: file not found
configure:6516: checking for tclfitsy configuration
configure:6605: result: found /usr/local/src/SAOImageDS9/tclfitsy/tclfitsyConfig.sh
configure:6611: checking for existence of /usr/local/src/SAOImageDS9/tclfitsy/tclfitsyConfig.sh
configure:6615: result: loading
configure:6633: WARNING: Found Makefile - using build library specs for tclfitsy
configure:6663: checking For TCLFITSY_STUB library for LIBS
configure:6700: result: file not found
configure:6769: checking for tclsignal configuration
configure:6858: result: found /usr/local/src/SAOImageDS9/tclsignal/tclsignalConfig.sh
configure:6864: checking for existence of /usr/local/src/SAOImageDS9/tclsignal/tclsignalConfig.sh
configure:6868: result: loading
configure:6886: WARNING: Found Makefile - using build library specs for tclsignal
configure:6916: checking For TCLSIGNAL_STUB library for LIBS
configure:6953: result: file not found
configure:7022: checking for tclxml configuration
configure:7111: result: found /usr/local/src/SAOImageDS9/tclxml/tclxmlConfig.sh
configure:7117: checking for existence of /usr/local/src/SAOImageDS9/tclxml/tclxmlConfig.sh
configure:7121: result: loading
configure:7139: WARNING: Found Makefile - using build library specs for tclxml
configure:7169: checking For TCLXML_STUB library for LIBS
configure:7206: result: file not found
configure:7275: checking for tclzipfs configuration
configure:7364: result: found /usr/local/src/SAOImageDS9/tclzipfs/tclzipfsConfig.sh
configure:7370: checking for existence of /usr/local/src/SAOImageDS9/tclzipfs/tclzipfsConfig.sh
configure:7374: result: loading
configure:7392: WARNING: Found Makefile - using build library specs for tclzipfs
configure:7422: checking For TCLZIPFS_STUB library for LIBS
configure:7459: result: file not found
configure:7528: checking for tls configuration
configure:7617: result: found /usr/local/src/SAOImageDS9/tls/tlsConfig.sh
configure:7623: checking for existence of /usr/local/src/SAOImageDS9/tls/tlsConfig.sh
configure:7627: result: loading
configure:7645: WARNING: Found Makefile - using build library specs for tls
configure:7675: checking For TLS_STUB library for LIBS
configure:7712: result: file not found
configure:7781: checking for tkblt configuration
configure:7870: result: found /usr/local/src/SAOImageDS9/tkblt/tkbltConfig.sh
configure:7876: checking for existence of /usr/local/src/SAOImageDS9/tkblt/tkbltConfig.sh
configure:7880: result: loading
configure:7898: WARNING: Found Makefile - using build library specs for tkblt
configure:7971: checking For tkblt_STUB library for LIBS
configure:8004: result: using tkblt_STUB_LIB_SPEC -L/usr/local/src/SAOImageDS9/tkblt -ltkbltstub3.2
configure:8034: checking for tkhtml1 configuration
configure:8123: result: found /usr/local/src/SAOImageDS9/tkhtml1/tkhtml1Config.sh
configure:8129: checking for existence of /usr/local/src/SAOImageDS9/tkhtml1/tkhtml1Config.sh
configure:8133: result: loading
configure:8151: WARNING: Found Makefile - using build library specs for tkhtml1
configure:8181: checking For TKHTML1_STUB library for LIBS
configure:8218: result: file not found
configure:8287: checking for tkimg configuration
configure:8376: result: found /usr/local/src/SAOImageDS9/lib/tkimgConfig.sh
configure:8382: checking for existence of /usr/local/src/SAOImageDS9/lib/tkimgConfig.sh
configure:8386: result: loading
configure:8477: checking For tkimg_STUB library for LIBS
configure:8510: result: using tkimg_STUB_LIB_SPEC -L/usr/local/src/SAOImageDS9/lib/tkimg1.4.13 -ltkimgstub1.4.13
configure:8540: checking for tkimgjpeg configuration
configure:8629: result: found /usr/local/src/SAOImageDS9/lib/tkimgjpegConfig.sh
configure:8635: checking for existence of /usr/local/src/SAOImageDS9/lib/tkimgjpegConfig.sh
configure:8639: result: loading
configure:8687: checking For TKIMGJPEG_STUB library for LIBS
configure:8724: result: file not found
configure:8793: checking for tkimgtiff configuration
configure:8882: result: found /usr/local/src/SAOImageDS9/lib/tkimgtiffConfig.sh
configure:8888: checking for existence of /usr/local/src/SAOImageDS9/lib/tkimgtiffConfig.sh
configure:8892: result: loading
configure:8940: checking For TKIMGTIFF_STUB library for LIBS
configure:8977: result: file not found
configure:9046: checking for tkimgwindow configuration
configure:9135: result: found /usr/local/src/SAOImageDS9/lib/tkimgwindowConfig.sh
configure:9141: checking for existence of /usr/local/src/SAOImageDS9/lib/tkimgwindowConfig.sh
configure:9145: result: loading
configure:9193: checking For TKIMGWINDOW_STUB library for LIBS
configure:9230: result: file not found
configure:9299: checking for tkmpeg configuration
configure:9388: result: found /usr/local/src/SAOImageDS9/tkmpeg/tkmpegConfig.sh
configure:9394: checking for existence of /usr/local/src/SAOImageDS9/tkmpeg/tkmpegConfig.sh
configure:9398: result: loading
configure:9416: WARNING: Found Makefile - using build library specs for tkmpeg
configure:9446: checking For TKMPEG_STUB library for LIBS
configure:9483: result: file not found
configure:9552: checking for tksvg configuration
configure:9641: result: found /usr/local/src/SAOImageDS9/tksvg/tksvgConfig.sh
configure:9647: checking for existence of /usr/local/src/SAOImageDS9/tksvg/tksvgConfig.sh
configure:9651: result: loading
configure:9669: WARNING: Found Makefile - using build library specs for tksvg
configure:9699: checking For TKSVG_STUB library for LIBS
configure:9736: result: file not found
configure:9805: checking for tkagif configuration
configure:9894: result: found /usr/local/src/SAOImageDS9/tkagif/tkagifConfig.sh
configure:9900: checking for existence of /usr/local/src/SAOImageDS9/tkagif/tkagifConfig.sh
configure:9904: result: loading
configure:9922: WARNING: Found Makefile - using build library specs for tkagif
configure:9952: checking For TKAGIF_STUB library for LIBS
configure:9989: result: file not found
configure:10058: checking for tksao configuration
configure:10147: result: found /usr/local/src/SAOImageDS9/tksao/tksaoConfig.sh
configure:10153: checking for existence of /usr/local/src/SAOImageDS9/tksao/tksaoConfig.sh
configure:10157: result: loading
configure:10175: WARNING: Found Makefile - using build library specs for tksao
configure:10205: checking For TKSAO_STUB library for LIBS
configure:10242: result: file not found
configure:10311: checking for tktable configuration
configure:10400: result: found /usr/local/src/SAOImageDS9/tktable/tktableConfig.sh
configure:10406: checking for existence of /usr/local/src/SAOImageDS9/tktable/tktableConfig.sh
configure:10410: result: loading
configure:10428: WARNING: Found Makefile - using build library specs for tktable
configure:10458: checking For TKTABLE_STUB library for LIBS
configure:10495: result: file not found
configure:10643: checking for gcc
configure:10675: result: gcc
configure:11028: checking for C compiler version
configure:11037: gcc --version >&5
gcc (Debian 10.2.1-6) 10.2.1 20210110
Copyright (C) 2020 Free Software Foundation, Inc.
This is free software; see the source for copying conditions.  There is NO
warranty; not even for MERCHANTABILITY or FITNESS FOR A PARTICULAR PURPOSE.

configure:11048: $? = 0
configure:11037: gcc -v >&5
Using built-in specs.
COLLECT_GCC=gcc
COLLECT_LTO_WRAPPER=/usr/lib/gcc/x86_64-linux-gnu/10/lto-wrapper
OFFLOAD_TARGET_NAMES=nvptx-none:amdgcn-amdhsa:hsa
OFFLOAD_TARGET_DEFAULT=1
Target: x86_64-linux-gnu
Configured with: ../src/configure -v --with-pkgversion='Debian 10.2.1-6' --with-bugurl=file:///usr/share/doc/gcc-10/README.Bugs --enable-languages=c,ada,c++,go,brig,d,fortran,objc,obj-c++,m2 --prefix=/usr --with-gcc-major-version-only --program-suffix=-10 --program-prefix=x86_64-linux-gnu- --enable-shared --enable-linker-build-id --libexecdir=/usr/lib --without-included-gettext --enable-threads=posix --libdir=/usr/lib --enable-nls --enable-bootstrap --enable-clocale=gnu --enable-libstdcxx-debug --enable-libstdcxx-time=yes --with-default-libstdcxx-abi=new --enable-gnu-unique-object --disable-vtable-verify --enable-plugin --enable-default-pie --with-system-zlib --enable-libphobos-checking=release --with-target-system-zlib=auto --enable-objc-gc=auto --enable-multiarch --disable-werror --with-arch-32=i686 --with-abi=m64 --with-multilib-list=m32,m64,mx32 --enable-multilib --with-tune=generic --enable-offload-targets=nvptx-none=/build/gcc-10-Km9U7s/gcc-10-10.2.1/debian/tmp-nvptx/usr,amdgcn-amdhsa=/build/gcc-10-Km9U7s/gcc-10-10.2.1/debian/tmp-gcn/usr,hsa --without-cuda-driver --enable-checking=release --build=x86_64-linux-gnu --host=x86_64-linux-gnu --target=x86_64-linux-gnu --with-build-config=bootstrap-lto-lean --enable-link-mutex
Thread model: posix
Supported LTO compression algorithms: zlib zstd
gcc version 10.2.1 20210110 (Debian 10.2.1-6) 
... rest of stderr output deleted ...
configure:11048: $? = 0
configure:11037: gcc -V >&5
gcc: error: unrecognized command-line option '-V'
gcc: fatal error: no input files
compilation terminated.
configure:11048: $? = 1
configure:11037: gcc -qversion >&5
gcc: error: unrecognized command-line option '-qversion'; did you mean '--version'?
gcc: fatal error: no input files
compilation terminated.
configure:11048: $? = 1
configure:11037: gcc -version >&5
gcc: error: unrecognized command-line option '-version'
gcc: fatal error: no input files
compilation terminated.
configure:11048: $? = 1
configure:11052: checking whether the compiler supports GNU C
configure:11082: result: yes
configure:11093: checking whether gcc accepts -g
configure:11158: result: yes
configure:11178: checking for gcc option to enable C11 features
configure:11211: result: none needed
configure:11326: checking how to run the C preprocessor
configure:11394: result: gcc -E
configure:11408: gcc -E  conftest.c
configure:11408: $? = 0
configure:11423: gcc -E  conftest.c
conftest.c:10:10: fatal error: ac_nonexistent.h: No such file or directory
   10 | #include <ac_nonexistent.h>
      |          ^~~~~~~~~~~~~~~~~~
compilation terminated.
configure:11423: $? = 1
configure: failed program was:
| /* confdefs.h */
| #define PACKAGE_NAME "ds9"
| #define PACKAGE_TARNAME "ds9"
| #define PACKAGE_VERSION "8.4"
| #define PACKAGE_STRING "ds9 8.4"
| #define PACKAGE_BUGREPORT ""
| #define PACKAGE_URL ""
| #define BUILD_ds9 /**/
| /* end confdefs.h.  */
| #include <ac_nonexistent.h>
configure:11458: checking whether make sets $(MAKE)
configure:11481: result: yes
configure:11543: checking for ranlib
configure:11575: result: ranlib
configure:11609: checking for stdio.h
configure:11609: result: yes
configure:11609: checking for stdlib.h
configure:11609: result: yes
configure:11609: checking for string.h
configure:11609: result: yes
configure:11609: checking for inttypes.h
configure:11609: result: yes
configure:11609: checking for stdint.h
configure:11609: result: yes
configure:11609: checking for strings.h
configure:11609: result: yes
configure:11609: checking for sys/stat.h
configure:11609: result: yes
configure:11609: checking for sys/types.h
configure:11609: result: yes
configure:11609: checking for unistd.h
configure:11609: result: yes
configure:11644: checking if the compiler understands -pipe
configure:11672: result: yes
configure:11683: checking whether byte ordering is bigendian
configure:11898: result: no
configure:11986: checking for g++
configure:12018: result: g++
configure:12045: checking for C++ compiler version
configure:12054: g++ --version >&5
g++ (Debian 10.2.1-6) 10.2.1 20210110
Copyright (C) 2020 Free Software Foundation, Inc.
This is free software; see the source for copying conditions.  There is NO
warranty; not even for MERCHANTABILITY or FITNESS FOR A PARTICULAR PURPOSE.

configure:12065: $? = 0
configure:12054: g++ -v >&5
Using built-in specs.
COLLECT_GCC=g++
COLLECT_LTO_WRAPPER=/usr/lib/gcc/x86_64-linux-gnu/10/lto-wrapper
OFFLOAD_TARGET_NAMES=nvptx-none:amdgcn-amdhsa:hsa
OFFLOAD_TARGET_DEFAULT=1
Target: x86_64-linux-gnu
Configured with: ../src/configure -v --with-pkgversion='Debian 10.2.1-6' --with-bugurl=file:///usr/share/doc/gcc-10/README.Bugs --enable-languages=c,ada,c++,go,brig,d,fortran,objc,obj-c++,m2 --prefix=/usr --with-gcc-major-version-only --program-suffix=-10 --program-prefix=x86_64-linux-gnu- --enable-shared --enable-linker-build-id --libexecdir=/usr/lib --without-included-gettext --enable-threads=posix --libdir=/usr/lib --enable-nls --enable-bootstrap --enable-clocale=gnu --enable-libstdcxx-debug --enable-libstdcxx-time=yes --with-default-libstdcxx-abi=new --enable-gnu-unique-object --disable-vtable-verify --enable-plugin --enable-default-pie --with-system-zlib --enable-libphobos-checking=release --with-target-system-zlib=auto --enable-objc-gc=auto --enable-multiarch --disable-werror --with-arch-32=i686 --with-abi=m64 --with-multilib-list=m32,m64,mx32 --enable-multilib --with-tune=generic --enable-offload-targets=nvptx-none=/build/gcc-10-Km9U7s/gcc-10-10.2.1/debian/tmp-nvptx/usr,amdgcn-amdhsa=/build/gcc-10-Km9U7s/gcc-10-10.2.1/debian/tmp-gcn/usr,hsa --without-cuda-driver --enable-checking=release --build=x86_64-linux-gnu --host=x86_64-linux-gnu --target=x86_64-linux-gnu --with-build-config=bootstrap-lto-lean --enable-link-mutex
Thread model: posix
Supported LTO compression algorithms: zlib zstd
gcc version 10.2.1 20210110 (Debian 10.2.1-6) 
... rest of stderr output deleted ...
configure:12065: $? = 0
configure:12054: g++ -V >&5
g++: error: unrecognized command-line option '-V'
g++: fatal error: no input files
compilation terminated.
configure:12065: $? = 1
configure:12054: g++ -qversion >&5
g++: error: unrecognized command-line option '-qversion'; did you mean '--version'?
g++: fatal error: no input files
compilation terminated.
configure:12065: $? = 1
configure:12069: checking whether the compiler supports GNU C++
configure:12099: result: yes
configure:12110: checking whether g++ accepts -g
configure:12175: result: yes
configure:12195: checking for g++ option to enable C++11 features
configure:12228: result: none needed
configure:12318: checking system version
configure:12342: result: Linux-5.15.0-69-generic
configure:12392: checking for Tcl public headers
configure:12465: result: /usr/local/src/SAOImageDS9/tcl8.6/generic
configure:12480: checking for Tk public headers
configure:12556: result: /usr/local/src/SAOImageDS9/tk8.6/generic
configure:12586: checking for X
configure:12811: result: libraries , headers 
configure:12822: gcc -E  conftest.c
configure:12822: $? = 0
configure:12993: checking for pthread_mutex_init in -lpthread
configure:13026: result: yes
configure:13236: checking for building with threads
configure:13242: result: yes (default)
configure:13271: checking how to build libraries
configure:13312: result: static
configure:13396: checking for ranlib
configure:13428: result: ranlib
configure:13455: checking if 64bit support is requested
configure:13465: result: no
configure:13470: checking if 64bit Sparc VIS support is requested
configure:13480: result: no
configure:13491: checking if compiler supports visibility "hidden"
configure:13522: result: yes
configure:13538: checking if rpath support is requested
configure:13548: result: yes
configure:13575: checking system version
configure:13599: result: Linux-5.15.0-69-generic
configure:13685: checking for ar
configure:13717: result: ar
configure:15576: checking for cast to union support
configure:15605: result: yes
configure:15628: checking for required early compiler flags
configure:15785: result:  _LARGEFILE64_SOURCE
configure:15790: checking for 64-bit integer type
configure:15844: result: using long
configure:15993: checking for build with symbols
configure:16013: result: yes (standard debugging)
configure:16048: checking for grep that handles long lines and -e
configure:16112: result: /bin/grep
configure:16117: checking for egrep
configure:16185: result: /bin/grep -E
configure:16303: checking for tclsh
configure:16338: result: /usr/local/src/SAOImageDS9/tcl8.6/unix/tclsh
configure:16348: checking for xml2-config script
configure:16377: result: /usr/bin/xml2-config
configure:16465: updating cache /usr/local/src/SAOImageDS9/config.cache
configure:16552: creating ./config.status

## ---------------------- ##
## Running config.status. ##
## ---------------------- ##

This file was extended by ds9 config.status 8.4, which was
generated by GNU Autoconf 2.71.  Invocation command line was

  CONFIG_FILES    = 
  CONFIG_HEADERS  = 
  CONFIG_LINKS    = 
  CONFIG_COMMANDS = 
  $ ./config.status 

on nancep7.obs-nancay.fr

config.status:996: creating Makefile

## ---------------- ##
## Cache variables. ##
## ---------------- ##

ac_cv_c_bigendian=no
ac_cv_c_char_unsigned=no
ac_cv_c_compiler_gnu=yes
ac_cv_c_fitsyconfig=/usr/local/src/SAOImageDS9/fitsy
ac_cv_c_inline=inline
ac_cv_c_jpegtclconfig=/usr/local/src/SAOImageDS9/lib
ac_cv_c_tclconfig=/usr/local/src/SAOImageDS9/tcl8.6/unix
ac_cv_c_tclfitsyconfig=/usr/local/src/SAOImageDS9/tclfitsy
ac_cv_c_tclh=/usr/local/src/SAOImageDS9/tcl8.6/generic
ac_cv_c_tcliisconfig=/usr/local/src/SAOImageDS9/tcliis
ac_cv_c_tclsignalconfig=/usr/local/src/SAOImageDS9/tclsignal
ac_cv_c_tclxmlconfig=/usr/local/src/SAOImageDS9/tclxml
ac_cv_c_tclzipfsconfig=/usr/local/src/SAOImageDS9/tclzipfs
ac_cv_c_tdbcconfig=/usr/local/src/SAOImageDS9/tcl8.6/unix/pkgs/tdbc1.1.3
ac_cv_c_tifftclconfig=/usr/local/src/SAOImageDS9/lib
ac_cv_c_tkagifconfig=/usr/local/src/SAOImageDS9/tkagif
ac_cv_c_tkbltconfig=/usr/local/src/SAOImageDS9/tkblt
ac_cv_c_tkconfig=/usr/local/src/SAOImageDS9/tk8.6/unix
ac_cv_c_tkh=/usr/local/src/SAOImageDS9/tk8.6/generic
ac_cv_c_tkhtml1config=/usr/local/src/SAOImageDS9/tkhtml1
ac_cv_c_tkimgconfig=/usr/local/src/SAOImageDS9/lib
ac_cv_c_tkimgjpegconfig=/usr/local/src/SAOImageDS9/lib
ac_cv_c_tkimgtiffconfig=/usr/local/src/SAOImageDS9/lib
ac_cv_c_tkimgwindowconfig=/usr/local/src/SAOImageDS9/lib
ac_cv_c_tkmpegconfig=/usr/local/src/SAOImageDS9/tkmpeg
ac_cv_c_tksaoconfig=/usr/local/src/SAOImageDS9/tksao
ac_cv_c_tksvgconfig=/usr/local/src/SAOImageDS9/tksvg
ac_cv_c_tktableconfig=/usr/local/src/SAOImageDS9/tktable
ac_cv_c_tlsconfig=/usr/local/src/SAOImageDS9/tls
ac_cv_c_undeclared_builtin_options='none needed'
ac_cv_c_utilconfig=/usr/local/src/SAOImageDS9/util
ac_cv_c_vectorconfig=/usr/local/src/SAOImageDS9/vector
ac_cv_c_zlibtclconfig=/usr/local/src/SAOImageDS9/lib
ac_cv_cxx_compiler_gnu=yes
ac_cv_env_CCC_set=
ac_cv_env_CCC_value=
ac_cv_env_CC_set=
ac_cv_env_CC_value=
ac_cv_env_CFLAGS_set=
ac_cv_env_CFLAGS_value=
ac_cv_env_CPPFLAGS_set=
ac_cv_env_CPPFLAGS_value=
ac_cv_env_CPP_set=
ac_cv_env_CPP_value=
ac_cv_env_CXXFLAGS_set=
ac_cv_env_CXXFLAGS_value=
ac_cv_env_CXX_set=
ac_cv_env_CXX_value=
ac_cv_env_LDFLAGS_set=
ac_cv_env_LDFLAGS_value=
ac_cv_env_LIBS_set=
ac_cv_env_LIBS_value=
ac_cv_env_XMKMF_set=
ac_cv_env_XMKMF_value=
ac_cv_env_build_alias_set=
ac_cv_env_build_alias_value=
ac_cv_env_host_alias_set=
ac_cv_env_host_alias_value=
ac_cv_env_target_alias_set=
ac_cv_env_target_alias_value=
ac_cv_exeext=
ac_cv_func_XScreenSaverQueryInfo=no
ac_cv_func_chflags=no
ac_cv_func_connect=yes
ac_cv_func_fdatasync=yes
ac_cv_func_flock=yes
ac_cv_func_freeaddrinfo=yes
ac_cv_func_fstatfs=yes
ac_cv_func_gai_strerror=yes
ac_cv_func_getaddrinfo=yes
ac_cv_func_getcwd=yes
ac_cv_func_getgrgid_r=yes
ac_cv_func_getgrnam_r=yes
ac_cv_func_gethostbyaddr_r=yes
ac_cv_func_gethostbyname=yes
ac_cv_func_gethostbyname_r=yes
ac_cv_func_getnameinfo=yes
ac_cv_func_getpwnam_r=yes
ac_cv_func_getpwuid_r=yes
ac_cv_func_gettimeofday=yes
ac_cv_func_getwd=yes
ac_cv_func_gmtime_r=yes
ac_cv_func_localtime_r=yes
ac_cv_func_localtime_s=no
ac_cv_func_lstat=yes
ac_cv_func_malloc_usable_size=yes
ac_cv_func_memcmp_working=yes
ac_cv_func_memmove=yes
ac_cv_func_mkstemp=yes
ac_cv_func_mkstemps=yes
ac_cv_func_mktime=yes
ac_cv_func_opendir=yes
ac_cv_func_pread64=yes
ac_cv_func_pread=yes
ac_cv_func_pthread_atfork=yes
ac_cv_func_pthread_attr_setstacksize=yes
ac_cv_func_pwrite64=yes
ac_cv_func_pwrite=yes
ac_cv_func_rand_s=no
ac_cv_func_readlink=yes
ac_cv_func_realpath=yes
ac_cv_func_sin=no
ac_cv_func_strchrnul=yes
ac_cv_func_strerror=yes
ac_cv_func_strerror_r_char_p=no
ac_cv_func_strncasecmp=yes
ac_cv_func_strstr=yes
ac_cv_func_strtol=yes
ac_cv_func_strtoul=yes
ac_cv_func_uname=yes
ac_cv_func_usleep=yes
ac_cv_func_utime=yes
ac_cv_func_wait3=yes
ac_cv_func_waitpid=yes
ac_cv_have_decl_gethostbyaddr_r=yes
ac_cv_have_decl_gethostbyname_r=yes
ac_cv_have_decl_strerror_r=yes
ac_cv_have_x='have_x=yes	ac_x_includes='\'''\''	ac_x_libraries='\'''\'''
ac_cv_header_X11_XKBlib_h=yes
ac_cv_header_X11_Xft_Xft_h=yes
ac_cv_header_X11_extensions_scrnsaver_h=no
ac_cv_header_dlfcn_h=yes
ac_cv_header_float_h=yes
ac_cv_header_inttypes_h=yes
ac_cv_header_langinfo_h=yes
ac_cv_header_malloc_h=yes
ac_cv_header_memory_h=yes
ac_cv_header_net_errno_h=no
ac_cv_header_stdbool_h=yes
ac_cv_header_stdc=yes
ac_cv_header_stdint_h=yes
ac_cv_header_stdio_h=yes
ac_cv_header_stdlib_h=yes
ac_cv_header_string_h=yes
ac_cv_header_strings_h=yes
ac_cv_header_sys_filio_h=no
ac_cv_header_sys_ioctl_h=yes
ac_cv_header_sys_modem_h=no
ac_cv_header_sys_param_h=yes
ac_cv_header_sys_shm_h=yes
ac_cv_header_sys_stat_h=yes
ac_cv_header_sys_time_h=yes
ac_cv_header_sys_types_h=yes
ac_cv_header_sys_un_h=yes
ac_cv_header_sys_wait_h=yes
ac_cv_header_termios_h=yes
ac_cv_header_time=yes
ac_cv_header_unistd_h=yes
ac_cv_header_values_h=yes
ac_cv_header_zlib_h=yes
ac_cv_lib_X11_XkbKeycodeToKeysym=yes
ac_cv_lib_Xbsd_main=no
ac_cv_lib_Xext_XScreenSaverQueryInfo=no
ac_cv_lib_Xft_XftFontOpen=yes
ac_cv_lib_Xss_XScreenSaverQueryInfo=no
ac_cv_lib_dl_dlopen=yes
ac_cv_lib_fontconfig_FcFontSort=yes
ac_cv_lib_inet_main=no
ac_cv_lib_pthread_pthread_mutex_init=yes
ac_cv_lib_winsock_main=no
ac_cv_lib_ws2_32_main=no
ac_cv_member_struct_stat_st_blksize=yes
ac_cv_member_struct_stat_st_blocks=yes
ac_cv_nolto=yes
ac_cv_objext=o
ac_cv_path_EGREP='/bin/grep -E'
ac_cv_path_GREP=/bin/grep
ac_cv_path_tclsh=/usr/bin/tclsh8.6
ac_cv_prog_CPP='gcc -E'
ac_cv_prog_ac_ct_AR=ar
ac_cv_prog_ac_ct_CC=gcc
ac_cv_prog_ac_ct_CXX=g++
ac_cv_prog_ac_ct_RANLIB=ranlib
ac_cv_prog_cc_c11=
ac_cv_prog_cc_c89=
ac_cv_prog_cc_g=yes
ac_cv_prog_cc_stdc=
ac_cv_prog_cxx_11=no
ac_cv_prog_cxx_cxx11=
ac_cv_prog_cxx_g=yes
ac_cv_prog_cxx_stdcxx=
ac_cv_prog_egrep='grep -E'
ac_cv_prog_make_make_set=yes
ac_cv_search_deflateSetHeader=-lz
ac_cv_sizeof_long=8
ac_cv_sizeof_long_long=8
ac_cv_type_blkcnt_t=yes
ac_cv_type_gz_header=yes
ac_cv_type_intptr_t=yes
ac_cv_type_long_long=yes
ac_cv_type_mode_t=yes
ac_cv_type_pid_t=yes
ac_cv_type_size_t=yes
ac_cv_type_struct_addrinfo=yes
ac_cv_type_struct_in6_addr=yes
ac_cv_type_struct_sockaddr_in6=yes
ac_cv_type_struct_sockaddr_storage=yes
ac_cv_type_uid_t=yes
ac_cv_type_uintptr_t=yes
tcl_cv_api_fts=yes
tcl_cv_api_getgrgid_r_5=yes
tcl_cv_api_getgrnam_r_5=yes
tcl_cv_api_gethostbyaddr_r=yes
tcl_cv_api_gethostbyaddr_r_7=no
tcl_cv_api_gethostbyaddr_r_8=yes
tcl_cv_api_gethostbyname_r=yes
tcl_cv_api_gethostbyname_r_6=yes
tcl_cv_api_getpwnam_r_5=yes
tcl_cv_api_getpwuid_r_5=yes
tcl_cv_cast_to_union=yes
tcl_cv_cc_pipe=yes
tcl_cv_cc_visibility_hidden=yes
tcl_cv_char_signed=yes
tcl_cv_cpuid=yes
tcl_cv_dir_zoneinfo=/usr/share/zoneinfo
tcl_cv_dirent_h=yes
tcl_cv_flag__isoc99_source=no
tcl_cv_flag__largefile64_source=yes
tcl_cv_flag__largefile_source64=no
tcl_cv_grep_gettimeofday=present
tcl_cv_isnan=yes
tcl_cv_langinfo_h=yes
tcl_cv_member_tm_gmtoff=yes
tcl_cv_member_tm_tzadj=no
tcl_cv_putenv_copy=no
tcl_cv_pwd_pw_gecos=yes
tcl_cv_strstr_unbroken=ok
tcl_cv_strtoul_unbroken=ok
tcl_cv_sys_version=Linux-5.15.0-69-generic
tcl_cv_timezone_long=yes
tcl_cv_type_64bit=none
tcl_cv_type_fd_set=yes
tcl_cv_type_socklen_t=yes
tcl_cv_union_wait=no

## ----------------- ##
## Output variables. ##
## ----------------- ##

AR='ar'
CC='gcc'
CELIB_DIR=''
CFLAGS=' -pipe ${CFLAGS_DEFAULT} ${CFLAGS_WARNING} '
CFLAGS_DEBUG='-g'
CFLAGS_DEFAULT='-g'
CFLAGS_OPTIMIZE='-O2 -fomit-frame-pointer'
CFLAGS_WARNING='-Wall'
CLEANFILES=''
CPP='gcc -E'
CPPFLAGS=''
CXX='g++'
CXXFLAGS='-g -O2'
CYGPATH='echo'
DEFS='-DPACKAGE_NAME=\"ds9\" -DPACKAGE_TARNAME=\"ds9\" -DPACKAGE_VERSION=\"8.4\" -DPACKAGE_STRING=\"ds9\ 8.4\" -DPACKAGE_BUGREPORT=\"\" -DPACKAGE_URL=\"\" -DBUILD_ds9=/\*\*/ -DHAVE_STDIO_H=1 -DHAVE_STDLIB_H=1 -DHAVE_STRING_H=1 -DHAVE_INTTYPES_H=1 -DHAVE_STDINT_H=1 -DHAVE_STRINGS_H=1 -DHAVE_SYS_STAT_H=1 -DHAVE_SYS_TYPES_H=1 -DHAVE_UNISTD_H=1 -DSTDC_HEADERS=1 -DUSE_THREAD_ALLOC=1 -D_REENTRANT=1 -D_THREAD_SAFE=1 -DTCL_THREADS=1 -DSTATIC_BUILD=1 -DMODULE_SCOPE=extern\ __attribute__\(\(__visibility__\(\"hidden\"\)\)\) -DHAVE_HIDDEN=1 -DHAVE_CAST_TO_UNION=1 -D_LARGEFILE64_SOURCE=1 -DTCL_WIDE_INT_IS_LONG=1'
ECHO_C=''
ECHO_N='-n'
ECHO_T=''
EGREP='/bin/grep -E'
EXEEXT=''
GREP='/bin/grep'
INSTALL='$(SHELL) $(srcdir)/tclconfig/install-sh -c'
INSTALL_DATA='${INSTALL} -m 644'
INSTALL_DATA_DIR='${INSTALL} -d -m 755'
INSTALL_LIBRARY='${INSTALL} -m 644'
INSTALL_PROGRAM='${INSTALL} -m 755'
INSTALL_SCRIPT='${INSTALL} -m 755'
LDFLAGS=' -Wl,--export-dynamic '
LDFLAGS_DEFAULT=' -Wl,--export-dynamic '
LD_LIBRARY_PATH_VAR='LD_LIBRARY_PATH'
LIBOBJS=''
LIBS=''
LTLIBOBJS=''
MAKE_LIB='${STLIB_LD} $@ $(PKG_OBJECTS) '
MAKE_SHARED_LIB='${SHLIB_LD} -o $@ $(PKG_OBJECTS) ${SHLIB_LD_LIBS}'
MAKE_STATIC_LIB='${STLIB_LD} $@ $(PKG_OBJECTS)'
MAKE_STUB_LIB='${STLIB_LD} $@ $(PKG_STUB_OBJECTS)'
OBJEXT='o'
PACKAGE_BUGREPORT=''
PACKAGE_NAME='ds9'
PACKAGE_STRING='ds9 8.4'
PACKAGE_TARNAME='ds9'
PACKAGE_URL=''
PACKAGE_VERSION='8.4'
PATH_SEPARATOR=':'
PKG_CFLAGS=''
PKG_HEADERS=''
PKG_INCLUDES=' -I/usr/local/src/SAOImageDS9/tk8.6/unix'
PKG_LIBS=' -L/usr/local/src/SAOImageDS9/lib/tifftcl4.1.0 -ltifftclstub4.1.0 -L/usr/local/src/SAOImageDS9/lib/jpegtcl9.4.0 -ljpegtclstub9.4.0 -L/usr/local/src/SAOImageDS9/lib/zlibtcl1.2.11 -lzlibtclstub1.2.11 -L/usr/local/src/SAOImageDS9/tkblt -ltkbltstub3.2 -L/usr/local/src/SAOImageDS9/lib/tkimg1.4.13 -ltkimgstub1.4.13 -lX11'
PKG_LIB_FILE='libds98.4.a'
PKG_STUB_LIB_FILE='libds9stub8.4.a'
PKG_STUB_OBJECTS=''
PKG_STUB_SOURCES=''
PKG_TCL_SOURCES=''
RANLIB='ranlib'
RANLIB_STUB='ranlib'
RC=''
SET_MAKE=''
SHARED_BUILD='0'
SHELL='/bin/bash'
SHLIB_CFLAGS='-fPIC'
SHLIB_LD='${CC} ${CFLAGS} ${LDFLAGS_DEFAULT} -shared'
SHLIB_LD_LIBS='${LIBS}'
STLIB_LD='${AR} cr'
STUBS_BUILD='0'
TCLSH_PROG='/usr/local/src/SAOImageDS9/tcl8.6/unix/tclsh'
TCL_BIN_DIR='/usr/local/src/SAOImageDS9/tcl8.6/unix'
TCL_DBGX=''
TCL_DEFS='-DPACKAGE_NAME=\"tcl\" -DPACKAGE_TARNAME=\"tcl\" -DPACKAGE_VERSION=\"8.6\" -DPACKAGE_STRING=\"tcl\ 8.6\" -DPACKAGE_BUGREPORT=\"\" -DSTDC_HEADERS=1 -DHAVE_SYS_TYPES_H=1 -DHAVE_SYS_STAT_H=1 -DHAVE_STDLIB_H=1 -DHAVE_STRING_H=1 -DHAVE_MEMORY_H=1 -DHAVE_STRINGS_H=1 -DHAVE_INTTYPES_H=1 -DHAVE_STDINT_H=1 -DHAVE_UNISTD_H=1 -DHAVE_SYS_PARAM_H=1 -DUSE_THREAD_ALLOC=1 -D_REENTRANT=1 -D_THREAD_SAFE=1 -DHAVE_PTHREAD_ATTR_SETSTACKSIZE=1 -DHAVE_PTHREAD_ATFORK=1 -DTCL_THREADS=1 -DTCL_CFGVAL_ENCODING=\"iso8859-1\" -DSTATIC_BUILD=1 -DHAVE_ZLIB=1 -DMODULE_SCOPE=extern\ __attribute__\(\(__visibility__\(\"hidden\"\)\)\) -DHAVE_HIDDEN=1 -DHAVE_CAST_TO_UNION=1 -DTCL_SHLIB_EXT=\".so\" -DTCL_TOMMATH=1 -DMP_PREC=4 -D_LARGEFILE64_SOURCE=1 -DTCL_WIDE_INT_IS_LONG=1 -DHAVE_GETCWD=1 -DHAVE_MKSTEMP=1 -DHAVE_OPENDIR=1 -DHAVE_STRTOL=1 -DHAVE_WAITPID=1 -DHAVE_GETNAMEINFO=1 -DHAVE_GETADDRINFO=1 -DHAVE_FREEADDRINFO=1 -DHAVE_GAI_STRERROR=1 -DHAVE_STRUCT_ADDRINFO=1 -DHAVE_STRUCT_IN6_ADDR=1 -DHAVE_STRUCT_SOCKADDR_IN6=1 -DHAVE_STRUCT_SOCKADDR_STORAGE=1 -DHAVE_GETPWUID_R_5=1 -DHAVE_GETPWUID_R=1 -DHAVE_GETPWNAM_R_5=1 -DHAVE_GETPWNAM_R=1 -DHAVE_GETGRGID_R_5=1 -DHAVE_GETGRGID_R=1 -DHAVE_GETGRNAM_R_5=1 -DHAVE_GETGRNAM_R=1 -DHAVE_DECL_GETHOSTBYNAME_R=1 -DHAVE_GETHOSTBYNAME_R_6=1 -DHAVE_GETHOSTBYNAME_R=1 -DHAVE_DECL_GETHOSTBYADDR_R=1 -DHAVE_GETHOSTBYADDR_R_8=1 -DHAVE_GETHOSTBYADDR_R=1 -DHAVE_TERMIOS_H=1 -DHAVE_SYS_IOCTL_H=1 -DHAVE_SYS_TIME_H=1 -DTIME_WITH_SYS_TIME=1 -DHAVE_GMTIME_R=1 -DHAVE_LOCALTIME_R=1 -DHAVE_MKTIME=1 -DHAVE_TM_GMTOFF=1 -DHAVE_TIMEZONE_VAR=1 -DHAVE_STRUCT_STAT_ST_BLOCKS=1 -DHAVE_STRUCT_STAT_ST_BLKSIZE=1 -DHAVE_BLKCNT_T=1 -DHAVE_INTPTR_T=1 -DHAVE_UINTPTR_T=1 -DNO_UNION_WAIT=1 -DHAVE_SIGNED_CHAR=1 -DHAVE_LANGINFO=1 -DHAVE_MKSTEMPS=1 -DHAVE_FTS=1 -DHAVE_SYS_IOCTL_H=1 -DTCL_UNLOAD_DLLS=1 -DHAVE_CPUID=1 '
TCL_EXTRA_CFLAGS=' -pipe '
TCL_INCLUDES='-I"/usr/local/src/SAOImageDS9/tcl8.6/generic"'
TCL_LD_FLAGS=' -Wl,--export-dynamic '
TCL_LIBS='-ldl -lz  -lpthread -lm'
TCL_LIB_FILE='libtcl8.6.a'
TCL_LIB_FLAG='-ltcl8.6'
TCL_LIB_SPEC='-L/usr/local/src/SAOImageDS9/tcl8.6/unix -ltcl8.6'
TCL_PATCH_LEVEL='.12'
TCL_SHLIB_LD_LIBS='${LIBS}'
TCL_SRC_DIR='/usr/local/src/SAOImageDS9/tcl8.6'
TCL_STUB_LIB_FILE='libtclstub8.6.a'
TCL_STUB_LIB_FLAG='-ltclstub8.6'
TCL_STUB_LIB_SPEC='-L/usr/local/src/SAOImageDS9/tcl8.6/unix -ltclstub8.6'
TCL_THREADS='1'
TCL_VERSION='8.6'
TK_BIN_DIR='/usr/local/src/SAOImageDS9/tk8.6/unix'
TK_INCLUDES='-I"/usr/local/src/SAOImageDS9/tk8.6/generic"'
TK_LIBS='-lX11 -lXft -lfontconfig -lfreetype -lfontconfig  -lpthread -ldl -lz  -lpthread -lm'
TK_LIB_FILE='libtk8.6.a'
TK_LIB_FLAG='-ltk8.6'
TK_LIB_SPEC='-L/usr/local/src/SAOImageDS9/tk8.6/unix -ltk8.6'
TK_SRC_DIR='/usr/local/src/SAOImageDS9/tk8.6'
TK_STUB_LIB_FILE='libtkstub8.6.a'
TK_STUB_LIB_FLAG='-ltkstub8.6'
TK_STUB_LIB_SPEC='-L/usr/local/src/SAOImageDS9/tk8.6/unix -ltkstub8.6'
TK_VERSION='8.6'
TK_XINCLUDES=''
VC_MANIFEST_EMBED_DLL=''
VC_MANIFEST_EMBED_EXE=''
XMKMF=''
XML2_CFLAGS='-I/usr/include/libxml2'
XML2_LIBS='-lxml2'
ac_ct_CC='gcc'
ac_ct_CXX='g++'
bindir='${exec_prefix}/bin'
build_alias=''
datadir='${datarootdir}'
datarootdir='${prefix}/share'
docdir='${datarootdir}/doc/${PACKAGE_TARNAME}'
dvidir='${docdir}'
exec_prefix='/usr/local/src/SAOImageDS9'
fitsy_BIN_DIR='/usr/local/src/SAOImageDS9/fitsy'
fitsy_LIB_FILE='libfitsy1.0.a'
fitsy_LIB_SPEC='-L/usr/local/src/SAOImageDS9/fitsy -lfitsy1.0'
fitsy_SRC_DIR=''
fitsy_STUB_LIB_FILE=''
fitsy_STUB_LIB_PATH=''
fitsy_STUB_LIB_SPEC=''
fitsy_VERSION='1.0'
host_alias=''
htmldir='${docdir}'
includedir='${prefix}/include'
infodir='${datarootdir}/info'
jpegtcl_BIN_DIR='/usr/local/src/SAOImageDS9/lib'
jpegtcl_LIB_FILE='libjpegtcl9.4.0.a'
jpegtcl_LIB_SPEC='-L/usr/local/src/SAOImageDS9/lib/jpegtcl9.4.0 -ljpegtcl9.4.0'
jpegtcl_SRC_DIR='.'
jpegtcl_STUB_LIB_FILE='libjpegtclstub9.4.0.a'
jpegtcl_STUB_LIB_PATH='/usr/local/src/SAOImageDS9/lib/jpegtcl9.4.0/libjpegtclstub9.4.0.a'
jpegtcl_STUB_LIB_SPEC='-L/usr/local/src/SAOImageDS9/lib/jpegtcl9.4.0 -ljpegtclstub9.4.0'
jpegtcl_VERSION='9.4.0'
libdir='/usr/local/src/SAOImageDS9/lib'
libexecdir='${exec_prefix}/libexec'
localedir='${datarootdir}/locale'
localstatedir='${prefix}/var'
mandir='${datarootdir}/man'
oldincludedir='/usr/include'
pdfdir='${docdir}'
prefix='/usr/local/src/SAOImageDS9'
program_transform_name='s,x,x,'
psdir='${docdir}'
runstatedir='${localstatedir}/run'
sbindir='${exec_prefix}/sbin'
sharedstatedir='${prefix}/com'
sysconfdir='${prefix}/etc'
system='Linux-5.15.0-69-generic'
target_alias=''
tclfitsy_BIN_DIR='/usr/local/src/SAOImageDS9/tclfitsy'
tclfitsy_LIB_FILE='libtclfitsy1.0.a'
tclfitsy_LIB_SPEC='-L/usr/local/src/SAOImageDS9/tclfitsy -ltclfitsy1.0'
tclfitsy_SRC_DIR=''
tclfitsy_STUB_LIB_FILE=''
tclfitsy_STUB_LIB_PATH=''
tclfitsy_STUB_LIB_SPEC=''
tclfitsy_VERSION='1.0'
tcliis_BIN_DIR='/usr/local/src/SAOImageDS9/tcliis'
tcliis_LIB_FILE='libtcliis1.0.a'
tcliis_LIB_SPEC='-L/usr/local/src/SAOImageDS9/tcliis -ltcliis1.0'
tcliis_SRC_DIR=''
tcliis_STUB_LIB_FILE=''
tcliis_STUB_LIB_PATH=''
tcliis_STUB_LIB_SPEC=''
tcliis_VERSION='1.0'
tclsignal_BIN_DIR='/usr/local/src/SAOImageDS9/tclsignal'
tclsignal_LIB_FILE='libtclsignal1.4.4.1.a'
tclsignal_LIB_SPEC='-L/usr/local/src/SAOImageDS9/tclsignal -ltclsignal1.4.4.1'
tclsignal_SRC_DIR=''
tclsignal_STUB_LIB_FILE=''
tclsignal_STUB_LIB_PATH=''
tclsignal_STUB_LIB_SPEC=''
tclsignal_VERSION='1.4.4.1'
tclxml_BIN_DIR='/usr/local/src/SAOImageDS9/tclxml'
tclxml_LIB_FILE='libtclxml3.2.a'
tclxml_LIB_SPEC='-L/usr/local/src/SAOImageDS9/tclxml -ltclxml3.2'
tclxml_SRC_DIR=''
tclxml_STUB_LIB_FILE=''
tclxml_STUB_LIB_PATH=''
tclxml_STUB_LIB_SPEC=''
tclxml_VERSION='3.2'
tclzipfs_BIN_DIR='/usr/local/src/SAOImageDS9/tclzipfs'
tclzipfs_LIB_FILE='libtclzipfs1.0.a'
tclzipfs_LIB_SPEC='-L/usr/local/src/SAOImageDS9/tclzipfs -ltclzipfs1.0'
tclzipfs_SRC_DIR=''
tclzipfs_STUB_LIB_FILE=''
tclzipfs_STUB_LIB_PATH=''
tclzipfs_STUB_LIB_SPEC=''
tclzipfs_VERSION='1.0'
tifftcl_BIN_DIR='/usr/local/src/SAOImageDS9/lib'
tifftcl_LIB_FILE='libtifftcl4.1.0.a'
tifftcl_LIB_SPEC='-L/usr/local/src/SAOImageDS9/lib/tifftcl4.1.0 -ltifftcl4.1.0'
tifftcl_SRC_DIR='.'
tifftcl_STUB_LIB_FILE='libtifftclstub4.1.0.a'
tifftcl_STUB_LIB_PATH='/usr/local/src/SAOImageDS9/lib/tifftcl4.1.0/libtifftclstub4.1.0.a'
tifftcl_STUB_LIB_SPEC='-L/usr/local/src/SAOImageDS9/lib/tifftcl4.1.0 -ltifftclstub4.1.0'
tifftcl_VERSION='4.1.0'
tkagif_BIN_DIR='/usr/local/src/SAOImageDS9/tkagif'
tkagif_LIB_FILE='libtkagif1.0.a'
tkagif_LIB_SPEC='-L/usr/local/src/SAOImageDS9/tkagif -ltkagif1.0'
tkagif_SRC_DIR=''
tkagif_STUB_LIB_FILE=''
tkagif_STUB_LIB_PATH=''
tkagif_STUB_LIB_SPEC=''
tkagif_VERSION='1.0'
tkblt_BIN_DIR='/usr/local/src/SAOImageDS9/tkblt'
tkblt_LIB_FILE='libtkblt3.2.a'
tkblt_LIB_SPEC='-L/usr/local/src/SAOImageDS9/tkblt -ltkblt3.2'
tkblt_SRC_DIR=''
tkblt_STUB_LIB_FILE='libtkbltstub3.2.a'
tkblt_STUB_LIB_PATH='/usr/local/src/SAOImageDS9/tkblt/libtkbltstub3.2.a'
tkblt_STUB_LIB_SPEC='-L/usr/local/src/SAOImageDS9/tkblt -ltkbltstub3.2'
tkblt_VERSION='3.2'
tkhtml1_BIN_DIR='/usr/local/src/SAOImageDS9/tkhtml1'
tkhtml1_LIB_FILE='libtkhtml11.0.a'
tkhtml1_LIB_SPEC='-L/usr/local/src/SAOImageDS9/tkhtml1 -ltkhtml11.0'
tkhtml1_SRC_DIR=''
tkhtml1_STUB_LIB_FILE=''
tkhtml1_STUB_LIB_PATH=''
tkhtml1_STUB_LIB_SPEC=''
tkhtml1_VERSION='1.0'
tkimg_BIN_DIR='/usr/local/src/SAOImageDS9/lib'
tkimg_LIB_FILE='libtkimg1.4.13.a'
tkimg_LIB_SPEC='-L/usr/local/src/SAOImageDS9/lib/tkimg1.4.13 -ltkimg1.4.13'
tkimg_SRC_DIR='.'
tkimg_STUB_LIB_FILE='libtkimgstub1.4.13.a'
tkimg_STUB_LIB_PATH='/usr/local/src/SAOImageDS9/lib/tkimg1.4.13/libtkimgstub1.4.13.a'
tkimg_STUB_LIB_SPEC='-L/usr/local/src/SAOImageDS9/lib/tkimg1.4.13 -ltkimgstub1.4.13'
tkimg_VERSION='1.4.13'
tkimgjpeg_BIN_DIR='/usr/local/src/SAOImageDS9/lib'
tkimgjpeg_LIB_FILE='libtkimgjpeg1.4.13.a'
tkimgjpeg_LIB_SPEC='-L/usr/local/src/SAOImageDS9/lib/tkimgjpeg1.4.13 -ltkimgjpeg1.4.13'
tkimgjpeg_SRC_DIR=''
tkimgjpeg_STUB_LIB_FILE=''
tkimgjpeg_STUB_LIB_PATH=''
tkimgjpeg_STUB_LIB_SPEC=''
tkimgjpeg_VERSION='1.4.13'
tkimgtiff_BIN_DIR='/usr/local/src/SAOImageDS9/lib'
tkimgtiff_LIB_FILE='libtkimgtiff1.4.13.a'
tkimgtiff_LIB_SPEC='-L/usr/local/src/SAOImageDS9/lib/tkimgtiff1.4.13 -ltkimgtiff1.4.13'
tkimgtiff_SRC_DIR=''
tkimgtiff_STUB_LIB_FILE=''
tkimgtiff_STUB_LIB_PATH=''
tkimgtiff_STUB_LIB_SPEC=''
tkimgtiff_VERSION='1.4.13'
tkimgwindow_BIN_DIR='/usr/local/src/SAOImageDS9/lib'
tkimgwindow_LIB_FILE='libtkimgwindow1.4.13.a'
tkimgwindow_LIB_SPEC='-L/usr/local/src/SAOImageDS9/lib/tkimgwindow1.4.13 -ltkimgwindow1.4.13'
tkimgwindow_SRC_DIR=''
tkimgwindow_STUB_LIB_FILE=''
tkimgwindow_STUB_LIB_PATH=''
tkimgwindow_STUB_LIB_SPEC=''
tkimgwindow_VERSION='1.4.13'
tkmpeg_BIN_DIR='/usr/local/src/SAOImageDS9/tkmpeg'
tkmpeg_LIB_FILE='libtkmpeg1.0.a'
tkmpeg_LIB_SPEC='-L/usr/local/src/SAOImageDS9/tkmpeg -ltkmpeg1.0'
tkmpeg_SRC_DIR=''
tkmpeg_STUB_LIB_FILE=''
tkmpeg_STUB_LIB_PATH=''
tkmpeg_STUB_LIB_SPEC=''
tkmpeg_VERSION='1.0'
tksao_BIN_DIR='/usr/local/src/SAOImageDS9/tksao'
tksao_LIB_FILE='libtksao1.0.a'
tksao_LIB_SPEC='-L/usr/local/src/SAOImageDS9/tksao -ltksao1.0'
tksao_SRC_DIR=''
tksao_STUB_LIB_FILE=''
tksao_STUB_LIB_PATH=''
tksao_STUB_LIB_SPEC=''
tksao_VERSION='1.0'
tksvg_BIN_DIR='/usr/local/src/SAOImageDS9/tksvg'
tksvg_LIB_FILE='libtksvg0.7.a'
tksvg_LIB_SPEC='-L/usr/local/src/SAOImageDS9/tksvg -ltksvg0.7'
tksvg_SRC_DIR=''
tksvg_STUB_LIB_FILE=''
tksvg_STUB_LIB_PATH=''
tksvg_STUB_LIB_SPEC=''
tksvg_VERSION='0.7'
tktable_BIN_DIR='/usr/local/src/SAOImageDS9/tktable'
tktable_LIB_FILE='libtktable2.10.a'
tktable_LIB_SPEC='-L/usr/local/src/SAOImageDS9/tktable -ltktable2.10'
tktable_SRC_DIR=''
tktable_STUB_LIB_FILE=''
tktable_STUB_LIB_PATH=''
tktable_STUB_LIB_SPEC=''
tktable_VERSION='2.10'
tls_BIN_DIR='/usr/local/src/SAOImageDS9/tls'
tls_LIB_FILE='libtls1.6.7.a'
tls_LIB_SPEC='-L/usr/local/src/SAOImageDS9/tls -ltls1.6.7'
tls_SRC_DIR=''
tls_STUB_LIB_FILE=''
tls_STUB_LIB_PATH=''
tls_STUB_LIB_SPEC=''
tls_VERSION='1.6.7'
util_BIN_DIR='/usr/local/src/SAOImageDS9/util'
util_LIB_FILE='libutil1.0.a'
util_LIB_SPEC='-L/usr/local/src/SAOImageDS9/util -lutil1.0'
util_SRC_DIR=''
util_STUB_LIB_FILE=''
util_STUB_LIB_PATH=''
util_STUB_LIB_SPEC=''
util_VERSION='1.0'
vector_BIN_DIR='/usr/local/src/SAOImageDS9/vector'
vector_LIB_FILE='libvector1.0.a'
vector_LIB_SPEC='-L/usr/local/src/SAOImageDS9/vector -lvector1.0'
vector_SRC_DIR=''
vector_STUB_LIB_FILE=''
vector_STUB_LIB_PATH=''
vector_STUB_LIB_SPEC=''
vector_VERSION='1.0'
zlibtcl_BIN_DIR='/usr/local/src/SAOImageDS9/lib'
zlibtcl_LIB_FILE='libzlibtcl1.2.11.a'
zlibtcl_LIB_SPEC='-L/usr/local/src/SAOImageDS9/lib/zlibtcl1.2.11 -lzlibtcl1.2.11'
zlibtcl_SRC_DIR='.'
zlibtcl_STUB_LIB_FILE='libzlibtclstub1.2.11.a'
zlibtcl_STUB_LIB_PATH='/usr/local/src/SAOImageDS9/lib/zlibtcl1.2.11/libzlibtclstub1.2.11.a'
zlibtcl_STUB_LIB_SPEC='-L/usr/local/src/SAOImageDS9/lib/zlibtcl1.2.11 -lzlibtclstub1.2.11'
zlibtcl_VERSION='1.2.11'

## ----------- ##
## confdefs.h. ##
## ----------- ##

/* confdefs.h */
#define PACKAGE_NAME "ds9"
#define PACKAGE_TARNAME "ds9"
#define PACKAGE_VERSION "8.4"
#define PACKAGE_STRING "ds9 8.4"
#define PACKAGE_BUGREPORT ""
#define PACKAGE_URL ""
#define BUILD_ds9 /**/
#define HAVE_STDIO_H 1
#define HAVE_STDLIB_H 1
#define HAVE_STRING_H 1
#define HAVE_INTTYPES_H 1
#define HAVE_STDINT_H 1
#define HAVE_STRINGS_H 1
#define HAVE_SYS_STAT_H 1
#define HAVE_SYS_TYPES_H 1
#define HAVE_UNISTD_H 1
#define STDC_HEADERS 1
#define USE_THREAD_ALLOC 1
#define _REENTRANT 1
#define _THREAD_SAFE 1
#define TCL_THREADS 1
#define STATIC_BUILD 1
#define MODULE_SCOPE extern __attribute__((__visibility__("hidden")))
#define HAVE_HIDDEN 1
#define HAVE_CAST_TO_UNION 1
#define _LARGEFILE64_SOURCE 1
#define TCL_WIDE_INT_IS_LONG 1

configure: exit 0
