This file contains any messages produced by compilers while
running configure, to aid debugging if configure makes a mistake.

It was created by wcs configure 3.8.7, which was
generated by GNU Autoconf 2.71.  Invocation command line was

  $ ./configure --disable-option-checking --prefix=/usr/local/src/SAOImageDS9 --with-altlib=/usr/local/src/SAOImageDS9/funtools/libfuntools.a --with-zlib=/usr/local/src/SAOImageDS9/lib --exec-prefix /usr/local/src/SAOImageDS9 --libdir /usr/local/src/SAOImageDS9/lib --disable-shared --cache-file=/dev/null --srcdir=.

## --------- ##
## Platform. ##
## --------- ##

hostname = nancep7.obs-nancay.fr
uname -m = x86_64
uname -r = 5.15.0-69-generic
uname -s = Linux
uname -v = #76~20.04.1-Ubuntu SMP Mon Mar 20 15:54:19 UTC 2023

/usr/bin/uname -p = unknown
/bin/uname -X     = unknown

/bin/arch              = unknown
/usr/bin/arch -k       = unknown
/usr/convex/getsysinfo = unknown
/usr/bin/hostinfo      = unknown
/bin/machine           = unknown
/usr/bin/oslevel       = unknown
/bin/universe          = unknown

PATH: /usr/local/sbin/
PATH: /usr/local/bin/
PATH: /usr/sbin/
PATH: /usr/bin/
PATH: /sbin/
PATH: /bin/


## ----------- ##
## Core tests. ##
## ----------- ##

configure:2320: looking for aux files: config.guess config.sub
configure:2333:  trying ./
configure:2362:   ./config.guess found
configure:2362:   ./config.sub found
configure:2484: checking build system type
configure:2499: result: x86_64-unknown-linux-gnu
configure:2519: checking host system type
configure:2533: result: x86_64-unknown-linux-gnu
configure:2619: checking for gcc
configure:2640: found /usr/bin/gcc
configure:2651: result: gcc
configure:3004: checking for C compiler version
configure:3013: gcc --version >&5
gcc (Debian 10.2.1-6) 10.2.1 20210110
Copyright (C) 2020 Free Software Foundation, Inc.
This is free software; see the source for copying conditions.  There is NO
warranty; not even for MERCHANTABILITY or FITNESS FOR A PARTICULAR PURPOSE.

configure:3024: $? = 0
configure:3013: gcc -v >&5
Using built-in specs.
COLLECT_GCC=gcc
COLLECT_LTO_WRAPPER=/usr/lib/gcc/x86_64-linux-gnu/10/lto-wrapper
OFFLOAD_TARGET_NAMES=nvptx-none:amdgcn-amdhsa:hsa
OFFLOAD_TARGET_DEFAULT=1
Target: x86_64-linux-gnu
Configured with: ../src/configure -v --with-pkgversion='Debian 10.2.1-6' --with-bugurl=file:///usr/share/doc/gcc-10/README.Bugs --enable-languages=c,ada,c++,go,brig,d,fortran,objc,obj-c++,m2 --prefix=/usr --with-gcc-major-version-only --program-suffix=-10 --program-prefix=x86_64-linux-gnu- --enable-shared --enable-linker-build-id --libexecdir=/usr/lib --without-included-gettext --enable-threads=posix --libdir=/usr/lib --enable-nls --enable-bootstrap --enable-clocale=gnu --enable-libstdcxx-debug --enable-libstdcxx-time=yes --with-default-libstdcxx-abi=new --enable-gnu-unique-object --disable-vtable-verify --enable-plugin --enable-default-pie --with-system-zlib --enable-libphobos-checking=release --with-target-system-zlib=auto --enable-objc-gc=auto --enable-multiarch --disable-werror --with-arch-32=i686 --with-abi=m64 --with-multilib-list=m32,m64,mx32 --enable-multilib --with-tune=generic --enable-offload-targets=nvptx-none=/build/gcc-10-Km9U7s/gcc-10-10.2.1/debian/tmp-nvptx/usr,amdgcn-amdhsa=/build/gcc-10-Km9U7s/gcc-10-10.2.1/debian/tmp-gcn/usr,hsa --without-cuda-driver --enable-checking=release --build=x86_64-linux-gnu --host=x86_64-linux-gnu --target=x86_64-linux-gnu --with-build-config=bootstrap-lto-lean --enable-link-mutex
Thread model: posix
Supported LTO compression algorithms: zlib zstd
gcc version 10.2.1 20210110 (Debian 10.2.1-6) 
... rest of stderr output deleted ...
configure:3024: $? = 0
configure:3013: gcc -V >&5
gcc: error: unrecognized command-line option '-V'
gcc: fatal error: no input files
compilation terminated.
configure:3024: $? = 1
configure:3013: gcc -qversion >&5
gcc: error: unrecognized command-line option '-qversion'; did you mean '--version'?
gcc: fatal error: no input files
compilation terminated.
configure:3024: $? = 1
configure:3013: gcc -version >&5
gcc: error: unrecognized command-line option '-version'
gcc: fatal error: no input files
compilation terminated.
configure:3024: $? = 1
configure:3044: checking whether the C compiler works
configure:3066: gcc    conftest.c  >&5
configure:3070: $? = 0
configure:3120: result: yes
configure:3123: checking for C compiler default output file name
configure:3125: result: a.out
configure:3131: checking for suffix of executables
configure:3138: gcc -o conftest    conftest.c  >&5
configure:3142: $? = 0
configure:3165: result: 
configure:3187: checking whether we are cross compiling
configure:3195: gcc -o conftest    conftest.c  >&5
configure:3199: $? = 0
configure:3206: ./conftest
configure:3210: $? = 0
configure:3225: result: no
configure:3230: checking for suffix of object files
configure:3253: gcc -c   conftest.c >&5
configure:3257: $? = 0
configure:3279: result: o
configure:3283: checking whether the compiler supports GNU C
configure:3303: gcc -c   conftest.c >&5
configure:3303: $? = 0
configure:3313: result: yes
configure:3324: checking whether gcc accepts -g
configure:3345: gcc -c -g  conftest.c >&5
configure:3345: $? = 0
configure:3389: result: yes
configure:3409: checking for gcc option to enable C11 features
configure:3424: gcc  -c -g -O2  conftest.c >&5
configure:3424: $? = 0
configure:3442: result: none needed
configure:3606: checking for ranlib
configure:3627: found /usr/bin/ranlib
configure:3638: result: ranlib
configure:3666: checking for stdio.h
configure:3666: gcc -c -g -O2  conftest.c >&5
configure:3666: $? = 0
configure:3666: result: yes
configure:3666: checking for stdlib.h
configure:3666: gcc -c -g -O2  conftest.c >&5
configure:3666: $? = 0
configure:3666: result: yes
configure:3666: checking for string.h
configure:3666: gcc -c -g -O2  conftest.c >&5
configure:3666: $? = 0
configure:3666: result: yes
configure:3666: checking for inttypes.h
configure:3666: gcc -c -g -O2  conftest.c >&5
configure:3666: $? = 0
configure:3666: result: yes
configure:3666: checking for stdint.h
configure:3666: gcc -c -g -O2  conftest.c >&5
configure:3666: $? = 0
configure:3666: result: yes
configure:3666: checking for strings.h
configure:3666: gcc -c -g -O2  conftest.c >&5
configure:3666: $? = 0
configure:3666: result: yes
configure:3666: checking for sys/stat.h
configure:3666: gcc -c -g -O2  conftest.c >&5
configure:3666: $? = 0
configure:3666: result: yes
configure:3666: checking for sys/types.h
configure:3666: gcc -c -g -O2  conftest.c >&5
configure:3666: $? = 0
configure:3666: result: yes
configure:3666: checking for unistd.h
configure:3666: gcc -c -g -O2  conftest.c >&5
configure:3666: $? = 0
configure:3666: result: yes
configure:3691: checking for grep that handles long lines and -e
configure:3755: result: /bin/grep
configure:3763: checking for egrep
configure:3831: result: /bin/grep -E
configure:3837: checking for malloc.h
configure:3837: gcc -c -g -O2  conftest.c >&5
configure:3837: $? = 0
configure:3837: result: yes
configure:3844: checking for getopt.h
configure:3844: gcc -c -g -O2  conftest.c >&5
configure:3844: $? = 0
configure:3844: result: yes
configure:3851: checking for values.h
configure:3851: gcc -c -g -O2  conftest.c >&5
configure:3851: $? = 0
configure:3851: result: yes
configure:3858: checking for dlfcn.h
configure:3858: gcc -c -g -O2  conftest.c >&5
configure:3858: $? = 0
configure:3858: result: yes
configure:3865: checking for sys/un.h
configure:3865: gcc -c -g -O2  conftest.c >&5
configure:3865: $? = 0
configure:3865: result: yes
configure:3872: checking for sys/mman.h
configure:3872: gcc -c -g -O2  conftest.c >&5
configure:3872: $? = 0
configure:3872: result: yes
configure:3879: checking for sys/ipc.h
configure:3879: gcc -c -g -O2  conftest.c >&5
configure:3879: $? = 0
configure:3879: result: yes
configure:3890: checking for sys/shm.h
configure:3890: gcc -c -g -O2  conftest.c >&5
configure:3890: $? = 0
configure:3890: result: yes
configure:3900: checking for socklen_t
configure:3900: gcc -c -g -O2  conftest.c >&5
configure:3900: $? = 0
configure:3900: gcc -c -g -O2  conftest.c >&5
conftest.c: In function 'main':
conftest.c:32:24: error: expected expression before ')' token
   32 | if (sizeof ((socklen_t)))
      |                        ^
configure:3900: $? = 1
configure: failed program was:
| /* confdefs.h */
| #define PACKAGE_NAME "wcs"
| #define PACKAGE_TARNAME "wcs"
| #define PACKAGE_VERSION "3.8.7"
| #define PACKAGE_STRING "wcs 3.8.7"
| #define PACKAGE_BUGREPORT "dmink@cfa.harvard.edu"
| #define PACKAGE_URL ""
| #define HAVE_STDIO_H 1
| #define HAVE_STDLIB_H 1
| #define HAVE_STRING_H 1
| #define HAVE_INTTYPES_H 1
| #define HAVE_STDINT_H 1
| #define HAVE_STRINGS_H 1
| #define HAVE_SYS_STAT_H 1
| #define HAVE_SYS_TYPES_H 1
| #define HAVE_UNISTD_H 1
| #define STDC_HEADERS 1
| #define HAVE_MALLOC_H 1
| #define HAVE_GETOPT_H 1
| #define HAVE_VALUES_H 1
| #define HAVE_DLFCN_H 1
| #define HAVE_SYS_UN_H 1
| #define HAVE_SYS_MMAN_H 1
| #define HAVE_SYS_IPC_H 1
| #define HAVE_SYS_SHM_H 1
| /* end confdefs.h.  */
| #include <sys/socket.h>
| 
| int
| main (void)
| {
| if (sizeof ((socklen_t)))
| 	    return 0;
|   ;
|   return 0;
| }
configure:3900: result: yes
configure:3911: checking for an ANSI C-conforming const
configure:3978: gcc -c -g -O2  conftest.c >&5
configure:3978: $? = 0
configure:3986: result: yes
configure:3995: checking for strchr
configure:3995: gcc -o conftest -g -O2   conftest.c  >&5
conftest.c:44:6: warning: conflicting types for built-in function 'strchr'; expected 'char *(const char *, int)' [-Wbuiltin-declaration-mismatch]
   44 | char strchr ();
      |      ^~~~~~
conftest.c:36:1: note: 'strchr' is declared in header '<string.h>'
   35 | #include <limits.h>
   36 | #undef strchr
configure:3995: $? = 0
configure:3995: result: yes
configure:4001: checking for memcpy
configure:4001: gcc -o conftest -g -O2   conftest.c  >&5
conftest.c:45:6: warning: conflicting types for built-in function 'memcpy'; expected 'void *(void *, const void *, long unsigned int)' [-Wbuiltin-declaration-mismatch]
   45 | char memcpy ();
      |      ^~~~~~
conftest.c:37:1: note: 'memcpy' is declared in header '<string.h>'
   36 | #include <limits.h>
   37 | #undef memcpy
configure:4001: $? = 0
configure:4001: result: yes
configure:4007: checking for snprintf
configure:4007: gcc -o conftest -g -O2   conftest.c  >&5
conftest.c:46:6: warning: conflicting types for built-in function 'snprintf'; expected 'int(char *, long unsigned int,  const char *, ...)' [-Wbuiltin-declaration-mismatch]
   46 | char snprintf ();
      |      ^~~~~~~~
conftest.c:38:1: note: 'snprintf' is declared in header '<stdio.h>'
   37 | #include <limits.h>
   38 | #undef snprintf
configure:4007: $? = 0
configure:4007: result: yes
configure:4015: checking for connect
configure:4015: gcc -o conftest -g -O2   conftest.c  >&5
configure:4015: $? = 0
configure:4015: result: yes
configure:4063: checking for gethostbyname
configure:4063: gcc -o conftest -g -O2   conftest.c  >&5
configure:4063: $? = 0
configure:4063: result: yes
configure:4117: checking for external wcslib
configure:4128: result: no
configure:4134: checking for alternate target library
configure:4145: result: yes (/usr/local/src/SAOImageDS9/funtools/libfuntools.a)
configure:4150: checking for shared library build
configure:4173: result: no
configure:4298: checking linux-gnu configuration
configure:4388: result: none
configure:4508: creating ./config.status

## ---------------------- ##
## Running config.status. ##
## ---------------------- ##

This file was extended by wcs config.status 3.8.7, which was
generated by GNU Autoconf 2.71.  Invocation command line was

  CONFIG_FILES    = 
  CONFIG_HEADERS  = 
  CONFIG_LINKS    = 
  CONFIG_COMMANDS = 
  $ ./config.status 

on nancep7.obs-nancay.fr

config.status:820: creating Makefile
config.status:820: creating conf.h

## ---------------- ##
## Cache variables. ##
## ---------------- ##

ac_cv_build=x86_64-unknown-linux-gnu
ac_cv_c_compiler_gnu=yes
ac_cv_c_const=yes
ac_cv_env_CC_set=
ac_cv_env_CC_value=
ac_cv_env_CFLAGS_set=
ac_cv_env_CFLAGS_value=
ac_cv_env_CPPFLAGS_set=
ac_cv_env_CPPFLAGS_value=
ac_cv_env_LDFLAGS_set=
ac_cv_env_LDFLAGS_value=
ac_cv_env_LIBS_set=
ac_cv_env_LIBS_value=
ac_cv_env_build_alias_set=
ac_cv_env_build_alias_value=
ac_cv_env_host_alias_set=
ac_cv_env_host_alias_value=
ac_cv_env_target_alias_set=
ac_cv_env_target_alias_value=
ac_cv_func_connect=yes
ac_cv_func_gethostbyname=yes
ac_cv_func_memcpy=yes
ac_cv_func_snprintf=yes
ac_cv_func_strchr=yes
ac_cv_header_dlfcn_h=yes
ac_cv_header_getopt_h=yes
ac_cv_header_inttypes_h=yes
ac_cv_header_malloc_h=yes
ac_cv_header_stdint_h=yes
ac_cv_header_stdio_h=yes
ac_cv_header_stdlib_h=yes
ac_cv_header_string_h=yes
ac_cv_header_strings_h=yes
ac_cv_header_sys_ipc_h=yes
ac_cv_header_sys_mman_h=yes
ac_cv_header_sys_shm_h=yes
ac_cv_header_sys_stat_h=yes
ac_cv_header_sys_types_h=yes
ac_cv_header_sys_un_h=yes
ac_cv_header_unistd_h=yes
ac_cv_header_values_h=yes
ac_cv_host=x86_64-unknown-linux-gnu
ac_cv_objext=o
ac_cv_path_EGREP='/bin/grep -E'
ac_cv_path_GREP=/bin/grep
ac_cv_prog_ac_ct_CC=gcc
ac_cv_prog_ac_ct_RANLIB=ranlib
ac_cv_prog_cc_c11=
ac_cv_prog_cc_g=yes
ac_cv_prog_cc_stdc=
ac_cv_type_socklen_t=yes

## ----------------- ##
## Output variables. ##
## ----------------- ##

CC='gcc'
CFLAGS='-g -O2'
CPPFLAGS=''
DEFLIB='libwcs.a'
DEFS='-DHAVE_CONFIG_H'
DOSHARED=''
ECHO_C=''
ECHO_N='-n'
ECHO_T=''
EGREP='/bin/grep -E'
EXEEXT=''
EXTLIB=''
EXTRA_LIBS=''
EXTRA_OBJS=''
GREP='/bin/grep'
LDFLAGS=''
LIB='/usr/local/src/SAOImageDS9/funtools/libfuntools.a'
LIBOBJS=''
LIBS=''
LLIB='$(LIB)'
LTLIBOBJS=''
OBJEXT='o'
PACKAGE_BUGREPORT='dmink@cfa.harvard.edu'
PACKAGE_NAME='wcs'
PACKAGE_STRING='wcs 3.8.7'
PACKAGE_TARNAME='wcs'
PACKAGE_URL=''
PACKAGE_VERSION='3.8.7'
PATH_SEPARATOR=':'
RANLIB='ranlib'
SHELL='/bin/bash'
USE_DL=''
WHICHLIB='lib'
ac_ct_CC='gcc'
bindir='${exec_prefix}/bin'
build='x86_64-unknown-linux-gnu'
build_alias=''
build_cpu='x86_64'
build_os='linux-gnu'
build_vendor='unknown'
datadir='${datarootdir}'
datarootdir='${prefix}/share'
docdir='${datarootdir}/doc/${PACKAGE_TARNAME}'
dvidir='${docdir}'
exec_prefix='/usr/local/src/SAOImageDS9'
host='x86_64-unknown-linux-gnu'
host_alias=''
host_cpu='x86_64'
host_os='linux-gnu'
host_vendor='unknown'
htmldir='${docdir}'
includedir='${prefix}/include'
infodir='${datarootdir}/info'
libdir='/usr/local/src/SAOImageDS9/lib'
libexecdir='${exec_prefix}/libexec'
localedir='${datarootdir}/locale'
localstatedir='${prefix}/var'
mandir='${datarootdir}/man'
oldincludedir='/usr/include'
pdfdir='${docdir}'
prefix='/usr/local/src/SAOImageDS9'
program_transform_name='s,x,x,'
psdir='${docdir}'
runstatedir='${localstatedir}/run'
sbindir='${exec_prefix}/sbin'
sharedstatedir='${prefix}/com'
sysconfdir='${prefix}/etc'
target_alias=''

## ----------- ##
## confdefs.h. ##
## ----------- ##

/* confdefs.h */
#define PACKAGE_NAME "wcs"
#define PACKAGE_TARNAME "wcs"
#define PACKAGE_VERSION "3.8.7"
#define PACKAGE_STRING "wcs 3.8.7"
#define PACKAGE_BUGREPORT "dmink@cfa.harvard.edu"
#define PACKAGE_URL ""
#define HAVE_STDIO_H 1
#define HAVE_STDLIB_H 1
#define HAVE_STRING_H 1
#define HAVE_INTTYPES_H 1
#define HAVE_STDINT_H 1
#define HAVE_STRINGS_H 1
#define HAVE_SYS_STAT_H 1
#define HAVE_SYS_TYPES_H 1
#define HAVE_UNISTD_H 1
#define STDC_HEADERS 1
#define HAVE_MALLOC_H 1
#define HAVE_GETOPT_H 1
#define HAVE_VALUES_H 1
#define HAVE_DLFCN_H 1
#define HAVE_SYS_UN_H 1
#define HAVE_SYS_MMAN_H 1
#define HAVE_SYS_IPC_H 1
#define HAVE_SYS_SHM_H 1
#define HAVE_SOCKLEN_T 1
#define HAVE_STRCHR 1
#define HAVE_MEMCPY 1
#define HAVE_SNPRINTF 1

configure: exit 0
