This file contains any messages produced by compilers while
running configure, to aid debugging if configure makes a mistake.

It was created by tcl configure 8.6, which was
generated by GNU Autoconf 2.59.  Invocation command line was

  $ ./configure --prefix /usr/local/src/SAOImageDS9 --exec-prefix /usr/local/src/SAOImageDS9 --libdir /usr/local/src/SAOImageDS9/lib --disable-shared --enable-symbols --config-cache --cache-file=/usr/local/src/SAOImageDS9/config.cache

## --------- ##
## Platform. ##
## --------- ##

hostname = nancep7.obs-nancay.fr
uname -m = x86_64
uname -r = 5.15.0-69-generic
uname -s = Linux
uname -v = #76~20.04.1-Ubuntu SMP Mon Mar 20 15:54:19 UTC 2023

/usr/bin/uname -p = unknown
/bin/uname -X     = unknown

/bin/arch              = unknown
/usr/bin/arch -k       = unknown
/usr/convex/getsysinfo = unknown
hostinfo               = unknown
/bin/machine           = unknown
/usr/bin/oslevel       = unknown
/bin/universe          = unknown

PATH: /usr/local/sbin
PATH: /usr/local/bin
PATH: /usr/sbin
PATH: /usr/bin
PATH: /sbin
PATH: /bin


## ----------- ##
## Core tests. ##
## ----------- ##

configure:1243: creating cache /usr/local/src/SAOImageDS9/config.cache
configure:1385: checking whether to use symlinks for manpages
configure:1394: result: no
configure:1397: checking whether to compress the manpages
configure:1412: result: no
configure:1426: checking whether to add a package name suffix for the manpages
configure:1439: result: no
configure:1501: checking for gcc
configure:1517: found /usr/bin/gcc
configure:1527: result: gcc
configure:1771: checking for C compiler version
configure:1774: gcc --version </dev/null >&5
gcc (Debian 10.2.1-6) 10.2.1 20210110
Copyright (C) 2020 Free Software Foundation, Inc.
This is free software; see the source for copying conditions.  There is NO
warranty; not even for MERCHANTABILITY or FITNESS FOR A PARTICULAR PURPOSE.

configure:1777: $? = 0
configure:1779: gcc -v </dev/null >&5
Using built-in specs.
COLLECT_GCC=gcc
COLLECT_LTO_WRAPPER=/usr/lib/gcc/x86_64-linux-gnu/10/lto-wrapper
OFFLOAD_TARGET_NAMES=nvptx-none:amdgcn-amdhsa:hsa
OFFLOAD_TARGET_DEFAULT=1
Target: x86_64-linux-gnu
Configured with: ../src/configure -v --with-pkgversion='Debian 10.2.1-6' --with-bugurl=file:///usr/share/doc/gcc-10/README.Bugs --enable-languages=c,ada,c++,go,brig,d,fortran,objc,obj-c++,m2 --prefix=/usr --with-gcc-major-version-only --program-suffix=-10 --program-prefix=x86_64-linux-gnu- --enable-shared --enable-linker-build-id --libexecdir=/usr/lib --without-included-gettext --enable-threads=posix --libdir=/usr/lib --enable-nls --enable-bootstrap --enable-clocale=gnu --enable-libstdcxx-debug --enable-libstdcxx-time=yes --with-default-libstdcxx-abi=new --enable-gnu-unique-object --disable-vtable-verify --enable-plugin --enable-default-pie --with-system-zlib --enable-libphobos-checking=release --with-target-system-zlib=auto --enable-objc-gc=auto --enable-multiarch --disable-werror --with-arch-32=i686 --with-abi=m64 --with-multilib-list=m32,m64,mx32 --enable-multilib --with-tune=generic --enable-offload-targets=nvptx-none=/build/gcc-10-Km9U7s/gcc-10-10.2.1/debian/tmp-nvptx/usr,amdgcn-amdhsa=/build/gcc-10-Km9U7s/gcc-10-10.2.1/debian/tmp-gcn/usr,hsa --without-cuda-driver --enable-checking=release --build=x86_64-linux-gnu --host=x86_64-linux-gnu --target=x86_64-linux-gnu --with-build-config=bootstrap-lto-lean --enable-link-mutex
Thread model: posix
Supported LTO compression algorithms: zlib zstd
gcc version 10.2.1 20210110 (Debian 10.2.1-6) 
configure:1782: $? = 0
configure:1784: gcc -V </dev/null >&5
gcc: error: unrecognized command-line option '-V'
gcc: fatal error: no input files
compilation terminated.
configure:1787: $? = 1
configure:1810: checking for C compiler default output file name
configure:1813: gcc    conftest.c  >&5
configure:1816: $? = 0
configure:1862: result: a.out
configure:1867: checking whether the C compiler works
configure:1873: ./a.out
configure:1876: $? = 0
configure:1893: result: yes
configure:1900: checking whether we are cross compiling
configure:1902: result: no
configure:1905: checking for suffix of executables
configure:1907: gcc -o conftest    conftest.c  >&5
configure:1910: $? = 0
configure:1935: result: 
configure:1941: checking for suffix of object files
configure:1962: gcc -c   conftest.c >&5
configure:1965: $? = 0
configure:1987: result: o
configure:1991: checking whether we are using the GNU C compiler
configure:2015: gcc -c   conftest.c >&5
configure:2021: $? = 0
configure:2025: test -z 
			 || test ! -s conftest.err
configure:2028: $? = 0
configure:2031: test -s conftest.o
configure:2034: $? = 0
configure:2047: result: yes
configure:2053: checking whether gcc accepts -g
configure:2074: gcc -c -g  conftest.c >&5
configure:2080: $? = 0
configure:2084: test -z 
			 || test ! -s conftest.err
configure:2087: $? = 0
configure:2090: test -s conftest.o
configure:2093: $? = 0
configure:2104: result: yes
configure:2121: checking for gcc option to accept ANSI C
configure:2191: gcc  -c   conftest.c >&5
configure:2197: $? = 0
configure:2201: test -z 
			 || test ! -s conftest.err
configure:2204: $? = 0
configure:2207: test -s conftest.o
configure:2210: $? = 0
configure:2228: result: none needed
configure:2246: gcc -c   conftest.c >&5
conftest.c:2:3: error: unknown type name 'choke'
    2 |   choke me
      |   ^~~~~
conftest.c:2:3: error: expected '=', ',', ';', 'asm' or '__attribute__' at end of input
configure:2252: $? = 1
configure: failed program was:
| #ifndef __cplusplus
|   choke me
| #endif
configure:2386: checking for inline
configure:2407: gcc -c   conftest.c >&5
configure:2413: $? = 0
configure:2417: test -z 
			 || test ! -s conftest.err
configure:2420: $? = 0
configure:2423: test -s conftest.o
configure:2426: $? = 0
configure:2438: result: inline
configure:2472: checking how to run the C preprocessor
configure:2507: gcc -E  conftest.c
configure:2513: $? = 0
configure:2545: gcc -E  conftest.c
conftest.c:9:10: fatal error: ac_nonexistent.h: No such file or directory
    9 | #include <ac_nonexistent.h>
      |          ^~~~~~~~~~~~~~~~~~
compilation terminated.
configure:2551: $? = 1
configure: failed program was:
| /* confdefs.h.  */
| 
| #define PACKAGE_NAME "tcl"
| #define PACKAGE_TARNAME "tcl"
| #define PACKAGE_VERSION "8.6"
| #define PACKAGE_STRING "tcl 8.6"
| #define PACKAGE_BUGREPORT ""
| /* end confdefs.h.  */
| #include <ac_nonexistent.h>
configure:2590: result: gcc -E
configure:2614: gcc -E  conftest.c
configure:2620: $? = 0
configure:2652: gcc -E  conftest.c
conftest.c:9:10: fatal error: ac_nonexistent.h: No such file or directory
    9 | #include <ac_nonexistent.h>
      |          ^~~~~~~~~~~~~~~~~~
compilation terminated.
configure:2658: $? = 1
configure: failed program was:
| /* confdefs.h.  */
| 
| #define PACKAGE_NAME "tcl"
| #define PACKAGE_TARNAME "tcl"
| #define PACKAGE_VERSION "8.6"
| #define PACKAGE_STRING "tcl 8.6"
| #define PACKAGE_BUGREPORT ""
| /* end confdefs.h.  */
| #include <ac_nonexistent.h>
configure:2702: checking for egrep
configure:2712: result: grep -E
configure:2717: checking for ANSI C header files
configure:2742: gcc -c   conftest.c >&5
configure:2748: $? = 0
configure:2752: test -z 
			 || test ! -s conftest.err
configure:2755: $? = 0
configure:2758: test -s conftest.o
configure:2761: $? = 0
configure:2851: gcc -o conftest    conftest.c  >&5
configure:2854: $? = 0
configure:2856: ./conftest
configure:2859: $? = 0
configure:2874: result: yes
configure:2898: checking for sys/types.h
configure:2914: gcc -c   conftest.c >&5
configure:2920: $? = 0
configure:2924: test -z 
			 || test ! -s conftest.err
configure:2927: $? = 0
configure:2930: test -s conftest.o
configure:2933: $? = 0
configure:2944: result: yes
configure:2898: checking for sys/stat.h
configure:2914: gcc -c   conftest.c >&5
configure:2920: $? = 0
configure:2924: test -z 
			 || test ! -s conftest.err
configure:2927: $? = 0
configure:2930: test -s conftest.o
configure:2933: $? = 0
configure:2944: result: yes
configure:2898: checking for stdlib.h
configure:2914: gcc -c   conftest.c >&5
configure:2920: $? = 0
configure:2924: test -z 
			 || test ! -s conftest.err
configure:2927: $? = 0
configure:2930: test -s conftest.o
configure:2933: $? = 0
configure:2944: result: yes
configure:2898: checking for string.h
configure:2914: gcc -c   conftest.c >&5
configure:2920: $? = 0
configure:2924: test -z 
			 || test ! -s conftest.err
configure:2927: $? = 0
configure:2930: test -s conftest.o
configure:2933: $? = 0
configure:2944: result: yes
configure:2898: checking for memory.h
configure:2914: gcc -c   conftest.c >&5
configure:2920: $? = 0
configure:2924: test -z 
			 || test ! -s conftest.err
configure:2927: $? = 0
configure:2930: test -s conftest.o
configure:2933: $? = 0
configure:2944: result: yes
configure:2898: checking for strings.h
configure:2914: gcc -c   conftest.c >&5
configure:2920: $? = 0
configure:2924: test -z 
			 || test ! -s conftest.err
configure:2927: $? = 0
configure:2930: test -s conftest.o
configure:2933: $? = 0
configure:2944: result: yes
configure:2898: checking for inttypes.h
configure:2914: gcc -c   conftest.c >&5
configure:2920: $? = 0
configure:2924: test -z 
			 || test ! -s conftest.err
configure:2927: $? = 0
configure:2930: test -s conftest.o
configure:2933: $? = 0
configure:2944: result: yes
configure:2898: checking for stdint.h
configure:2914: gcc -c   conftest.c >&5
configure:2920: $? = 0
configure:2924: test -z 
			 || test ! -s conftest.err
configure:2927: $? = 0
configure:2930: test -s conftest.o
configure:2933: $? = 0
configure:2944: result: yes
configure:2898: checking for unistd.h
configure:2914: gcc -c   conftest.c >&5
configure:2920: $? = 0
configure:2924: test -z 
			 || test ! -s conftest.err
configure:2927: $? = 0
configure:2930: test -s conftest.o
configure:2933: $? = 0
configure:2944: result: yes
configure:2957: checking dirent.h
configure:2998: gcc -o conftest    conftest.c  >&5
configure:3004: $? = 0
configure:3008: test -z 
			 || test ! -s conftest.err
configure:3011: $? = 0
configure:3014: test -s conftest
configure:3017: $? = 0
configure:3029: result: yes
configure:3050: checking float.h usability
configure:3062: gcc -c   conftest.c >&5
configure:3068: $? = 0
configure:3072: test -z 
			 || test ! -s conftest.err
configure:3075: $? = 0
configure:3078: test -s conftest.o
configure:3081: $? = 0
configure:3091: result: yes
configure:3095: checking float.h presence
configure:3105: gcc -E  conftest.c
configure:3111: $? = 0
configure:3131: result: yes
configure:3166: checking for float.h
configure:3173: result: yes
configure:3198: checking values.h usability
configure:3210: gcc -c   conftest.c >&5
configure:3216: $? = 0
configure:3220: test -z 
			 || test ! -s conftest.err
configure:3223: $? = 0
configure:3226: test -s conftest.o
configure:3229: $? = 0
configure:3239: result: yes
configure:3243: checking values.h presence
configure:3253: gcc -E  conftest.c
configure:3259: $? = 0
configure:3279: result: yes
configure:3314: checking for values.h
configure:3321: result: yes
configure:3337: checking for stdlib.h
configure:3342: result: yes
configure:3539: checking for string.h
configure:3544: result: yes
configure:3738: checking sys/wait.h usability
configure:3750: gcc -c   conftest.c >&5
configure:3756: $? = 0
configure:3760: test -z 
			 || test ! -s conftest.err
configure:3763: $? = 0
configure:3766: test -s conftest.o
configure:3769: $? = 0
configure:3779: result: yes
configure:3783: checking sys/wait.h presence
configure:3793: gcc -E  conftest.c
configure:3799: $? = 0
configure:3819: result: yes
configure:3854: checking for sys/wait.h
configure:3861: result: yes
configure:3886: checking dlfcn.h usability
configure:3898: gcc -c   conftest.c >&5
configure:3904: $? = 0
configure:3908: test -z 
			 || test ! -s conftest.err
configure:3911: $? = 0
configure:3914: test -s conftest.o
configure:3917: $? = 0
configure:3927: result: yes
configure:3931: checking dlfcn.h presence
configure:3941: gcc -E  conftest.c
configure:3947: $? = 0
configure:3967: result: yes
configure:4002: checking for dlfcn.h
configure:4009: result: yes
configure:4040: checking sys/param.h usability
configure:4052: gcc -c   conftest.c >&5
configure:4058: $? = 0
configure:4062: test -z 
			 || test ! -s conftest.err
configure:4065: $? = 0
configure:4068: test -s conftest.o
configure:4071: $? = 0
configure:4081: result: yes
configure:4085: checking sys/param.h presence
configure:4095: gcc -E  conftest.c
configure:4101: $? = 0
configure:4121: result: yes
configure:4156: checking for sys/param.h
configure:4163: result: yes
configure:4190: checking if the compiler understands -pipe
configure:4213: gcc -c  -pipe  conftest.c >&5
configure:4219: $? = 0
configure:4223: test -z 
			 || test ! -s conftest.err
configure:4226: $? = 0
configure:4229: test -s conftest.o
configure:4232: $? = 0
configure:4244: result: yes
configure:4294: checking for pthread_mutex_init in -lpthread
configure:4324: gcc -o conftest  -pipe   conftest.c -lpthread   >&5
configure:4330: $? = 0
configure:4334: test -z 
			 || test ! -s conftest.err
configure:4337: $? = 0
configure:4340: test -s conftest
configure:4343: $? = 0
configure:4356: result: yes
configure:4683: checking for pthread_attr_setstacksize
configure:4740: gcc -o conftest  -pipe   conftest.c   -lpthread >&5
configure:4746: $? = 0
configure:4750: test -z 
			 || test ! -s conftest.err
configure:4753: $? = 0
configure:4756: test -s conftest
configure:4759: $? = 0
configure:4771: result: yes
configure:4683: checking for pthread_atfork
configure:4740: gcc -o conftest  -pipe   conftest.c   -lpthread >&5
configure:4746: $? = 0
configure:4750: test -z 
			 || test ! -s conftest.err
configure:4753: $? = 0
configure:4756: test -s conftest
configure:4759: $? = 0
configure:4771: result: yes
configure:4786: checking for building with threads
configure:4798: result: yes
configure:4846: checking for sin
configure:4903: gcc -o conftest  -pipe   conftest.c  >&5
conftest.c:51:6: warning: conflicting types for built-in function 'sin'; expected 'double(double)' [-Wbuiltin-declaration-mismatch]
   51 | char sin ();
      |      ^~~
conftest.c:38:1: note: 'sin' is declared in header '<math.h>'
   37 | # include <limits.h>
   38 | #else
/usr/bin/ld: /tmp/cct7Agd0.o: in function `main':
conftest.c:(.text+0xe): undefined reference to `sin'
/usr/bin/ld: /tmp/cct7Agd0.o:(.data.rel+0x0): undefined reference to `sin'
collect2: error: ld returned 1 exit status
configure:4909: $? = 1
configure: failed program was:
| /* confdefs.h.  */
| 
| #define PACKAGE_NAME "tcl"
| #define PACKAGE_TARNAME "tcl"
| #define PACKAGE_VERSION "8.6"
| #define PACKAGE_STRING "tcl 8.6"
| #define PACKAGE_BUGREPORT ""
| #define STDC_HEADERS 1
| #define HAVE_SYS_TYPES_H 1
| #define HAVE_SYS_STAT_H 1
| #define HAVE_STDLIB_H 1
| #define HAVE_STRING_H 1
| #define HAVE_MEMORY_H 1
| #define HAVE_STRINGS_H 1
| #define HAVE_INTTYPES_H 1
| #define HAVE_STDINT_H 1
| #define HAVE_UNISTD_H 1
| #define HAVE_SYS_PARAM_H 1
| #define USE_THREAD_ALLOC 1
| #define _REENTRANT 1
| #define _THREAD_SAFE 1
| #define HAVE_PTHREAD_ATTR_SETSTACKSIZE 1
| #define HAVE_PTHREAD_ATFORK 1
| #define TCL_THREADS 1
| #define TCL_CFGVAL_ENCODING "iso8859-1"
| /* end confdefs.h.  */
| /* Define sin to an innocuous variant, in case <limits.h> declares sin.
|    For example, HP-UX 11i <limits.h> declares gettimeofday.  */
| #define sin innocuous_sin
| 
| /* System header to define __stub macros and hopefully few prototypes,
|     which can conflict with char sin (); below.
|     Prefer <limits.h> to <assert.h> if __STDC__ is defined, since
|     <limits.h> exists even on freestanding compilers.  */
| 
| #ifdef __STDC__
| # include <limits.h>
| #else
| # include <assert.h>
| #endif
| 
| #undef sin
| 
| /* Override any gcc2 internal prototype to avoid an error.  */
| #ifdef __cplusplus
| extern "C"
| {
| #endif
| /* We use char because int might match the return type of a gcc2
|    builtin and then its argument prototype would still apply.  */
| char sin ();
| /* The GNU C library defines this for functions which it implements
|     to always fail with ENOSYS.  Some functions are actually named
|     something starting with __ and the normal name is an alias.  */
| #if defined (__stub_sin) || defined (__stub___sin)
| choke me
| #else
| char (*f) () = sin;
| #endif
| #ifdef __cplusplus
| }
| #endif
| 
| int
| main ()
| {
| return f != sin;
|   ;
|   return 0;
| }
configure:4934: result: no
configure:4948: checking for main in -linet
configure:4972: gcc -o conftest  -pipe   conftest.c -linet   >&5
/usr/bin/ld: cannot find -linet
collect2: error: ld returned 1 exit status
configure:4978: $? = 1
configure: failed program was:
| /* confdefs.h.  */
| 
| #define PACKAGE_NAME "tcl"
| #define PACKAGE_TARNAME "tcl"
| #define PACKAGE_VERSION "8.6"
| #define PACKAGE_STRING "tcl 8.6"
| #define PACKAGE_BUGREPORT ""
| #define STDC_HEADERS 1
| #define HAVE_SYS_TYPES_H 1
| #define HAVE_SYS_STAT_H 1
| #define HAVE_STDLIB_H 1
| #define HAVE_STRING_H 1
| #define HAVE_MEMORY_H 1
| #define HAVE_STRINGS_H 1
| #define HAVE_INTTYPES_H 1
| #define HAVE_STDINT_H 1
| #define HAVE_UNISTD_H 1
| #define HAVE_SYS_PARAM_H 1
| #define USE_THREAD_ALLOC 1
| #define _REENTRANT 1
| #define _THREAD_SAFE 1
| #define HAVE_PTHREAD_ATTR_SETSTACKSIZE 1
| #define HAVE_PTHREAD_ATFORK 1
| #define TCL_THREADS 1
| #define TCL_CFGVAL_ENCODING "iso8859-1"
| /* end confdefs.h.  */
| 
| 
| int
| main ()
| {
| main ();
|   ;
|   return 0;
| }
configure:5004: result: no
configure:5020: checking net/errno.h usability
configure:5032: gcc -c  -pipe  conftest.c >&5
conftest.c:61:10: fatal error: net/errno.h: No such file or directory
   61 | #include <net/errno.h>
      |          ^~~~~~~~~~~~~
compilation terminated.
configure:5038: $? = 1
configure: failed program was:
| /* confdefs.h.  */
| 
| #define PACKAGE_NAME "tcl"
| #define PACKAGE_TARNAME "tcl"
| #define PACKAGE_VERSION "8.6"
| #define PACKAGE_STRING "tcl 8.6"
| #define PACKAGE_BUGREPORT ""
| #define STDC_HEADERS 1
| #define HAVE_SYS_TYPES_H 1
| #define HAVE_SYS_STAT_H 1
| #define HAVE_STDLIB_H 1
| #define HAVE_STRING_H 1
| #define HAVE_MEMORY_H 1
| #define HAVE_STRINGS_H 1
| #define HAVE_INTTYPES_H 1
| #define HAVE_STDINT_H 1
| #define HAVE_UNISTD_H 1
| #define HAVE_SYS_PARAM_H 1
| #define USE_THREAD_ALLOC 1
| #define _REENTRANT 1
| #define _THREAD_SAFE 1
| #define HAVE_PTHREAD_ATTR_SETSTACKSIZE 1
| #define HAVE_PTHREAD_ATFORK 1
| #define TCL_THREADS 1
| #define TCL_CFGVAL_ENCODING "iso8859-1"
| /* end confdefs.h.  */
| #include <stdio.h>
| #if HAVE_SYS_TYPES_H
| # include <sys/types.h>
| #endif
| #if HAVE_SYS_STAT_H
| # include <sys/stat.h>
| #endif
| #if STDC_HEADERS
| # include <stdlib.h>
| # include <stddef.h>
| #else
| # if HAVE_STDLIB_H
| #  include <stdlib.h>
| # endif
| #endif
| #if HAVE_STRING_H
| # if !STDC_HEADERS && HAVE_MEMORY_H
| #  include <memory.h>
| # endif
| # include <string.h>
| #endif
| #if HAVE_STRINGS_H
| # include <strings.h>
| #endif
| #if HAVE_INTTYPES_H
| # include <inttypes.h>
| #else
| # if HAVE_STDINT_H
| #  include <stdint.h>
| # endif
| #endif
| #if HAVE_UNISTD_H
| # include <unistd.h>
| #endif
| #include <net/errno.h>
configure:5061: result: no
configure:5065: checking net/errno.h presence
configure:5075: gcc -E  conftest.c
conftest.c:27:10: fatal error: net/errno.h: No such file or directory
   27 | #include <net/errno.h>
      |          ^~~~~~~~~~~~~
compilation terminated.
configure:5081: $? = 1
configure: failed program was:
| /* confdefs.h.  */
| 
| #define PACKAGE_NAME "tcl"
| #define PACKAGE_TARNAME "tcl"
| #define PACKAGE_VERSION "8.6"
| #define PACKAGE_STRING "tcl 8.6"
| #define PACKAGE_BUGREPORT ""
| #define STDC_HEADERS 1
| #define HAVE_SYS_TYPES_H 1
| #define HAVE_SYS_STAT_H 1
| #define HAVE_STDLIB_H 1
| #define HAVE_STRING_H 1
| #define HAVE_MEMORY_H 1
| #define HAVE_STRINGS_H 1
| #define HAVE_INTTYPES_H 1
| #define HAVE_STDINT_H 1
| #define HAVE_UNISTD_H 1
| #define HAVE_SYS_PARAM_H 1
| #define USE_THREAD_ALLOC 1
| #define _REENTRANT 1
| #define _THREAD_SAFE 1
| #define HAVE_PTHREAD_ATTR_SETSTACKSIZE 1
| #define HAVE_PTHREAD_ATFORK 1
| #define TCL_THREADS 1
| #define TCL_CFGVAL_ENCODING "iso8859-1"
| /* end confdefs.h.  */
| #include <net/errno.h>
configure:5101: result: no
configure:5136: checking for net/errno.h
configure:5143: result: no
configure:5177: checking for connect
configure:5234: gcc -o conftest  -pipe   conftest.c  >&5
configure:5240: $? = 0
configure:5244: test -z 
			 || test ! -s conftest.err
configure:5247: $? = 0
configure:5250: test -s conftest
configure:5253: $? = 0
configure:5265: result: yes
configure:5540: checking for gethostbyname
configure:5597: gcc -o conftest  -pipe   conftest.c  >&5
configure:5603: $? = 0
configure:5607: test -z 
			 || test ! -s conftest.err
configure:5610: $? = 0
configure:5613: test -s conftest
configure:5616: $? = 0
configure:5628: result: yes
configure:5709: checking how to build libraries
configure:5723: result: static
configure:5742: checking for tclsh
configure:5766: result: /usr/bin/tclsh8.6
configure:5795: checking zlib.h usability
configure:5807: gcc -c  -pipe  conftest.c >&5
configure:5813: $? = 0
configure:5817: test -z 
			 || test ! -s conftest.err
configure:5820: $? = 0
configure:5823: test -s conftest.o
configure:5826: $? = 0
configure:5836: result: yes
configure:5840: checking zlib.h presence
configure:5850: gcc -E  conftest.c
configure:5856: $? = 0
configure:5876: result: yes
configure:5911: checking for zlib.h
configure:5918: result: yes
configure:5924: checking for gz_header
configure:5949: gcc -c  -pipe  conftest.c >&5
configure:5955: $? = 0
configure:5959: test -z 
			 || test ! -s conftest.err
configure:5962: $? = 0
configure:5965: test -s conftest.o
configure:5968: $? = 0
configure:5979: result: yes
configure:5995: checking for library containing deflateSetHeader
configure:6025: gcc -o conftest  -pipe   conftest.c  -lpthread >&5
/usr/bin/ld: /tmp/ccsdwcN4.o: in function `main':
conftest.c:(.text+0xa): undefined reference to `deflateSetHeader'
collect2: error: ld returned 1 exit status
configure:6031: $? = 1
configure: failed program was:
| /* confdefs.h.  */
| 
| #define PACKAGE_NAME "tcl"
| #define PACKAGE_TARNAME "tcl"
| #define PACKAGE_VERSION "8.6"
| #define PACKAGE_STRING "tcl 8.6"
| #define PACKAGE_BUGREPORT ""
| #define STDC_HEADERS 1
| #define HAVE_SYS_TYPES_H 1
| #define HAVE_SYS_STAT_H 1
| #define HAVE_STDLIB_H 1
| #define HAVE_STRING_H 1
| #define HAVE_MEMORY_H 1
| #define HAVE_STRINGS_H 1
| #define HAVE_INTTYPES_H 1
| #define HAVE_STDINT_H 1
| #define HAVE_UNISTD_H 1
| #define HAVE_SYS_PARAM_H 1
| #define USE_THREAD_ALLOC 1
| #define _REENTRANT 1
| #define _THREAD_SAFE 1
| #define HAVE_PTHREAD_ATTR_SETSTACKSIZE 1
| #define HAVE_PTHREAD_ATFORK 1
| #define TCL_THREADS 1
| #define TCL_CFGVAL_ENCODING "iso8859-1"
| #define STATIC_BUILD 1
| /* end confdefs.h.  */
| 
| /* Override any gcc2 internal prototype to avoid an error.  */
| #ifdef __cplusplus
| extern "C"
| #endif
| /* We use char because int might match the return type of a gcc2
|    builtin and then its argument prototype would still apply.  */
| char deflateSetHeader ();
| int
| main ()
| {
| deflateSetHeader ();
|   ;
|   return 0;
| }
configure:6080: gcc -o conftest  -pipe   conftest.c -lz   -lpthread >&5
configure:6086: $? = 0
configure:6090: test -z 
			 || test ! -s conftest.err
configure:6093: $? = 0
configure:6096: test -s conftest
configure:6099: $? = 0
configure:6114: result: -lz
configure:6191: checking for ranlib
configure:6207: found /usr/bin/ranlib
configure:6218: result: ranlib
configure:6234: checking if 64bit support is requested
configure:6243: result: no
configure:6248: checking if 64bit Sparc VIS support is requested
configure:6257: result: no
configure:6268: checking if compiler supports visibility "hidden"
configure:6293: gcc -o conftest  -pipe -Werror   conftest.c -lz  -lpthread >&5
configure:6299: $? = 0
configure:6303: test -z 
			 || test ! -s conftest.err
configure:6306: $? = 0
configure:6309: test -s conftest
configure:6312: $? = 0
configure:6325: result: yes
configure:6345: checking if rpath support is requested
configure:6354: result: yes
configure:6361: checking system version
configure:6392: result: Linux-5.15.0-69-generic
configure:6400: checking for dlopen in -ldl
configure:6430: gcc -o conftest  -pipe   conftest.c -ldl  -lz  -lpthread >&5
configure:6436: $? = 0
configure:6440: test -z 
			 || test ! -s conftest.err
configure:6443: $? = 0
configure:6446: test -s conftest
configure:6449: $? = 0
configure:6462: result: yes
configure:6543: checking for ar
configure:6559: found /usr/bin/ar
configure:6569: result: ar
configure:8789: checking for cast to union support
configure:8813: gcc -c  -pipe  conftest.c >&5
configure:8819: $? = 0
configure:8823: test -z 
			 || test ! -s conftest.err
configure:8826: $? = 0
configure:8829: test -s conftest.o
configure:8832: $? = 0
configure:8844: result: yes
configure:8854: checking for working -fno-lto
configure:8875: gcc -c  -pipe -fno-lto  conftest.c >&5
configure:8881: $? = 0
configure:8885: test -z 
			 || test ! -s conftest.err
configure:8888: $? = 0
configure:8891: test -s conftest.o
configure:8894: $? = 0
configure:8906: result: yes
configure:8958: checking for build with symbols
configure:8987: result: yes (standard debugging)
configure:9042: checking for required early compiler flags
configure:9065: gcc -c  -pipe  conftest.c >&5
configure:9071: $? = 0
configure:9075: test -z 
			 || test ! -s conftest.err
configure:9078: $? = 0
configure:9081: test -s conftest.o
configure:9084: $? = 0
configure:9170: gcc -c  -pipe  conftest.c >&5
conftest.c: In function 'main':
conftest.c:39:15: error: storage size of 'buf' isn't known
   39 | struct stat64 buf; int i = stat64("/", &buf);
      |               ^~~
conftest.c:39:28: warning: implicit declaration of function 'stat64'; did you mean 'stat'? [-Wimplicit-function-declaration]
   39 | struct stat64 buf; int i = stat64("/", &buf);
      |                            ^~~~~~
      |                            stat
configure:9176: $? = 1
configure: failed program was:
| /* confdefs.h.  */
| 
| #define PACKAGE_NAME "tcl"
| #define PACKAGE_TARNAME "tcl"
| #define PACKAGE_VERSION "8.6"
| #define PACKAGE_STRING "tcl 8.6"
| #define PACKAGE_BUGREPORT ""
| #define STDC_HEADERS 1
| #define HAVE_SYS_TYPES_H 1
| #define HAVE_SYS_STAT_H 1
| #define HAVE_STDLIB_H 1
| #define HAVE_STRING_H 1
| #define HAVE_MEMORY_H 1
| #define HAVE_STRINGS_H 1
| #define HAVE_INTTYPES_H 1
| #define HAVE_STDINT_H 1
| #define HAVE_UNISTD_H 1
| #define HAVE_SYS_PARAM_H 1
| #define USE_THREAD_ALLOC 1
| #define _REENTRANT 1
| #define _THREAD_SAFE 1
| #define HAVE_PTHREAD_ATTR_SETSTACKSIZE 1
| #define HAVE_PTHREAD_ATFORK 1
| #define TCL_THREADS 1
| #define TCL_CFGVAL_ENCODING "iso8859-1"
| #define STATIC_BUILD 1
| #define HAVE_ZLIB 1
| #define MODULE_SCOPE extern __attribute__((__visibility__("hidden")))
| #define HAVE_HIDDEN 1
| #define HAVE_CAST_TO_UNION 1
| #define TCL_SHLIB_EXT ".so"
| #define TCL_TOMMATH 1
| #define MP_PREC 4
| /* end confdefs.h.  */
| #include <sys/stat.h>
| int
| main ()
| {
| struct stat64 buf; int i = stat64("/", &buf);
|   ;
|   return 0;
| }
configure:9213: gcc -c  -pipe  conftest.c >&5
configure:9219: $? = 0
configure:9223: test -z 
			 || test ! -s conftest.err
configure:9226: $? = 0
configure:9229: test -s conftest.o
configure:9232: $? = 0
configure:9275: gcc -c  -pipe  conftest.c >&5
conftest.c: In function 'main':
conftest.c:40:19: error: 'open64' undeclared (first use in this function)
   40 | char *p = (char *)open64;
      |                   ^~~~~~
conftest.c:40:19: note: each undeclared identifier is reported only once for each function it appears in
configure:9281: $? = 1
configure: failed program was:
| /* confdefs.h.  */
| 
| #define PACKAGE_NAME "tcl"
| #define PACKAGE_TARNAME "tcl"
| #define PACKAGE_VERSION "8.6"
| #define PACKAGE_STRING "tcl 8.6"
| #define PACKAGE_BUGREPORT ""
| #define STDC_HEADERS 1
| #define HAVE_SYS_TYPES_H 1
| #define HAVE_SYS_STAT_H 1
| #define HAVE_STDLIB_H 1
| #define HAVE_STRING_H 1
| #define HAVE_MEMORY_H 1
| #define HAVE_STRINGS_H 1
| #define HAVE_INTTYPES_H 1
| #define HAVE_STDINT_H 1
| #define HAVE_UNISTD_H 1
| #define HAVE_SYS_PARAM_H 1
| #define USE_THREAD_ALLOC 1
| #define _REENTRANT 1
| #define _THREAD_SAFE 1
| #define HAVE_PTHREAD_ATTR_SETSTACKSIZE 1
| #define HAVE_PTHREAD_ATFORK 1
| #define TCL_THREADS 1
| #define TCL_CFGVAL_ENCODING "iso8859-1"
| #define STATIC_BUILD 1
| #define HAVE_ZLIB 1
| #define MODULE_SCOPE extern __attribute__((__visibility__("hidden")))
| #define HAVE_HIDDEN 1
| #define HAVE_CAST_TO_UNION 1
| #define TCL_SHLIB_EXT ".so"
| #define TCL_TOMMATH 1
| #define MP_PREC 4
| #define _LARGEFILE64_SOURCE 1
| /* end confdefs.h.  */
| #include <sys/stat.h>
| int
| main ()
| {
| char *p = (char *)open64;
|   ;
|   return 0;
| }
configure:9318: gcc -c  -pipe  conftest.c >&5
conftest.c: In function 'main':
conftest.c:41:19: error: 'open64' undeclared (first use in this function)
   41 | char *p = (char *)open64;
      |                   ^~~~~~
conftest.c:41:19: note: each undeclared identifier is reported only once for each function it appears in
configure:9324: $? = 1
configure: failed program was:
| /* confdefs.h.  */
| 
| #define PACKAGE_NAME "tcl"
| #define PACKAGE_TARNAME "tcl"
| #define PACKAGE_VERSION "8.6"
| #define PACKAGE_STRING "tcl 8.6"
| #define PACKAGE_BUGREPORT ""
| #define STDC_HEADERS 1
| #define HAVE_SYS_TYPES_H 1
| #define HAVE_SYS_STAT_H 1
| #define HAVE_STDLIB_H 1
| #define HAVE_STRING_H 1
| #define HAVE_MEMORY_H 1
| #define HAVE_STRINGS_H 1
| #define HAVE_INTTYPES_H 1
| #define HAVE_STDINT_H 1
| #define HAVE_UNISTD_H 1
| #define HAVE_SYS_PARAM_H 1
| #define USE_THREAD_ALLOC 1
| #define _REENTRANT 1
| #define _THREAD_SAFE 1
| #define HAVE_PTHREAD_ATTR_SETSTACKSIZE 1
| #define HAVE_PTHREAD_ATFORK 1
| #define TCL_THREADS 1
| #define TCL_CFGVAL_ENCODING "iso8859-1"
| #define STATIC_BUILD 1
| #define HAVE_ZLIB 1
| #define MODULE_SCOPE extern __attribute__((__visibility__("hidden")))
| #define HAVE_HIDDEN 1
| #define HAVE_CAST_TO_UNION 1
| #define TCL_SHLIB_EXT ".so"
| #define TCL_TOMMATH 1
| #define MP_PREC 4
| #define _LARGEFILE64_SOURCE 1
| /* end confdefs.h.  */
| #define _LARGEFILE_SOURCE64 1
| #include <sys/stat.h>
| int
| main ()
| {
| char *p = (char *)open64;
|   ;
|   return 0;
| }
configure:9364: result:  _LARGEFILE64_SOURCE
configure:9370: checking for 64-bit integer type
configure:9394: gcc -c  -pipe  conftest.c >&5
conftest.c: In function 'main':
conftest.c:40:1: error: unknown type name '__int64'
   40 | __int64 value = (__int64) 0;
      | ^~~~~~~
conftest.c:40:18: error: '__int64' undeclared (first use in this function)
   40 | __int64 value = (__int64) 0;
      |                  ^~~~~~~
conftest.c:40:18: note: each undeclared identifier is reported only once for each function it appears in
conftest.c:40:27: error: expected ',' or ';' before numeric constant
   40 | __int64 value = (__int64) 0;
      |                           ^
configure:9400: $? = 1
configure: failed program was:
| /* confdefs.h.  */
| 
| #define PACKAGE_NAME "tcl"
| #define PACKAGE_TARNAME "tcl"
| #define PACKAGE_VERSION "8.6"
| #define PACKAGE_STRING "tcl 8.6"
| #define PACKAGE_BUGREPORT ""
| #define STDC_HEADERS 1
| #define HAVE_SYS_TYPES_H 1
| #define HAVE_SYS_STAT_H 1
| #define HAVE_STDLIB_H 1
| #define HAVE_STRING_H 1
| #define HAVE_MEMORY_H 1
| #define HAVE_STRINGS_H 1
| #define HAVE_INTTYPES_H 1
| #define HAVE_STDINT_H 1
| #define HAVE_UNISTD_H 1
| #define HAVE_SYS_PARAM_H 1
| #define USE_THREAD_ALLOC 1
| #define _REENTRANT 1
| #define _THREAD_SAFE 1
| #define HAVE_PTHREAD_ATTR_SETSTACKSIZE 1
| #define HAVE_PTHREAD_ATFORK 1
| #define TCL_THREADS 1
| #define TCL_CFGVAL_ENCODING "iso8859-1"
| #define STATIC_BUILD 1
| #define HAVE_ZLIB 1
| #define MODULE_SCOPE extern __attribute__((__visibility__("hidden")))
| #define HAVE_HIDDEN 1
| #define HAVE_CAST_TO_UNION 1
| #define TCL_SHLIB_EXT ".so"
| #define TCL_TOMMATH 1
| #define MP_PREC 4
| #define _LARGEFILE64_SOURCE 1
| /* end confdefs.h.  */
| 
| int
| main ()
| {
| __int64 value = (__int64) 0;
|   ;
|   return 0;
| }
configure:9444: gcc -c  -pipe  conftest.c >&5
conftest.c: In function 'main':
conftest.c:41:21: error: duplicate case value
   41 |             case 1: case (sizeof(long long)==sizeof(long)): ;
      |                     ^~~~
conftest.c:41:13: note: previously used here
   41 |             case 1: case (sizeof(long long)==sizeof(long)): ;
      |             ^~~~
configure:9450: $? = 1
configure: failed program was:
| /* confdefs.h.  */
| 
| #define PACKAGE_NAME "tcl"
| #define PACKAGE_TARNAME "tcl"
| #define PACKAGE_VERSION "8.6"
| #define PACKAGE_STRING "tcl 8.6"
| #define PACKAGE_BUGREPORT ""
| #define STDC_HEADERS 1
| #define HAVE_SYS_TYPES_H 1
| #define HAVE_SYS_STAT_H 1
| #define HAVE_STDLIB_H 1
| #define HAVE_STRING_H 1
| #define HAVE_MEMORY_H 1
| #define HAVE_STRINGS_H 1
| #define HAVE_INTTYPES_H 1
| #define HAVE_STDINT_H 1
| #define HAVE_UNISTD_H 1
| #define HAVE_SYS_PARAM_H 1
| #define USE_THREAD_ALLOC 1
| #define _REENTRANT 1
| #define _THREAD_SAFE 1
| #define HAVE_PTHREAD_ATTR_SETSTACKSIZE 1
| #define HAVE_PTHREAD_ATFORK 1
| #define TCL_THREADS 1
| #define TCL_CFGVAL_ENCODING "iso8859-1"
| #define STATIC_BUILD 1
| #define HAVE_ZLIB 1
| #define MODULE_SCOPE extern __attribute__((__visibility__("hidden")))
| #define HAVE_HIDDEN 1
| #define HAVE_CAST_TO_UNION 1
| #define TCL_SHLIB_EXT ".so"
| #define TCL_TOMMATH 1
| #define MP_PREC 4
| #define _LARGEFILE64_SOURCE 1
| /* end confdefs.h.  */
| 
| int
| main ()
| {
| switch (0) {
|             case 1: case (sizeof(long long)==sizeof(long)): ;
|         }
|   ;
|   return 0;
| }
configure:9480: result: using long
configure:9861: checking whether byte ordering is bigendian
configure:9888: gcc -c  -pipe  conftest.c >&5
configure:9894: $? = 0
configure:9898: test -z 
			 || test ! -s conftest.err
configure:9901: $? = 0
configure:9904: test -s conftest.o
configure:9907: $? = 0
configure:9931: gcc -c  -pipe  conftest.c >&5
conftest.c: In function 'main':
conftest.c:44:2: error: unknown type name 'not'; did you mean 'ino_t'?
   44 |  not big endian
      |  ^~~
      |  ino_t
conftest.c:44:10: error: expected '=', ',', ';', 'asm' or '__attribute__' before 'endian'
   44 |  not big endian
      |          ^~~~~~
configure:9937: $? = 1
configure: failed program was:
| /* confdefs.h.  */
| 
| #define PACKAGE_NAME "tcl"
| #define PACKAGE_TARNAME "tcl"
| #define PACKAGE_VERSION "8.6"
| #define PACKAGE_STRING "tcl 8.6"
| #define PACKAGE_BUGREPORT ""
| #define STDC_HEADERS 1
| #define HAVE_SYS_TYPES_H 1
| #define HAVE_SYS_STAT_H 1
| #define HAVE_STDLIB_H 1
| #define HAVE_STRING_H 1
| #define HAVE_MEMORY_H 1
| #define HAVE_STRINGS_H 1
| #define HAVE_INTTYPES_H 1
| #define HAVE_STDINT_H 1
| #define HAVE_UNISTD_H 1
| #define HAVE_SYS_PARAM_H 1
| #define USE_THREAD_ALLOC 1
| #define _REENTRANT 1
| #define _THREAD_SAFE 1
| #define HAVE_PTHREAD_ATTR_SETSTACKSIZE 1
| #define HAVE_PTHREAD_ATFORK 1
| #define TCL_THREADS 1
| #define TCL_CFGVAL_ENCODING "iso8859-1"
| #define STATIC_BUILD 1
| #define HAVE_ZLIB 1
| #define MODULE_SCOPE extern __attribute__((__visibility__("hidden")))
| #define HAVE_HIDDEN 1
| #define HAVE_CAST_TO_UNION 1
| #define TCL_SHLIB_EXT ".so"
| #define TCL_TOMMATH 1
| #define MP_PREC 4
| #define _LARGEFILE64_SOURCE 1
| #define TCL_WIDE_INT_IS_LONG 1
| /* end confdefs.h.  */
| #include <sys/types.h>
| #include <sys/param.h>
| 
| int
| main ()
| {
| #if BYTE_ORDER != BIG_ENDIAN
|  not big endian
| #endif
| 
|   ;
|   return 0;
| }
configure:10072: result: no
configure:10102: checking for getcwd
configure:10159: gcc -o conftest  -pipe   -Wl,--export-dynamic  conftest.c -lz  -lpthread >&5
configure:10165: $? = 0
configure:10169: test -z 
			 || test ! -s conftest.err
configure:10172: $? = 0
configure:10175: test -s conftest
configure:10178: $? = 0
configure:10190: result: yes
configure:10216: checking for mkstemp
configure:10273: gcc -o conftest  -pipe   -Wl,--export-dynamic  conftest.c -lz  -lpthread >&5
configure:10279: $? = 0
configure:10283: test -z 
			 || test ! -s conftest.err
configure:10286: $? = 0
configure:10289: test -s conftest
configure:10292: $? = 0
configure:10304: result: yes
configure:10216: checking for opendir
configure:10273: gcc -o conftest  -pipe   -Wl,--export-dynamic  conftest.c -lz  -lpthread >&5
configure:10279: $? = 0
configure:10283: test -z 
			 || test ! -s conftest.err
configure:10286: $? = 0
configure:10289: test -s conftest
configure:10292: $? = 0
configure:10304: result: yes
configure:10216: checking for strtol
configure:10273: gcc -o conftest  -pipe   -Wl,--export-dynamic  conftest.c -lz  -lpthread >&5
configure:10279: $? = 0
configure:10283: test -z 
			 || test ! -s conftest.err
configure:10286: $? = 0
configure:10289: test -s conftest
configure:10292: $? = 0
configure:10304: result: yes
configure:10216: checking for waitpid
configure:10273: gcc -o conftest  -pipe   -Wl,--export-dynamic  conftest.c -lz  -lpthread >&5
configure:10279: $? = 0
configure:10283: test -z 
			 || test ! -s conftest.err
configure:10286: $? = 0
configure:10289: test -s conftest
configure:10292: $? = 0
configure:10304: result: yes
configure:10324: checking for strerror
configure:10381: gcc -o conftest  -pipe   -Wl,--export-dynamic  conftest.c -lz  -lpthread >&5
configure:10387: $? = 0
configure:10391: test -z 
			 || test ! -s conftest.err
configure:10394: $? = 0
configure:10397: test -s conftest
configure:10400: $? = 0
configure:10412: result: yes
configure:10424: checking for getwd
configure:10481: gcc -o conftest  -pipe   -Wl,--export-dynamic  conftest.c -lz  -lpthread >&5
/usr/bin/ld: /tmp/ccU7HHdn.o: in function `main':
conftest.c:(.text+0xe): warning: the `getwd' function is dangerous and should not be used.
configure:10487: $? = 0
configure:10491: test -z 
			 || test ! -s conftest.err
configure:10494: $? = 0
configure:10497: test -s conftest
configure:10500: $? = 0
configure:10512: result: yes
configure:10524: checking for wait3
configure:10581: gcc -o conftest  -pipe   -Wl,--export-dynamic  conftest.c -lz  -lpthread >&5
configure:10587: $? = 0
configure:10591: test -z 
			 || test ! -s conftest.err
configure:10594: $? = 0
configure:10597: test -s conftest
configure:10600: $? = 0
configure:10612: result: yes
configure:10624: checking for uname
configure:10681: gcc -o conftest  -pipe   -Wl,--export-dynamic  conftest.c -lz  -lpthread >&5
configure:10687: $? = 0
configure:10691: test -z 
			 || test ! -s conftest.err
configure:10694: $? = 0
configure:10697: test -s conftest
configure:10700: $? = 0
configure:10712: result: yes
configure:10731: checking for realpath
configure:10788: gcc -o conftest  -pipe   -Wl,--export-dynamic  conftest.c -lz  -lpthread >&5
configure:10794: $? = 0
configure:10798: test -z 
			 || test ! -s conftest.err
configure:10801: $? = 0
configure:10804: test -s conftest
configure:10807: $? = 0
configure:10819: result: yes
configure:10841: checking for getnameinfo
configure:10898: gcc -o conftest  -pipe   -Wl,--export-dynamic  conftest.c -lz  -lpthread >&5
configure:10904: $? = 0
configure:10908: test -z 
			 || test ! -s conftest.err
configure:10911: $? = 0
configure:10914: test -s conftest
configure:10917: $? = 0
configure:10929: result: yes
configure:10841: checking for getaddrinfo
configure:10898: gcc -o conftest  -pipe   -Wl,--export-dynamic  conftest.c -lz  -lpthread >&5
configure:10904: $? = 0
configure:10908: test -z 
			 || test ! -s conftest.err
configure:10911: $? = 0
configure:10914: test -s conftest
configure:10917: $? = 0
configure:10929: result: yes
configure:10841: checking for freeaddrinfo
configure:10898: gcc -o conftest  -pipe   -Wl,--export-dynamic  conftest.c -lz  -lpthread >&5
configure:10904: $? = 0
configure:10908: test -z 
			 || test ! -s conftest.err
configure:10911: $? = 0
configure:10914: test -s conftest
configure:10917: $? = 0
configure:10929: result: yes
configure:10841: checking for gai_strerror
configure:10898: gcc -o conftest  -pipe   -Wl,--export-dynamic  conftest.c -lz  -lpthread >&5
configure:10904: $? = 0
configure:10908: test -z 
			 || test ! -s conftest.err
configure:10911: $? = 0
configure:10914: test -s conftest
configure:10917: $? = 0
configure:10929: result: yes
configure:10941: checking for struct addrinfo
configure:10971: gcc -c  -pipe  conftest.c >&5
configure:10977: $? = 0
configure:10981: test -z 
			 || test ! -s conftest.err
configure:10984: $? = 0
configure:10987: test -s conftest.o
configure:10990: $? = 0
configure:11001: result: yes
configure:11013: checking for struct in6_addr
configure:11043: gcc -c  -pipe  conftest.c >&5
configure:11049: $? = 0
configure:11053: test -z 
			 || test ! -s conftest.err
configure:11056: $? = 0
configure:11059: test -s conftest.o
configure:11062: $? = 0
configure:11073: result: yes
configure:11085: checking for struct sockaddr_in6
configure:11115: gcc -c  -pipe  conftest.c >&5
configure:11121: $? = 0
configure:11125: test -z 
			 || test ! -s conftest.err
configure:11128: $? = 0
configure:11131: test -s conftest.o
configure:11134: $? = 0
configure:11145: result: yes
configure:11157: checking for struct sockaddr_storage
configure:11187: gcc -c  -pipe  conftest.c >&5
configure:11193: $? = 0
configure:11197: test -z 
			 || test ! -s conftest.err
configure:11200: $? = 0
configure:11203: test -s conftest.o
configure:11206: $? = 0
configure:11217: result: yes
configure:11343: checking for getpwuid_r
configure:11400: gcc -o conftest  -pipe   -Wl,--export-dynamic  conftest.c -lz  -lpthread >&5
configure:11406: $? = 0
configure:11410: test -z 
			 || test ! -s conftest.err
configure:11413: $? = 0
configure:11416: test -s conftest
configure:11419: $? = 0
configure:11431: result: yes
configure:11435: checking for getpwuid_r with 5 args
configure:11467: gcc -c  -pipe  conftest.c >&5
configure:11473: $? = 0
configure:11477: test -z 
			 || test ! -s conftest.err
configure:11480: $? = 0
configure:11483: test -s conftest.o
configure:11486: $? = 0
configure:11497: result: yes
configure:11590: checking for getpwnam_r
configure:11647: gcc -o conftest  -pipe   -Wl,--export-dynamic  conftest.c -lz  -lpthread >&5
configure:11653: $? = 0
configure:11657: test -z 
			 || test ! -s conftest.err
configure:11660: $? = 0
configure:11663: test -s conftest
configure:11666: $? = 0
configure:11678: result: yes
configure:11682: checking for getpwnam_r with 5 args
configure:11714: gcc -c  -pipe  conftest.c >&5
configure:11720: $? = 0
configure:11724: test -z 
			 || test ! -s conftest.err
configure:11727: $? = 0
configure:11730: test -s conftest.o
configure:11733: $? = 0
configure:11744: result: yes
configure:11837: checking for getgrgid_r
configure:11894: gcc -o conftest  -pipe   -Wl,--export-dynamic  conftest.c -lz  -lpthread >&5
configure:11900: $? = 0
configure:11904: test -z 
			 || test ! -s conftest.err
configure:11907: $? = 0
configure:11910: test -s conftest
configure:11913: $? = 0
configure:11925: result: yes
configure:11929: checking for getgrgid_r with 5 args
configure:11961: gcc -c  -pipe  conftest.c >&5
configure:11967: $? = 0
configure:11971: test -z 
			 || test ! -s conftest.err
configure:11974: $? = 0
configure:11977: test -s conftest.o
configure:11980: $? = 0
configure:11991: result: yes
configure:12084: checking for getgrnam_r
configure:12141: gcc -o conftest  -pipe   -Wl,--export-dynamic  conftest.c -lz  -lpthread >&5
configure:12147: $? = 0
configure:12151: test -z 
			 || test ! -s conftest.err
configure:12154: $? = 0
configure:12157: test -s conftest
configure:12160: $? = 0
configure:12172: result: yes
configure:12176: checking for getgrnam_r with 5 args
configure:12208: gcc -c  -pipe  conftest.c >&5
configure:12214: $? = 0
configure:12218: test -z 
			 || test ! -s conftest.err
configure:12221: $? = 0
configure:12224: test -s conftest.o
configure:12227: $? = 0
configure:12238: result: yes
configure:12366: checking whether gethostbyname_r is declared
configure:12391: gcc -c  -pipe  conftest.c >&5
configure:12397: $? = 0
configure:12401: test -z 
			 || test ! -s conftest.err
configure:12404: $? = 0
configure:12407: test -s conftest.o
configure:12410: $? = 0
configure:12421: result: yes
configure:12443: checking for gethostbyname_r
configure:12500: gcc -o conftest  -pipe   -Wl,--export-dynamic  conftest.c -lz  -lpthread >&5
configure:12506: $? = 0
configure:12510: test -z 
			 || test ! -s conftest.err
configure:12513: $? = 0
configure:12516: test -s conftest
configure:12519: $? = 0
configure:12531: result: yes
configure:12535: checking for gethostbyname_r with 6 args
configure:12567: gcc -c  -pipe  conftest.c >&5
configure:12573: $? = 0
configure:12577: test -z 
			 || test ! -s conftest.err
configure:12580: $? = 0
configure:12583: test -s conftest.o
configure:12586: $? = 0
configure:12597: result: yes
configure:12765: checking whether gethostbyaddr_r is declared
configure:12790: gcc -c  -pipe  conftest.c >&5
configure:12796: $? = 0
configure:12800: test -z 
			 || test ! -s conftest.err
configure:12803: $? = 0
configure:12806: test -s conftest.o
configure:12809: $? = 0
configure:12820: result: yes
configure:12842: checking for gethostbyaddr_r
configure:12899: gcc -o conftest  -pipe   -Wl,--export-dynamic  conftest.c -lz  -lpthread >&5
configure:12905: $? = 0
configure:12909: test -z 
			 || test ! -s conftest.err
configure:12912: $? = 0
configure:12915: test -s conftest
configure:12918: $? = 0
configure:12930: result: yes
configure:12934: checking for gethostbyaddr_r with 7 args
configure:12969: gcc -c  -pipe  conftest.c >&5
conftest.c: In function 'main':
conftest.c:78:11: warning: passing argument 7 of 'gethostbyaddr_r' from incompatible pointer type [-Wincompatible-pointer-types]
   78 |           &h_errnop);
      |           ^~~~~~~~~
      |           |
      |           int *
In file included from conftest.c:63:
/usr/include/netdb.h:174:36: note: expected 'struct hostent ** restrict' but argument is of type 'int *'
  174 |        struct hostent **__restrict __result,
      |        ~~~~~~~~~~~~~~~~~~~~~~~~~~~~^~~~~~~~
conftest.c:77:9: error: too few arguments to function 'gethostbyaddr_r'
   77 |  (void) gethostbyaddr_r(addr, length, type, result, buffer, buflen,
      |         ^~~~~~~~~~~~~~~
In file included from conftest.c:63:
/usr/include/netdb.h:170:12: note: declared here
  170 | extern int gethostbyaddr_r (const void *__restrict __addr, __socklen_t __len,
      |            ^~~~~~~~~~~~~~~
configure:12975: $? = 1
configure: failed program was:
| /* confdefs.h.  */
| 
| #define PACKAGE_NAME "tcl"
| #define PACKAGE_TARNAME "tcl"
| #define PACKAGE_VERSION "8.6"
| #define PACKAGE_STRING "tcl 8.6"
| #define PACKAGE_BUGREPORT ""
| #define STDC_HEADERS 1
| #define HAVE_SYS_TYPES_H 1
| #define HAVE_SYS_STAT_H 1
| #define HAVE_STDLIB_H 1
| #define HAVE_STRING_H 1
| #define HAVE_MEMORY_H 1
| #define HAVE_STRINGS_H 1
| #define HAVE_INTTYPES_H 1
| #define HAVE_STDINT_H 1
| #define HAVE_UNISTD_H 1
| #define HAVE_SYS_PARAM_H 1
| #define USE_THREAD_ALLOC 1
| #define _REENTRANT 1
| #define _THREAD_SAFE 1
| #define HAVE_PTHREAD_ATTR_SETSTACKSIZE 1
| #define HAVE_PTHREAD_ATFORK 1
| #define TCL_THREADS 1
| #define TCL_CFGVAL_ENCODING "iso8859-1"
| #define STATIC_BUILD 1
| #define HAVE_ZLIB 1
| #define MODULE_SCOPE extern __attribute__((__visibility__("hidden")))
| #define HAVE_HIDDEN 1
| #define HAVE_CAST_TO_UNION 1
| #define TCL_SHLIB_EXT ".so"
| #define TCL_TOMMATH 1
| #define MP_PREC 4
| #define _LARGEFILE64_SOURCE 1
| #define TCL_WIDE_INT_IS_LONG 1
| #define HAVE_GETCWD 1
| #define HAVE_MKSTEMP 1
| #define HAVE_OPENDIR 1
| #define HAVE_STRTOL 1
| #define HAVE_WAITPID 1
| #define HAVE_GETNAMEINFO 1
| #define HAVE_GETADDRINFO 1
| #define HAVE_FREEADDRINFO 1
| #define HAVE_GAI_STRERROR 1
| #define HAVE_STRUCT_ADDRINFO 1
| #define HAVE_STRUCT_IN6_ADDR 1
| #define HAVE_STRUCT_SOCKADDR_IN6 1
| #define HAVE_STRUCT_SOCKADDR_STORAGE 1
| #define HAVE_GETPWUID_R_5 1
| #define HAVE_GETPWUID_R 1
| #define HAVE_GETPWNAM_R_5 1
| #define HAVE_GETPWNAM_R 1
| #define HAVE_GETGRGID_R_5 1
| #define HAVE_GETGRGID_R 1
| #define HAVE_GETGRNAM_R_5 1
| #define HAVE_GETGRNAM_R 1
| #define HAVE_DECL_GETHOSTBYNAME_R 1
| #define HAVE_GETHOSTBYNAME_R_6 1
| #define HAVE_GETHOSTBYNAME_R 1
| #define HAVE_DECL_GETHOSTBYADDR_R 1
| /* end confdefs.h.  */
| 
| 	#include <netdb.h>
| 
| int
| main ()
| {
| 
| 	char *addr;
| 	int length;
| 	int type;
| 	struct hostent *result;
| 	char buffer[2048];
| 	int buflen = 2048;
| 	int h_errnop;
| 
| 	(void) gethostbyaddr_r(addr, length, type, result, buffer, buflen,
| 			       &h_errnop);
| 
|   ;
|   return 0;
| }
configure:12999: result: no
configure:13009: checking for gethostbyaddr_r with 8 args
configure:13044: gcc -c  -pipe  conftest.c >&5
configure:13050: $? = 0
configure:13054: test -z 
			 || test ! -s conftest.err
configure:13057: $? = 0
configure:13060: test -s conftest.o
configure:13063: $? = 0
configure:13074: result: yes
configure:13123: checking termios.h usability
configure:13135: gcc -c  -pipe  conftest.c >&5
configure:13141: $? = 0
configure:13145: test -z 
			 || test ! -s conftest.err
configure:13148: $? = 0
configure:13151: test -s conftest.o
configure:13154: $? = 0
configure:13164: result: yes
configure:13168: checking termios.h presence
configure:13178: gcc -E  conftest.c
configure:13184: $? = 0
configure:13204: result: yes
configure:13239: checking for termios.h
configure:13246: result: yes
configure:13273: checking sys/ioctl.h usability
configure:13285: gcc -c  -pipe  conftest.c >&5
configure:13291: $? = 0
configure:13295: test -z 
			 || test ! -s conftest.err
configure:13298: $? = 0
configure:13301: test -s conftest.o
configure:13304: $? = 0
configure:13314: result: yes
configure:13318: checking sys/ioctl.h presence
configure:13328: gcc -E  conftest.c
configure:13334: $? = 0
configure:13354: result: yes
configure:13389: checking for sys/ioctl.h
configure:13396: result: yes
configure:13423: checking sys/modem.h usability
configure:13435: gcc -c  -pipe  conftest.c >&5
conftest.c:100:10: fatal error: sys/modem.h: No such file or directory
  100 | #include <sys/modem.h>
      |          ^~~~~~~~~~~~~
compilation terminated.
configure:13441: $? = 1
configure: failed program was:
| /* confdefs.h.  */
| 
| #define PACKAGE_NAME "tcl"
| #define PACKAGE_TARNAME "tcl"
| #define PACKAGE_VERSION "8.6"
| #define PACKAGE_STRING "tcl 8.6"
| #define PACKAGE_BUGREPORT ""
| #define STDC_HEADERS 1
| #define HAVE_SYS_TYPES_H 1
| #define HAVE_SYS_STAT_H 1
| #define HAVE_STDLIB_H 1
| #define HAVE_STRING_H 1
| #define HAVE_MEMORY_H 1
| #define HAVE_STRINGS_H 1
| #define HAVE_INTTYPES_H 1
| #define HAVE_STDINT_H 1
| #define HAVE_UNISTD_H 1
| #define HAVE_SYS_PARAM_H 1
| #define USE_THREAD_ALLOC 1
| #define _REENTRANT 1
| #define _THREAD_SAFE 1
| #define HAVE_PTHREAD_ATTR_SETSTACKSIZE 1
| #define HAVE_PTHREAD_ATFORK 1
| #define TCL_THREADS 1
| #define TCL_CFGVAL_ENCODING "iso8859-1"
| #define STATIC_BUILD 1
| #define HAVE_ZLIB 1
| #define MODULE_SCOPE extern __attribute__((__visibility__("hidden")))
| #define HAVE_HIDDEN 1
| #define HAVE_CAST_TO_UNION 1
| #define TCL_SHLIB_EXT ".so"
| #define TCL_TOMMATH 1
| #define MP_PREC 4
| #define _LARGEFILE64_SOURCE 1
| #define TCL_WIDE_INT_IS_LONG 1
| #define HAVE_GETCWD 1
| #define HAVE_MKSTEMP 1
| #define HAVE_OPENDIR 1
| #define HAVE_STRTOL 1
| #define HAVE_WAITPID 1
| #define HAVE_GETNAMEINFO 1
| #define HAVE_GETADDRINFO 1
| #define HAVE_FREEADDRINFO 1
| #define HAVE_GAI_STRERROR 1
| #define HAVE_STRUCT_ADDRINFO 1
| #define HAVE_STRUCT_IN6_ADDR 1
| #define HAVE_STRUCT_SOCKADDR_IN6 1
| #define HAVE_STRUCT_SOCKADDR_STORAGE 1
| #define HAVE_GETPWUID_R_5 1
| #define HAVE_GETPWUID_R 1
| #define HAVE_GETPWNAM_R_5 1
| #define HAVE_GETPWNAM_R 1
| #define HAVE_GETGRGID_R_5 1
| #define HAVE_GETGRGID_R 1
| #define HAVE_GETGRNAM_R_5 1
| #define HAVE_GETGRNAM_R 1
| #define HAVE_DECL_GETHOSTBYNAME_R 1
| #define HAVE_GETHOSTBYNAME_R_6 1
| #define HAVE_GETHOSTBYNAME_R 1
| #define HAVE_DECL_GETHOSTBYADDR_R 1
| #define HAVE_GETHOSTBYADDR_R_8 1
| #define HAVE_GETHOSTBYADDR_R 1
| #define HAVE_TERMIOS_H 1
| #define HAVE_SYS_IOCTL_H 1
| /* end confdefs.h.  */
| #include <stdio.h>
| #if HAVE_SYS_TYPES_H
| # include <sys/types.h>
| #endif
| #if HAVE_SYS_STAT_H
| # include <sys/stat.h>
| #endif
| #if STDC_HEADERS
| # include <stdlib.h>
| # include <stddef.h>
| #else
| # if HAVE_STDLIB_H
| #  include <stdlib.h>
| # endif
| #endif
| #if HAVE_STRING_H
| # if !STDC_HEADERS && HAVE_MEMORY_H
| #  include <memory.h>
| # endif
| # include <string.h>
| #endif
| #if HAVE_STRINGS_H
| # include <strings.h>
| #endif
| #if HAVE_INTTYPES_H
| # include <inttypes.h>
| #else
| # if HAVE_STDINT_H
| #  include <stdint.h>
| # endif
| #endif
| #if HAVE_UNISTD_H
| # include <unistd.h>
| #endif
| #include <sys/modem.h>
configure:13464: result: no
configure:13468: checking sys/modem.h presence
configure:13478: gcc -E  conftest.c
conftest.c:66:10: fatal error: sys/modem.h: No such file or directory
   66 | #include <sys/modem.h>
      |          ^~~~~~~~~~~~~
compilation terminated.
configure:13484: $? = 1
configure: failed program was:
| /* confdefs.h.  */
| 
| #define PACKAGE_NAME "tcl"
| #define PACKAGE_TARNAME "tcl"
| #define PACKAGE_VERSION "8.6"
| #define PACKAGE_STRING "tcl 8.6"
| #define PACKAGE_BUGREPORT ""
| #define STDC_HEADERS 1
| #define HAVE_SYS_TYPES_H 1
| #define HAVE_SYS_STAT_H 1
| #define HAVE_STDLIB_H 1
| #define HAVE_STRING_H 1
| #define HAVE_MEMORY_H 1
| #define HAVE_STRINGS_H 1
| #define HAVE_INTTYPES_H 1
| #define HAVE_STDINT_H 1
| #define HAVE_UNISTD_H 1
| #define HAVE_SYS_PARAM_H 1
| #define USE_THREAD_ALLOC 1
| #define _REENTRANT 1
| #define _THREAD_SAFE 1
| #define HAVE_PTHREAD_ATTR_SETSTACKSIZE 1
| #define HAVE_PTHREAD_ATFORK 1
| #define TCL_THREADS 1
| #define TCL_CFGVAL_ENCODING "iso8859-1"
| #define STATIC_BUILD 1
| #define HAVE_ZLIB 1
| #define MODULE_SCOPE extern __attribute__((__visibility__("hidden")))
| #define HAVE_HIDDEN 1
| #define HAVE_CAST_TO_UNION 1
| #define TCL_SHLIB_EXT ".so"
| #define TCL_TOMMATH 1
| #define MP_PREC 4
| #define _LARGEFILE64_SOURCE 1
| #define TCL_WIDE_INT_IS_LONG 1
| #define HAVE_GETCWD 1
| #define HAVE_MKSTEMP 1
| #define HAVE_OPENDIR 1
| #define HAVE_STRTOL 1
| #define HAVE_WAITPID 1
| #define HAVE_GETNAMEINFO 1
| #define HAVE_GETADDRINFO 1
| #define HAVE_FREEADDRINFO 1
| #define HAVE_GAI_STRERROR 1
| #define HAVE_STRUCT_ADDRINFO 1
| #define HAVE_STRUCT_IN6_ADDR 1
| #define HAVE_STRUCT_SOCKADDR_IN6 1
| #define HAVE_STRUCT_SOCKADDR_STORAGE 1
| #define HAVE_GETPWUID_R_5 1
| #define HAVE_GETPWUID_R 1
| #define HAVE_GETPWNAM_R_5 1
| #define HAVE_GETPWNAM_R 1
| #define HAVE_GETGRGID_R_5 1
| #define HAVE_GETGRGID_R 1
| #define HAVE_GETGRNAM_R_5 1
| #define HAVE_GETGRNAM_R 1
| #define HAVE_DECL_GETHOSTBYNAME_R 1
| #define HAVE_GETHOSTBYNAME_R_6 1
| #define HAVE_GETHOSTBYNAME_R 1
| #define HAVE_DECL_GETHOSTBYADDR_R 1
| #define HAVE_GETHOSTBYADDR_R_8 1
| #define HAVE_GETHOSTBYADDR_R 1
| #define HAVE_TERMIOS_H 1
| #define HAVE_SYS_IOCTL_H 1
| /* end confdefs.h.  */
| #include <sys/modem.h>
configure:13504: result: no
configure:13539: checking for sys/modem.h
configure:13546: result: no
configure:13570: checking for fd_set in sys/types
configure:13592: gcc -c  -pipe  conftest.c >&5
configure:13598: $? = 0
configure:13602: test -z 
			 || test ! -s conftest.err
configure:13605: $? = 0
configure:13608: test -s conftest.o
configure:13611: $? = 0
configure:13622: result: yes
configure:13688: checking sys/time.h usability
configure:13700: gcc -c  -pipe  conftest.c >&5
configure:13706: $? = 0
configure:13710: test -z 
			 || test ! -s conftest.err
configure:13713: $? = 0
configure:13716: test -s conftest.o
configure:13719: $? = 0
configure:13729: result: yes
configure:13733: checking sys/time.h presence
configure:13743: gcc -E  conftest.c
configure:13749: $? = 0
configure:13769: result: yes
configure:13804: checking for sys/time.h
configure:13811: result: yes
configure:13824: checking whether time.h and sys/time.h may both be included
configure:13849: gcc -c  -pipe  conftest.c >&5
configure:13855: $? = 0
configure:13859: test -z 
			 || test ! -s conftest.err
configure:13862: $? = 0
configure:13865: test -s conftest.o
configure:13868: $? = 0
configure:13879: result: yes
configure:13896: checking for gmtime_r
configure:13953: gcc -o conftest  -pipe   -Wl,--export-dynamic  conftest.c -lz  -lpthread >&5
configure:13959: $? = 0
configure:13963: test -z 
			 || test ! -s conftest.err
configure:13966: $? = 0
configure:13969: test -s conftest
configure:13972: $? = 0
configure:13984: result: yes
configure:13896: checking for localtime_r
configure:13953: gcc -o conftest  -pipe   -Wl,--export-dynamic  conftest.c -lz  -lpthread >&5
configure:13959: $? = 0
configure:13963: test -z 
			 || test ! -s conftest.err
configure:13966: $? = 0
configure:13969: test -s conftest
configure:13972: $? = 0
configure:13984: result: yes
configure:13896: checking for mktime
configure:13953: gcc -o conftest  -pipe   -Wl,--export-dynamic  conftest.c -lz  -lpthread >&5
configure:13959: $? = 0
configure:13963: test -z 
			 || test ! -s conftest.err
configure:13966: $? = 0
configure:13969: test -s conftest
configure:13972: $? = 0
configure:13984: result: yes
configure:13995: checking tm_tzadj in struct tm
configure:14017: gcc -c  -pipe  conftest.c >&5
conftest.c: In function 'main':
conftest.c:75:23: error: 'struct tm' has no member named 'tm_tzadj'
   75 | struct tm tm; (void)tm.tm_tzadj;
      |                       ^
configure:14023: $? = 1
configure: failed program was:
| /* confdefs.h.  */
| 
| #define PACKAGE_NAME "tcl"
| #define PACKAGE_TARNAME "tcl"
| #define PACKAGE_VERSION "8.6"
| #define PACKAGE_STRING "tcl 8.6"
| #define PACKAGE_BUGREPORT ""
| #define STDC_HEADERS 1
| #define HAVE_SYS_TYPES_H 1
| #define HAVE_SYS_STAT_H 1
| #define HAVE_STDLIB_H 1
| #define HAVE_STRING_H 1
| #define HAVE_MEMORY_H 1
| #define HAVE_STRINGS_H 1
| #define HAVE_INTTYPES_H 1
| #define HAVE_STDINT_H 1
| #define HAVE_UNISTD_H 1
| #define HAVE_SYS_PARAM_H 1
| #define USE_THREAD_ALLOC 1
| #define _REENTRANT 1
| #define _THREAD_SAFE 1
| #define HAVE_PTHREAD_ATTR_SETSTACKSIZE 1
| #define HAVE_PTHREAD_ATFORK 1
| #define TCL_THREADS 1
| #define TCL_CFGVAL_ENCODING "iso8859-1"
| #define STATIC_BUILD 1
| #define HAVE_ZLIB 1
| #define MODULE_SCOPE extern __attribute__((__visibility__("hidden")))
| #define HAVE_HIDDEN 1
| #define HAVE_CAST_TO_UNION 1
| #define TCL_SHLIB_EXT ".so"
| #define TCL_TOMMATH 1
| #define MP_PREC 4
| #define _LARGEFILE64_SOURCE 1
| #define TCL_WIDE_INT_IS_LONG 1
| #define HAVE_GETCWD 1
| #define HAVE_MKSTEMP 1
| #define HAVE_OPENDIR 1
| #define HAVE_STRTOL 1
| #define HAVE_WAITPID 1
| #define HAVE_GETNAMEINFO 1
| #define HAVE_GETADDRINFO 1
| #define HAVE_FREEADDRINFO 1
| #define HAVE_GAI_STRERROR 1
| #define HAVE_STRUCT_ADDRINFO 1
| #define HAVE_STRUCT_IN6_ADDR 1
| #define HAVE_STRUCT_SOCKADDR_IN6 1
| #define HAVE_STRUCT_SOCKADDR_STORAGE 1
| #define HAVE_GETPWUID_R_5 1
| #define HAVE_GETPWUID_R 1
| #define HAVE_GETPWNAM_R_5 1
| #define HAVE_GETPWNAM_R 1
| #define HAVE_GETGRGID_R_5 1
| #define HAVE_GETGRGID_R 1
| #define HAVE_GETGRNAM_R_5 1
| #define HAVE_GETGRNAM_R 1
| #define HAVE_DECL_GETHOSTBYNAME_R 1
| #define HAVE_GETHOSTBYNAME_R_6 1
| #define HAVE_GETHOSTBYNAME_R 1
| #define HAVE_DECL_GETHOSTBYADDR_R 1
| #define HAVE_GETHOSTBYADDR_R_8 1
| #define HAVE_GETHOSTBYADDR_R 1
| #define HAVE_TERMIOS_H 1
| #define HAVE_SYS_IOCTL_H 1
| #define HAVE_SYS_TIME_H 1
| #define TIME_WITH_SYS_TIME 1
| #define HAVE_GMTIME_R 1
| #define HAVE_LOCALTIME_R 1
| #define HAVE_MKTIME 1
| /* end confdefs.h.  */
| #include <time.h>
| int
| main ()
| {
| struct tm tm; (void)tm.tm_tzadj;
|   ;
|   return 0;
| }
configure:14047: result: no
configure:14057: checking tm_gmtoff in struct tm
configure:14079: gcc -c  -pipe  conftest.c >&5
configure:14085: $? = 0
configure:14089: test -z 
			 || test ! -s conftest.err
configure:14092: $? = 0
configure:14095: test -s conftest.o
configure:14098: $? = 0
configure:14109: result: yes
configure:14123: checking long timezone variable
configure:14147: gcc -c  -pipe  conftest.c >&5
conftest.c: In function 'main':
conftest.c:78:6: warning: implicit declaration of function 'exit' [-Wimplicit-function-declaration]
   78 |      exit (0);
      |      ^~~~
conftest.c:78:6: warning: incompatible implicit declaration of built-in function 'exit'
conftest.c:73:1: note: include '<stdlib.h>' or provide a declaration of 'exit'
   72 | #include <time.h>
   73 | int
configure:14153: $? = 0
configure:14157: test -z 
			 || test ! -s conftest.err
configure:14160: $? = 0
configure:14163: test -s conftest.o
configure:14166: $? = 0
configure:14177: result: yes
configure:14262: checking for struct stat.st_blocks
configure:14285: gcc -c  -pipe  conftest.c >&5
configure:14291: $? = 0
configure:14295: test -z 
			 || test ! -s conftest.err
configure:14298: $? = 0
configure:14301: test -s conftest.o
configure:14304: $? = 0
configure:14361: result: yes
configure:14371: checking for struct stat.st_blksize
configure:14394: gcc -c  -pipe  conftest.c >&5
configure:14400: $? = 0
configure:14404: test -z 
			 || test ! -s conftest.err
configure:14407: $? = 0
configure:14410: test -s conftest.o
configure:14413: $? = 0
configure:14470: result: yes
configure:14482: checking for blkcnt_t
configure:14506: gcc -c  -pipe  conftest.c >&5
configure:14512: $? = 0
configure:14516: test -z 
			 || test ! -s conftest.err
configure:14519: $? = 0
configure:14522: test -s conftest.o
configure:14525: $? = 0
configure:14536: result: yes
configure:14547: checking for fstatfs
configure:14604: gcc -o conftest  -pipe   -Wl,--export-dynamic  conftest.c -lz  -lpthread >&5
configure:14610: $? = 0
configure:14614: test -z 
			 || test ! -s conftest.err
configure:14617: $? = 0
configure:14620: test -s conftest
configure:14623: $? = 0
configure:14635: result: yes
configure:14653: checking for working memcmp
configure:14701: gcc -o conftest  -pipe   -Wl,--export-dynamic  conftest.c -lz  -lpthread >&5
configure:14704: $? = 0
configure:14706: ./conftest
configure:14709: $? = 0
configure:14723: result: yes
configure:14741: checking for memmove
configure:14798: gcc -o conftest  -pipe   -Wl,--export-dynamic  conftest.c -lz  -lpthread >&5
conftest.c:100:6: warning: conflicting types for built-in function 'memmove'; expected 'void *(void *, const void *, long unsigned int)' [-Wbuiltin-declaration-mismatch]
  100 | char memmove ();
      |      ^~~~~~~
conftest.c:87:1: note: 'memmove' is declared in header '<string.h>'
   86 | # include <limits.h>
   87 | #else
configure:14804: $? = 0
configure:14808: test -z 
			 || test ! -s conftest.err
configure:14811: $? = 0
configure:14814: test -s conftest
configure:14817: $? = 0
configure:14829: result: yes
configure:14854: checking for strstr
configure:14911: gcc -o conftest  -pipe   -Wl,--export-dynamic  conftest.c -lz  -lpthread >&5
conftest.c:100:6: warning: conflicting types for built-in function 'strstr'; expected 'char *(const char *, const char *)' [-Wbuiltin-declaration-mismatch]
  100 | char strstr ();
      |      ^~~~~~
conftest.c:87:1: note: 'strstr' is declared in header '<string.h>'
   86 | # include <limits.h>
   87 | #else
configure:14917: $? = 0
configure:14921: test -z 
			 || test ! -s conftest.err
configure:14924: $? = 0
configure:14927: test -s conftest
configure:14930: $? = 0
configure:14942: result: yes
configure:14951: checking proper strstr implementation
configure:14973: gcc -o conftest  -pipe   -Wl,--export-dynamic  conftest.c -lz  -lpthread >&5
configure:14976: $? = 0
configure:14978: ./conftest
configure:14981: $? = 0
configure:14995: result: ok
configure:15023: checking for strtoul
configure:15080: gcc -o conftest  -pipe   -Wl,--export-dynamic  conftest.c -lz  -lpthread >&5
configure:15086: $? = 0
configure:15090: test -z 
			 || test ! -s conftest.err
configure:15093: $? = 0
configure:15096: test -s conftest
configure:15099: $? = 0
configure:15111: result: yes
configure:15120: checking proper strtoul implementation
configure:15143: gcc -o conftest  -pipe   -Wl,--export-dynamic  conftest.c -lz  -lpthread >&5
configure:15146: $? = 0
configure:15148: ./conftest
configure:15151: $? = 0
configure:15165: result: ok
configure:15191: checking for mode_t
configure:15215: gcc -c  -pipe  conftest.c >&5
configure:15221: $? = 0
configure:15225: test -z 
			 || test ! -s conftest.err
configure:15228: $? = 0
configure:15231: test -s conftest.o
configure:15234: $? = 0
configure:15245: result: yes
configure:15257: checking for pid_t
configure:15281: gcc -c  -pipe  conftest.c >&5
configure:15287: $? = 0
configure:15291: test -z 
			 || test ! -s conftest.err
configure:15294: $? = 0
configure:15297: test -s conftest.o
configure:15300: $? = 0
configure:15311: result: yes
configure:15323: checking for size_t
configure:15347: gcc -c  -pipe  conftest.c >&5
configure:15353: $? = 0
configure:15357: test -z 
			 || test ! -s conftest.err
configure:15360: $? = 0
configure:15363: test -s conftest.o
configure:15366: $? = 0
configure:15377: result: yes
configure:15389: checking for uid_t in sys/types.h
configure:15412: result: yes
configure:15428: checking for socklen_t
configure:15455: gcc -c  -pipe  conftest.c >&5
configure:15461: $? = 0
configure:15465: test -z 
			 || test ! -s conftest.err
configure:15468: $? = 0
configure:15471: test -s conftest.o
configure:15474: $? = 0
configure:15485: result: yes
configure:15495: checking for intptr_t
configure:15519: gcc -c  -pipe  conftest.c >&5
configure:15525: $? = 0
configure:15529: test -z 
			 || test ! -s conftest.err
configure:15532: $? = 0
configure:15535: test -s conftest.o
configure:15538: $? = 0
configure:15549: result: yes
configure:15630: checking for uintptr_t
configure:15654: gcc -c  -pipe  conftest.c >&5
configure:15660: $? = 0
configure:15664: test -z 
			 || test ! -s conftest.err
configure:15667: $? = 0
configure:15670: test -s conftest.o
configure:15673: $? = 0
configure:15684: result: yes
configure:15774: checking for opendir
configure:15862: result: yes
configure:15883: checking union wait
configure:15910: gcc -o conftest  -pipe   -Wl,--export-dynamic  conftest.c -lz  -lpthread >&5
conftest.c: In function 'main':
conftest.c:84:12: error: storage size of 'x' isn't known
   84 | union wait x;
      |            ^
configure:15916: $? = 1
configure: failed program was:
| /* confdefs.h.  */
| 
| #define PACKAGE_NAME "tcl"
| #define PACKAGE_TARNAME "tcl"
| #define PACKAGE_VERSION "8.6"
| #define PACKAGE_STRING "tcl 8.6"
| #define PACKAGE_BUGREPORT ""
| #define STDC_HEADERS 1
| #define HAVE_SYS_TYPES_H 1
| #define HAVE_SYS_STAT_H 1
| #define HAVE_STDLIB_H 1
| #define HAVE_STRING_H 1
| #define HAVE_MEMORY_H 1
| #define HAVE_STRINGS_H 1
| #define HAVE_INTTYPES_H 1
| #define HAVE_STDINT_H 1
| #define HAVE_UNISTD_H 1
| #define HAVE_SYS_PARAM_H 1
| #define USE_THREAD_ALLOC 1
| #define _REENTRANT 1
| #define _THREAD_SAFE 1
| #define HAVE_PTHREAD_ATTR_SETSTACKSIZE 1
| #define HAVE_PTHREAD_ATFORK 1
| #define TCL_THREADS 1
| #define TCL_CFGVAL_ENCODING "iso8859-1"
| #define STATIC_BUILD 1
| #define HAVE_ZLIB 1
| #define MODULE_SCOPE extern __attribute__((__visibility__("hidden")))
| #define HAVE_HIDDEN 1
| #define HAVE_CAST_TO_UNION 1
| #define TCL_SHLIB_EXT ".so"
| #define TCL_TOMMATH 1
| #define MP_PREC 4
| #define _LARGEFILE64_SOURCE 1
| #define TCL_WIDE_INT_IS_LONG 1
| #define HAVE_GETCWD 1
| #define HAVE_MKSTEMP 1
| #define HAVE_OPENDIR 1
| #define HAVE_STRTOL 1
| #define HAVE_WAITPID 1
| #define HAVE_GETNAMEINFO 1
| #define HAVE_GETADDRINFO 1
| #define HAVE_FREEADDRINFO 1
| #define HAVE_GAI_STRERROR 1
| #define HAVE_STRUCT_ADDRINFO 1
| #define HAVE_STRUCT_IN6_ADDR 1
| #define HAVE_STRUCT_SOCKADDR_IN6 1
| #define HAVE_STRUCT_SOCKADDR_STORAGE 1
| #define HAVE_GETPWUID_R_5 1
| #define HAVE_GETPWUID_R 1
| #define HAVE_GETPWNAM_R_5 1
| #define HAVE_GETPWNAM_R 1
| #define HAVE_GETGRGID_R_5 1
| #define HAVE_GETGRGID_R 1
| #define HAVE_GETGRNAM_R_5 1
| #define HAVE_GETGRNAM_R 1
| #define HAVE_DECL_GETHOSTBYNAME_R 1
| #define HAVE_GETHOSTBYNAME_R_6 1
| #define HAVE_GETHOSTBYNAME_R 1
| #define HAVE_DECL_GETHOSTBYADDR_R 1
| #define HAVE_GETHOSTBYADDR_R_8 1
| #define HAVE_GETHOSTBYADDR_R 1
| #define HAVE_TERMIOS_H 1
| #define HAVE_SYS_IOCTL_H 1
| #define HAVE_SYS_TIME_H 1
| #define TIME_WITH_SYS_TIME 1
| #define HAVE_GMTIME_R 1
| #define HAVE_LOCALTIME_R 1
| #define HAVE_MKTIME 1
| #define HAVE_TM_GMTOFF 1
| #define HAVE_TIMEZONE_VAR 1
| #define HAVE_STRUCT_STAT_ST_BLOCKS 1
| #define HAVE_STRUCT_STAT_ST_BLKSIZE 1
| #define HAVE_BLKCNT_T 1
| #define HAVE_INTPTR_T 1
| #define HAVE_UINTPTR_T 1
| /* end confdefs.h.  */
| #include <sys/types.h>
| #include <sys/wait.h>
| int
| main ()
| {
| 
| union wait x;
| WIFEXITED(x);		/* Generates compiler error if WIFEXITED
| 			 * uses an int. */
| 
|   ;
|   return 0;
| }
configure:15941: result: no
configure:15957: checking for strncasecmp
configure:16014: gcc -o conftest  -pipe   -Wl,--export-dynamic  conftest.c -lz  -lpthread >&5
conftest.c:103:6: warning: conflicting types for built-in function 'strncasecmp'; expected 'int(const char *, const char *, long unsigned int)' [-Wbuiltin-declaration-mismatch]
  103 | char strncasecmp ();
      |      ^~~~~~~~~~~
configure:16020: $? = 0
configure:16024: test -z 
			 || test ! -s conftest.err
configure:16027: $? = 0
configure:16030: test -s conftest
configure:16033: $? = 0
configure:16045: result: yes
configure:16218: checking for gettimeofday
configure:16275: gcc -o conftest  -pipe   -Wl,--export-dynamic  conftest.c -lz  -lpthread >&5
configure:16281: $? = 0
configure:16285: test -z 
			 || test ! -s conftest.err
configure:16288: $? = 0
configure:16291: test -s conftest
configure:16294: $? = 0
configure:16306: result: yes
configure:16320: checking for gettimeofday declaration
configure:16344: result: present
configure:16361: checking whether char is unsigned
configure:16384: gcc -c  -pipe  conftest.c >&5
configure:16390: $? = 0
configure:16394: test -z 
			 || test ! -s conftest.err
configure:16397: $? = 0
configure:16400: test -s conftest.o
configure:16403: $? = 0
configure:16414: result: no
configure:16423: checking signed char declarations
configure:16448: gcc -c  -pipe  conftest.c >&5
configure:16454: $? = 0
configure:16458: test -z 
			 || test ! -s conftest.err
configure:16461: $? = 0
configure:16464: test -s conftest.o
configure:16467: $? = 0
configure:16478: result: yes
configure:16492: checking for a putenv() that copies the buffer
configure:16529: gcc -o conftest  -pipe   -Wl,--export-dynamic  conftest.c -lz  -lpthread >&5
configure:16532: $? = 0
configure:16534: ./conftest
configure:16537: $? = 0
configure:16551: result: no
configure:16586: checking langinfo.h usability
configure:16598: gcc -c  -pipe  conftest.c >&5
configure:16604: $? = 0
configure:16608: test -z 
			 || test ! -s conftest.err
configure:16611: $? = 0
configure:16614: test -s conftest.o
configure:16617: $? = 0
configure:16627: result: yes
configure:16631: checking langinfo.h presence
configure:16641: gcc -E  conftest.c
configure:16647: $? = 0
configure:16667: result: yes
configure:16702: checking for langinfo.h
configure:16709: result: yes
configure:16721: checking whether to use nl_langinfo
configure:16744: gcc -c  -pipe  conftest.c >&5
configure:16750: $? = 0
configure:16754: test -z 
			 || test ! -s conftest.err
configure:16757: $? = 0
configure:16760: test -s conftest.o
configure:16763: $? = 0
configure:16775: result: yes
configure:16799: checking for chflags
configure:16856: gcc -o conftest  -pipe   -Wl,--export-dynamic  conftest.c -lz  -lpthread >&5
conftest.c:110:1: error: unknown type name 'choke'
  110 | choke me
      | ^~~~~
conftest.c:110:9: error: expected ';' before 'int'
  110 | choke me
      |         ^
      |         ;
......
  118 | int
      | ~~~      
conftest.c: In function 'main':
conftest.c:121:8: error: 'f' undeclared (first use in this function)
  121 | return f != chflags;
      |        ^
conftest.c:121:8: note: each undeclared identifier is reported only once for each function it appears in
configure:16862: $? = 1
configure: failed program was:
| /* confdefs.h.  */
| 
| #define PACKAGE_NAME "tcl"
| #define PACKAGE_TARNAME "tcl"
| #define PACKAGE_VERSION "8.6"
| #define PACKAGE_STRING "tcl 8.6"
| #define PACKAGE_BUGREPORT ""
| #define STDC_HEADERS 1
| #define HAVE_SYS_TYPES_H 1
| #define HAVE_SYS_STAT_H 1
| #define HAVE_STDLIB_H 1
| #define HAVE_STRING_H 1
| #define HAVE_MEMORY_H 1
| #define HAVE_STRINGS_H 1
| #define HAVE_INTTYPES_H 1
| #define HAVE_STDINT_H 1
| #define HAVE_UNISTD_H 1
| #define HAVE_SYS_PARAM_H 1
| #define USE_THREAD_ALLOC 1
| #define _REENTRANT 1
| #define _THREAD_SAFE 1
| #define HAVE_PTHREAD_ATTR_SETSTACKSIZE 1
| #define HAVE_PTHREAD_ATFORK 1
| #define TCL_THREADS 1
| #define TCL_CFGVAL_ENCODING "iso8859-1"
| #define STATIC_BUILD 1
| #define HAVE_ZLIB 1
| #define MODULE_SCOPE extern __attribute__((__visibility__("hidden")))
| #define HAVE_HIDDEN 1
| #define HAVE_CAST_TO_UNION 1
| #define TCL_SHLIB_EXT ".so"
| #define TCL_TOMMATH 1
| #define MP_PREC 4
| #define _LARGEFILE64_SOURCE 1
| #define TCL_WIDE_INT_IS_LONG 1
| #define HAVE_GETCWD 1
| #define HAVE_MKSTEMP 1
| #define HAVE_OPENDIR 1
| #define HAVE_STRTOL 1
| #define HAVE_WAITPID 1
| #define HAVE_GETNAMEINFO 1
| #define HAVE_GETADDRINFO 1
| #define HAVE_FREEADDRINFO 1
| #define HAVE_GAI_STRERROR 1
| #define HAVE_STRUCT_ADDRINFO 1
| #define HAVE_STRUCT_IN6_ADDR 1
| #define HAVE_STRUCT_SOCKADDR_IN6 1
| #define HAVE_STRUCT_SOCKADDR_STORAGE 1
| #define HAVE_GETPWUID_R_5 1
| #define HAVE_GETPWUID_R 1
| #define HAVE_GETPWNAM_R_5 1
| #define HAVE_GETPWNAM_R 1
| #define HAVE_GETGRGID_R_5 1
| #define HAVE_GETGRGID_R 1
| #define HAVE_GETGRNAM_R_5 1
| #define HAVE_GETGRNAM_R 1
| #define HAVE_DECL_GETHOSTBYNAME_R 1
| #define HAVE_GETHOSTBYNAME_R_6 1
| #define HAVE_GETHOSTBYNAME_R 1
| #define HAVE_DECL_GETHOSTBYADDR_R 1
| #define HAVE_GETHOSTBYADDR_R_8 1
| #define HAVE_GETHOSTBYADDR_R 1
| #define HAVE_TERMIOS_H 1
| #define HAVE_SYS_IOCTL_H 1
| #define HAVE_SYS_TIME_H 1
| #define TIME_WITH_SYS_TIME 1
| #define HAVE_GMTIME_R 1
| #define HAVE_LOCALTIME_R 1
| #define HAVE_MKTIME 1
| #define HAVE_TM_GMTOFF 1
| #define HAVE_TIMEZONE_VAR 1
| #define HAVE_STRUCT_STAT_ST_BLOCKS 1
| #define HAVE_STRUCT_STAT_ST_BLKSIZE 1
| #define HAVE_BLKCNT_T 1
| #define HAVE_INTPTR_T 1
| #define HAVE_UINTPTR_T 1
| #define NO_UNION_WAIT 1
| #define HAVE_SIGNED_CHAR 1
| #define HAVE_LANGINFO 1
| /* end confdefs.h.  */
| /* Define chflags to an innocuous variant, in case <limits.h> declares chflags.
|    For example, HP-UX 11i <limits.h> declares gettimeofday.  */
| #define chflags innocuous_chflags
| 
| /* System header to define __stub macros and hopefully few prototypes,
|     which can conflict with char chflags (); below.
|     Prefer <limits.h> to <assert.h> if __STDC__ is defined, since
|     <limits.h> exists even on freestanding compilers.  */
| 
| #ifdef __STDC__
| # include <limits.h>
| #else
| # include <assert.h>
| #endif
| 
| #undef chflags
| 
| /* Override any gcc2 internal prototype to avoid an error.  */
| #ifdef __cplusplus
| extern "C"
| {
| #endif
| /* We use char because int might match the return type of a gcc2
|    builtin and then its argument prototype would still apply.  */
| char chflags ();
| /* The GNU C library defines this for functions which it implements
|     to always fail with ENOSYS.  Some functions are actually named
|     something starting with __ and the normal name is an alias.  */
| #if defined (__stub_chflags) || defined (__stub___chflags)
| choke me
| #else
| char (*f) () = chflags;
| #endif
| #ifdef __cplusplus
| }
| #endif
| 
| int
| main ()
| {
| return f != chflags;
|   ;
|   return 0;
| }
configure:16887: result: no
configure:16799: checking for mkstemps
configure:16856: gcc -o conftest  -pipe   -Wl,--export-dynamic  conftest.c -lz  -lpthread >&5
configure:16862: $? = 0
configure:16866: test -z 
			 || test ! -s conftest.err
configure:16869: $? = 0
configure:16872: test -s conftest
configure:16875: $? = 0
configure:16887: result: yes
configure:16902: checking isnan
configure:16926: gcc -o conftest  -pipe   -Wl,--export-dynamic  conftest.c -lz  -lpthread >&5
configure:16932: $? = 0
configure:16936: test -z 
			 || test ! -s conftest.err
configure:16939: $? = 0
configure:16942: test -s conftest
configure:16945: $? = 0
configure:16957: result: yes
configure:17910: checking for fts
configure:17940: gcc -o conftest  -pipe   -Wl,--export-dynamic  conftest.c -lz  -lpthread >&5
configure:17946: $? = 0
configure:17950: test -z 
			 || test ! -s conftest.err
configure:17953: $? = 0
configure:17956: test -s conftest
configure:17959: $? = 0
configure:17971: result: yes
configure:17993: checking for sys/ioctl.h
configure:17998: result: yes
configure:18152: checking sys/filio.h usability
configure:18164: gcc -c  -pipe  conftest.c >&5
conftest.c:118:10: fatal error: sys/filio.h: No such file or directory
  118 | #include <sys/filio.h>
      |          ^~~~~~~~~~~~~
compilation terminated.
configure:18170: $? = 1
configure: failed program was:
| /* confdefs.h.  */
| 
| #define PACKAGE_NAME "tcl"
| #define PACKAGE_TARNAME "tcl"
| #define PACKAGE_VERSION "8.6"
| #define PACKAGE_STRING "tcl 8.6"
| #define PACKAGE_BUGREPORT ""
| #define STDC_HEADERS 1
| #define HAVE_SYS_TYPES_H 1
| #define HAVE_SYS_STAT_H 1
| #define HAVE_STDLIB_H 1
| #define HAVE_STRING_H 1
| #define HAVE_MEMORY_H 1
| #define HAVE_STRINGS_H 1
| #define HAVE_INTTYPES_H 1
| #define HAVE_STDINT_H 1
| #define HAVE_UNISTD_H 1
| #define HAVE_SYS_PARAM_H 1
| #define USE_THREAD_ALLOC 1
| #define _REENTRANT 1
| #define _THREAD_SAFE 1
| #define HAVE_PTHREAD_ATTR_SETSTACKSIZE 1
| #define HAVE_PTHREAD_ATFORK 1
| #define TCL_THREADS 1
| #define TCL_CFGVAL_ENCODING "iso8859-1"
| #define STATIC_BUILD 1
| #define HAVE_ZLIB 1
| #define MODULE_SCOPE extern __attribute__((__visibility__("hidden")))
| #define HAVE_HIDDEN 1
| #define HAVE_CAST_TO_UNION 1
| #define TCL_SHLIB_EXT ".so"
| #define TCL_TOMMATH 1
| #define MP_PREC 4
| #define _LARGEFILE64_SOURCE 1
| #define TCL_WIDE_INT_IS_LONG 1
| #define HAVE_GETCWD 1
| #define HAVE_MKSTEMP 1
| #define HAVE_OPENDIR 1
| #define HAVE_STRTOL 1
| #define HAVE_WAITPID 1
| #define HAVE_GETNAMEINFO 1
| #define HAVE_GETADDRINFO 1
| #define HAVE_FREEADDRINFO 1
| #define HAVE_GAI_STRERROR 1
| #define HAVE_STRUCT_ADDRINFO 1
| #define HAVE_STRUCT_IN6_ADDR 1
| #define HAVE_STRUCT_SOCKADDR_IN6 1
| #define HAVE_STRUCT_SOCKADDR_STORAGE 1
| #define HAVE_GETPWUID_R_5 1
| #define HAVE_GETPWUID_R 1
| #define HAVE_GETPWNAM_R_5 1
| #define HAVE_GETPWNAM_R 1
| #define HAVE_GETGRGID_R_5 1
| #define HAVE_GETGRGID_R 1
| #define HAVE_GETGRNAM_R_5 1
| #define HAVE_GETGRNAM_R 1
| #define HAVE_DECL_GETHOSTBYNAME_R 1
| #define HAVE_GETHOSTBYNAME_R_6 1
| #define HAVE_GETHOSTBYNAME_R 1
| #define HAVE_DECL_GETHOSTBYADDR_R 1
| #define HAVE_GETHOSTBYADDR_R_8 1
| #define HAVE_GETHOSTBYADDR_R 1
| #define HAVE_TERMIOS_H 1
| #define HAVE_SYS_IOCTL_H 1
| #define HAVE_SYS_TIME_H 1
| #define TIME_WITH_SYS_TIME 1
| #define HAVE_GMTIME_R 1
| #define HAVE_LOCALTIME_R 1
| #define HAVE_MKTIME 1
| #define HAVE_TM_GMTOFF 1
| #define HAVE_TIMEZONE_VAR 1
| #define HAVE_STRUCT_STAT_ST_BLOCKS 1
| #define HAVE_STRUCT_STAT_ST_BLKSIZE 1
| #define HAVE_BLKCNT_T 1
| #define HAVE_INTPTR_T 1
| #define HAVE_UINTPTR_T 1
| #define NO_UNION_WAIT 1
| #define HAVE_SIGNED_CHAR 1
| #define HAVE_LANGINFO 1
| #define HAVE_MKSTEMPS 1
| #define HAVE_FTS 1
| #define HAVE_SYS_IOCTL_H 1
| /* end confdefs.h.  */
| #include <stdio.h>
| #if HAVE_SYS_TYPES_H
| # include <sys/types.h>
| #endif
| #if HAVE_SYS_STAT_H
| # include <sys/stat.h>
| #endif
| #if STDC_HEADERS
| # include <stdlib.h>
| # include <stddef.h>
| #else
| # if HAVE_STDLIB_H
| #  include <stdlib.h>
| # endif
| #endif
| #if HAVE_STRING_H
| # if !STDC_HEADERS && HAVE_MEMORY_H
| #  include <memory.h>
| # endif
| # include <string.h>
| #endif
| #if HAVE_STRINGS_H
| # include <strings.h>
| #endif
| #if HAVE_INTTYPES_H
| # include <inttypes.h>
| #else
| # if HAVE_STDINT_H
| #  include <stdint.h>
| # endif
| #endif
| #if HAVE_UNISTD_H
| # include <unistd.h>
| #endif
| #include <sys/filio.h>
configure:18193: result: no
configure:18197: checking sys/filio.h presence
configure:18207: gcc -E  conftest.c
conftest.c:84:10: fatal error: sys/filio.h: No such file or directory
   84 | #include <sys/filio.h>
      |          ^~~~~~~~~~~~~
compilation terminated.
configure:18213: $? = 1
configure: failed program was:
| /* confdefs.h.  */
| 
| #define PACKAGE_NAME "tcl"
| #define PACKAGE_TARNAME "tcl"
| #define PACKAGE_VERSION "8.6"
| #define PACKAGE_STRING "tcl 8.6"
| #define PACKAGE_BUGREPORT ""
| #define STDC_HEADERS 1
| #define HAVE_SYS_TYPES_H 1
| #define HAVE_SYS_STAT_H 1
| #define HAVE_STDLIB_H 1
| #define HAVE_STRING_H 1
| #define HAVE_MEMORY_H 1
| #define HAVE_STRINGS_H 1
| #define HAVE_INTTYPES_H 1
| #define HAVE_STDINT_H 1
| #define HAVE_UNISTD_H 1
| #define HAVE_SYS_PARAM_H 1
| #define USE_THREAD_ALLOC 1
| #define _REENTRANT 1
| #define _THREAD_SAFE 1
| #define HAVE_PTHREAD_ATTR_SETSTACKSIZE 1
| #define HAVE_PTHREAD_ATFORK 1
| #define TCL_THREADS 1
| #define TCL_CFGVAL_ENCODING "iso8859-1"
| #define STATIC_BUILD 1
| #define HAVE_ZLIB 1
| #define MODULE_SCOPE extern __attribute__((__visibility__("hidden")))
| #define HAVE_HIDDEN 1
| #define HAVE_CAST_TO_UNION 1
| #define TCL_SHLIB_EXT ".so"
| #define TCL_TOMMATH 1
| #define MP_PREC 4
| #define _LARGEFILE64_SOURCE 1
| #define TCL_WIDE_INT_IS_LONG 1
| #define HAVE_GETCWD 1
| #define HAVE_MKSTEMP 1
| #define HAVE_OPENDIR 1
| #define HAVE_STRTOL 1
| #define HAVE_WAITPID 1
| #define HAVE_GETNAMEINFO 1
| #define HAVE_GETADDRINFO 1
| #define HAVE_FREEADDRINFO 1
| #define HAVE_GAI_STRERROR 1
| #define HAVE_STRUCT_ADDRINFO 1
| #define HAVE_STRUCT_IN6_ADDR 1
| #define HAVE_STRUCT_SOCKADDR_IN6 1
| #define HAVE_STRUCT_SOCKADDR_STORAGE 1
| #define HAVE_GETPWUID_R_5 1
| #define HAVE_GETPWUID_R 1
| #define HAVE_GETPWNAM_R_5 1
| #define HAVE_GETPWNAM_R 1
| #define HAVE_GETGRGID_R_5 1
| #define HAVE_GETGRGID_R 1
| #define HAVE_GETGRNAM_R_5 1
| #define HAVE_GETGRNAM_R 1
| #define HAVE_DECL_GETHOSTBYNAME_R 1
| #define HAVE_GETHOSTBYNAME_R_6 1
| #define HAVE_GETHOSTBYNAME_R 1
| #define HAVE_DECL_GETHOSTBYADDR_R 1
| #define HAVE_GETHOSTBYADDR_R_8 1
| #define HAVE_GETHOSTBYADDR_R 1
| #define HAVE_TERMIOS_H 1
| #define HAVE_SYS_IOCTL_H 1
| #define HAVE_SYS_TIME_H 1
| #define TIME_WITH_SYS_TIME 1
| #define HAVE_GMTIME_R 1
| #define HAVE_LOCALTIME_R 1
| #define HAVE_MKTIME 1
| #define HAVE_TM_GMTOFF 1
| #define HAVE_TIMEZONE_VAR 1
| #define HAVE_STRUCT_STAT_ST_BLOCKS 1
| #define HAVE_STRUCT_STAT_ST_BLKSIZE 1
| #define HAVE_BLKCNT_T 1
| #define HAVE_INTPTR_T 1
| #define HAVE_UINTPTR_T 1
| #define NO_UNION_WAIT 1
| #define HAVE_SIGNED_CHAR 1
| #define HAVE_LANGINFO 1
| #define HAVE_MKSTEMPS 1
| #define HAVE_FTS 1
| #define HAVE_SYS_IOCTL_H 1
| /* end confdefs.h.  */
| #include <sys/filio.h>
configure:18233: result: no
configure:18268: checking for sys/filio.h
configure:18275: result: no
configure:18289: checking system version
configure:18320: result: Linux-5.15.0-69-generic
configure:18324: checking FIONBIO vs. O_NONBLOCK for nonblocking I/O
configure:18346: result: O_NONBLOCK
configure:18354: checking whether to use dll unloading
configure:18370: result: yes
configure:18379: checking for timezone data
configure:18420: result: /usr/share/zoneinfo
configure:18639: checking whether to enable DTrace support
configure:18664: result: no
configure:18671: checking whether the cpuid instruction is usable
configure:18701: gcc -o conftest  -pipe   -Wl,--export-dynamic  conftest.c -lz  -lpthread >&5
configure:18707: $? = 0
configure:18711: test -z 
			 || test ! -s conftest.err
configure:18714: $? = 0
configure:18717: test -s conftest
configure:18720: $? = 0
configure:18732: result: yes
configure:19100: creating ./config.status

## ---------------------- ##
## Running config.status. ##
## ---------------------- ##

This file was extended by tcl config.status 8.6, which was
generated by GNU Autoconf 2.59.  Invocation command line was

  CONFIG_FILES    = 
  CONFIG_HEADERS  = 
  CONFIG_LINKS    = 
  CONFIG_COMMANDS = 
  $ ./config.status 

on nancep7.obs-nancay.fr

config.status:734: creating Makefile
config.status:734: creating dltest/Makefile
config.status:734: creating tclConfig.sh
config.status:734: creating tcl.pc

## ---------------- ##
## Cache variables. ##
## ---------------- ##

ac_cv_c_bigendian=no
ac_cv_c_char_unsigned=no
ac_cv_c_compiler_gnu=yes
ac_cv_c_inline=inline
ac_cv_env_CC_set=
ac_cv_env_CC_value=
ac_cv_env_CFLAGS_set=
ac_cv_env_CFLAGS_value=
ac_cv_env_CPPFLAGS_set=
ac_cv_env_CPPFLAGS_value=
ac_cv_env_CPP_set=
ac_cv_env_CPP_value=
ac_cv_env_LDFLAGS_set=
ac_cv_env_LDFLAGS_value=
ac_cv_env_build_alias_set=
ac_cv_env_build_alias_value=
ac_cv_env_host_alias_set=
ac_cv_env_host_alias_value=
ac_cv_env_target_alias_set=
ac_cv_env_target_alias_value=
ac_cv_exeext=
ac_cv_func_chflags=no
ac_cv_func_connect=yes
ac_cv_func_freeaddrinfo=yes
ac_cv_func_fstatfs=yes
ac_cv_func_gai_strerror=yes
ac_cv_func_getaddrinfo=yes
ac_cv_func_getcwd=yes
ac_cv_func_getgrgid_r=yes
ac_cv_func_getgrnam_r=yes
ac_cv_func_gethostbyaddr_r=yes
ac_cv_func_gethostbyname=yes
ac_cv_func_gethostbyname_r=yes
ac_cv_func_getnameinfo=yes
ac_cv_func_getpwnam_r=yes
ac_cv_func_getpwuid_r=yes
ac_cv_func_gettimeofday=yes
ac_cv_func_getwd=yes
ac_cv_func_gmtime_r=yes
ac_cv_func_localtime_r=yes
ac_cv_func_memcmp_working=yes
ac_cv_func_memmove=yes
ac_cv_func_mkstemp=yes
ac_cv_func_mkstemps=yes
ac_cv_func_mktime=yes
ac_cv_func_opendir=yes
ac_cv_func_pthread_atfork=yes
ac_cv_func_pthread_attr_setstacksize=yes
ac_cv_func_realpath=yes
ac_cv_func_sin=no
ac_cv_func_strerror=yes
ac_cv_func_strncasecmp=yes
ac_cv_func_strstr=yes
ac_cv_func_strtol=yes
ac_cv_func_strtoul=yes
ac_cv_func_uname=yes
ac_cv_func_wait3=yes
ac_cv_func_waitpid=yes
ac_cv_have_decl_gethostbyaddr_r=yes
ac_cv_have_decl_gethostbyname_r=yes
ac_cv_header_dlfcn_h=yes
ac_cv_header_float_h=yes
ac_cv_header_inttypes_h=yes
ac_cv_header_langinfo_h=yes
ac_cv_header_memory_h=yes
ac_cv_header_net_errno_h=no
ac_cv_header_stdc=yes
ac_cv_header_stdint_h=yes
ac_cv_header_stdlib_h=yes
ac_cv_header_string_h=yes
ac_cv_header_strings_h=yes
ac_cv_header_sys_filio_h=no
ac_cv_header_sys_ioctl_h=yes
ac_cv_header_sys_modem_h=no
ac_cv_header_sys_param_h=yes
ac_cv_header_sys_stat_h=yes
ac_cv_header_sys_time_h=yes
ac_cv_header_sys_types_h=yes
ac_cv_header_sys_wait_h=yes
ac_cv_header_termios_h=yes
ac_cv_header_time=yes
ac_cv_header_unistd_h=yes
ac_cv_header_values_h=yes
ac_cv_header_zlib_h=yes
ac_cv_lib_dl_dlopen=yes
ac_cv_lib_inet_main=no
ac_cv_lib_pthread_pthread_mutex_init=yes
ac_cv_member_struct_stat_st_blksize=yes
ac_cv_member_struct_stat_st_blocks=yes
ac_cv_nolto=yes
ac_cv_objext=o
ac_cv_path_tclsh=/usr/bin/tclsh8.6
ac_cv_prog_CPP='gcc -E'
ac_cv_prog_ac_ct_AR=ar
ac_cv_prog_ac_ct_CC=gcc
ac_cv_prog_ac_ct_RANLIB=ranlib
ac_cv_prog_cc_g=yes
ac_cv_prog_cc_stdc=
ac_cv_prog_egrep='grep -E'
ac_cv_search_deflateSetHeader=-lz
ac_cv_type_blkcnt_t=yes
ac_cv_type_gz_header=yes
ac_cv_type_intptr_t=yes
ac_cv_type_mode_t=yes
ac_cv_type_pid_t=yes
ac_cv_type_size_t=yes
ac_cv_type_struct_addrinfo=yes
ac_cv_type_struct_in6_addr=yes
ac_cv_type_struct_sockaddr_in6=yes
ac_cv_type_struct_sockaddr_storage=yes
ac_cv_type_uid_t=yes
ac_cv_type_uintptr_t=yes
tcl_cv_api_fts=yes
tcl_cv_api_getgrgid_r_5=yes
tcl_cv_api_getgrnam_r_5=yes
tcl_cv_api_gethostbyaddr_r=yes
tcl_cv_api_gethostbyaddr_r_7=no
tcl_cv_api_gethostbyaddr_r_8=yes
tcl_cv_api_gethostbyname_r=yes
tcl_cv_api_gethostbyname_r_6=yes
tcl_cv_api_getpwnam_r_5=yes
tcl_cv_api_getpwuid_r_5=yes
tcl_cv_cast_to_union=yes
tcl_cv_cc_pipe=yes
tcl_cv_cc_visibility_hidden=yes
tcl_cv_char_signed=yes
tcl_cv_cpuid=yes
tcl_cv_dir_zoneinfo=/usr/share/zoneinfo
tcl_cv_dirent_h=yes
tcl_cv_flag__isoc99_source=no
tcl_cv_flag__largefile64_source=yes
tcl_cv_flag__largefile_source64=no
tcl_cv_grep_gettimeofday=present
tcl_cv_isnan=yes
tcl_cv_langinfo_h=yes
tcl_cv_member_tm_gmtoff=yes
tcl_cv_member_tm_tzadj=no
tcl_cv_putenv_copy=no
tcl_cv_strstr_unbroken=ok
tcl_cv_strtoul_unbroken=ok
tcl_cv_sys_version=Linux-5.15.0-69-generic
tcl_cv_timezone_long=yes
tcl_cv_type_64bit=none
tcl_cv_type_fd_set=yes
tcl_cv_type_socklen_t=yes
tcl_cv_union_wait=no

## ----------------- ##
## Output variables. ##
## ----------------- ##

AR='ar'
BUILD_DLTEST='$(DLTEST_TARGETS)'
CC='gcc'
CC_SEARCH_FLAGS='"-Wl,-rpath,${LIB_RUNTIME_DIR}"'
CFG_TCL_SHARED_LIB_SUFFIX='${VERSION}.so'
CFG_TCL_UNSHARED_LIB_SUFFIX='${VERSION}.a'
CFLAGS=' -pipe '
CFLAGS_DEBUG='-g'
CFLAGS_DEFAULT='$(CFLAGS_DEBUG)'
CFLAGS_NOLTO='-fno-lto'
CFLAGS_OPTIMIZE='-O2'
CFLAGS_WARNING='-Wall -Wpointer-arith'
CPP='gcc -E'
CPPFLAGS=''
DEFS='-DPACKAGE_NAME=\"tcl\" -DPACKAGE_TARNAME=\"tcl\" -DPACKAGE_VERSION=\"8.6\" -DPACKAGE_STRING=\"tcl\ 8.6\" -DPACKAGE_BUGREPORT=\"\" -DSTDC_HEADERS=1 -DHAVE_SYS_TYPES_H=1 -DHAVE_SYS_STAT_H=1 -DHAVE_STDLIB_H=1 -DHAVE_STRING_H=1 -DHAVE_MEMORY_H=1 -DHAVE_STRINGS_H=1 -DHAVE_INTTYPES_H=1 -DHAVE_STDINT_H=1 -DHAVE_UNISTD_H=1 -DHAVE_SYS_PARAM_H=1 -DUSE_THREAD_ALLOC=1 -D_REENTRANT=1 -D_THREAD_SAFE=1 -DHAVE_PTHREAD_ATTR_SETSTACKSIZE=1 -DHAVE_PTHREAD_ATFORK=1 -DTCL_THREADS=1 -DTCL_CFGVAL_ENCODING=\"iso8859-1\" -DSTATIC_BUILD=1 -DHAVE_ZLIB=1 -DMODULE_SCOPE=extern\ __attribute__\(\(__visibility__\(\"hidden\"\)\)\) -DHAVE_HIDDEN=1 -DHAVE_CAST_TO_UNION=1 -DTCL_SHLIB_EXT=\".so\" -DTCL_TOMMATH=1 -DMP_PREC=4 -D_LARGEFILE64_SOURCE=1 -DTCL_WIDE_INT_IS_LONG=1 -DHAVE_GETCWD=1 -DHAVE_MKSTEMP=1 -DHAVE_OPENDIR=1 -DHAVE_STRTOL=1 -DHAVE_WAITPID=1 -DHAVE_GETNAMEINFO=1 -DHAVE_GETADDRINFO=1 -DHAVE_FREEADDRINFO=1 -DHAVE_GAI_STRERROR=1 -DHAVE_STRUCT_ADDRINFO=1 -DHAVE_STRUCT_IN6_ADDR=1 -DHAVE_STRUCT_SOCKADDR_IN6=1 -DHAVE_STRUCT_SOCKADDR_STORAGE=1 -DHAVE_GETPWUID_R_5=1 -DHAVE_GETPWUID_R=1 -DHAVE_GETPWNAM_R_5=1 -DHAVE_GETPWNAM_R=1 -DHAVE_GETGRGID_R_5=1 -DHAVE_GETGRGID_R=1 -DHAVE_GETGRNAM_R_5=1 -DHAVE_GETGRNAM_R=1 -DHAVE_DECL_GETHOSTBYNAME_R=1 -DHAVE_GETHOSTBYNAME_R_6=1 -DHAVE_GETHOSTBYNAME_R=1 -DHAVE_DECL_GETHOSTBYADDR_R=1 -DHAVE_GETHOSTBYADDR_R_8=1 -DHAVE_GETHOSTBYADDR_R=1 -DHAVE_TERMIOS_H=1 -DHAVE_SYS_IOCTL_H=1 -DHAVE_SYS_TIME_H=1 -DTIME_WITH_SYS_TIME=1 -DHAVE_GMTIME_R=1 -DHAVE_LOCALTIME_R=1 -DHAVE_MKTIME=1 -DHAVE_TM_GMTOFF=1 -DHAVE_TIMEZONE_VAR=1 -DHAVE_STRUCT_STAT_ST_BLOCKS=1 -DHAVE_STRUCT_STAT_ST_BLKSIZE=1 -DHAVE_BLKCNT_T=1 -DHAVE_INTPTR_T=1 -DHAVE_UINTPTR_T=1 -DNO_UNION_WAIT=1 -DHAVE_SIGNED_CHAR=1 -DHAVE_LANGINFO=1 -DHAVE_MKSTEMPS=1 -DHAVE_FTS=1 -DHAVE_SYS_IOCTL_H=1 -DTCL_UNLOAD_DLLS=1 -DHAVE_CPUID=1 '
DLL_INSTALL_DIR='$(LIB_INSTALL_DIR)'
DLTEST_LD='${SHLIB_LD}'
DLTEST_SUFFIX=''
DL_LIBS='-ldl'
DL_OBJS='tclLoadDl.o'
DTRACE=''
DTRACE_HDR=''
DTRACE_OBJ=''
DTRACE_SRC=''
ECHO_C=''
ECHO_N='-n'
ECHO_T=''
EGREP='grep -E'
EXEEXT=''
EXTRA_APP_CC_SWITCHES=''
EXTRA_BUILD_HTML='@:'
EXTRA_CC_SWITCHES=''
EXTRA_INSTALL=''
EXTRA_INSTALL_BINARIES='@:'
EXTRA_TCLSH_LIBS=''
HTML_DIR='$(DISTDIR)/html'
INSTALL_LIB='$(INSTALL_LIBRARY) $(LIB_FILE) "$(LIB_INSTALL_DIR)/$(LIB_FILE)"'
INSTALL_STUB_LIB='$(INSTALL_LIBRARY) $(STUB_LIB_FILE) "$(LIB_INSTALL_DIR)/$(STUB_LIB_FILE)"'
INSTALL_TZDATA=''
LDAIX_SRC=''
LDFLAGS=' -Wl,--export-dynamic '
LDFLAGS_DEBUG=''
LDFLAGS_DEFAULT='$(LDFLAGS_DEBUG)'
LDFLAGS_OPTIMIZE=''
LD_LIBRARY_PATH_VAR='LD_LIBRARY_PATH'
LD_SEARCH_FLAGS='"-Wl,-rpath,${LIB_RUNTIME_DIR}"'
LIBOBJS=''
LIBS='-lz  -lpthread'
MAKEFILE_SHELL='/bin/sh'
MAKE_LIB='${STLIB_LD} $@ ${OBJS} ; ${RANLIB} $@'
MAKE_STUB_LIB='${STLIB_LD} $@ ${STUB_LIB_OBJS} ; ${RANLIB} $@'
MAN_FLAGS=''
OBJEXT='o'
PACKAGE_BUGREPORT=''
PACKAGE_DIR='/usr/local/src/SAOImageDS9/lib'
PACKAGE_NAME='tcl'
PACKAGE_STRING='tcl 8.6'
PACKAGE_TARNAME='tcl'
PACKAGE_VERSION='8.6'
PATH_SEPARATOR=':'
PKG_CFG_ARGS=''--prefix' '/usr/local/src/SAOImageDS9' '--exec-prefix' '/usr/local/src/SAOImageDS9' '--libdir' '/usr/local/src/SAOImageDS9/lib' '--disable-shared' '--enable-symbols' '--config-cache' '--cache-file=/usr/local/src/SAOImageDS9/config.cache'  --cache-file=/usr/local/src/SAOImageDS9/config.cache'
PLAT_OBJS=''
PLAT_SRCS=''
PRIVATE_INCLUDE_DIR='$(includedir)'
RANLIB='ranlib'
SHARED_BUILD='0'
SHELL='/bin/bash'
SHLIB_CFLAGS='-fPIC'
SHLIB_LD='${CC} ${CFLAGS} ${LDFLAGS} -shared'
SHLIB_LD_LIBS='${LIBS}'
SHLIB_SUFFIX='.so'
STLIB_LD='${AR} cr'
TCLSH_PROG='/usr/bin/tclsh8.6'
TCL_BUILD_LIB_SPEC='-L/usr/local/src/SAOImageDS9/tcl8.6/unix -ltcl8.6'
TCL_BUILD_STUB_LIB_PATH='/usr/local/src/SAOImageDS9/tcl8.6/unix/libtclstub8.6.a'
TCL_BUILD_STUB_LIB_SPEC='-L/usr/local/src/SAOImageDS9/tcl8.6/unix -ltclstub8.6'
TCL_HAS_LONGLONG=''
TCL_INCLUDE_SPEC='-I/usr/local/src/SAOImageDS9/include'
TCL_LIBRARY='$(prefix)/lib/tcl$(VERSION)'
TCL_LIBS='-ldl -lz  -lpthread -lm'
TCL_LIB_FILE='libtcl8.6.a'
TCL_LIB_FLAG='-ltcl8.6'
TCL_LIB_SPEC='-L/usr/local/src/SAOImageDS9/lib -ltcl8.6'
TCL_LIB_VERSIONS_OK='ok'
TCL_MAJOR_VERSION='8'
TCL_MINOR_VERSION='6'
TCL_MODULE_PATH=''
TCL_PACKAGE_PATH='{/usr/local/src/SAOImageDS9/lib} '
TCL_PATCH_LEVEL='.12'
TCL_SHARED_BUILD='0'
TCL_SHARED_LIB_SUFFIX='${VERSION}${SHLIB_SUFFIX}'
TCL_SHLIB_LD_EXTRAS=''
TCL_SRC_DIR='/usr/local/src/SAOImageDS9/tcl8.6'
TCL_STUB_LIB_FILE='libtclstub8.6.a'
TCL_STUB_LIB_FLAG='-ltclstub8.6'
TCL_STUB_LIB_PATH='/usr/local/src/SAOImageDS9/lib/libtclstub8.6.a'
TCL_STUB_LIB_SPEC='-L/usr/local/src/SAOImageDS9/lib -ltclstub8.6'
TCL_THREADS='1'
TCL_UNSHARED_LIB_SUFFIX='${VERSION}.a'
TCL_VERSION='8.6'
TCL_YEAR=''
TK_SHLIB_LD_EXTRAS=''
ZLIB_INCLUDE=''
ZLIB_OBJS=''
ZLIB_SRCS=''
ac_ct_AR='ar'
ac_ct_CC='gcc'
ac_ct_RANLIB='ranlib'
bindir='${exec_prefix}/bin'
build_alias=''
datadir='${prefix}/share'
exec_prefix='/usr/local/src/SAOImageDS9'
host_alias=''
includedir='${prefix}/include'
infodir='${prefix}/info'
libdir='/usr/local/src/SAOImageDS9/lib'
libexecdir='${exec_prefix}/libexec'
localstatedir='${prefix}/var'
mandir='${prefix}/man'
oldincludedir='/usr/include'
prefix='/usr/local/src/SAOImageDS9'
program_transform_name='s,x,x,'
sbindir='${exec_prefix}/sbin'
sharedstatedir='${prefix}/com'
sysconfdir='${prefix}/etc'
target_alias=''

## ----------- ##
## confdefs.h. ##
## ----------- ##

#define HAVE_BLKCNT_T 1
#define HAVE_CAST_TO_UNION 1
#define HAVE_CPUID 1
#define HAVE_DECL_GETHOSTBYADDR_R 1
#define HAVE_DECL_GETHOSTBYNAME_R 1
#define HAVE_FREEADDRINFO 1
#define HAVE_FTS 1
#define HAVE_GAI_STRERROR 1
#define HAVE_GETADDRINFO 1
#define HAVE_GETCWD 1
#define HAVE_GETGRGID_R 1
#define HAVE_GETGRGID_R_5 1
#define HAVE_GETGRNAM_R 1
#define HAVE_GETGRNAM_R_5 1
#define HAVE_GETHOSTBYADDR_R 1
#define HAVE_GETHOSTBYADDR_R_8 1
#define HAVE_GETHOSTBYNAME_R 1
#define HAVE_GETHOSTBYNAME_R_6 1
#define HAVE_GETNAMEINFO 1
#define HAVE_GETPWNAM_R 1
#define HAVE_GETPWNAM_R_5 1
#define HAVE_GETPWUID_R 1
#define HAVE_GETPWUID_R_5 1
#define HAVE_GMTIME_R 1
#define HAVE_HIDDEN 1
#define HAVE_INTPTR_T 1
#define HAVE_INTTYPES_H 1
#define HAVE_LANGINFO 1
#define HAVE_LOCALTIME_R 1
#define HAVE_MEMORY_H 1
#define HAVE_MKSTEMP 1
#define HAVE_MKSTEMPS 1
#define HAVE_MKTIME 1
#define HAVE_OPENDIR 1
#define HAVE_PTHREAD_ATFORK 1
#define HAVE_PTHREAD_ATTR_SETSTACKSIZE 1
#define HAVE_SIGNED_CHAR 1
#define HAVE_STDINT_H 1
#define HAVE_STDLIB_H 1
#define HAVE_STRINGS_H 1
#define HAVE_STRING_H 1
#define HAVE_STRTOL 1
#define HAVE_STRUCT_ADDRINFO 1
#define HAVE_STRUCT_IN6_ADDR 1
#define HAVE_STRUCT_SOCKADDR_IN6 1
#define HAVE_STRUCT_SOCKADDR_STORAGE 1
#define HAVE_STRUCT_STAT_ST_BLKSIZE 1
#define HAVE_STRUCT_STAT_ST_BLOCKS 1
#define HAVE_SYS_IOCTL_H 1
#define HAVE_SYS_IOCTL_H 1
#define HAVE_SYS_PARAM_H 1
#define HAVE_SYS_STAT_H 1
#define HAVE_SYS_TIME_H 1
#define HAVE_SYS_TYPES_H 1
#define HAVE_TERMIOS_H 1
#define HAVE_TIMEZONE_VAR 1
#define HAVE_TM_GMTOFF 1
#define HAVE_UINTPTR_T 1
#define HAVE_UNISTD_H 1
#define HAVE_WAITPID 1
#define HAVE_ZLIB 1
#define MODULE_SCOPE extern __attribute__((__visibility__("hidden")))
#define MP_PREC 4
#define NO_UNION_WAIT 1
#define PACKAGE_BUGREPORT ""
#define PACKAGE_NAME "tcl"
#define PACKAGE_STRING "tcl 8.6"
#define PACKAGE_TARNAME "tcl"
#define PACKAGE_VERSION "8.6"
#define STATIC_BUILD 1
#define STDC_HEADERS 1
#define TCL_CFGVAL_ENCODING "iso8859-1"
#define TCL_SHLIB_EXT ".so"
#define TCL_THREADS 1
#define TCL_TOMMATH 1
#define TCL_UNLOAD_DLLS 1
#define TCL_WIDE_INT_IS_LONG 1
#define TIME_WITH_SYS_TIME 1
#define USE_THREAD_ALLOC 1
#define _LARGEFILE64_SOURCE 1
#define _REENTRANT 1
#define _THREAD_SAFE 1

configure: exit 0
