This file contains any messages produced by compilers while
running configure, to aid debugging if configure makes a mistake.

It was created by tkimgjpeg configure 1.4.13, which was
generated by GNU Autoconf 2.71.  Invocation command line was

  $ ./configure --with-tk=/usr/local/src/SAOImageDS9/tk8.6/unix --with-tcl=/usr/local/src/SAOImageDS9/tcl8.6/unix --prefix /usr/local/src/SAOImageDS9 --exec-prefix /usr/local/src/SAOImageDS9 --libdir /usr/local/src/SAOImageDS9/lib --disable-shared --disable-stubs --enable-symbols --cache-file=../config.cache --srcdir=. --with-tkimg=/usr/local/src/SAOImageDS9/tkimg/base --with-jpegtcl=/usr/local/src/SAOImageDS9/tkimg/libjpeg --disable-option-checking

## --------- ##
## Platform. ##
## --------- ##

hostname = nancep7.obs-nancay.fr
uname -m = x86_64
uname -r = 5.15.0-69-generic
uname -s = Linux
uname -v = #76~20.04.1-Ubuntu SMP Mon Mar 20 15:54:19 UTC 2023

/usr/bin/uname -p = unknown
/bin/uname -X     = unknown

/bin/arch              = unknown
/usr/bin/arch -k       = unknown
/usr/convex/getsysinfo = unknown
/usr/bin/hostinfo      = unknown
/bin/machine           = unknown
/usr/bin/oslevel       = unknown
/bin/universe          = unknown

PATH: /usr/local/sbin/
PATH: /usr/local/bin/
PATH: /usr/sbin/
PATH: /usr/bin/
PATH: /sbin/
PATH: /bin/


## ----------- ##
## Core tests. ##
## ----------- ##

configure:2112: loading cache ../config.cache
configure:2515: checking TEA configuration
configure:2521: result: ok (TEA 3.13)
configure:2607: configuring tkimgjpeg 1.4.13
configure:2637: checking system version
configure:2664: result: Linux-5.15.0-69-generic
configure:2713: checking for Tcl configuration
configure:2846: result: found /usr/local/src/SAOImageDS9/tcl8.6/unix/tclConfig.sh
configure:2913: checking for gcc
configure:2945: result: gcc
configure:3298: checking for C compiler version
configure:3307: gcc --version >&5
gcc (Debian 10.2.1-6) 10.2.1 20210110
Copyright (C) 2020 Free Software Foundation, Inc.
This is free software; see the source for copying conditions.  There is NO
warranty; not even for MERCHANTABILITY or FITNESS FOR A PARTICULAR PURPOSE.

configure:3318: $? = 0
configure:3307: gcc -v >&5
Using built-in specs.
COLLECT_GCC=gcc
COLLECT_LTO_WRAPPER=/usr/lib/gcc/x86_64-linux-gnu/10/lto-wrapper
OFFLOAD_TARGET_NAMES=nvptx-none:amdgcn-amdhsa:hsa
OFFLOAD_TARGET_DEFAULT=1
Target: x86_64-linux-gnu
Configured with: ../src/configure -v --with-pkgversion='Debian 10.2.1-6' --with-bugurl=file:///usr/share/doc/gcc-10/README.Bugs --enable-languages=c,ada,c++,go,brig,d,fortran,objc,obj-c++,m2 --prefix=/usr --with-gcc-major-version-only --program-suffix=-10 --program-prefix=x86_64-linux-gnu- --enable-shared --enable-linker-build-id --libexecdir=/usr/lib --without-included-gettext --enable-threads=posix --libdir=/usr/lib --enable-nls --enable-bootstrap --enable-clocale=gnu --enable-libstdcxx-debug --enable-libstdcxx-time=yes --with-default-libstdcxx-abi=new --enable-gnu-unique-object --disable-vtable-verify --enable-plugin --enable-default-pie --with-system-zlib --enable-libphobos-checking=release --with-target-system-zlib=auto --enable-objc-gc=auto --enable-multiarch --disable-werror --with-arch-32=i686 --with-abi=m64 --with-multilib-list=m32,m64,mx32 --enable-multilib --with-tune=generic --enable-offload-targets=nvptx-none=/build/gcc-10-Km9U7s/gcc-10-10.2.1/debian/tmp-nvptx/usr,amdgcn-amdhsa=/build/gcc-10-Km9U7s/gcc-10-10.2.1/debian/tmp-gcn/usr,hsa --without-cuda-driver --enable-checking=release --build=x86_64-linux-gnu --host=x86_64-linux-gnu --target=x86_64-linux-gnu --with-build-config=bootstrap-lto-lean --enable-link-mutex
Thread model: posix
Supported LTO compression algorithms: zlib zstd
gcc version 10.2.1 20210110 (Debian 10.2.1-6) 
... rest of stderr output deleted ...
configure:3318: $? = 0
configure:3307: gcc -V >&5
gcc: error: unrecognized command-line option '-V'
gcc: fatal error: no input files
compilation terminated.
configure:3318: $? = 1
configure:3307: gcc -qversion >&5
gcc: error: unrecognized command-line option '-qversion'; did you mean '--version'?
gcc: fatal error: no input files
compilation terminated.
configure:3318: $? = 1
configure:3307: gcc -version >&5
gcc: error: unrecognized command-line option '-version'
gcc: fatal error: no input files
compilation terminated.
configure:3318: $? = 1
configure:3338: checking whether the C compiler works
configure:3360: gcc    conftest.c  >&5
configure:3364: $? = 0
configure:3414: result: yes
configure:3417: checking for C compiler default output file name
configure:3419: result: a.out
configure:3425: checking for suffix of executables
configure:3432: gcc -o conftest    conftest.c  >&5
configure:3436: $? = 0
configure:3459: result: 
configure:3481: checking whether we are cross compiling
configure:3489: gcc -o conftest    conftest.c  >&5
configure:3493: $? = 0
configure:3500: ./conftest
configure:3504: $? = 0
configure:3519: result: no
configure:3524: checking for suffix of object files
configure:3573: result: o
configure:3577: checking whether the compiler supports GNU C
configure:3607: result: yes
configure:3618: checking whether gcc accepts -g
configure:3683: result: yes
configure:3703: checking for gcc option to enable C11 features
configure:3736: result: none needed
configure:3848: checking for existence of /usr/local/src/SAOImageDS9/tcl8.6/unix/tclConfig.sh
configure:3852: result: loading
configure:3906: checking platform
configure:3924: gcc -c   conftest.c >&5
configure:3924: $? = 0
configure:3981: result: unix
configure:4021: checking for Tk configuration
configure:4151: result: found /usr/local/src/SAOImageDS9/tk8.6/unix/tkConfig.sh
configure:4157: checking for existence of /usr/local/src/SAOImageDS9/tk8.6/unix/tkConfig.sh
configure:4161: result: loading
configure:4332: checking for gcc
configure:4364: result: gcc
configure:4717: checking for C compiler version
configure:4726: gcc --version >&5
gcc (Debian 10.2.1-6) 10.2.1 20210110
Copyright (C) 2020 Free Software Foundation, Inc.
This is free software; see the source for copying conditions.  There is NO
warranty; not even for MERCHANTABILITY or FITNESS FOR A PARTICULAR PURPOSE.

configure:4737: $? = 0
configure:4726: gcc -v >&5
Using built-in specs.
COLLECT_GCC=gcc
COLLECT_LTO_WRAPPER=/usr/lib/gcc/x86_64-linux-gnu/10/lto-wrapper
OFFLOAD_TARGET_NAMES=nvptx-none:amdgcn-amdhsa:hsa
OFFLOAD_TARGET_DEFAULT=1
Target: x86_64-linux-gnu
Configured with: ../src/configure -v --with-pkgversion='Debian 10.2.1-6' --with-bugurl=file:///usr/share/doc/gcc-10/README.Bugs --enable-languages=c,ada,c++,go,brig,d,fortran,objc,obj-c++,m2 --prefix=/usr --with-gcc-major-version-only --program-suffix=-10 --program-prefix=x86_64-linux-gnu- --enable-shared --enable-linker-build-id --libexecdir=/usr/lib --without-included-gettext --enable-threads=posix --libdir=/usr/lib --enable-nls --enable-bootstrap --enable-clocale=gnu --enable-libstdcxx-debug --enable-libstdcxx-time=yes --with-default-libstdcxx-abi=new --enable-gnu-unique-object --disable-vtable-verify --enable-plugin --enable-default-pie --with-system-zlib --enable-libphobos-checking=release --with-target-system-zlib=auto --enable-objc-gc=auto --enable-multiarch --disable-werror --with-arch-32=i686 --with-abi=m64 --with-multilib-list=m32,m64,mx32 --enable-multilib --with-tune=generic --enable-offload-targets=nvptx-none=/build/gcc-10-Km9U7s/gcc-10-10.2.1/debian/tmp-nvptx/usr,amdgcn-amdhsa=/build/gcc-10-Km9U7s/gcc-10-10.2.1/debian/tmp-gcn/usr,hsa --without-cuda-driver --enable-checking=release --build=x86_64-linux-gnu --host=x86_64-linux-gnu --target=x86_64-linux-gnu --with-build-config=bootstrap-lto-lean --enable-link-mutex
Thread model: posix
Supported LTO compression algorithms: zlib zstd
gcc version 10.2.1 20210110 (Debian 10.2.1-6) 
... rest of stderr output deleted ...
configure:4737: $? = 0
configure:4726: gcc -V >&5
gcc: error: unrecognized command-line option '-V'
gcc: fatal error: no input files
compilation terminated.
configure:4737: $? = 1
configure:4726: gcc -qversion >&5
gcc: error: unrecognized command-line option '-qversion'; did you mean '--version'?
gcc: fatal error: no input files
compilation terminated.
configure:4737: $? = 1
configure:4726: gcc -version >&5
gcc: error: unrecognized command-line option '-version'
gcc: fatal error: no input files
compilation terminated.
configure:4737: $? = 1
configure:4741: checking whether the compiler supports GNU C
configure:4771: result: yes
configure:4782: checking whether gcc accepts -g
configure:4847: result: yes
configure:4867: checking for gcc option to enable C11 features
configure:4900: result: none needed
configure:5015: checking how to run the C preprocessor
configure:5083: result: gcc -E
configure:5097: gcc -E  conftest.c
configure:5097: $? = 0
configure:5112: gcc -E  conftest.c
conftest.c:10:10: fatal error: ac_nonexistent.h: No such file or directory
   10 | #include <ac_nonexistent.h>
      |          ^~~~~~~~~~~~~~~~~~
compilation terminated.
configure:5112: $? = 1
configure: failed program was:
| /* confdefs.h */
| #define PACKAGE_NAME "tkimgjpeg"
| #define PACKAGE_TARNAME "tkimgjpeg"
| #define PACKAGE_VERSION "1.4.13"
| #define PACKAGE_STRING "tkimgjpeg 1.4.13"
| #define PACKAGE_BUGREPORT ""
| #define PACKAGE_URL ""
| #define BUILD_tkimgjpeg /**/
| /* end confdefs.h.  */
| #include <ac_nonexistent.h>
configure:5147: checking whether make sets $(MAKE)
configure:5170: result: yes
configure:5232: checking for ranlib
configure:5264: result: ranlib
configure:5298: checking for stdio.h
configure:5298: result: yes
configure:5298: checking for stdlib.h
configure:5298: result: yes
configure:5298: checking for string.h
configure:5298: result: yes
configure:5298: checking for inttypes.h
configure:5298: result: yes
configure:5298: checking for stdint.h
configure:5298: result: yes
configure:5298: checking for strings.h
configure:5298: result: yes
configure:5298: checking for sys/stat.h
configure:5298: result: yes
configure:5298: checking for sys/types.h
configure:5298: result: yes
configure:5298: checking for unistd.h
configure:5298: result: yes
configure:5333: checking if the compiler understands -pipe
configure:5361: result: yes
configure:5372: checking whether byte ordering is bigendian
configure:5587: result: no
configure:5624: checking for tkimg configuration
configure:5713: result: found /usr/local/src/SAOImageDS9/tkimg/base/tkimgConfig.sh
configure:5719: checking for existence of /usr/local/src/SAOImageDS9/tkimg/base/tkimgConfig.sh
configure:5723: result: loading
configure:5741: WARNING: Found Makefile - using build library specs for tkimg
configure:5814: checking For tkimg_STUB library for LIBS
configure:5847: result: using tkimg_STUB_LIB_SPEC -L/usr/local/src/SAOImageDS9/tkimg/base -ltkimgstub1.4.13
configure:5877: checking for jpegtcl configuration
configure:5966: result: found /usr/local/src/SAOImageDS9/tkimg/libjpeg/jpegtclConfig.sh
configure:5972: checking for existence of /usr/local/src/SAOImageDS9/tkimg/libjpeg/jpegtclConfig.sh
configure:5976: result: loading
configure:5994: WARNING: Found Makefile - using build library specs for jpegtcl
configure:6067: checking For jpegtcl_STUB library for LIBS
configure:6100: result: using jpegtcl_STUB_LIB_SPEC -L/usr/local/src/SAOImageDS9/tkimg/libjpeg -ljpegtclstub9.4.0
configure:6320: checking for Tcl public headers
configure:6393: result: /usr/local/src/SAOImageDS9/tcl8.6/generic
configure:6406: checking for Tk public headers
configure:6482: result: /usr/local/src/SAOImageDS9/tk8.6/generic
configure:6569: checking for pthread_mutex_init in -lpthread
configure:6602: result: yes
configure:6812: checking for building with threads
configure:6818: result: yes (default)
configure:6847: checking how to build libraries
configure:6888: result: static
configure:6972: checking for ranlib
configure:7004: result: ranlib
configure:7031: checking if 64bit support is requested
configure:7041: result: no
configure:7046: checking if 64bit Sparc VIS support is requested
configure:7056: result: no
configure:7067: checking if compiler supports visibility "hidden"
configure:7098: result: yes
configure:7114: checking if rpath support is requested
configure:7124: result: yes
configure:7131: checking system version
configure:7158: result: Linux-5.15.0-69-generic
configure:7244: checking for ar
configure:7276: result: ar
configure:8996: checking for cast to union support
configure:9025: result: yes
configure:9033: checking for stdbool.h
configure:9033: result: yes
configure:9059: checking for required early compiler flags
configure:9216: result:  _LARGEFILE64_SOURCE
configure:9221: checking for 64-bit integer type
configure:9275: result: yes
configure:9460: checking for build with symbols
configure:9479: result: yes (standard debugging)
configure:9512: checking for X
configure:9737: result: libraries , headers 
configure:9748: gcc -E  conftest.c
configure:9748: $? = 0
configure:9893: checking for grep that handles long lines and -e
configure:9957: result: /bin/grep
configure:9962: checking for egrep
configure:10030: result: /bin/grep -E
configure:10202: checking for tclsh
configure:10237: result: /usr/local/src/SAOImageDS9/tcl8.6/unix/tclsh
configure:10242: checking for wish
configure:10277: result: /usr/local/src/SAOImageDS9/tk8.6/unix/wish
configure:10380: updating cache ../config.cache
configure:10467: creating ./config.status

## ---------------------- ##
## Running config.status. ##
## ---------------------- ##

This file was extended by tkimgjpeg config.status 1.4.13, which was
generated by GNU Autoconf 2.71.  Invocation command line was

  CONFIG_FILES    = 
  CONFIG_HEADERS  = 
  CONFIG_LINKS    = 
  CONFIG_COMMANDS = 
  $ ./config.status 

on nancep7.obs-nancay.fr

config.status:840: creating Makefile
config.status:840: creating tkimgjpegConfig.sh

## ---------------- ##
## Cache variables. ##
## ---------------- ##

ac_cv_c_bigendian=no
ac_cv_c_compiler_gnu=yes
ac_cv_c_jpegtclconfig=/usr/local/src/SAOImageDS9/tkimg/libjpeg
ac_cv_c_tclconfig=/usr/local/src/SAOImageDS9/tcl8.6/unix
ac_cv_c_tclh=/usr/local/src/SAOImageDS9/tcl8.6/generic
ac_cv_c_tkconfig=/usr/local/src/SAOImageDS9/tk8.6/unix
ac_cv_c_tkh=/usr/local/src/SAOImageDS9/tk8.6/generic
ac_cv_c_tkimgconfig=/usr/local/src/SAOImageDS9/tkimg/base
ac_cv_c_zlibtclconfig=/usr/local/src/SAOImageDS9/tkimg/zlib
ac_cv_env_CC_set=
ac_cv_env_CC_value=
ac_cv_env_CFLAGS_set=
ac_cv_env_CFLAGS_value=
ac_cv_env_CPPFLAGS_set=
ac_cv_env_CPPFLAGS_value=
ac_cv_env_CPP_set=
ac_cv_env_CPP_value=
ac_cv_env_LDFLAGS_set=
ac_cv_env_LDFLAGS_value=
ac_cv_env_LIBS_set=
ac_cv_env_LIBS_value=
ac_cv_env_XMKMF_set=
ac_cv_env_XMKMF_value=
ac_cv_env_build_alias_set=
ac_cv_env_build_alias_value=
ac_cv_env_host_alias_set=
ac_cv_env_host_alias_value=
ac_cv_env_target_alias_set=
ac_cv_env_target_alias_value=
ac_cv_have_x='have_x=yes	ac_x_includes='\'''\''	ac_x_libraries='\'''\'''
ac_cv_header_inttypes_h=yes
ac_cv_header_memory_h=yes
ac_cv_header_stdbool_h=yes
ac_cv_header_stdc=yes
ac_cv_header_stdint_h=yes
ac_cv_header_stdio_h=yes
ac_cv_header_stdlib_h=yes
ac_cv_header_string_h=yes
ac_cv_header_strings_h=yes
ac_cv_header_sys_stat_h=yes
ac_cv_header_sys_types_h=yes
ac_cv_header_unistd_h=yes
ac_cv_lib_pthread_pthread_mutex_init=yes
ac_cv_objext=o
ac_cv_path_EGREP='/bin/grep -E'
ac_cv_path_GREP=/bin/grep
ac_cv_prog_CPP='gcc -E'
ac_cv_prog_ac_ct_AR=ar
ac_cv_prog_ac_ct_CC=gcc
ac_cv_prog_ac_ct_RANLIB=ranlib
ac_cv_prog_cc_c11=
ac_cv_prog_cc_c89=
ac_cv_prog_cc_g=yes
ac_cv_prog_cc_stdc=
ac_cv_prog_make_make_set=yes
tcl_cv_cast_to_union=yes
tcl_cv_cc_pipe=yes
tcl_cv_cc_visibility_hidden=yes
tcl_cv_flag__isoc99_source=no
tcl_cv_flag__largefile64_source=yes
tcl_cv_flag__largefile_source64=no
tcl_cv_sys_version=Linux-5.15.0-69-generic
tcl_cv_type_64bit=none

## ----------------- ##
## Output variables. ##
## ----------------- ##

AR='ar'
CC='gcc'
CFLAGS=' -pipe ${CFLAGS_DEFAULT} ${CFLAGS_WARNING} '
CFLAGS_DEBUG='-g'
CFLAGS_DEFAULT='-g'
CFLAGS_OPTIMIZE='-O2 -fomit-frame-pointer'
CFLAGS_WARNING='-Wall'
CLEANFILES=''
CPP='gcc -E'
CPPFLAGS=''
CYGPATH='echo'
DEFS='-DPACKAGE_NAME=\"tkimgjpeg\" -DPACKAGE_TARNAME=\"tkimgjpeg\" -DPACKAGE_VERSION=\"1.4.13\" -DPACKAGE_STRING=\"tkimgjpeg\ 1.4.13\" -DPACKAGE_BUGREPORT=\"\" -DPACKAGE_URL=\"\" -DBUILD_tkimgjpeg=/\*\*/ -DHAVE_STDIO_H=1 -DHAVE_STDLIB_H=1 -DHAVE_STRING_H=1 -DHAVE_INTTYPES_H=1 -DHAVE_STDINT_H=1 -DHAVE_STRINGS_H=1 -DHAVE_SYS_STAT_H=1 -DHAVE_SYS_TYPES_H=1 -DHAVE_UNISTD_H=1 -DSTDC_HEADERS=1 -DUSE_THREAD_ALLOC=1 -D_REENTRANT=1 -D_THREAD_SAFE=1 -DTCL_THREADS=1 -DSTATIC_BUILD=1 -DMODULE_SCOPE=extern\ __attribute__\(\(__visibility__\(\"hidden\"\)\)\) -DHAVE_HIDDEN=1 -DHAVE_CAST_TO_UNION=1 -DHAVE_STDBOOL_H=1 -D_LARGEFILE64_SOURCE=1 -DTCL_WIDE_INT_IS_LONG=1 -DUSE_TCL_STUBS=1 -DUSE_TK_STUBS=1'
ECHO_C=''
ECHO_N='-n'
ECHO_T=''
EGREP='/bin/grep -E'
EXEEXT=''
GREP='/bin/grep'
INSTALL='$(SHELL) $(srcdir)/tclconfig/install-sh -c'
INSTALL_DATA='${INSTALL} -m 644'
INSTALL_DATA_DIR='${INSTALL} -d -m 755'
INSTALL_LIBRARY='${INSTALL} -m 644'
INSTALL_PROGRAM='${INSTALL} -m 755'
INSTALL_SCRIPT='${INSTALL} -m 755'
LDFLAGS=' -Wl,--export-dynamic '
LDFLAGS_DEBUG=''
LDFLAGS_DEFAULT=''
LDFLAGS_OPTIMIZE=''
LD_LIBRARY_PATH_VAR='LD_LIBRARY_PATH'
LIBOBJS=''
LIBS=''
LTLIBOBJS=''
MAJOR_VERSION=''
MAKE_LIB='${STLIB_LD} $@ $(PKG_OBJECTS) '
MAKE_SHARED_LIB='${SHLIB_LD} ${LDFLAGS} ${LDFLAGS_DEFAULT} -o $@ $(PKG_OBJECTS) ${SHLIB_LD_LIBS}'
MAKE_STATIC_LIB='${STLIB_LD} $@ $(PKG_OBJECTS)'
MAKE_STUB_LIB='${STLIB_LD} $@ $(PKG_STUB_OBJECTS)'
MINOR_VERSION=''
OBJEXT='o'
PACKAGE_BUGREPORT=''
PACKAGE_NAME='tkimgjpeg'
PACKAGE_STRING='tkimgjpeg 1.4.13'
PACKAGE_TARNAME='tkimgjpeg'
PACKAGE_TCLNAME='img::jpeg'
PACKAGE_URL=''
PACKAGE_VERSION='1.4.13'
PATCHLEVEL=''
PATH_SEPARATOR=':'
PHIMGTYPE='jpeg'
PKG_CFLAGS=' -DTKIMG_VERSION=\"${tkimg_VERSION}\" -DJPEGTCL_VERSION=\"${jpegtcl_VERSION}\"'
PKG_HEADERS=''
PKG_INCLUDES=' -I"/usr/local/src/SAOImageDS9/tkimg/base/." -I"/usr/local/src/SAOImageDS9/tkimg/libjpeg/." -I"/usr/local/src/SAOImageDS9/tkimg/libjpeg/libjpeg" -I.'
PKG_LIBS=' -L/usr/local/src/SAOImageDS9/tkimg/base -ltkimgstub1.4.13 -L/usr/local/src/SAOImageDS9/tkimg/libjpeg -ljpegtclstub9.4.0 -lX11 -L/usr/local/src/SAOImageDS9/tkimg/base -ltkimgstub1.4.13 -L/usr/local/src/SAOImageDS9/tkimg/libjpeg -ljpegtclstub9.4.0'
PKG_LIB_FILE='libtkimgjpeg1.4.13.a'
PKG_OBJECTS=' jpeg.o'
PKG_SOURCES=' jpeg.c'
PKG_STUB_LIB_FILE='libtkimgjpegstub1.4.13.a'
PKG_STUB_OBJECTS=''
PKG_STUB_SOURCES=''
PKG_TCL_SOURCES=''
RANLIB='ranlib'
RANLIB_STUB='ranlib'
RC=''
SET_MAKE=''
SHARED_BUILD='0'
SHELL='/bin/bash'
SHLIB_CFLAGS='-fPIC'
SHLIB_LD='${CC} ${CFLAGS} ${LDFLAGS_DEFAULT} -shared'
SHLIB_LD_LIBS='${LIBS}'
STLIB_LD='${AR} cr'
STUBS_BUILD='0'
TCLSH_PROG='/usr/local/src/SAOImageDS9/tcl8.6/unix/tclsh'
TCL_BIN_DIR='/usr/local/src/SAOImageDS9/tcl8.6/unix'
TCL_DEFS='-DPACKAGE_NAME=\"tcl\" -DPACKAGE_TARNAME=\"tcl\" -DPACKAGE_VERSION=\"8.6\" -DPACKAGE_STRING=\"tcl\ 8.6\" -DPACKAGE_BUGREPORT=\"\" -DSTDC_HEADERS=1 -DHAVE_SYS_TYPES_H=1 -DHAVE_SYS_STAT_H=1 -DHAVE_STDLIB_H=1 -DHAVE_STRING_H=1 -DHAVE_MEMORY_H=1 -DHAVE_STRINGS_H=1 -DHAVE_INTTYPES_H=1 -DHAVE_STDINT_H=1 -DHAVE_UNISTD_H=1 -DHAVE_SYS_PARAM_H=1 -DUSE_THREAD_ALLOC=1 -D_REENTRANT=1 -D_THREAD_SAFE=1 -DHAVE_PTHREAD_ATTR_SETSTACKSIZE=1 -DHAVE_PTHREAD_ATFORK=1 -DTCL_THREADS=1 -DTCL_CFGVAL_ENCODING=\"iso8859-1\" -DSTATIC_BUILD=1 -DHAVE_ZLIB=1 -DMODULE_SCOPE=extern\ __attribute__\(\(__visibility__\(\"hidden\"\)\)\) -DHAVE_HIDDEN=1 -DHAVE_CAST_TO_UNION=1 -DTCL_SHLIB_EXT=\".so\" -DTCL_TOMMATH=1 -DMP_PREC=4 -D_LARGEFILE64_SOURCE=1 -DTCL_WIDE_INT_IS_LONG=1 -DHAVE_GETCWD=1 -DHAVE_MKSTEMP=1 -DHAVE_OPENDIR=1 -DHAVE_STRTOL=1 -DHAVE_WAITPID=1 -DHAVE_GETNAMEINFO=1 -DHAVE_GETADDRINFO=1 -DHAVE_FREEADDRINFO=1 -DHAVE_GAI_STRERROR=1 -DHAVE_STRUCT_ADDRINFO=1 -DHAVE_STRUCT_IN6_ADDR=1 -DHAVE_STRUCT_SOCKADDR_IN6=1 -DHAVE_STRUCT_SOCKADDR_STORAGE=1 -DHAVE_GETPWUID_R_5=1 -DHAVE_GETPWUID_R=1 -DHAVE_GETPWNAM_R_5=1 -DHAVE_GETPWNAM_R=1 -DHAVE_GETGRGID_R_5=1 -DHAVE_GETGRGID_R=1 -DHAVE_GETGRNAM_R_5=1 -DHAVE_GETGRNAM_R=1 -DHAVE_DECL_GETHOSTBYNAME_R=1 -DHAVE_GETHOSTBYNAME_R_6=1 -DHAVE_GETHOSTBYNAME_R=1 -DHAVE_DECL_GETHOSTBYADDR_R=1 -DHAVE_GETHOSTBYADDR_R_8=1 -DHAVE_GETHOSTBYADDR_R=1 -DHAVE_TERMIOS_H=1 -DHAVE_SYS_IOCTL_H=1 -DHAVE_SYS_TIME_H=1 -DTIME_WITH_SYS_TIME=1 -DHAVE_GMTIME_R=1 -DHAVE_LOCALTIME_R=1 -DHAVE_MKTIME=1 -DHAVE_TM_GMTOFF=1 -DHAVE_TIMEZONE_VAR=1 -DHAVE_STRUCT_STAT_ST_BLOCKS=1 -DHAVE_STRUCT_STAT_ST_BLKSIZE=1 -DHAVE_BLKCNT_T=1 -DHAVE_INTPTR_T=1 -DHAVE_UINTPTR_T=1 -DNO_UNION_WAIT=1 -DHAVE_SIGNED_CHAR=1 -DHAVE_LANGINFO=1 -DHAVE_MKSTEMPS=1 -DHAVE_FTS=1 -DHAVE_SYS_IOCTL_H=1 -DTCL_UNLOAD_DLLS=1 -DHAVE_CPUID=1 '
TCL_EXTRA_CFLAGS=' -pipe '
TCL_INCLUDES='-I"/usr/local/src/SAOImageDS9/tcl8.6/generic"'
TCL_LD_FLAGS=' -Wl,--export-dynamic '
TCL_LIBS='-ldl -lz  -lpthread -lm'
TCL_LIB_FILE='libtcl8.6.a'
TCL_LIB_FLAG='-ltcl8.6'
TCL_LIB_SPEC='-L/usr/local/src/SAOImageDS9/tcl8.6/unix -ltcl8.6'
TCL_PATCH_LEVEL='.12'
TCL_SHLIB_LD_LIBS='${LIBS}'
TCL_SRC_DIR='/usr/local/src/SAOImageDS9/tcl8.6'
TCL_STUB_LIB_FILE='libtclstub8.6.a'
TCL_STUB_LIB_FLAG='-ltclstub8.6'
TCL_STUB_LIB_SPEC='-L/usr/local/src/SAOImageDS9/tcl8.6/unix -ltclstub8.6'
TCL_THREADS='1'
TCL_VERSION='8.6'
TK_BIN_DIR='/usr/local/src/SAOImageDS9/tk8.6/unix'
TK_INCLUDES='-I"/usr/local/src/SAOImageDS9/tk8.6/generic"'
TK_LIBS='-lX11 -lXft -lfontconfig -lfreetype -lfontconfig  -lpthread -ldl -lz  -lpthread -lm'
TK_LIB_FILE='libtk8.6.a'
TK_LIB_FLAG='-ltk8.6'
TK_LIB_SPEC='-L/usr/local/src/SAOImageDS9/tk8.6/unix -ltk8.6'
TK_SRC_DIR='/usr/local/src/SAOImageDS9/tk8.6'
TK_STUB_LIB_FILE='libtkstub8.6.a'
TK_STUB_LIB_FLAG='-ltkstub8.6'
TK_STUB_LIB_SPEC='-L/usr/local/src/SAOImageDS9/tk8.6/unix -ltkstub8.6'
TK_VERSION='8.6'
TK_XINCLUDES=''
VC_MANIFEST_EMBED_DLL=''
VC_MANIFEST_EMBED_EXE=''
WISH_PROG='/usr/local/src/SAOImageDS9/tk8.6/unix/wish'
XMKMF=''
ac_ct_CC='gcc'
bindir='${exec_prefix}/bin'
build_alias=''
datadir='${datarootdir}'
datarootdir='${prefix}/share'
docdir='${datarootdir}/doc/${PACKAGE_TARNAME}'
dvidir='${docdir}'
exec_prefix='/usr/local/src/SAOImageDS9'
host_alias=''
htmldir='${docdir}'
includedir='${prefix}/include'
infodir='${datarootdir}/info'
jpegtcl_BIN_DIR='/usr/local/src/SAOImageDS9/tkimg/libjpeg'
jpegtcl_BUILD_PATH='/usr/local/src/SAOImageDS9/tkimg/libjpeg'
jpegtcl_LIB_FILE='libjpegtcl9.4.0.a'
jpegtcl_LIB_SPEC='-L/usr/local/src/SAOImageDS9/tkimg/libjpeg -ljpegtcl9.4.0'
jpegtcl_SRC_DIR='.'
jpegtcl_SRC_PATH='/usr/local/src/SAOImageDS9/tkimg/libjpeg/.'
jpegtcl_STUB_LIB_FILE='libjpegtclstub9.4.0.a'
jpegtcl_STUB_LIB_PATH='/usr/local/src/SAOImageDS9/tkimg/libjpeg/libjpegtclstub9.4.0.a'
jpegtcl_STUB_LIB_SPEC='-L/usr/local/src/SAOImageDS9/tkimg/libjpeg -ljpegtclstub9.4.0'
jpegtcl_VERSION='9.4.0'
libdir='/usr/local/src/SAOImageDS9/lib'
libexecdir='${exec_prefix}/libexec'
localedir='${datarootdir}/locale'
localstatedir='${prefix}/var'
mandir='${datarootdir}/man'
oldincludedir='/usr/include'
pdfdir='${docdir}'
prefix='/usr/local/src/SAOImageDS9'
program_transform_name='s,x,x,'
psdir='${docdir}'
runstatedir='${localstatedir}/run'
sbindir='${exec_prefix}/sbin'
sharedstatedir='${prefix}/com'
sysconfdir='${prefix}/etc'
target_alias=''
tkimg_BIN_DIR='/usr/local/src/SAOImageDS9/tkimg/base'
tkimg_BUILD_PATH='/usr/local/src/SAOImageDS9/tkimg/base'
tkimg_LIB_FILE='libtkimg1.4.13.a'
tkimg_LIB_SPEC='-L/usr/local/src/SAOImageDS9/tkimg/base -ltkimg1.4.13'
tkimg_SRC_DIR='.'
tkimg_SRC_PATH='/usr/local/src/SAOImageDS9/tkimg/base/.'
tkimg_STUB_LIB_FILE='libtkimgstub1.4.13.a'
tkimg_STUB_LIB_PATH='/usr/local/src/SAOImageDS9/tkimg/base/libtkimgstub1.4.13.a'
tkimg_STUB_LIB_SPEC='-L/usr/local/src/SAOImageDS9/tkimg/base -ltkimgstub1.4.13'
tkimg_VERSION='1.4.13'
tkimgjpeg_BUILD_LIB_SPEC='-L/usr/local/src/SAOImageDS9/tkimg/jpeg -ltkimgjpeg1.4.13'
tkimgjpeg_BUILD_STUB_LIB_PATH='/usr/local/src/SAOImageDS9/tkimg/jpeg/libtkimgjpegstub1.4.13.a'
tkimgjpeg_BUILD_STUB_LIB_SPEC='-L/usr/local/src/SAOImageDS9/tkimg/jpeg -ltkimgjpegstub1.4.13'
tkimgjpeg_LIB_SPEC='-L/usr/local/src/SAOImageDS9/lib/tkimgjpeg1.4.13 -ltkimgjpeg1.4.13'
tkimgjpeg_STUB_LIB_PATH='/usr/local/src/SAOImageDS9/lib/tkimgjpeg1.4.13/libtkimgjpegstub1.4.13.a'
tkimgjpeg_STUB_LIB_SPEC='-L/usr/local/src/SAOImageDS9/lib/tkimgjpeg1.4.13 -ltkimgjpegstub1.4.13'

## ----------- ##
## confdefs.h. ##
## ----------- ##

/* confdefs.h */
#define PACKAGE_NAME "tkimgjpeg"
#define PACKAGE_TARNAME "tkimgjpeg"
#define PACKAGE_VERSION "1.4.13"
#define PACKAGE_STRING "tkimgjpeg 1.4.13"
#define PACKAGE_BUGREPORT ""
#define PACKAGE_URL ""
#define BUILD_tkimgjpeg /**/
#define HAVE_STDIO_H 1
#define HAVE_STDLIB_H 1
#define HAVE_STRING_H 1
#define HAVE_INTTYPES_H 1
#define HAVE_STDINT_H 1
#define HAVE_STRINGS_H 1
#define HAVE_SYS_STAT_H 1
#define HAVE_SYS_TYPES_H 1
#define HAVE_UNISTD_H 1
#define STDC_HEADERS 1
#define USE_THREAD_ALLOC 1
#define _REENTRANT 1
#define _THREAD_SAFE 1
#define TCL_THREADS 1
#define STATIC_BUILD 1
#define MODULE_SCOPE extern __attribute__((__visibility__("hidden")))
#define HAVE_HIDDEN 1
#define HAVE_CAST_TO_UNION 1
#define HAVE_STDBOOL_H 1
#define _LARGEFILE64_SOURCE 1
#define TCL_WIDE_INT_IS_LONG 1
#define USE_TCL_STUBS 1
#define USE_TK_STUBS 1

configure: exit 0
