This file contains any messages produced by compilers while
running configure, to aid debugging if configure makes a mistake.

It was created by tkimgwindow configure 1.4.13, which was
generated by GNU Autoconf 2.71.  Invocation command line was

  $ ./configure --with-tk=/usr/local/src/SAOImageDS9/tk8.6/unix --with-tcl=/usr/local/src/SAOImageDS9/tcl8.6/unix --prefix /usr/local/src/SAOImageDS9 --exec-prefix /usr/local/src/SAOImageDS9 --libdir /usr/local/src/SAOImageDS9/lib --disable-shared --disable-stubs --enable-symbols --cache-file=../config.cache --srcdir=. --with-tkimg=/usr/local/src/SAOImageDS9/tkimg/base --disable-option-checking

## --------- ##
## Platform. ##
## --------- ##

hostname = nancep7.obs-nancay.fr
uname -m = x86_64
uname -r = 5.15.0-69-generic
uname -s = Linux
uname -v = #76~20.04.1-Ubuntu SMP Mon Mar 20 15:54:19 UTC 2023

/usr/bin/uname -p = unknown
/bin/uname -X     = unknown

/bin/arch              = unknown
/usr/bin/arch -k       = unknown
/usr/convex/getsysinfo = unknown
/usr/bin/hostinfo      = unknown
/bin/machine           = unknown
/usr/bin/oslevel       = unknown
/bin/universe          = unknown

PATH: /usr/local/sbin/
PATH: /usr/local/bin/
PATH: /usr/sbin/
PATH: /usr/bin/
PATH: /sbin/
PATH: /bin/


## ----------- ##
## Core tests. ##
## ----------- ##

configure:2103: loading cache ../config.cache
configure:2506: checking TEA configuration
configure:2512: result: ok (TEA 3.13)
configure:2598: configuring tkimgwindow 1.4.13
configure:2628: checking system version
configure:2655: result: Linux-5.15.0-69-generic
configure:2704: checking for Tcl configuration
configure:2837: result: found /usr/local/src/SAOImageDS9/tcl8.6/unix/tclConfig.sh
configure:2904: checking for gcc
configure:2936: result: gcc
configure:3289: checking for C compiler version
configure:3298: gcc --version >&5
gcc (Debian 10.2.1-6) 10.2.1 20210110
Copyright (C) 2020 Free Software Foundation, Inc.
This is free software; see the source for copying conditions.  There is NO
warranty; not even for MERCHANTABILITY or FITNESS FOR A PARTICULAR PURPOSE.

configure:3309: $? = 0
configure:3298: gcc -v >&5
Using built-in specs.
COLLECT_GCC=gcc
COLLECT_LTO_WRAPPER=/usr/lib/gcc/x86_64-linux-gnu/10/lto-wrapper
OFFLOAD_TARGET_NAMES=nvptx-none:amdgcn-amdhsa:hsa
OFFLOAD_TARGET_DEFAULT=1
Target: x86_64-linux-gnu
Configured with: ../src/configure -v --with-pkgversion='Debian 10.2.1-6' --with-bugurl=file:///usr/share/doc/gcc-10/README.Bugs --enable-languages=c,ada,c++,go,brig,d,fortran,objc,obj-c++,m2 --prefix=/usr --with-gcc-major-version-only --program-suffix=-10 --program-prefix=x86_64-linux-gnu- --enable-shared --enable-linker-build-id --libexecdir=/usr/lib --without-included-gettext --enable-threads=posix --libdir=/usr/lib --enable-nls --enable-bootstrap --enable-clocale=gnu --enable-libstdcxx-debug --enable-libstdcxx-time=yes --with-default-libstdcxx-abi=new --enable-gnu-unique-object --disable-vtable-verify --enable-plugin --enable-default-pie --with-system-zlib --enable-libphobos-checking=release --with-target-system-zlib=auto --enable-objc-gc=auto --enable-multiarch --disable-werror --with-arch-32=i686 --with-abi=m64 --with-multilib-list=m32,m64,mx32 --enable-multilib --with-tune=generic --enable-offload-targets=nvptx-none=/build/gcc-10-Km9U7s/gcc-10-10.2.1/debian/tmp-nvptx/usr,amdgcn-amdhsa=/build/gcc-10-Km9U7s/gcc-10-10.2.1/debian/tmp-gcn/usr,hsa --without-cuda-driver --enable-checking=release --build=x86_64-linux-gnu --host=x86_64-linux-gnu --target=x86_64-linux-gnu --with-build-config=bootstrap-lto-lean --enable-link-mutex
Thread model: posix
Supported LTO compression algorithms: zlib zstd
gcc version 10.2.1 20210110 (Debian 10.2.1-6) 
... rest of stderr output deleted ...
configure:3309: $? = 0
configure:3298: gcc -V >&5
gcc: error: unrecognized command-line option '-V'
gcc: fatal error: no input files
compilation terminated.
configure:3309: $? = 1
configure:3298: gcc -qversion >&5
gcc: error: unrecognized command-line option '-qversion'; did you mean '--version'?
gcc: fatal error: no input files
compilation terminated.
configure:3309: $? = 1
configure:3298: gcc -version >&5
gcc: error: unrecognized command-line option '-version'
gcc: fatal error: no input files
compilation terminated.
configure:3309: $? = 1
configure:3329: checking whether the C compiler works
configure:3351: gcc    conftest.c  >&5
configure:3355: $? = 0
configure:3405: result: yes
configure:3408: checking for C compiler default output file name
configure:3410: result: a.out
configure:3416: checking for suffix of executables
configure:3423: gcc -o conftest    conftest.c  >&5
configure:3427: $? = 0
configure:3450: result: 
configure:3472: checking whether we are cross compiling
configure:3480: gcc -o conftest    conftest.c  >&5
configure:3484: $? = 0
configure:3491: ./conftest
configure:3495: $? = 0
configure:3510: result: no
configure:3515: checking for suffix of object files
configure:3564: result: o
configure:3568: checking whether the compiler supports GNU C
configure:3598: result: yes
configure:3609: checking whether gcc accepts -g
configure:3674: result: yes
configure:3694: checking for gcc option to enable C11 features
configure:3727: result: none needed
configure:3839: checking for existence of /usr/local/src/SAOImageDS9/tcl8.6/unix/tclConfig.sh
configure:3843: result: loading
configure:3897: checking platform
configure:3915: gcc -c   conftest.c >&5
configure:3915: $? = 0
configure:3972: result: unix
configure:4012: checking for Tk configuration
configure:4142: result: found /usr/local/src/SAOImageDS9/tk8.6/unix/tkConfig.sh
configure:4148: checking for existence of /usr/local/src/SAOImageDS9/tk8.6/unix/tkConfig.sh
configure:4152: result: loading
configure:4323: checking for gcc
configure:4355: result: gcc
configure:4708: checking for C compiler version
configure:4717: gcc --version >&5
gcc (Debian 10.2.1-6) 10.2.1 20210110
Copyright (C) 2020 Free Software Foundation, Inc.
This is free software; see the source for copying conditions.  There is NO
warranty; not even for MERCHANTABILITY or FITNESS FOR A PARTICULAR PURPOSE.

configure:4728: $? = 0
configure:4717: gcc -v >&5
Using built-in specs.
COLLECT_GCC=gcc
COLLECT_LTO_WRAPPER=/usr/lib/gcc/x86_64-linux-gnu/10/lto-wrapper
OFFLOAD_TARGET_NAMES=nvptx-none:amdgcn-amdhsa:hsa
OFFLOAD_TARGET_DEFAULT=1
Target: x86_64-linux-gnu
Configured with: ../src/configure -v --with-pkgversion='Debian 10.2.1-6' --with-bugurl=file:///usr/share/doc/gcc-10/README.Bugs --enable-languages=c,ada,c++,go,brig,d,fortran,objc,obj-c++,m2 --prefix=/usr --with-gcc-major-version-only --program-suffix=-10 --program-prefix=x86_64-linux-gnu- --enable-shared --enable-linker-build-id --libexecdir=/usr/lib --without-included-gettext --enable-threads=posix --libdir=/usr/lib --enable-nls --enable-bootstrap --enable-clocale=gnu --enable-libstdcxx-debug --enable-libstdcxx-time=yes --with-default-libstdcxx-abi=new --enable-gnu-unique-object --disable-vtable-verify --enable-plugin --enable-default-pie --with-system-zlib --enable-libphobos-checking=release --with-target-system-zlib=auto --enable-objc-gc=auto --enable-multiarch --disable-werror --with-arch-32=i686 --with-abi=m64 --with-multilib-list=m32,m64,mx32 --enable-multilib --with-tune=generic --enable-offload-targets=nvptx-none=/build/gcc-10-Km9U7s/gcc-10-10.2.1/debian/tmp-nvptx/usr,amdgcn-amdhsa=/build/gcc-10-Km9U7s/gcc-10-10.2.1/debian/tmp-gcn/usr,hsa --without-cuda-driver --enable-checking=release --build=x86_64-linux-gnu --host=x86_64-linux-gnu --target=x86_64-linux-gnu --with-build-config=bootstrap-lto-lean --enable-link-mutex
Thread model: posix
Supported LTO compression algorithms: zlib zstd
gcc version 10.2.1 20210110 (Debian 10.2.1-6) 
... rest of stderr output deleted ...
configure:4728: $? = 0
configure:4717: gcc -V >&5
gcc: error: unrecognized command-line option '-V'
gcc: fatal error: no input files
compilation terminated.
configure:4728: $? = 1
configure:4717: gcc -qversion >&5
gcc: error: unrecognized command-line option '-qversion'; did you mean '--version'?
gcc: fatal error: no input files
compilation terminated.
configure:4728: $? = 1
configure:4717: gcc -version >&5
gcc: error: unrecognized command-line option '-version'
gcc: fatal error: no input files
compilation terminated.
configure:4728: $? = 1
configure:4732: checking whether the compiler supports GNU C
configure:4762: result: yes
configure:4773: checking whether gcc accepts -g
configure:4838: result: yes
configure:4858: checking for gcc option to enable C11 features
configure:4891: result: none needed
configure:5006: checking how to run the C preprocessor
configure:5074: result: gcc -E
configure:5088: gcc -E  conftest.c
configure:5088: $? = 0
configure:5103: gcc -E  conftest.c
conftest.c:10:10: fatal error: ac_nonexistent.h: No such file or directory
   10 | #include <ac_nonexistent.h>
      |          ^~~~~~~~~~~~~~~~~~
compilation terminated.
configure:5103: $? = 1
configure: failed program was:
| /* confdefs.h */
| #define PACKAGE_NAME "tkimgwindow"
| #define PACKAGE_TARNAME "tkimgwindow"
| #define PACKAGE_VERSION "1.4.13"
| #define PACKAGE_STRING "tkimgwindow 1.4.13"
| #define PACKAGE_BUGREPORT ""
| #define PACKAGE_URL ""
| #define BUILD_tkimgwindow /**/
| /* end confdefs.h.  */
| #include <ac_nonexistent.h>
configure:5138: checking whether make sets $(MAKE)
configure:5161: result: yes
configure:5223: checking for ranlib
configure:5255: result: ranlib
configure:5289: checking for stdio.h
configure:5289: result: yes
configure:5289: checking for stdlib.h
configure:5289: result: yes
configure:5289: checking for string.h
configure:5289: result: yes
configure:5289: checking for inttypes.h
configure:5289: result: yes
configure:5289: checking for stdint.h
configure:5289: result: yes
configure:5289: checking for strings.h
configure:5289: result: yes
configure:5289: checking for sys/stat.h
configure:5289: result: yes
configure:5289: checking for sys/types.h
configure:5289: result: yes
configure:5289: checking for unistd.h
configure:5289: result: yes
configure:5324: checking if the compiler understands -pipe
configure:5352: result: yes
configure:5363: checking whether byte ordering is bigendian
configure:5578: result: no
configure:5615: checking for tkimg configuration
configure:5704: result: found /usr/local/src/SAOImageDS9/tkimg/base/tkimgConfig.sh
configure:5710: checking for existence of /usr/local/src/SAOImageDS9/tkimg/base/tkimgConfig.sh
configure:5714: result: loading
configure:5732: WARNING: Found Makefile - using build library specs for tkimg
configure:5805: checking For tkimg_STUB library for LIBS
configure:5838: result: using tkimg_STUB_LIB_SPEC -L/usr/local/src/SAOImageDS9/tkimg/base -ltkimgstub1.4.13
configure:6342: checking for Tcl public headers
configure:6415: result: /usr/local/src/SAOImageDS9/tcl8.6/generic
configure:6428: checking for Tk public headers
configure:6504: result: /usr/local/src/SAOImageDS9/tk8.6/generic
configure:6592: checking for pthread_mutex_init in -lpthread
configure:6625: result: yes
configure:6835: checking for building with threads
configure:6841: result: yes (default)
configure:6870: checking how to build libraries
configure:6911: result: static
configure:6995: checking for ranlib
configure:7027: result: ranlib
configure:7054: checking if 64bit support is requested
configure:7064: result: no
configure:7069: checking if 64bit Sparc VIS support is requested
configure:7079: result: no
configure:7090: checking if compiler supports visibility "hidden"
configure:7121: result: yes
configure:7137: checking if rpath support is requested
configure:7147: result: yes
configure:7154: checking system version
configure:7181: result: Linux-5.15.0-69-generic
configure:7267: checking for ar
configure:7299: result: ar
configure:9019: checking for cast to union support
configure:9048: result: yes
configure:9056: checking for stdbool.h
configure:9056: result: yes
configure:9082: checking for required early compiler flags
configure:9239: result:  _LARGEFILE64_SOURCE
configure:9244: checking for 64-bit integer type
configure:9298: result: yes
configure:9483: checking for build with symbols
configure:9502: result: yes (standard debugging)
configure:9535: checking for X
configure:9760: result: libraries , headers 
configure:9771: gcc -E  conftest.c
configure:9771: $? = 0
configure:9916: checking for grep that handles long lines and -e
configure:9980: result: /bin/grep
configure:9985: checking for egrep
configure:10053: result: /bin/grep -E
configure:10214: checking for tclsh
configure:10249: result: /usr/local/src/SAOImageDS9/tcl8.6/unix/tclsh
configure:10254: checking for wish
configure:10289: result: /usr/local/src/SAOImageDS9/tk8.6/unix/wish
configure:10479: creating ./config.status

## ---------------------- ##
## Running config.status. ##
## ---------------------- ##

This file was extended by tkimgwindow config.status 1.4.13, which was
generated by GNU Autoconf 2.71.  Invocation command line was

  CONFIG_FILES    = 
  CONFIG_HEADERS  = 
  CONFIG_LINKS    = 
  CONFIG_COMMANDS = 
  $ ./config.status 

on nancep7.obs-nancay.fr

config.status:832: creating Makefile
config.status:832: creating tkimgwindowConfig.sh

## ---------------- ##
## Cache variables. ##
## ---------------- ##

ac_cv_c_bigendian=no
ac_cv_c_compiler_gnu=yes
ac_cv_c_jpegtclconfig=/usr/local/src/SAOImageDS9/tkimg/libjpeg
ac_cv_c_pngtclconfig=/usr/local/src/SAOImageDS9/tkimg/libpng
ac_cv_c_tclconfig=/usr/local/src/SAOImageDS9/tcl8.6/unix
ac_cv_c_tclh=/usr/local/src/SAOImageDS9/tcl8.6/generic
ac_cv_c_tifftclconfig=/usr/local/src/SAOImageDS9/tkimg/libtiff
ac_cv_c_tkconfig=/usr/local/src/SAOImageDS9/tk8.6/unix
ac_cv_c_tkh=/usr/local/src/SAOImageDS9/tk8.6/generic
ac_cv_c_tkimgconfig=/usr/local/src/SAOImageDS9/tkimg/base
ac_cv_c_zlibtclconfig=/usr/local/src/SAOImageDS9/tkimg/zlib
ac_cv_env_CC_set=
ac_cv_env_CC_value=
ac_cv_env_CFLAGS_set=
ac_cv_env_CFLAGS_value=
ac_cv_env_CPPFLAGS_set=
ac_cv_env_CPPFLAGS_value=
ac_cv_env_CPP_set=
ac_cv_env_CPP_value=
ac_cv_env_LDFLAGS_set=
ac_cv_env_LDFLAGS_value=
ac_cv_env_LIBS_set=
ac_cv_env_LIBS_value=
ac_cv_env_XMKMF_set=
ac_cv_env_XMKMF_value=
ac_cv_env_build_alias_set=
ac_cv_env_build_alias_value=
ac_cv_env_host_alias_set=
ac_cv_env_host_alias_value=
ac_cv_env_target_alias_set=
ac_cv_env_target_alias_value=
ac_cv_have_x='have_x=yes	ac_x_includes='\'''\''	ac_x_libraries='\'''\'''
ac_cv_header_inttypes_h=yes
ac_cv_header_memory_h=yes
ac_cv_header_stdbool_h=yes
ac_cv_header_stdc=yes
ac_cv_header_stdint_h=yes
ac_cv_header_stdio_h=yes
ac_cv_header_stdlib_h=yes
ac_cv_header_string_h=yes
ac_cv_header_strings_h=yes
ac_cv_header_sys_stat_h=yes
ac_cv_header_sys_types_h=yes
ac_cv_header_unistd_h=yes
ac_cv_lib_pthread_pthread_mutex_init=yes
ac_cv_objext=o
ac_cv_path_EGREP='/bin/grep -E'
ac_cv_path_GREP=/bin/grep
ac_cv_prog_CPP='gcc -E'
ac_cv_prog_ac_ct_AR=ar
ac_cv_prog_ac_ct_CC=gcc
ac_cv_prog_ac_ct_RANLIB=ranlib
ac_cv_prog_cc_c11=
ac_cv_prog_cc_c89=
ac_cv_prog_cc_g=yes
ac_cv_prog_cc_stdc=
ac_cv_prog_make_make_set=yes
tcl_cv_cast_to_union=yes
tcl_cv_cc_pipe=yes
tcl_cv_cc_visibility_hidden=yes
tcl_cv_flag__isoc99_source=no
tcl_cv_flag__largefile64_source=yes
tcl_cv_flag__largefile_source64=no
tcl_cv_sys_version=Linux-5.15.0-69-generic
tcl_cv_type_64bit=none

## ----------------- ##
## Output variables. ##
## ----------------- ##

AR='ar'
CC='gcc'
CFLAGS=' -pipe ${CFLAGS_DEFAULT} ${CFLAGS_WARNING} '
CFLAGS_DEBUG='-g'
CFLAGS_DEFAULT='-g'
CFLAGS_OPTIMIZE='-O2 -fomit-frame-pointer'
CFLAGS_WARNING='-Wall'
CLEANFILES=''
CPP='gcc -E'
CPPFLAGS=''
CYGPATH='echo'
DEFS='-DPACKAGE_NAME=\"tkimgwindow\" -DPACKAGE_TARNAME=\"tkimgwindow\" -DPACKAGE_VERSION=\"1.4.13\" -DPACKAGE_STRING=\"tkimgwindow\ 1.4.13\" -DPACKAGE_BUGREPORT=\"\" -DPACKAGE_URL=\"\" -DBUILD_tkimgwindow=/\*\*/ -DHAVE_STDIO_H=1 -DHAVE_STDLIB_H=1 -DHAVE_STRING_H=1 -DHAVE_INTTYPES_H=1 -DHAVE_STDINT_H=1 -DHAVE_STRINGS_H=1 -DHAVE_SYS_STAT_H=1 -DHAVE_SYS_TYPES_H=1 -DHAVE_UNISTD_H=1 -DSTDC_HEADERS=1 -DUSE_THREAD_ALLOC=1 -D_REENTRANT=1 -D_THREAD_SAFE=1 -DTCL_THREADS=1 -DSTATIC_BUILD=1 -DMODULE_SCOPE=extern\ __attribute__\(\(__visibility__\(\"hidden\"\)\)\) -DHAVE_HIDDEN=1 -DHAVE_CAST_TO_UNION=1 -DHAVE_STDBOOL_H=1 -D_LARGEFILE64_SOURCE=1 -DTCL_WIDE_INT_IS_LONG=1 -DUSE_TCL_STUBS=1 -DUSE_TK_STUBS=1'
ECHO_C=''
ECHO_N='-n'
ECHO_T=''
EGREP='/bin/grep -E'
EXEEXT=''
GREP='/bin/grep'
INSTALL='$(SHELL) $(srcdir)/tclconfig/install-sh -c'
INSTALL_DATA='${INSTALL} -m 644'
INSTALL_DATA_DIR='${INSTALL} -d -m 755'
INSTALL_LIBRARY='${INSTALL} -m 644'
INSTALL_PROGRAM='${INSTALL} -m 755'
INSTALL_SCRIPT='${INSTALL} -m 755'
LDFLAGS=' -Wl,--export-dynamic '
LDFLAGS_DEBUG=''
LDFLAGS_DEFAULT=''
LDFLAGS_OPTIMIZE=''
LD_LIBRARY_PATH_VAR='LD_LIBRARY_PATH'
LIBOBJS=''
LIBS=''
LTLIBOBJS=''
MAJOR_VERSION=''
MAKE_LIB='${STLIB_LD} $@ $(PKG_OBJECTS) '
MAKE_SHARED_LIB='${SHLIB_LD} ${LDFLAGS} ${LDFLAGS_DEFAULT} -o $@ $(PKG_OBJECTS) ${SHLIB_LD_LIBS}'
MAKE_STATIC_LIB='${STLIB_LD} $@ $(PKG_OBJECTS)'
MAKE_STUB_LIB='${STLIB_LD} $@ $(PKG_STUB_OBJECTS)'
MINOR_VERSION=''
OBJEXT='o'
PACKAGE_BUGREPORT=''
PACKAGE_NAME='tkimgwindow'
PACKAGE_STRING='tkimgwindow 1.4.13'
PACKAGE_TARNAME='tkimgwindow'
PACKAGE_TCLNAME='img::window'
PACKAGE_URL=''
PACKAGE_VERSION='1.4.13'
PATCHLEVEL=''
PATH_SEPARATOR=':'
PHIMGTYPE='window'
PKG_CFLAGS='  -DTKIMG_VERSION=\"${tkimg_VERSION}\"'
PKG_HEADERS=''
PKG_INCLUDES=' -I"/usr/local/src/SAOImageDS9/tkimg/base/." -I.'
PKG_LIBS=' -L/usr/local/src/SAOImageDS9/tkimg/base -ltkimgstub1.4.13 -lX11 -L/usr/local/src/SAOImageDS9/tkimg/base -ltkimgstub1.4.13'
PKG_LIB_FILE='libtkimgwindow1.4.13.a'
PKG_OBJECTS=' window.o'
PKG_SOURCES=' window.c'
PKG_STUB_LIB_FILE='libtkimgwindowstub1.4.13.a'
PKG_STUB_OBJECTS=''
PKG_STUB_SOURCES=''
PKG_TCL_SOURCES=''
RANLIB='ranlib'
RANLIB_STUB='ranlib'
RC=''
SET_MAKE=''
SHARED_BUILD='0'
SHELL='/bin/bash'
SHLIB_CFLAGS='-fPIC'
SHLIB_LD='${CC} ${CFLAGS} ${LDFLAGS_DEFAULT} -shared'
SHLIB_LD_LIBS='${LIBS}'
STLIB_LD='${AR} cr'
STUBS_BUILD='0'
TCLSH_PROG='/usr/local/src/SAOImageDS9/tcl8.6/unix/tclsh'
TCL_BIN_DIR='/usr/local/src/SAOImageDS9/tcl8.6/unix'
TCL_DEFS='-DPACKAGE_NAME=\"tcl\" -DPACKAGE_TARNAME=\"tcl\" -DPACKAGE_VERSION=\"8.6\" -DPACKAGE_STRING=\"tcl\ 8.6\" -DPACKAGE_BUGREPORT=\"\" -DSTDC_HEADERS=1 -DHAVE_SYS_TYPES_H=1 -DHAVE_SYS_STAT_H=1 -DHAVE_STDLIB_H=1 -DHAVE_STRING_H=1 -DHAVE_MEMORY_H=1 -DHAVE_STRINGS_H=1 -DHAVE_INTTYPES_H=1 -DHAVE_STDINT_H=1 -DHAVE_UNISTD_H=1 -DHAVE_SYS_PARAM_H=1 -DUSE_THREAD_ALLOC=1 -D_REENTRANT=1 -D_THREAD_SAFE=1 -DHAVE_PTHREAD_ATTR_SETSTACKSIZE=1 -DHAVE_PTHREAD_ATFORK=1 -DTCL_THREADS=1 -DTCL_CFGVAL_ENCODING=\"iso8859-1\" -DSTATIC_BUILD=1 -DHAVE_ZLIB=1 -DMODULE_SCOPE=extern\ __attribute__\(\(__visibility__\(\"hidden\"\)\)\) -DHAVE_HIDDEN=1 -DHAVE_CAST_TO_UNION=1 -DTCL_SHLIB_EXT=\".so\" -DTCL_TOMMATH=1 -DMP_PREC=4 -D_LARGEFILE64_SOURCE=1 -DTCL_WIDE_INT_IS_LONG=1 -DHAVE_GETCWD=1 -DHAVE_MKSTEMP=1 -DHAVE_OPENDIR=1 -DHAVE_STRTOL=1 -DHAVE_WAITPID=1 -DHAVE_GETNAMEINFO=1 -DHAVE_GETADDRINFO=1 -DHAVE_FREEADDRINFO=1 -DHAVE_GAI_STRERROR=1 -DHAVE_STRUCT_ADDRINFO=1 -DHAVE_STRUCT_IN6_ADDR=1 -DHAVE_STRUCT_SOCKADDR_IN6=1 -DHAVE_STRUCT_SOCKADDR_STORAGE=1 -DHAVE_GETPWUID_R_5=1 -DHAVE_GETPWUID_R=1 -DHAVE_GETPWNAM_R_5=1 -DHAVE_GETPWNAM_R=1 -DHAVE_GETGRGID_R_5=1 -DHAVE_GETGRGID_R=1 -DHAVE_GETGRNAM_R_5=1 -DHAVE_GETGRNAM_R=1 -DHAVE_DECL_GETHOSTBYNAME_R=1 -DHAVE_GETHOSTBYNAME_R_6=1 -DHAVE_GETHOSTBYNAME_R=1 -DHAVE_DECL_GETHOSTBYADDR_R=1 -DHAVE_GETHOSTBYADDR_R_8=1 -DHAVE_GETHOSTBYADDR_R=1 -DHAVE_TERMIOS_H=1 -DHAVE_SYS_IOCTL_H=1 -DHAVE_SYS_TIME_H=1 -DTIME_WITH_SYS_TIME=1 -DHAVE_GMTIME_R=1 -DHAVE_LOCALTIME_R=1 -DHAVE_MKTIME=1 -DHAVE_TM_GMTOFF=1 -DHAVE_TIMEZONE_VAR=1 -DHAVE_STRUCT_STAT_ST_BLOCKS=1 -DHAVE_STRUCT_STAT_ST_BLKSIZE=1 -DHAVE_BLKCNT_T=1 -DHAVE_INTPTR_T=1 -DHAVE_UINTPTR_T=1 -DNO_UNION_WAIT=1 -DHAVE_SIGNED_CHAR=1 -DHAVE_LANGINFO=1 -DHAVE_MKSTEMPS=1 -DHAVE_FTS=1 -DHAVE_SYS_IOCTL_H=1 -DTCL_UNLOAD_DLLS=1 -DHAVE_CPUID=1 '
TCL_EXTRA_CFLAGS=' -pipe '
TCL_INCLUDES='-I"/usr/local/src/SAOImageDS9/tcl8.6/generic"'
TCL_LD_FLAGS=' -Wl,--export-dynamic '
TCL_LIBS='-ldl -lz  -lpthread -lm'
TCL_LIB_FILE='libtcl8.6.a'
TCL_LIB_FLAG='-ltcl8.6'
TCL_LIB_SPEC='-L/usr/local/src/SAOImageDS9/tcl8.6/unix -ltcl8.6'
TCL_PATCH_LEVEL='.12'
TCL_SHLIB_LD_LIBS='${LIBS}'
TCL_SRC_DIR='/usr/local/src/SAOImageDS9/tcl8.6'
TCL_STUB_LIB_FILE='libtclstub8.6.a'
TCL_STUB_LIB_FLAG='-ltclstub8.6'
TCL_STUB_LIB_SPEC='-L/usr/local/src/SAOImageDS9/tcl8.6/unix -ltclstub8.6'
TCL_THREADS='1'
TCL_TOP_DIR_NATIVE=''
TCL_VERSION='8.6'
TK_BIN_DIR='/usr/local/src/SAOImageDS9/tk8.6/unix'
TK_INCLUDES='-I"/usr/local/src/SAOImageDS9/tk8.6/generic"'
TK_LIBS='-lX11 -lXft -lfontconfig -lfreetype -lfontconfig  -lpthread -ldl -lz  -lpthread -lm'
TK_LIB_FILE='libtk8.6.a'
TK_LIB_FLAG='-ltk8.6'
TK_LIB_SPEC='-L/usr/local/src/SAOImageDS9/tk8.6/unix -ltk8.6'
TK_SRC_DIR='/usr/local/src/SAOImageDS9/tk8.6'
TK_STUB_LIB_FILE='libtkstub8.6.a'
TK_STUB_LIB_FLAG='-ltkstub8.6'
TK_STUB_LIB_SPEC='-L/usr/local/src/SAOImageDS9/tk8.6/unix -ltkstub8.6'
TK_TOP_DIR_NATIVE=''
TK_VERSION='8.6'
TK_XINCLUDES=''
TK_XLIB_DIR_NATIVE=''
VC_MANIFEST_EMBED_DLL=''
VC_MANIFEST_EMBED_EXE=''
WISH_PROG='/usr/local/src/SAOImageDS9/tk8.6/unix/wish'
XMKMF=''
ac_ct_CC='gcc'
bindir='${exec_prefix}/bin'
build_alias=''
datadir='${datarootdir}'
datarootdir='${prefix}/share'
docdir='${datarootdir}/doc/${PACKAGE_TARNAME}'
dvidir='${docdir}'
exec_prefix='/usr/local/src/SAOImageDS9'
host_alias=''
htmldir='${docdir}'
includedir='${prefix}/include'
infodir='${datarootdir}/info'
libdir='/usr/local/src/SAOImageDS9/lib'
libexecdir='${exec_prefix}/libexec'
localedir='${datarootdir}/locale'
localstatedir='${prefix}/var'
mandir='${datarootdir}/man'
oldincludedir='/usr/include'
pdfdir='${docdir}'
prefix='/usr/local/src/SAOImageDS9'
program_transform_name='s,x,x,'
psdir='${docdir}'
runstatedir='${localstatedir}/run'
sbindir='${exec_prefix}/sbin'
sharedstatedir='${prefix}/com'
sysconfdir='${prefix}/etc'
target_alias=''
tkimg_BIN_DIR='/usr/local/src/SAOImageDS9/tkimg/base'
tkimg_BUILD_PATH='/usr/local/src/SAOImageDS9/tkimg/base'
tkimg_LIB_FILE='libtkimg1.4.13.a'
tkimg_LIB_SPEC='-L/usr/local/src/SAOImageDS9/tkimg/base -ltkimg1.4.13'
tkimg_SRC_DIR='.'
tkimg_SRC_PATH='/usr/local/src/SAOImageDS9/tkimg/base/.'
tkimg_STUB_LIB_FILE='libtkimgstub1.4.13.a'
tkimg_STUB_LIB_PATH='/usr/local/src/SAOImageDS9/tkimg/base/libtkimgstub1.4.13.a'
tkimg_STUB_LIB_SPEC='-L/usr/local/src/SAOImageDS9/tkimg/base -ltkimgstub1.4.13'
tkimg_VERSION='1.4.13'
tkimgwindow_BUILD_LIB_SPEC='-L/usr/local/src/SAOImageDS9/tkimg/window -ltkimgwindow1.4.13'
tkimgwindow_BUILD_STUB_LIB_PATH='/usr/local/src/SAOImageDS9/tkimg/window/libtkimgwindowstub1.4.13.a'
tkimgwindow_BUILD_STUB_LIB_SPEC='-L/usr/local/src/SAOImageDS9/tkimg/window -ltkimgwindowstub1.4.13'
tkimgwindow_LIB_SPEC='-L/usr/local/src/SAOImageDS9/lib/tkimgwindow1.4.13 -ltkimgwindow1.4.13'
tkimgwindow_STUB_LIB_PATH='/usr/local/src/SAOImageDS9/lib/tkimgwindow1.4.13/libtkimgwindowstub1.4.13.a'
tkimgwindow_STUB_LIB_SPEC='-L/usr/local/src/SAOImageDS9/lib/tkimgwindow1.4.13 -ltkimgwindowstub1.4.13'

## ----------- ##
## confdefs.h. ##
## ----------- ##

/* confdefs.h */
#define PACKAGE_NAME "tkimgwindow"
#define PACKAGE_TARNAME "tkimgwindow"
#define PACKAGE_VERSION "1.4.13"
#define PACKAGE_STRING "tkimgwindow 1.4.13"
#define PACKAGE_BUGREPORT ""
#define PACKAGE_URL ""
#define BUILD_tkimgwindow /**/
#define HAVE_STDIO_H 1
#define HAVE_STDLIB_H 1
#define HAVE_STRING_H 1
#define HAVE_INTTYPES_H 1
#define HAVE_STDINT_H 1
#define HAVE_STRINGS_H 1
#define HAVE_SYS_STAT_H 1
#define HAVE_SYS_TYPES_H 1
#define HAVE_UNISTD_H 1
#define STDC_HEADERS 1
#define USE_THREAD_ALLOC 1
#define _REENTRANT 1
#define _THREAD_SAFE 1
#define TCL_THREADS 1
#define STATIC_BUILD 1
#define MODULE_SCOPE extern __attribute__((__visibility__("hidden")))
#define HAVE_HIDDEN 1
#define HAVE_CAST_TO_UNION 1
#define HAVE_STDBOOL_H 1
#define _LARGEFILE64_SOURCE 1
#define TCL_WIDE_INT_IS_LONG 1
#define USE_TCL_STUBS 1
#define USE_TK_STUBS 1

configure: exit 0
