This file contains any messages produced by compilers while
running configure, to aid debugging if configure makes a mistake.

It was created by tls configure 1.6.7, which was
generated by GNU Autoconf 2.69.  Invocation command line was

  $ ./configure --with-ssl-dir=/usr/local/src/SAOImageDS9/openssl --with-tcl=/usr/local/src/SAOImageDS9/tcl8.6/unix --prefix /usr/local/src/SAOImageDS9 --exec-prefix /usr/local/src/SAOImageDS9 --libdir /usr/local/src/SAOImageDS9/lib --disable-shared --disable-stubs --enable-symbols

## --------- ##
## Platform. ##
## --------- ##

hostname = nancep7.obs-nancay.fr
uname -m = x86_64
uname -r = 5.15.0-69-generic
uname -s = Linux
uname -v = #76~20.04.1-Ubuntu SMP Mon Mar 20 15:54:19 UTC 2023

/usr/bin/uname -p = unknown
/bin/uname -X     = unknown

/bin/arch              = unknown
/usr/bin/arch -k       = unknown
/usr/convex/getsysinfo = unknown
/usr/bin/hostinfo      = unknown
/bin/machine           = unknown
/usr/bin/oslevel       = unknown
/bin/universe          = unknown

PATH: /usr/local/sbin
PATH: /usr/local/bin
PATH: /usr/sbin
PATH: /usr/bin
PATH: /sbin
PATH: /bin


## ----------- ##
## Core tests. ##
## ----------- ##

configure:2118: checking TEA configuration
configure:2124: result: ok (TEA 3.13)
configure:2205: configuring tls 1.6.7
configure:2235: checking system version
configure:2258: result: Linux-5.15.0-69-generic
configure:2327: checking for Tcl configuration
configure:2460: result: found /usr/local/src/SAOImageDS9/tcl8.6/unix/tclConfig.sh
configure:2513: checking for gcc
configure:2529: found /usr/bin/gcc
configure:2540: result: gcc
configure:2769: checking for C compiler version
configure:2778: gcc --version >&5
gcc (Debian 10.2.1-6) 10.2.1 20210110
Copyright (C) 2020 Free Software Foundation, Inc.
This is free software; see the source for copying conditions.  There is NO
warranty; not even for MERCHANTABILITY or FITNESS FOR A PARTICULAR PURPOSE.

configure:2789: $? = 0
configure:2778: gcc -v >&5
Using built-in specs.
COLLECT_GCC=gcc
COLLECT_LTO_WRAPPER=/usr/lib/gcc/x86_64-linux-gnu/10/lto-wrapper
OFFLOAD_TARGET_NAMES=nvptx-none:amdgcn-amdhsa:hsa
OFFLOAD_TARGET_DEFAULT=1
Target: x86_64-linux-gnu
Configured with: ../src/configure -v --with-pkgversion='Debian 10.2.1-6' --with-bugurl=file:///usr/share/doc/gcc-10/README.Bugs --enable-languages=c,ada,c++,go,brig,d,fortran,objc,obj-c++,m2 --prefix=/usr --with-gcc-major-version-only --program-suffix=-10 --program-prefix=x86_64-linux-gnu- --enable-shared --enable-linker-build-id --libexecdir=/usr/lib --without-included-gettext --enable-threads=posix --libdir=/usr/lib --enable-nls --enable-bootstrap --enable-clocale=gnu --enable-libstdcxx-debug --enable-libstdcxx-time=yes --with-default-libstdcxx-abi=new --enable-gnu-unique-object --disable-vtable-verify --enable-plugin --enable-default-pie --with-system-zlib --enable-libphobos-checking=release --with-target-system-zlib=auto --enable-objc-gc=auto --enable-multiarch --disable-werror --with-arch-32=i686 --with-abi=m64 --with-multilib-list=m32,m64,mx32 --enable-multilib --with-tune=generic --enable-offload-targets=nvptx-none=/build/gcc-10-Km9U7s/gcc-10-10.2.1/debian/tmp-nvptx/usr,amdgcn-amdhsa=/build/gcc-10-Km9U7s/gcc-10-10.2.1/debian/tmp-gcn/usr,hsa --without-cuda-driver --enable-checking=release --build=x86_64-linux-gnu --host=x86_64-linux-gnu --target=x86_64-linux-gnu --with-build-config=bootstrap-lto-lean --enable-link-mutex
Thread model: posix
Supported LTO compression algorithms: zlib zstd
gcc version 10.2.1 20210110 (Debian 10.2.1-6) 
... rest of stderr output deleted ...
configure:2789: $? = 0
configure:2778: gcc -V >&5
gcc: error: unrecognized command-line option '-V'
gcc: fatal error: no input files
compilation terminated.
configure:2789: $? = 1
configure:2778: gcc -qversion >&5
gcc: error: unrecognized command-line option '-qversion'; did you mean '--version'?
gcc: fatal error: no input files
compilation terminated.
configure:2789: $? = 1
configure:2809: checking whether the C compiler works
configure:2831: gcc    conftest.c  >&5
configure:2835: $? = 0
configure:2883: result: yes
configure:2886: checking for C compiler default output file name
configure:2888: result: a.out
configure:2894: checking for suffix of executables
configure:2901: gcc -o conftest    conftest.c  >&5
configure:2905: $? = 0
configure:2927: result: 
configure:2949: checking whether we are cross compiling
configure:2957: gcc -o conftest    conftest.c  >&5
configure:2961: $? = 0
configure:2968: ./conftest
configure:2972: $? = 0
configure:2987: result: no
configure:2992: checking for suffix of object files
configure:3014: gcc -c   conftest.c >&5
configure:3018: $? = 0
configure:3039: result: o
configure:3043: checking whether we are using the GNU C compiler
configure:3062: gcc -c   conftest.c >&5
configure:3062: $? = 0
configure:3071: result: yes
configure:3080: checking whether gcc accepts -g
configure:3100: gcc -c -g  conftest.c >&5
configure:3100: $? = 0
configure:3141: result: yes
configure:3158: checking for gcc option to accept ISO C89
configure:3221: gcc  -c   conftest.c >&5
configure:3221: $? = 0
configure:3234: result: none needed
configure:3256: checking for existence of /usr/local/src/SAOImageDS9/tcl8.6/unix/tclConfig.sh
configure:3260: result: loading
configure:3324: checking platform
configure:3342: gcc -c   conftest.c >&5
configure:3342: $? = 0
configure:3392: result: unix
configure:3515: checking for gcc
configure:3542: result: gcc
configure:3771: checking for C compiler version
configure:3780: gcc --version >&5
gcc (Debian 10.2.1-6) 10.2.1 20210110
Copyright (C) 2020 Free Software Foundation, Inc.
This is free software; see the source for copying conditions.  There is NO
warranty; not even for MERCHANTABILITY or FITNESS FOR A PARTICULAR PURPOSE.

configure:3791: $? = 0
configure:3780: gcc -v >&5
Using built-in specs.
COLLECT_GCC=gcc
COLLECT_LTO_WRAPPER=/usr/lib/gcc/x86_64-linux-gnu/10/lto-wrapper
OFFLOAD_TARGET_NAMES=nvptx-none:amdgcn-amdhsa:hsa
OFFLOAD_TARGET_DEFAULT=1
Target: x86_64-linux-gnu
Configured with: ../src/configure -v --with-pkgversion='Debian 10.2.1-6' --with-bugurl=file:///usr/share/doc/gcc-10/README.Bugs --enable-languages=c,ada,c++,go,brig,d,fortran,objc,obj-c++,m2 --prefix=/usr --with-gcc-major-version-only --program-suffix=-10 --program-prefix=x86_64-linux-gnu- --enable-shared --enable-linker-build-id --libexecdir=/usr/lib --without-included-gettext --enable-threads=posix --libdir=/usr/lib --enable-nls --enable-bootstrap --enable-clocale=gnu --enable-libstdcxx-debug --enable-libstdcxx-time=yes --with-default-libstdcxx-abi=new --enable-gnu-unique-object --disable-vtable-verify --enable-plugin --enable-default-pie --with-system-zlib --enable-libphobos-checking=release --with-target-system-zlib=auto --enable-objc-gc=auto --enable-multiarch --disable-werror --with-arch-32=i686 --with-abi=m64 --with-multilib-list=m32,m64,mx32 --enable-multilib --with-tune=generic --enable-offload-targets=nvptx-none=/build/gcc-10-Km9U7s/gcc-10-10.2.1/debian/tmp-nvptx/usr,amdgcn-amdhsa=/build/gcc-10-Km9U7s/gcc-10-10.2.1/debian/tmp-gcn/usr,hsa --without-cuda-driver --enable-checking=release --build=x86_64-linux-gnu --host=x86_64-linux-gnu --target=x86_64-linux-gnu --with-build-config=bootstrap-lto-lean --enable-link-mutex
Thread model: posix
Supported LTO compression algorithms: zlib zstd
gcc version 10.2.1 20210110 (Debian 10.2.1-6) 
... rest of stderr output deleted ...
configure:3791: $? = 0
configure:3780: gcc -V >&5
gcc: error: unrecognized command-line option '-V'
gcc: fatal error: no input files
compilation terminated.
configure:3791: $? = 1
configure:3780: gcc -qversion >&5
gcc: error: unrecognized command-line option '-qversion'; did you mean '--version'?
gcc: fatal error: no input files
compilation terminated.
configure:3791: $? = 1
configure:3795: checking whether we are using the GNU C compiler
configure:3823: result: yes
configure:3832: checking whether gcc accepts -g
configure:3893: result: yes
configure:3910: checking for gcc option to accept ISO C89
configure:3986: result: none needed
configure:4011: checking how to run the C preprocessor
configure:4042: gcc -E  conftest.c
configure:4042: $? = 0
configure:4056: gcc -E  conftest.c
conftest.c:10:10: fatal error: ac_nonexistent.h: No such file or directory
   10 | #include <ac_nonexistent.h>
      |          ^~~~~~~~~~~~~~~~~~
compilation terminated.
configure:4056: $? = 1
configure: failed program was:
| /* confdefs.h */
| #define PACKAGE_NAME "tls"
| #define PACKAGE_TARNAME "tls"
| #define PACKAGE_VERSION "1.6.7"
| #define PACKAGE_STRING "tls 1.6.7"
| #define PACKAGE_BUGREPORT ""
| #define PACKAGE_URL ""
| #define BUILD_tls /**/
| /* end confdefs.h.  */
| #include <ac_nonexistent.h>
configure:4081: result: gcc -E
configure:4101: gcc -E  conftest.c
configure:4101: $? = 0
configure:4115: gcc -E  conftest.c
conftest.c:10:10: fatal error: ac_nonexistent.h: No such file or directory
   10 | #include <ac_nonexistent.h>
      |          ^~~~~~~~~~~~~~~~~~
compilation terminated.
configure:4115: $? = 1
configure: failed program was:
| /* confdefs.h */
| #define PACKAGE_NAME "tls"
| #define PACKAGE_TARNAME "tls"
| #define PACKAGE_VERSION "1.6.7"
| #define PACKAGE_STRING "tls 1.6.7"
| #define PACKAGE_BUGREPORT ""
| #define PACKAGE_URL ""
| #define BUILD_tls /**/
| /* end confdefs.h.  */
| #include <ac_nonexistent.h>
configure:4148: checking whether make sets $(MAKE)
configure:4170: result: yes
configure:4227: checking for ranlib
configure:4243: found /usr/bin/ranlib
configure:4254: result: ranlib
configure:4285: checking for grep that handles long lines and -e
configure:4343: result: /bin/grep
configure:4348: checking for egrep
configure:4410: result: /bin/grep -E
configure:4415: checking for ANSI C header files
configure:4435: gcc -c   conftest.c >&5
configure:4435: $? = 0
configure:4508: gcc -o conftest    conftest.c  >&5
configure:4508: $? = 0
configure:4508: ./conftest
configure:4508: $? = 0
configure:4519: result: yes
configure:4532: checking for sys/types.h
configure:4532: gcc -c   conftest.c >&5
configure:4532: $? = 0
configure:4532: result: yes
configure:4532: checking for sys/stat.h
configure:4532: gcc -c   conftest.c >&5
configure:4532: $? = 0
configure:4532: result: yes
configure:4532: checking for stdlib.h
configure:4532: gcc -c   conftest.c >&5
configure:4532: $? = 0
configure:4532: result: yes
configure:4532: checking for string.h
configure:4532: gcc -c   conftest.c >&5
configure:4532: $? = 0
configure:4532: result: yes
configure:4532: checking for memory.h
configure:4532: gcc -c   conftest.c >&5
configure:4532: $? = 0
configure:4532: result: yes
configure:4532: checking for strings.h
configure:4532: gcc -c   conftest.c >&5
configure:4532: $? = 0
configure:4532: result: yes
configure:4532: checking for inttypes.h
configure:4532: gcc -c   conftest.c >&5
configure:4532: $? = 0
configure:4532: result: yes
configure:4532: checking for stdint.h
configure:4532: gcc -c   conftest.c >&5
configure:4532: $? = 0
configure:4532: result: yes
configure:4532: checking for unistd.h
configure:4532: gcc -c   conftest.c >&5
configure:4532: $? = 0
configure:4532: result: yes
configure:4554: checking if the compiler understands -pipe
configure:4572: gcc -c  -pipe  conftest.c >&5
configure:4572: $? = 0
configure:4580: result: yes
configure:4591: checking whether byte ordering is bigendian
configure:4606: gcc -c  -pipe  conftest.c >&5
conftest.c:21:9: error: unknown type name 'not'
   21 |         not a universal capable compiler
      |         ^~~
conftest.c:21:15: error: expected '=', ',', ';', 'asm' or '__attribute__' before 'universal'
   21 |         not a universal capable compiler
      |               ^~~~~~~~~
conftest.c:21:15: error: unknown type name 'universal'
configure:4606: $? = 1
configure: failed program was:
| /* confdefs.h */
| #define PACKAGE_NAME "tls"
| #define PACKAGE_TARNAME "tls"
| #define PACKAGE_VERSION "1.6.7"
| #define PACKAGE_STRING "tls 1.6.7"
| #define PACKAGE_BUGREPORT ""
| #define PACKAGE_URL ""
| #define BUILD_tls /**/
| #define STDC_HEADERS 1
| #define HAVE_SYS_TYPES_H 1
| #define HAVE_SYS_STAT_H 1
| #define HAVE_STDLIB_H 1
| #define HAVE_STRING_H 1
| #define HAVE_MEMORY_H 1
| #define HAVE_STRINGS_H 1
| #define HAVE_INTTYPES_H 1
| #define HAVE_STDINT_H 1
| #define HAVE_UNISTD_H 1
| /* end confdefs.h.  */
| #ifndef __APPLE_CC__
| 	       not a universal capable compiler
| 	     #endif
| 	     typedef int dummy;
| 
configure:4651: gcc -c  -pipe  conftest.c >&5
configure:4651: $? = 0
configure:4669: gcc -c  -pipe  conftest.c >&5
conftest.c: In function 'main':
conftest.c:27:4: error: unknown type name 'not'; did you mean 'ino_t'?
   27 |    not big endian
      |    ^~~
      |    ino_t
conftest.c:27:12: error: expected '=', ',', ';', 'asm' or '__attribute__' before 'endian'
   27 |    not big endian
      |            ^~~~~~
configure:4669: $? = 1
configure: failed program was:
| /* confdefs.h */
| #define PACKAGE_NAME "tls"
| #define PACKAGE_TARNAME "tls"
| #define PACKAGE_VERSION "1.6.7"
| #define PACKAGE_STRING "tls 1.6.7"
| #define PACKAGE_BUGREPORT ""
| #define PACKAGE_URL ""
| #define BUILD_tls /**/
| #define STDC_HEADERS 1
| #define HAVE_SYS_TYPES_H 1
| #define HAVE_SYS_STAT_H 1
| #define HAVE_STDLIB_H 1
| #define HAVE_STRING_H 1
| #define HAVE_MEMORY_H 1
| #define HAVE_STRINGS_H 1
| #define HAVE_INTTYPES_H 1
| #define HAVE_STDINT_H 1
| #define HAVE_UNISTD_H 1
| /* end confdefs.h.  */
| #include <sys/types.h>
| 		#include <sys/param.h>
| 
| int
| main ()
| {
| #if BYTE_ORDER != BIG_ENDIAN
| 		 not big endian
| 		#endif
| 
|   ;
|   return 0;
| }
configure:4797: result: no
configure:4966: checking for Tcl public headers
configure:5037: result: /usr/local/src/SAOImageDS9/tcl8.6/generic
configure:5098: checking for pthread_mutex_init in -lpthread
configure:5123: gcc -o conftest  -pipe   conftest.c -lpthread   >&5
configure:5123: $? = 0
configure:5132: result: yes
configure:5341: checking for building with threads
configure:5347: result: yes (default)
configure:5376: checking how to build libraries
configure:5415: result: static
configure:5494: checking for ranlib
configure:5521: result: ranlib
configure:5548: checking if 64bit support is requested
configure:5557: result: no
configure:5562: checking if 64bit Sparc VIS support is requested
configure:5571: result: no
configure:5581: checking if compiler supports visibility "hidden"
configure:5601: gcc -o conftest  -pipe -Werror   conftest.c  >&5
configure:5601: $? = 0
configure:5610: result: yes
configure:5625: checking if rpath support is requested
configure:5634: result: yes
configure:5659: checking system version
configure:5682: result: Linux-5.15.0-69-generic
configure:5762: checking for ar
configure:5778: found /usr/bin/ar
configure:5789: result: ar
configure:7551: checking for cast to union support
configure:7570: gcc -c  -pipe  conftest.c >&5
configure:7570: $? = 0
configure:7578: result: yes
configure:7601: checking for required early compiler flags
configure:7619: gcc -c  -pipe  conftest.c >&5
configure:7619: $? = 0
configure:7666: gcc -c  -pipe  conftest.c >&5
conftest.c: In function 'main':
conftest.c:32:15: error: storage size of 'buf' isn't known
   32 | struct stat64 buf; int i = stat64("/", &buf);
      |               ^~~
conftest.c:32:28: warning: implicit declaration of function 'stat64'; did you mean 'stat'? [-Wimplicit-function-declaration]
   32 | struct stat64 buf; int i = stat64("/", &buf);
      |                            ^~~~~~
      |                            stat
configure:7666: $? = 1
configure: failed program was:
| /* confdefs.h */
| #define PACKAGE_NAME "tls"
| #define PACKAGE_TARNAME "tls"
| #define PACKAGE_VERSION "1.6.7"
| #define PACKAGE_STRING "tls 1.6.7"
| #define PACKAGE_BUGREPORT ""
| #define PACKAGE_URL ""
| #define BUILD_tls /**/
| #define STDC_HEADERS 1
| #define HAVE_SYS_TYPES_H 1
| #define HAVE_SYS_STAT_H 1
| #define HAVE_STDLIB_H 1
| #define HAVE_STRING_H 1
| #define HAVE_MEMORY_H 1
| #define HAVE_STRINGS_H 1
| #define HAVE_INTTYPES_H 1
| #define HAVE_STDINT_H 1
| #define HAVE_UNISTD_H 1
| #define USE_THREAD_ALLOC 1
| #define _REENTRANT 1
| #define _THREAD_SAFE 1
| #define TCL_THREADS 1
| #define STATIC_BUILD 1
| #define MODULE_SCOPE extern __attribute__((__visibility__("hidden")))
| #define HAVE_HIDDEN 1
| #define HAVE_CAST_TO_UNION 1
| /* end confdefs.h.  */
| #include <sys/stat.h>
| int
| main ()
| {
| struct stat64 buf; int i = stat64("/", &buf);
|   ;
|   return 0;
| }
configure:7681: gcc -c  -pipe  conftest.c >&5
configure:7681: $? = 0
configure:7713: gcc -c  -pipe  conftest.c >&5
conftest.c: In function 'main':
conftest.c:33:19: error: 'open64' undeclared (first use in this function)
   33 | char *p = (char *)open64;
      |                   ^~~~~~
conftest.c:33:19: note: each undeclared identifier is reported only once for each function it appears in
configure:7713: $? = 1
configure: failed program was:
| /* confdefs.h */
| #define PACKAGE_NAME "tls"
| #define PACKAGE_TARNAME "tls"
| #define PACKAGE_VERSION "1.6.7"
| #define PACKAGE_STRING "tls 1.6.7"
| #define PACKAGE_BUGREPORT ""
| #define PACKAGE_URL ""
| #define BUILD_tls /**/
| #define STDC_HEADERS 1
| #define HAVE_SYS_TYPES_H 1
| #define HAVE_SYS_STAT_H 1
| #define HAVE_STDLIB_H 1
| #define HAVE_STRING_H 1
| #define HAVE_MEMORY_H 1
| #define HAVE_STRINGS_H 1
| #define HAVE_INTTYPES_H 1
| #define HAVE_STDINT_H 1
| #define HAVE_UNISTD_H 1
| #define USE_THREAD_ALLOC 1
| #define _REENTRANT 1
| #define _THREAD_SAFE 1
| #define TCL_THREADS 1
| #define STATIC_BUILD 1
| #define MODULE_SCOPE extern __attribute__((__visibility__("hidden")))
| #define HAVE_HIDDEN 1
| #define HAVE_CAST_TO_UNION 1
| #define _LARGEFILE64_SOURCE 1
| /* end confdefs.h.  */
| #include <sys/stat.h>
| int
| main ()
| {
| char *p = (char *)open64;
|   ;
|   return 0;
| }
configure:7728: gcc -c  -pipe  conftest.c >&5
conftest.c: In function 'main':
conftest.c:34:19: error: 'open64' undeclared (first use in this function)
   34 | char *p = (char *)open64;
      |                   ^~~~~~
conftest.c:34:19: note: each undeclared identifier is reported only once for each function it appears in
configure:7728: $? = 1
configure: failed program was:
| /* confdefs.h */
| #define PACKAGE_NAME "tls"
| #define PACKAGE_TARNAME "tls"
| #define PACKAGE_VERSION "1.6.7"
| #define PACKAGE_STRING "tls 1.6.7"
| #define PACKAGE_BUGREPORT ""
| #define PACKAGE_URL ""
| #define BUILD_tls /**/
| #define STDC_HEADERS 1
| #define HAVE_SYS_TYPES_H 1
| #define HAVE_SYS_STAT_H 1
| #define HAVE_STDLIB_H 1
| #define HAVE_STRING_H 1
| #define HAVE_MEMORY_H 1
| #define HAVE_STRINGS_H 1
| #define HAVE_INTTYPES_H 1
| #define HAVE_STDINT_H 1
| #define HAVE_UNISTD_H 1
| #define USE_THREAD_ALLOC 1
| #define _REENTRANT 1
| #define _THREAD_SAFE 1
| #define TCL_THREADS 1
| #define STATIC_BUILD 1
| #define MODULE_SCOPE extern __attribute__((__visibility__("hidden")))
| #define HAVE_HIDDEN 1
| #define HAVE_CAST_TO_UNION 1
| #define _LARGEFILE64_SOURCE 1
| /* end confdefs.h.  */
| #define _LARGEFILE_SOURCE64 1
| #include <sys/stat.h>
| int
| main ()
| {
| char *p = (char *)open64;
|   ;
|   return 0;
| }
configure:7749: result:  _LARGEFILE64_SOURCE
configure:7754: checking for 64-bit integer type
configure:7773: gcc -c  -pipe  conftest.c >&5
conftest.c: In function 'main':
conftest.c:33:1: error: unknown type name '__int64'
   33 | __int64 value = (__int64) 0;
      | ^~~~~~~
conftest.c:33:18: error: '__int64' undeclared (first use in this function)
   33 | __int64 value = (__int64) 0;
      |                  ^~~~~~~
conftest.c:33:18: note: each undeclared identifier is reported only once for each function it appears in
conftest.c:33:27: error: expected ',' or ';' before numeric constant
   33 | __int64 value = (__int64) 0;
      |                           ^
configure:7773: $? = 1
configure: failed program was:
| /* confdefs.h */
| #define PACKAGE_NAME "tls"
| #define PACKAGE_TARNAME "tls"
| #define PACKAGE_VERSION "1.6.7"
| #define PACKAGE_STRING "tls 1.6.7"
| #define PACKAGE_BUGREPORT ""
| #define PACKAGE_URL ""
| #define BUILD_tls /**/
| #define STDC_HEADERS 1
| #define HAVE_SYS_TYPES_H 1
| #define HAVE_SYS_STAT_H 1
| #define HAVE_STDLIB_H 1
| #define HAVE_STRING_H 1
| #define HAVE_MEMORY_H 1
| #define HAVE_STRINGS_H 1
| #define HAVE_INTTYPES_H 1
| #define HAVE_STDINT_H 1
| #define HAVE_UNISTD_H 1
| #define USE_THREAD_ALLOC 1
| #define _REENTRANT 1
| #define _THREAD_SAFE 1
| #define TCL_THREADS 1
| #define STATIC_BUILD 1
| #define MODULE_SCOPE extern __attribute__((__visibility__("hidden")))
| #define HAVE_HIDDEN 1
| #define HAVE_CAST_TO_UNION 1
| #define _LARGEFILE64_SOURCE 1
| /* end confdefs.h.  */
| 
| int
| main ()
| {
| __int64 value = (__int64) 0;
|   ;
|   return 0;
| }
configure:7795: gcc -c  -pipe  conftest.c >&5
conftest.c: In function 'main':
conftest.c:34:21: error: duplicate case value
   34 |             case 1: case (sizeof(long long)==sizeof(long)): ;
      |                     ^~~~
conftest.c:34:13: note: previously used here
   34 |             case 1: case (sizeof(long long)==sizeof(long)): ;
      |             ^~~~
configure:7795: $? = 1
configure: failed program was:
| /* confdefs.h */
| #define PACKAGE_NAME "tls"
| #define PACKAGE_TARNAME "tls"
| #define PACKAGE_VERSION "1.6.7"
| #define PACKAGE_STRING "tls 1.6.7"
| #define PACKAGE_BUGREPORT ""
| #define PACKAGE_URL ""
| #define BUILD_tls /**/
| #define STDC_HEADERS 1
| #define HAVE_SYS_TYPES_H 1
| #define HAVE_SYS_STAT_H 1
| #define HAVE_STDLIB_H 1
| #define HAVE_STRING_H 1
| #define HAVE_MEMORY_H 1
| #define HAVE_STRINGS_H 1
| #define HAVE_INTTYPES_H 1
| #define HAVE_STDINT_H 1
| #define HAVE_UNISTD_H 1
| #define USE_THREAD_ALLOC 1
| #define _REENTRANT 1
| #define _THREAD_SAFE 1
| #define TCL_THREADS 1
| #define STATIC_BUILD 1
| #define MODULE_SCOPE extern __attribute__((__visibility__("hidden")))
| #define HAVE_HIDDEN 1
| #define HAVE_CAST_TO_UNION 1
| #define _LARGEFILE64_SOURCE 1
| /* end confdefs.h.  */
| 
| int
| main ()
| {
| switch (0) {
|             case 1: case (sizeof(long long)==sizeof(long)): ;
|         }
|   ;
|   return 0;
| }
configure:7805: result: using long
configure:7949: checking for build with symbols
configure:7968: result: yes (standard debugging)
configure:8042: checking for SSL directory
configure:8083: result: /usr/local/src/SAOImageDS9/openssl
configure:8152: checking if libgcc is needed to resolve openssl symbols
configure:8165: result: no
configure:8405: checking for tclsh
configure:8440: result: /usr/local/src/SAOImageDS9/tcl8.6/unix/tclsh
configure:8644: creating ./config.status

## ---------------------- ##
## Running config.status. ##
## ---------------------- ##

This file was extended by tls config.status 1.6.7, which was
generated by GNU Autoconf 2.69.  Invocation command line was

  CONFIG_FILES    = 
  CONFIG_HEADERS  = 
  CONFIG_LINKS    = 
  CONFIG_COMMANDS = 
  $ ./config.status 

on nancep7.obs-nancay.fr

config.status:815: creating Makefile
config.status:815: creating pkgIndex.tcl
config.status:815: creating tlsConfig.sh

## ---------------- ##
## Cache variables. ##
## ---------------- ##

ac_cv_c_bigendian=no
ac_cv_c_compiler_gnu=yes
ac_cv_c_ssldir=/usr/local/src/SAOImageDS9/openssl
ac_cv_c_tclconfig=/usr/local/src/SAOImageDS9/tcl8.6/unix
ac_cv_c_tclh=/usr/local/src/SAOImageDS9/tcl8.6/generic
ac_cv_env_CC_set=
ac_cv_env_CC_value=
ac_cv_env_CFLAGS_set=
ac_cv_env_CFLAGS_value=
ac_cv_env_CPPFLAGS_set=
ac_cv_env_CPPFLAGS_value=
ac_cv_env_CPP_set=
ac_cv_env_CPP_value=
ac_cv_env_LDFLAGS_set=
ac_cv_env_LDFLAGS_value=
ac_cv_env_LIBS_set=
ac_cv_env_LIBS_value=
ac_cv_env_build_alias_set=
ac_cv_env_build_alias_value=
ac_cv_env_host_alias_set=
ac_cv_env_host_alias_value=
ac_cv_env_target_alias_set=
ac_cv_env_target_alias_value=
ac_cv_header_inttypes_h=yes
ac_cv_header_memory_h=yes
ac_cv_header_stdc=yes
ac_cv_header_stdint_h=yes
ac_cv_header_stdlib_h=yes
ac_cv_header_string_h=yes
ac_cv_header_strings_h=yes
ac_cv_header_sys_stat_h=yes
ac_cv_header_sys_types_h=yes
ac_cv_header_unistd_h=yes
ac_cv_lib_pthread_pthread_mutex_init=yes
ac_cv_objext=o
ac_cv_path_EGREP='/bin/grep -E'
ac_cv_path_GREP=/bin/grep
ac_cv_prog_CPP='gcc -E'
ac_cv_prog_ac_ct_AR=ar
ac_cv_prog_ac_ct_CC=gcc
ac_cv_prog_ac_ct_RANLIB=ranlib
ac_cv_prog_cc_c89=
ac_cv_prog_cc_g=yes
ac_cv_prog_make_make_set=yes
tcl_cv_cast_to_union=yes
tcl_cv_cc_pipe=yes
tcl_cv_cc_visibility_hidden=yes
tcl_cv_flag__isoc99_source=no
tcl_cv_flag__largefile64_source=yes
tcl_cv_flag__largefile_source64=no
tcl_cv_sys_version=Linux-5.15.0-69-generic
tcl_cv_type_64bit=none

## ----------------- ##
## Output variables. ##
## ----------------- ##

AR='ar'
CC='gcc'
CELIB_DIR=''
CFLAGS=' -pipe ${CFLAGS_DEFAULT} ${CFLAGS_WARNING} '
CFLAGS_DEBUG='-g'
CFLAGS_DEFAULT='-g'
CFLAGS_OPTIMIZE='-O2 -fomit-frame-pointer'
CFLAGS_WARNING='-Wall'
CLEANFILES=''
CPP='gcc -E'
CPPFLAGS=''
CYGPATH='echo'
DEFS='-DPACKAGE_NAME=\"tls\" -DPACKAGE_TARNAME=\"tls\" -DPACKAGE_VERSION=\"1.6.7\" -DPACKAGE_STRING=\"tls\ 1.6.7\" -DPACKAGE_BUGREPORT=\"\" -DPACKAGE_URL=\"\" -DBUILD_tls=/\*\*/ -DSTDC_HEADERS=1 -DHAVE_SYS_TYPES_H=1 -DHAVE_SYS_STAT_H=1 -DHAVE_STDLIB_H=1 -DHAVE_STRING_H=1 -DHAVE_MEMORY_H=1 -DHAVE_STRINGS_H=1 -DHAVE_INTTYPES_H=1 -DHAVE_STDINT_H=1 -DHAVE_UNISTD_H=1 -DUSE_THREAD_ALLOC=1 -D_REENTRANT=1 -D_THREAD_SAFE=1 -DTCL_THREADS=1 -DSTATIC_BUILD=1 -DMODULE_SCOPE=extern\ __attribute__\(\(__visibility__\(\"hidden\"\)\)\) -DHAVE_HIDDEN=1 -DHAVE_CAST_TO_UNION=1 -D_LARGEFILE64_SOURCE=1 -DTCL_WIDE_INT_IS_LONG=1 -DNO_IDEA=1 -DNO_RC5=1'
ECHO_C=''
ECHO_N='-n'
ECHO_T=''
EGREP='/bin/grep -E'
EXEEXT=''
GREP='/bin/grep'
INSTALL='$(SHELL) $(srcdir)/tclconfig/install-sh -c'
INSTALL_DATA='${INSTALL} -m 644'
INSTALL_DATA_DIR='${INSTALL} -d -m 755'
INSTALL_LIBRARY='${INSTALL} -m 644'
INSTALL_PROGRAM='${INSTALL} -m 755'
INSTALL_SCRIPT='${INSTALL} -m 755'
LDFLAGS=' -Wl,--export-dynamic '
LDFLAGS_DEFAULT=' -Wl,--export-dynamic '
LD_LIBRARY_PATH_VAR='LD_LIBRARY_PATH'
LIBOBJS=''
LIBS=''
LTLIBOBJS=''
MAJOR_VERSION=''
MAKE_LIB='${STLIB_LD} $@ $(PKG_OBJECTS) '
MAKE_SHARED_LIB='${SHLIB_LD} -o $@ $(PKG_OBJECTS) ${SHLIB_LD_LIBS}'
MAKE_STATIC_LIB='${STLIB_LD} $@ $(PKG_OBJECTS)'
MAKE_STUB_LIB='${STLIB_LD} $@ $(PKG_STUB_OBJECTS)'
MINOR_VERSION=''
OBJEXT='o'
PACKAGE_BUGREPORT=''
PACKAGE_NAME='tls'
PACKAGE_STRING='tls 1.6.7'
PACKAGE_TARNAME='tls'
PACKAGE_URL=''
PACKAGE_VERSION='1.6.7'
PATCHLEVEL=''
PATH_SEPARATOR=':'
PKG_CFLAGS=' '
PKG_HEADERS=' tls.h'
PKG_INCLUDES=''
PKG_LIBS=' -Wl,-rpath,/usr/local/src/SAOImageDS9/openssl/lib -L/usr/local/src/SAOImageDS9/openssl/lib -lssl -lcrypto'
PKG_LIB_FILE='libtls1.6.7.a'
PKG_OBJECTS=' tls.o tlsIO.o tlsBIO.o tlsX509.o fixstrtod.o'
PKG_SOURCES=' tls.c tlsIO.c tlsBIO.c tlsX509.c fixstrtod.c'
PKG_STUB_LIB_FILE='libtlsstub1.6.7.a'
PKG_STUB_OBJECTS=''
PKG_STUB_SOURCES=''
PKG_TCL_SOURCES=' tls.tcl'
RANLIB='ranlib'
RANLIB_STUB='ranlib'
RC=''
SET_MAKE=''
SHARED_BUILD='0'
SHELL='/bin/bash'
SHLIB_CFLAGS='-fPIC'
SHLIB_LD='${CC} ${CFLAGS} ${LDFLAGS_DEFAULT} -shared'
SHLIB_LD_LIBS='${LIBS}'
SSL_DIR='/usr/local/src/SAOImageDS9/openssl'
SSL_INCLUDE_DIR='/usr/local/src/SAOImageDS9/openssl/include'
SSL_INCLUDE_DIR_NATIVE='"/usr/local/src/SAOImageDS9/openssl/include"'
SSL_LIB_DIR='/usr/local/src/SAOImageDS9/openssl/lib'
SSL_LIB_DIR_NATIVE='"/usr/local/src/SAOImageDS9/openssl/lib"'
STLIB_LD='${AR} cr'
STUBS_BUILD='0'
TCLSH_PROG='/usr/local/src/SAOImageDS9/tcl8.6/unix/tclsh'
TCL_BIN_DIR='/usr/local/src/SAOImageDS9/tcl8.6/unix'
TCL_DBGX=''
TCL_DEFS='-DPACKAGE_NAME=\"tcl\" -DPACKAGE_TARNAME=\"tcl\" -DPACKAGE_VERSION=\"8.6\" -DPACKAGE_STRING=\"tcl\ 8.6\" -DPACKAGE_BUGREPORT=\"\" -DSTDC_HEADERS=1 -DHAVE_SYS_TYPES_H=1 -DHAVE_SYS_STAT_H=1 -DHAVE_STDLIB_H=1 -DHAVE_STRING_H=1 -DHAVE_MEMORY_H=1 -DHAVE_STRINGS_H=1 -DHAVE_INTTYPES_H=1 -DHAVE_STDINT_H=1 -DHAVE_UNISTD_H=1 -DHAVE_SYS_PARAM_H=1 -DUSE_THREAD_ALLOC=1 -D_REENTRANT=1 -D_THREAD_SAFE=1 -DHAVE_PTHREAD_ATTR_SETSTACKSIZE=1 -DHAVE_PTHREAD_ATFORK=1 -DTCL_THREADS=1 -DTCL_CFGVAL_ENCODING=\"iso8859-1\" -DSTATIC_BUILD=1 -DHAVE_ZLIB=1 -DMODULE_SCOPE=extern\ __attribute__\(\(__visibility__\(\"hidden\"\)\)\) -DHAVE_HIDDEN=1 -DHAVE_CAST_TO_UNION=1 -DTCL_SHLIB_EXT=\".so\" -DTCL_TOMMATH=1 -DMP_PREC=4 -D_LARGEFILE64_SOURCE=1 -DTCL_WIDE_INT_IS_LONG=1 -DHAVE_GETCWD=1 -DHAVE_MKSTEMP=1 -DHAVE_OPENDIR=1 -DHAVE_STRTOL=1 -DHAVE_WAITPID=1 -DHAVE_GETNAMEINFO=1 -DHAVE_GETADDRINFO=1 -DHAVE_FREEADDRINFO=1 -DHAVE_GAI_STRERROR=1 -DHAVE_STRUCT_ADDRINFO=1 -DHAVE_STRUCT_IN6_ADDR=1 -DHAVE_STRUCT_SOCKADDR_IN6=1 -DHAVE_STRUCT_SOCKADDR_STORAGE=1 -DHAVE_GETPWUID_R_5=1 -DHAVE_GETPWUID_R=1 -DHAVE_GETPWNAM_R_5=1 -DHAVE_GETPWNAM_R=1 -DHAVE_GETGRGID_R_5=1 -DHAVE_GETGRGID_R=1 -DHAVE_GETGRNAM_R_5=1 -DHAVE_GETGRNAM_R=1 -DHAVE_DECL_GETHOSTBYNAME_R=1 -DHAVE_GETHOSTBYNAME_R_6=1 -DHAVE_GETHOSTBYNAME_R=1 -DHAVE_DECL_GETHOSTBYADDR_R=1 -DHAVE_GETHOSTBYADDR_R_8=1 -DHAVE_GETHOSTBYADDR_R=1 -DHAVE_TERMIOS_H=1 -DHAVE_SYS_IOCTL_H=1 -DHAVE_SYS_TIME_H=1 -DTIME_WITH_SYS_TIME=1 -DHAVE_GMTIME_R=1 -DHAVE_LOCALTIME_R=1 -DHAVE_MKTIME=1 -DHAVE_TM_GMTOFF=1 -DHAVE_TIMEZONE_VAR=1 -DHAVE_STRUCT_STAT_ST_BLOCKS=1 -DHAVE_STRUCT_STAT_ST_BLKSIZE=1 -DHAVE_BLKCNT_T=1 -DHAVE_INTPTR_T=1 -DHAVE_UINTPTR_T=1 -DNO_UNION_WAIT=1 -DHAVE_SIGNED_CHAR=1 -DHAVE_LANGINFO=1 -DHAVE_MKSTEMPS=1 -DHAVE_FTS=1 -DHAVE_SYS_IOCTL_H=1 -DTCL_UNLOAD_DLLS=1 -DHAVE_CPUID=1 '
TCL_EXTRA_CFLAGS=' -pipe '
TCL_INCLUDES='-I"/usr/local/src/SAOImageDS9/tcl8.6/generic"'
TCL_LD_FLAGS=' -Wl,--export-dynamic '
TCL_LIBS='-ldl -lz  -lpthread -lm'
TCL_LIB_FILE='libtcl8.6.a'
TCL_LIB_FLAG='-ltcl8.6'
TCL_LIB_SPEC='-L/usr/local/src/SAOImageDS9/tcl8.6/unix -ltcl8.6'
TCL_PATCH_LEVEL='.12'
TCL_SHLIB_LD_LIBS='${LIBS}'
TCL_SRC_DIR='/usr/local/src/SAOImageDS9/tcl8.6'
TCL_STUB_LIB_FILE='libtclstub8.6.a'
TCL_STUB_LIB_FLAG='-ltclstub8.6'
TCL_STUB_LIB_SPEC='-L/usr/local/src/SAOImageDS9/tcl8.6/unix -ltclstub8.6'
TCL_THREADS='1'
TCL_VERSION='8.6'
VC_MANIFEST_EMBED_DLL=''
VC_MANIFEST_EMBED_EXE=''
ac_ct_CC='gcc'
bindir='${exec_prefix}/bin'
build_alias=''
datadir='${datarootdir}'
datarootdir='${prefix}/share'
docdir='${datarootdir}/doc/${PACKAGE_TARNAME}'
dvidir='${docdir}'
exec_prefix='/usr/local/src/SAOImageDS9'
host_alias=''
htmldir='${docdir}'
includedir='${prefix}/include'
infodir='${datarootdir}/info'
libdir='/usr/local/src/SAOImageDS9/lib'
libexecdir='${exec_prefix}/libexec'
localedir='${datarootdir}/locale'
localstatedir='${prefix}/var'
mandir='${datarootdir}/man'
oldincludedir='/usr/include'
pdfdir='${docdir}'
prefix='/usr/local/src/SAOImageDS9'
program_transform_name='s,x,x,'
psdir='${docdir}'
sbindir='${exec_prefix}/sbin'
sharedstatedir='${prefix}/com'
sysconfdir='${prefix}/etc'
target_alias=''
tls_BUILD_LIB_SPEC='-L/usr/local/src/SAOImageDS9/tls -ltls1.6.7'
tls_BUILD_STUB_LIB_PATH='/usr/local/src/SAOImageDS9/tls/libtlsstub1.6.7.a'
tls_BUILD_STUB_LIB_SPEC='-L/usr/local/src/SAOImageDS9/tls -ltlsstub1.6.7'
tls_LIB_SPEC='-L/usr/local/src/SAOImageDS9/lib/tls1.6.7 -ltls1.6.7'
tls_STUB_LIB_PATH='/usr/local/src/SAOImageDS9/lib/tls1.6.7/libtlsstub1.6.7.a'
tls_STUB_LIB_SPEC='-L/usr/local/src/SAOImageDS9/lib/tls1.6.7 -ltlsstub1.6.7'

## ----------- ##
## confdefs.h. ##
## ----------- ##

/* confdefs.h */
#define PACKAGE_NAME "tls"
#define PACKAGE_TARNAME "tls"
#define PACKAGE_VERSION "1.6.7"
#define PACKAGE_STRING "tls 1.6.7"
#define PACKAGE_BUGREPORT ""
#define PACKAGE_URL ""
#define BUILD_tls /**/
#define STDC_HEADERS 1
#define HAVE_SYS_TYPES_H 1
#define HAVE_SYS_STAT_H 1
#define HAVE_STDLIB_H 1
#define HAVE_STRING_H 1
#define HAVE_MEMORY_H 1
#define HAVE_STRINGS_H 1
#define HAVE_INTTYPES_H 1
#define HAVE_STDINT_H 1
#define HAVE_UNISTD_H 1
#define USE_THREAD_ALLOC 1
#define _REENTRANT 1
#define _THREAD_SAFE 1
#define TCL_THREADS 1
#define STATIC_BUILD 1
#define MODULE_SCOPE extern __attribute__((__visibility__("hidden")))
#define HAVE_HIDDEN 1
#define HAVE_CAST_TO_UNION 1
#define _LARGEFILE64_SOURCE 1
#define TCL_WIDE_INT_IS_LONG 1
#define NO_IDEA 1
#define NO_RC5 1

configure: exit 0
