This file contains any messages produced by compilers while
running configure, to aid debugging if configure makes a mistake.

It was created by ast configure 9.2.8, which was
generated by Starlink Autoconf 2.69.  Invocation command line was

  $ ./configure --without-pthreads --enable-shared=no star_cv_cnf_trail_type=long star_cv_cnf_f2c_compatible=no --prefix /usr/local/src/SAOImageDS9 --exec-prefix /usr/local/src/SAOImageDS9 --libdir /usr/local/src/SAOImageDS9/lib --no-create --no-recursion

## --------- ##
## Platform. ##
## --------- ##

hostname = nancep7.obs-nancay.fr
uname -m = x86_64
uname -r = 5.15.0-69-generic
uname -s = Linux
uname -v = #76~20.04.1-Ubuntu SMP Mon Mar 20 15:54:19 UTC 2023

/usr/bin/uname -p = unknown
/bin/uname -X     = unknown

/bin/arch              = unknown
/usr/bin/arch -k       = unknown
/usr/convex/getsysinfo = unknown
/usr/bin/hostinfo      = unknown
/bin/machine           = unknown
/usr/bin/oslevel       = unknown
/bin/universe          = unknown

PATH: /usr/local/sbin
PATH: /usr/local/bin
PATH: /usr/sbin
PATH: /usr/bin
PATH: /sbin
PATH: /bin


## ----------- ##
## Core tests. ##
## ----------- ##

configure:2718: checking for a BSD-compatible install
configure:2786: result: /usr/bin/install -c
configure:2797: checking whether build environment is sane
configure:2852: result: yes
configure:3003: checking for a thread-safe mkdir -p
configure:3042: result: /bin/mkdir -p
configure:3049: checking for gawk
configure:3079: result: no
configure:3049: checking for mawk
configure:3065: found /usr/bin/mawk
configure:3076: result: mawk
configure:3087: checking whether make sets $(MAKE)
configure:3109: result: yes
configure:3138: checking whether make supports nested variables
configure:3155: result: yes
configure:3333: checking for gcc
configure:3349: found /usr/bin/gcc
configure:3360: result: gcc
configure:3589: checking for C compiler version
configure:3598: gcc --version >&5
gcc (Debian 10.2.1-6) 10.2.1 20210110
Copyright (C) 2020 Free Software Foundation, Inc.
This is free software; see the source for copying conditions.  There is NO
warranty; not even for MERCHANTABILITY or FITNESS FOR A PARTICULAR PURPOSE.

configure:3609: $? = 0
configure:3598: gcc -v >&5
Using built-in specs.
COLLECT_GCC=gcc
COLLECT_LTO_WRAPPER=/usr/lib/gcc/x86_64-linux-gnu/10/lto-wrapper
OFFLOAD_TARGET_NAMES=nvptx-none:amdgcn-amdhsa:hsa
OFFLOAD_TARGET_DEFAULT=1
Target: x86_64-linux-gnu
Configured with: ../src/configure -v --with-pkgversion='Debian 10.2.1-6' --with-bugurl=file:///usr/share/doc/gcc-10/README.Bugs --enable-languages=c,ada,c++,go,brig,d,fortran,objc,obj-c++,m2 --prefix=/usr --with-gcc-major-version-only --program-suffix=-10 --program-prefix=x86_64-linux-gnu- --enable-shared --enable-linker-build-id --libexecdir=/usr/lib --without-included-gettext --enable-threads=posix --libdir=/usr/lib --enable-nls --enable-bootstrap --enable-clocale=gnu --enable-libstdcxx-debug --enable-libstdcxx-time=yes --with-default-libstdcxx-abi=new --enable-gnu-unique-object --disable-vtable-verify --enable-plugin --enable-default-pie --with-system-zlib --enable-libphobos-checking=release --with-target-system-zlib=auto --enable-objc-gc=auto --enable-multiarch --disable-werror --with-arch-32=i686 --with-abi=m64 --with-multilib-list=m32,m64,mx32 --enable-multilib --with-tune=generic --enable-offload-targets=nvptx-none=/build/gcc-10-Km9U7s/gcc-10-10.2.1/debian/tmp-nvptx/usr,amdgcn-amdhsa=/build/gcc-10-Km9U7s/gcc-10-10.2.1/debian/tmp-gcn/usr,hsa --without-cuda-driver --enable-checking=release --build=x86_64-linux-gnu --host=x86_64-linux-gnu --target=x86_64-linux-gnu --with-build-config=bootstrap-lto-lean --enable-link-mutex
Thread model: posix
Supported LTO compression algorithms: zlib zstd
gcc version 10.2.1 20210110 (Debian 10.2.1-6) 
... rest of stderr output deleted ...
configure:3609: $? = 0
configure:3598: gcc -V >&5
gcc: error: unrecognized command-line option '-V'
gcc: fatal error: no input files
compilation terminated.
configure:3609: $? = 1
configure:3598: gcc -qversion >&5
gcc: error: unrecognized command-line option '-qversion'; did you mean '--version'?
gcc: fatal error: no input files
compilation terminated.
configure:3609: $? = 1
configure:3629: checking whether the C compiler works
configure:3651: gcc    conftest.c  >&5
configure:3655: $? = 0
configure:3703: result: yes
configure:3706: checking for C compiler default output file name
configure:3708: result: a.out
configure:3714: checking for suffix of executables
configure:3721: gcc -o conftest    conftest.c  >&5
configure:3725: $? = 0
configure:3747: result: 
configure:3769: checking whether we are cross compiling
configure:3777: gcc -o conftest    conftest.c  >&5
configure:3781: $? = 0
configure:3788: ./conftest
configure:3792: $? = 0
configure:3807: result: no
configure:3812: checking for suffix of object files
configure:3834: gcc -c   conftest.c >&5
configure:3838: $? = 0
configure:3859: result: o
configure:3863: checking whether we are using the GNU C compiler
configure:3882: gcc -c   conftest.c >&5
configure:3882: $? = 0
configure:3891: result: yes
configure:3900: checking whether gcc accepts -g
configure:3920: gcc -c -g  conftest.c >&5
configure:3920: $? = 0
configure:3961: result: yes
configure:3978: checking for gcc option to accept ISO C89
configure:4041: gcc  -c -g -O2  conftest.c >&5
configure:4041: $? = 0
configure:4054: result: none needed
configure:4079: checking whether gcc understands -c and -o together
configure:4101: gcc -c conftest.c -o conftest2.o
configure:4104: $? = 0
configure:4101: gcc -c conftest.c -o conftest2.o
configure:4104: $? = 0
configure:4116: result: yes
configure:4144: checking for style of include used by make
configure:4172: result: GNU
configure:4198: checking dependency style of gcc
configure:4309: result: gcc3
configure:4329: checking how to run the C preprocessor
configure:4360: gcc -E  conftest.c
configure:4360: $? = 0
configure:4374: gcc -E  conftest.c
conftest.c:11:10: fatal error: ac_nonexistent.h: No such file or directory
   11 | #include <ac_nonexistent.h>
      |          ^~~~~~~~~~~~~~~~~~
compilation terminated.
configure:4374: $? = 1
configure: failed program was:
| /* confdefs.h */
| #define PACKAGE_NAME "ast"
| #define PACKAGE_TARNAME "ast"
| #define PACKAGE_VERSION "9.2.8"
| #define PACKAGE_STRING "ast 9.2.8"
| #define PACKAGE_BUGREPORT "starlink@jiscmail.ac.uk"
| #define PACKAGE_URL ""
| #define PACKAGE "ast"
| #define VERSION "9.2.8"
| /* end confdefs.h.  */
| #include <ac_nonexistent.h>
configure:4399: result: gcc -E
configure:4419: gcc -E  conftest.c
configure:4419: $? = 0
configure:4433: gcc -E  conftest.c
conftest.c:11:10: fatal error: ac_nonexistent.h: No such file or directory
   11 | #include <ac_nonexistent.h>
      |          ^~~~~~~~~~~~~~~~~~
compilation terminated.
configure:4433: $? = 1
configure: failed program was:
| /* confdefs.h */
| #define PACKAGE_NAME "ast"
| #define PACKAGE_TARNAME "ast"
| #define PACKAGE_VERSION "9.2.8"
| #define PACKAGE_STRING "ast 9.2.8"
| #define PACKAGE_BUGREPORT "starlink@jiscmail.ac.uk"
| #define PACKAGE_URL ""
| #define PACKAGE "ast"
| #define VERSION "9.2.8"
| /* end confdefs.h.  */
| #include <ac_nonexistent.h>
configure:4490: checking build system type
configure:4504: result: x86_64-pc-linux-gnu
configure:4524: checking host system type
configure:4537: result: x86_64-pc-linux-gnu
configure:4578: checking how to print strings
configure:4605: result: printf
configure:4626: checking for a sed that does not truncate output
configure:4690: result: /bin/sed
configure:4708: checking for grep that handles long lines and -e
configure:4766: result: /bin/grep
configure:4771: checking for egrep
configure:4833: result: /bin/grep -E
configure:4838: checking for fgrep
configure:4900: result: /bin/grep -F
configure:4935: checking for ld used by gcc
configure:5002: result: /usr/bin/ld
configure:5009: checking if the linker (/usr/bin/ld) is GNU ld
configure:5024: result: yes
configure:5036: checking for BSD- or MS-compatible name lister (nm)
configure:5085: result: /usr/bin/nm -B
configure:5215: checking the name lister (/usr/bin/nm -B) interface
configure:5222: gcc -c -g -O2  conftest.c >&5
configure:5225: /usr/bin/nm -B "conftest.o"
configure:5228: output
0000000000000000 B some_variable
configure:5235: result: BSD nm
configure:5238: checking whether ln -s works
configure:5242: result: yes
configure:5250: checking the maximum length of command line arguments
configure:5380: result: 1572864
configure:5397: checking whether the shell understands some XSI constructs
configure:5407: result: yes
configure:5411: checking whether the shell understands "+="
configure:5417: result: yes
configure:5452: checking how to convert x86_64-pc-linux-gnu file names to x86_64-pc-linux-gnu format
configure:5492: result: func_convert_file_noop
configure:5499: checking how to convert x86_64-pc-linux-gnu file names to toolchain format
configure:5519: result: func_convert_file_noop
configure:5526: checking for /usr/bin/ld option to reload object files
configure:5533: result: -r
configure:5607: checking for objdump
configure:5623: found /usr/bin/objdump
configure:5634: result: objdump
configure:5666: checking how to recognize dependent libraries
configure:5868: result: pass_all
configure:5953: checking for dlltool
configure:5983: result: no
configure:6013: checking how to associate runtime and link libraries
configure:6040: result: printf %s\n
configure:6101: checking for ar
configure:6117: found /usr/bin/ar
configure:6128: result: ar
configure:6165: checking for archiver @FILE support
configure:6182: gcc -c -g -O2  conftest.c >&5
configure:6182: $? = 0
configure:6185: ar cru libconftest.a @conftest.lst >&5
ar: `u' modifier ignored since `D' is the default (see `U')
configure:6188: $? = 0
configure:6193: ar cru libconftest.a @conftest.lst >&5
ar: `u' modifier ignored since `D' is the default (see `U')
ar: conftest.o: No such file or directory
configure:6196: $? = 1
configure:6208: result: @
configure:6266: checking for strip
configure:6282: found /usr/bin/strip
configure:6293: result: strip
configure:6365: checking for ranlib
configure:6381: found /usr/bin/ranlib
configure:6392: result: ranlib
configure:6494: checking command to parse /usr/bin/nm -B output from gcc object
configure:6614: gcc -c -g -O2  conftest.c >&5
configure:6617: $? = 0
configure:6621: /usr/bin/nm -B conftest.o \| sed -n -e 's/^.*[ ]\([ABCDGIRSTW][ABCDGIRSTW]*\)[ ][ ]*\([_A-Za-z][_A-Za-z0-9]*\)$/\1 \2 \2/p' | sed '/ __gnu_lto/d' \> conftest.nm
configure:6624: $? = 0
configure:6690: gcc -o conftest -g -O2   conftest.c conftstm.o >&5
configure:6693: $? = 0
configure:6731: result: ok
configure:6768: checking for sysroot
configure:6798: result: no
configure:6875: gcc -c -g -O2  conftest.c >&5
configure:6878: $? = 0
configure:7054: checking for mt
configure:7084: result: no
configure:7104: checking if : is a manifest tool
configure:7110: : '-?'
configure:7118: result: no
configure:7756: checking for ANSI C header files
configure:7776: gcc -c -g -O2  conftest.c >&5
configure:7776: $? = 0
configure:7849: gcc -o conftest -g -O2   conftest.c  >&5
configure:7849: $? = 0
configure:7849: ./conftest
configure:7849: $? = 0
configure:7860: result: yes
configure:7873: checking for sys/types.h
configure:7873: gcc -c -g -O2  conftest.c >&5
configure:7873: $? = 0
configure:7873: result: yes
configure:7873: checking for sys/stat.h
configure:7873: gcc -c -g -O2  conftest.c >&5
configure:7873: $? = 0
configure:7873: result: yes
configure:7873: checking for stdlib.h
configure:7873: gcc -c -g -O2  conftest.c >&5
configure:7873: $? = 0
configure:7873: result: yes
configure:7873: checking for string.h
configure:7873: gcc -c -g -O2  conftest.c >&5
configure:7873: $? = 0
configure:7873: result: yes
configure:7873: checking for memory.h
configure:7873: gcc -c -g -O2  conftest.c >&5
configure:7873: $? = 0
configure:7873: result: yes
configure:7873: checking for strings.h
configure:7873: gcc -c -g -O2  conftest.c >&5
configure:7873: $? = 0
configure:7873: result: yes
configure:7873: checking for inttypes.h
configure:7873: gcc -c -g -O2  conftest.c >&5
configure:7873: $? = 0
configure:7873: result: yes
configure:7873: checking for stdint.h
configure:7873: gcc -c -g -O2  conftest.c >&5
configure:7873: $? = 0
configure:7873: result: yes
configure:7873: checking for unistd.h
configure:7873: gcc -c -g -O2  conftest.c >&5
configure:7873: $? = 0
configure:7873: result: yes
configure:7887: checking for dlfcn.h
configure:7887: gcc -c -g -O2  conftest.c >&5
configure:7887: $? = 0
configure:7887: result: yes
configure:8093: checking for objdir
configure:8108: result: .libs
configure:8375: checking if gcc supports -fno-rtti -fno-exceptions
configure:8393: gcc -c -g -O2  -fno-rtti -fno-exceptions conftest.c >&5
cc1: warning: command-line option '-fno-rtti' is valid for C++/D/ObjC++ but not for C
configure:8397: $? = 0
configure:8410: result: no
configure:8737: checking for gcc option to produce PIC
configure:8744: result: -fPIC -DPIC
configure:8752: checking if gcc PIC flag -fPIC -DPIC works
configure:8770: gcc -c -g -O2  -fPIC -DPIC -DPIC conftest.c >&5
configure:8774: $? = 0
configure:8787: result: yes
configure:8816: checking if gcc static flag -static works
configure:8844: result: yes
configure:8859: checking if gcc supports -c -o file.o
configure:8880: gcc -c -g -O2  -o out/conftest2.o conftest.c >&5
configure:8884: $? = 0
configure:8906: result: yes
configure:8914: checking if gcc supports -c -o file.o
configure:8961: result: yes
configure:8994: checking whether the gcc linker (/usr/bin/ld -m elf_x86_64) supports shared libraries
configure:10147: result: yes
configure:10387: checking dynamic linker characteristics
configure:10898: gcc -o conftest -g -O2   -Wl,-rpath -Wl,/foo conftest.c  >&5
configure:10898: $? = 0
configure:11120: result: GNU/Linux ld.so
configure:11227: checking how to hardcode library paths into programs
configure:11252: result: immediate
configure:11792: checking whether stripping libraries is possible
configure:11797: result: yes
configure:11832: checking if libtool supports shared libraries
configure:11834: result: yes
configure:11837: checking whether to build shared libraries
configure:11858: result: no
configure:11861: checking whether to build static libraries
configure:11865: result: yes
configure:11902: checking whether ln -s works
configure:11906: result: yes
configure:11978: checking for gfortran
configure:11994: found /usr/bin/gfortran
configure:12005: result: gfortran
configure:12031: checking for Fortran compiler version
configure:12040: gfortran --version >&5
GNU Fortran (Debian 10.2.1-6) 10.2.1 20210110
Copyright (C) 2020 Free Software Foundation, Inc.
This is free software; see the source for copying conditions.  There is NO
warranty; not even for MERCHANTABILITY or FITNESS FOR A PARTICULAR PURPOSE.

configure:12051: $? = 0
configure:12040: gfortran -v >&5
Using built-in specs.
COLLECT_GCC=gfortran
COLLECT_LTO_WRAPPER=/usr/lib/gcc/x86_64-linux-gnu/10/lto-wrapper
OFFLOAD_TARGET_NAMES=nvptx-none:amdgcn-amdhsa:hsa
OFFLOAD_TARGET_DEFAULT=1
Target: x86_64-linux-gnu
Configured with: ../src/configure -v --with-pkgversion='Debian 10.2.1-6' --with-bugurl=file:///usr/share/doc/gcc-10/README.Bugs --enable-languages=c,ada,c++,go,brig,d,fortran,objc,obj-c++,m2 --prefix=/usr --with-gcc-major-version-only --program-suffix=-10 --program-prefix=x86_64-linux-gnu- --enable-shared --enable-linker-build-id --libexecdir=/usr/lib --without-included-gettext --enable-threads=posix --libdir=/usr/lib --enable-nls --enable-bootstrap --enable-clocale=gnu --enable-libstdcxx-debug --enable-libstdcxx-time=yes --with-default-libstdcxx-abi=new --enable-gnu-unique-object --disable-vtable-verify --enable-plugin --enable-default-pie --with-system-zlib --enable-libphobos-checking=release --with-target-system-zlib=auto --enable-objc-gc=auto --enable-multiarch --disable-werror --with-arch-32=i686 --with-abi=m64 --with-multilib-list=m32,m64,mx32 --enable-multilib --with-tune=generic --enable-offload-targets=nvptx-none=/build/gcc-10-Km9U7s/gcc-10-10.2.1/debian/tmp-nvptx/usr,amdgcn-amdhsa=/build/gcc-10-Km9U7s/gcc-10-10.2.1/debian/tmp-gcn/usr,hsa --without-cuda-driver --enable-checking=release --build=x86_64-linux-gnu --host=x86_64-linux-gnu --target=x86_64-linux-gnu --with-build-config=bootstrap-lto-lean --enable-link-mutex
Thread model: posix
Supported LTO compression algorithms: zlib zstd
gcc version 10.2.1 20210110 (Debian 10.2.1-6) 
... rest of stderr output deleted ...
configure:12051: $? = 0
configure:12040: gfortran -V >&5
gfortran: error: unrecognized command-line option '-V'
gfortran: fatal error: no input files
compilation terminated.
configure:12051: $? = 1
configure:12040: gfortran -qversion >&5
gfortran: error: unrecognized command-line option '-qversion'; did you mean '--version'?
gfortran: fatal error: no input files
compilation terminated.
configure:12051: $? = 1
configure:12060: checking whether we are using the GNU Fortran compiler
configure:12073: gfortran -c   conftest.F >&5
configure:12073: $? = 0
configure:12082: result: yes
configure:12088: checking whether gfortran accepts -g
configure:12099: gfortran -c -g  conftest.f >&5
configure:12099: $? = 0
configure:12107: result: yes
configure:12242: checking for Fortran compiler version
configure:12251: gfortran --version >&5
GNU Fortran (Debian 10.2.1-6) 10.2.1 20210110
Copyright (C) 2020 Free Software Foundation, Inc.
This is free software; see the source for copying conditions.  There is NO
warranty; not even for MERCHANTABILITY or FITNESS FOR A PARTICULAR PURPOSE.

configure:12262: $? = 0
configure:12251: gfortran -v >&5
Using built-in specs.
COLLECT_GCC=gfortran
COLLECT_LTO_WRAPPER=/usr/lib/gcc/x86_64-linux-gnu/10/lto-wrapper
OFFLOAD_TARGET_NAMES=nvptx-none:amdgcn-amdhsa:hsa
OFFLOAD_TARGET_DEFAULT=1
Target: x86_64-linux-gnu
Configured with: ../src/configure -v --with-pkgversion='Debian 10.2.1-6' --with-bugurl=file:///usr/share/doc/gcc-10/README.Bugs --enable-languages=c,ada,c++,go,brig,d,fortran,objc,obj-c++,m2 --prefix=/usr --with-gcc-major-version-only --program-suffix=-10 --program-prefix=x86_64-linux-gnu- --enable-shared --enable-linker-build-id --libexecdir=/usr/lib --without-included-gettext --enable-threads=posix --libdir=/usr/lib --enable-nls --enable-bootstrap --enable-clocale=gnu --enable-libstdcxx-debug --enable-libstdcxx-time=yes --with-default-libstdcxx-abi=new --enable-gnu-unique-object --disable-vtable-verify --enable-plugin --enable-default-pie --with-system-zlib --enable-libphobos-checking=release --with-target-system-zlib=auto --enable-objc-gc=auto --enable-multiarch --disable-werror --with-arch-32=i686 --with-abi=m64 --with-multilib-list=m32,m64,mx32 --enable-multilib --with-tune=generic --enable-offload-targets=nvptx-none=/build/gcc-10-Km9U7s/gcc-10-10.2.1/debian/tmp-nvptx/usr,amdgcn-amdhsa=/build/gcc-10-Km9U7s/gcc-10-10.2.1/debian/tmp-gcn/usr,hsa --without-cuda-driver --enable-checking=release --build=x86_64-linux-gnu --host=x86_64-linux-gnu --target=x86_64-linux-gnu --with-build-config=bootstrap-lto-lean --enable-link-mutex
Thread model: posix
Supported LTO compression algorithms: zlib zstd
gcc version 10.2.1 20210110 (Debian 10.2.1-6) 
... rest of stderr output deleted ...
configure:12262: $? = 0
configure:12251: gfortran -V >&5
gfortran: error: unrecognized command-line option '-V'
gfortran: fatal error: no input files
compilation terminated.
configure:12262: $? = 1
configure:12251: gfortran -qversion >&5
gfortran: error: unrecognized command-line option '-qversion'; did you mean '--version'?
gfortran: fatal error: no input files
compilation terminated.
configure:12262: $? = 1
configure:12271: checking whether we are using the GNU Fortran compiler
configure:12293: result: yes
configure:12299: checking whether gfortran accepts -g
configure:12318: result: yes
configure:12456: checking if libtool supports shared libraries
configure:12458: result: yes
configure:12461: checking whether to build shared libraries
configure:12481: result: no
configure:12484: checking whether to build static libraries
configure:12488: result: yes
configure:12522: gfortran -c -g -O2  conftest.f >&5
configure:12525: $? = 0
configure:12972: checking for gfortran option to produce PIC
configure:12979: result: -fPIC
configure:12987: checking if gfortran PIC flag -fPIC works
configure:13005: gfortran -c -g -O2 -fPIC  conftest.f >&5
configure:13009: $? = 0
configure:13022: result: yes
configure:13045: checking if gfortran static flag -static works
configure:13073: result: yes
configure:13085: checking if gfortran supports -c -o file.o
configure:13106: gfortran -c -g -O2 -o out/conftest2.o  conftest.f >&5
configure:13110: $? = 0
configure:13132: result: yes
configure:13137: checking if gfortran supports -c -o file.o
configure:13184: result: yes
configure:13214: checking whether the gfortran linker (/usr/bin/ld -m elf_x86_64) supports shared libraries
configure:14317: result: yes
configure:14458: checking dynamic linker characteristics
configure:15119: result: GNU/Linux ld.so
configure:15172: checking how to hardcode library paths into programs
configure:15197: result: immediate
configure:15297: Starlink tree located at /stardev/git/starlink/star
configure:15452: checking for git
configure:15470: found /usr/bin/git
configure:15482: result: /usr/bin/git
configure:15515: checking for pax
configure:15548: result: no
configure:15557: checking for gnutar
configure:15590: result: no
configure:15557: checking for tar
configure:15575: found /bin/tar
configure:15587: result: /bin/tar
conftest.f:3:72:

    3 |       CALL BB( 1.0 )
      |                                                                        1
Warning: Type mismatch in argument 'din' at (1); passed REAL(4) to REAL(8)
configure:15921: checking for Fortran compiler version
configure:15930: gfortran --version >&5
GNU Fortran (Debian 10.2.1-6) 10.2.1 20210110
Copyright (C) 2020 Free Software Foundation, Inc.
This is free software; see the source for copying conditions.  There is NO
warranty; not even for MERCHANTABILITY or FITNESS FOR A PARTICULAR PURPOSE.

configure:15941: $? = 0
configure:15930: gfortran -v >&5
Using built-in specs.
COLLECT_GCC=gfortran
COLLECT_LTO_WRAPPER=/usr/lib/gcc/x86_64-linux-gnu/10/lto-wrapper
OFFLOAD_TARGET_NAMES=nvptx-none:amdgcn-amdhsa:hsa
OFFLOAD_TARGET_DEFAULT=1
Target: x86_64-linux-gnu
Configured with: ../src/configure -v --with-pkgversion='Debian 10.2.1-6' --with-bugurl=file:///usr/share/doc/gcc-10/README.Bugs --enable-languages=c,ada,c++,go,brig,d,fortran,objc,obj-c++,m2 --prefix=/usr --with-gcc-major-version-only --program-suffix=-10 --program-prefix=x86_64-linux-gnu- --enable-shared --enable-linker-build-id --libexecdir=/usr/lib --without-included-gettext --enable-threads=posix --libdir=/usr/lib --enable-nls --enable-bootstrap --enable-clocale=gnu --enable-libstdcxx-debug --enable-libstdcxx-time=yes --with-default-libstdcxx-abi=new --enable-gnu-unique-object --disable-vtable-verify --enable-plugin --enable-default-pie --with-system-zlib --enable-libphobos-checking=release --with-target-system-zlib=auto --enable-objc-gc=auto --enable-multiarch --disable-werror --with-arch-32=i686 --with-abi=m64 --with-multilib-list=m32,m64,mx32 --enable-multilib --with-tune=generic --enable-offload-targets=nvptx-none=/build/gcc-10-Km9U7s/gcc-10-10.2.1/debian/tmp-nvptx/usr,amdgcn-amdhsa=/build/gcc-10-Km9U7s/gcc-10-10.2.1/debian/tmp-gcn/usr,hsa --without-cuda-driver --enable-checking=release --build=x86_64-linux-gnu --host=x86_64-linux-gnu --target=x86_64-linux-gnu --with-build-config=bootstrap-lto-lean --enable-link-mutex
Thread model: posix
Supported LTO compression algorithms: zlib zstd
gcc version 10.2.1 20210110 (Debian 10.2.1-6) 
... rest of stderr output deleted ...
configure:15941: $? = 0
configure:15930: gfortran -V >&5
gfortran: error: unrecognized command-line option '-V'
gfortran: fatal error: no input files
compilation terminated.
configure:15941: $? = 1
configure:15930: gfortran -qversion >&5
gfortran: error: unrecognized command-line option '-qversion'; did you mean '--version'?
gfortran: fatal error: no input files
compilation terminated.
configure:15941: $? = 1
configure:15950: checking whether we are using the GNU Fortran compiler
configure:15972: result: yes
configure:15978: checking whether gfortran accepts -g
configure:15997: result: yes
configure:16030: checking how to get verbose linking output from gfortran
configure:16040: gfortran -c -g -O2  conftest.f >&5
configure:16040: $? = 0
configure:16058: gfortran -o conftest -g -O2 -v conftest.f
Using built-in specs.
Target: x86_64-linux-gnu
Thread model: posix
Supported LTO compression algorithms: zlib zstd
gcc version 10.2.1 20210110 (Debian 10.2.1-6) 
 /usr/lib/gcc/x86_64-linux-gnu/10/f951 conftest.f -ffixed-form -quiet -dumpbase conftest.f -mtune=generic -march=x86-64 -auxbase conftest -g -O2 -version -fintrinsic-modules-path /usr/lib/gcc/x86_64-linux-gnu/10/finclude -fpre-include=/usr/include/finclude/x86_64-linux-gnu/math-vector-fortran.h -o /tmp/cc0QfPaL.s
GNU Fortran (Debian 10.2.1-6) version 10.2.1 20210110 (x86_64-linux-gnu)
	compiled by GNU C version 10.2.1 20210110, GMP version 6.2.1, MPFR version 4.1.0, MPC version 1.2.0, isl version isl-0.23-GMP

GGC heuristics: --param ggc-min-expand=100 --param ggc-min-heapsize=131072
GNU Fortran2008 (Debian 10.2.1-6) version 10.2.1 20210110 (x86_64-linux-gnu)
	compiled by GNU C version 10.2.1 20210110, GMP version 6.2.1, MPFR version 4.1.0, MPC version 1.2.0, isl version isl-0.23-GMP

GGC heuristics: --param ggc-min-expand=100 --param ggc-min-heapsize=131072
 as -v --64 -o /tmp/ccid6MgL.o /tmp/cc0QfPaL.s
GNU assembler version 2.35.2 (x86_64-linux-gnu) using BFD version (GNU Binutils for Debian) 2.35.2
Reading specs from /usr/lib/gcc/x86_64-linux-gnu/10/libgfortran.spec
rename spec lib to liborig
 /usr/lib/gcc/x86_64-linux-gnu/10/collect2 -plugin /usr/lib/gcc/x86_64-linux-gnu/10/liblto_plugin.so -plugin-opt=/usr/lib/gcc/x86_64-linux-gnu/10/lto-wrapper -plugin-opt=-fresolution=/tmp/ccpBrY4I.res -plugin-opt=-pass-through=-lgcc_s -plugin-opt=-pass-through=-lgcc -plugin-opt=-pass-through=-lquadmath -plugin-opt=-pass-through=-lm -plugin-opt=-pass-through=-lgcc_s -plugin-opt=-pass-through=-lgcc -plugin-opt=-pass-through=-lc -plugin-opt=-pass-through=-lgcc_s -plugin-opt=-pass-through=-lgcc --build-id --eh-frame-hdr -m elf_x86_64 --hash-style=gnu --as-needed -dynamic-linker /lib64/ld-linux-x86-64.so.2 -pie -o conftest /usr/lib/gcc/x86_64-linux-gnu/10/../../../x86_64-linux-gnu/Scrt1.o /usr/lib/gcc/x86_64-linux-gnu/10/../../../x86_64-linux-gnu/crti.o /usr/lib/gcc/x86_64-linux-gnu/10/crtbeginS.o -L/usr/lib/gcc/x86_64-linux-gnu/10 -L/usr/lib/gcc/x86_64-linux-gnu/10/../../../x86_64-linux-gnu -L/usr/lib/gcc/x86_64-linux-gnu/10/../../../../lib -L/lib/x86_64-linux-gnu -L/lib/../lib -L/usr/lib/x86_64-linux-gnu -L/usr/lib/../lib -L/usr/lib/gcc/x86_64-linux-gnu/10/../../.. /tmp/ccid6MgL.o -lgfortran -lm -lgcc_s -lgcc -lquadmath -lm -lgcc_s -lgcc -lc -lgcc_s -lgcc /usr/lib/gcc/x86_64-linux-gnu/10/crtendS.o /usr/lib/gcc/x86_64-linux-gnu/10/../../../x86_64-linux-gnu/crtn.o
configure:16141: result: -v
configure:16143: checking for Fortran libraries of gfortran
configure:16166: gfortran -o conftest -g -O2 -v conftest.f
Using built-in specs.
Target: x86_64-linux-gnu
Thread model: posix
Supported LTO compression algorithms: zlib zstd
gcc version 10.2.1 20210110 (Debian 10.2.1-6) 
 /usr/lib/gcc/x86_64-linux-gnu/10/f951 conftest.f -ffixed-form -quiet -dumpbase conftest.f -mtune=generic -march=x86-64 -auxbase conftest -g -O2 -version -fintrinsic-modules-path /usr/lib/gcc/x86_64-linux-gnu/10/finclude -fpre-include=/usr/include/finclude/x86_64-linux-gnu/math-vector-fortran.h -o /tmp/ccyvfNFR.s
GNU Fortran (Debian 10.2.1-6) version 10.2.1 20210110 (x86_64-linux-gnu)
	compiled by GNU C version 10.2.1 20210110, GMP version 6.2.1, MPFR version 4.1.0, MPC version 1.2.0, isl version isl-0.23-GMP

GGC heuristics: --param ggc-min-expand=100 --param ggc-min-heapsize=131072
GNU Fortran2008 (Debian 10.2.1-6) version 10.2.1 20210110 (x86_64-linux-gnu)
	compiled by GNU C version 10.2.1 20210110, GMP version 6.2.1, MPFR version 4.1.0, MPC version 1.2.0, isl version isl-0.23-GMP

GGC heuristics: --param ggc-min-expand=100 --param ggc-min-heapsize=131072
 as -v --64 -o /tmp/ccwUmaAT.o /tmp/ccyvfNFR.s
GNU assembler version 2.35.2 (x86_64-linux-gnu) using BFD version (GNU Binutils for Debian) 2.35.2
Reading specs from /usr/lib/gcc/x86_64-linux-gnu/10/libgfortran.spec
rename spec lib to liborig
 /usr/lib/gcc/x86_64-linux-gnu/10/collect2 -plugin /usr/lib/gcc/x86_64-linux-gnu/10/liblto_plugin.so -plugin-opt=/usr/lib/gcc/x86_64-linux-gnu/10/lto-wrapper -plugin-opt=-fresolution=/tmp/ccXFRLdT.res -plugin-opt=-pass-through=-lgcc_s -plugin-opt=-pass-through=-lgcc -plugin-opt=-pass-through=-lquadmath -plugin-opt=-pass-through=-lm -plugin-opt=-pass-through=-lgcc_s -plugin-opt=-pass-through=-lgcc -plugin-opt=-pass-through=-lc -plugin-opt=-pass-through=-lgcc_s -plugin-opt=-pass-through=-lgcc --build-id --eh-frame-hdr -m elf_x86_64 --hash-style=gnu --as-needed -dynamic-linker /lib64/ld-linux-x86-64.so.2 -pie -o conftest /usr/lib/gcc/x86_64-linux-gnu/10/../../../x86_64-linux-gnu/Scrt1.o /usr/lib/gcc/x86_64-linux-gnu/10/../../../x86_64-linux-gnu/crti.o /usr/lib/gcc/x86_64-linux-gnu/10/crtbeginS.o -L/usr/lib/gcc/x86_64-linux-gnu/10 -L/usr/lib/gcc/x86_64-linux-gnu/10/../../../x86_64-linux-gnu -L/usr/lib/gcc/x86_64-linux-gnu/10/../../../../lib -L/lib/x86_64-linux-gnu -L/lib/../lib -L/usr/lib/x86_64-linux-gnu -L/usr/lib/../lib -L/usr/lib/gcc/x86_64-linux-gnu/10/../../.. /tmp/ccwUmaAT.o -lgfortran -lm -lgcc_s -lgcc -lquadmath -lm -lgcc_s -lgcc -lc -lgcc_s -lgcc /usr/lib/gcc/x86_64-linux-gnu/10/crtendS.o /usr/lib/gcc/x86_64-linux-gnu/10/../../../x86_64-linux-gnu/crtn.o
configure:16362: result:  -L/usr/lib/gcc/x86_64-linux-gnu/10 -L/usr/lib/gcc/x86_64-linux-gnu/10/../../../x86_64-linux-gnu -L/usr/lib/gcc/x86_64-linux-gnu/10/../../../../lib -L/lib/x86_64-linux-gnu -L/lib/../lib -L/usr/lib/x86_64-linux-gnu -L/usr/lib/../lib -L/usr/lib/gcc/x86_64-linux-gnu/10/../../.. -lgfortran -lm -lquadmath
configure:16472: checking for yaml_parser_initialize in -lyaml
configure:16497: gcc -o conftest -g -O2   conftest.c -lyaml   >&5
/usr/bin/ld: cannot find -lyaml
collect2: error: ld returned 1 exit status
configure:16497: $? = 1
configure: failed program was:
| /* confdefs.h */
| #define PACKAGE_NAME "ast"
| #define PACKAGE_TARNAME "ast"
| #define PACKAGE_VERSION "9.2.8"
| #define PACKAGE_STRING "ast 9.2.8"
| #define PACKAGE_BUGREPORT "starlink@jiscmail.ac.uk"
| #define PACKAGE_URL ""
| #define PACKAGE "ast"
| #define VERSION "9.2.8"
| #define STDC_HEADERS 1
| #define HAVE_SYS_TYPES_H 1
| #define HAVE_SYS_STAT_H 1
| #define HAVE_STDLIB_H 1
| #define HAVE_STRING_H 1
| #define HAVE_MEMORY_H 1
| #define HAVE_STRINGS_H 1
| #define HAVE_INTTYPES_H 1
| #define HAVE_STDINT_H 1
| #define HAVE_UNISTD_H 1
| #define HAVE_DLFCN_H 1
| #define LT_OBJDIR ".libs/"
| /* end confdefs.h.  */
| 
| /* Override any GCC internal prototype to avoid an error.
|    Use char because int might match the return type of a GCC
|    builtin and then its argument prototype would still apply.  */
| #ifdef __cplusplus
| extern "C"
| #endif
| char yaml_parser_initialize ();
| int
| main ()
| {
| return yaml_parser_initialize ();
|   ;
|   return 0;
| }
configure:16506: result: no
configure:16535: checking stdarg.h usability
configure:16535: gcc -c -g -O2  conftest.c >&5
configure:16535: $? = 0
configure:16535: result: yes
configure:16535: checking stdarg.h presence
configure:16535: gcc -E  conftest.c
configure:16535: $? = 0
configure:16535: result: yes
configure:16535: checking for stdarg.h
configure:16535: result: yes
configure:16549: checking execinfo.h usability
configure:16549: gcc -c -g -O2  conftest.c >&5
configure:16549: $? = 0
configure:16549: result: yes
configure:16549: checking execinfo.h presence
configure:16549: gcc -E  conftest.c
configure:16549: $? = 0
configure:16549: result: yes
configure:16549: checking for execinfo.h
configure:16549: result: yes
configure:16561: checking for backtrace
configure:16561: gcc -o conftest -g -O2   conftest.c  >&5
configure:16561: $? = 0
configure:16561: result: yes
configure:16575: checking for strerror_r
configure:16575: gcc -o conftest -g -O2   conftest.c  >&5
configure:16575: $? = 0
configure:16575: result: yes
configure:16575: checking for strtok_r
configure:16575: gcc -o conftest -g -O2   conftest.c  >&5
configure:16575: $? = 0
configure:16575: result: yes
configure:16588: checking for vsnprintf
configure:16588: gcc -o conftest -g -O2   conftest.c  >&5
conftest.c:51:6: warning: conflicting types for built-in function 'vsnprintf'; expected 'int(char *, long unsigned int,  const char *, __va_list_tag *)' [-Wbuiltin-declaration-mismatch]
   51 | char vsnprintf ();
      |      ^~~~~~~~~
conftest.c:39:1: note: 'vsnprintf' is declared in header '<stdio.h>'
   38 | # include <limits.h>
   39 | #else
configure:16588: $? = 0
configure:16588: result: yes
configure:16599: checking for long double
configure:16599: gcc -c -g -O2  conftest.c >&5
configure:16599: $? = 0
configure:16599: gcc -c -g -O2  conftest.c >&5
conftest.c: In function 'main':
conftest.c:65:26: error: expected expression before ')' token
   65 | if (sizeof ((long double)))
      |                          ^
configure:16599: $? = 1
configure: failed program was:
| /* confdefs.h */
| #define PACKAGE_NAME "ast"
| #define PACKAGE_TARNAME "ast"
| #define PACKAGE_VERSION "9.2.8"
| #define PACKAGE_STRING "ast 9.2.8"
| #define PACKAGE_BUGREPORT "starlink@jiscmail.ac.uk"
| #define PACKAGE_URL ""
| #define PACKAGE "ast"
| #define VERSION "9.2.8"
| #define STDC_HEADERS 1
| #define HAVE_SYS_TYPES_H 1
| #define HAVE_SYS_STAT_H 1
| #define HAVE_STDLIB_H 1
| #define HAVE_STRING_H 1
| #define HAVE_MEMORY_H 1
| #define HAVE_STRINGS_H 1
| #define HAVE_INTTYPES_H 1
| #define HAVE_STDINT_H 1
| #define HAVE_UNISTD_H 1
| #define HAVE_DLFCN_H 1
| #define LT_OBJDIR ".libs/"
| #define HAVE_STDARG_H 1
| #define HAVE_EXECINFO_H 1
| #define HAVE_BACKTRACE 1
| #define HAVE_STRERROR_R 1
| #define HAVE_STRTOK_R 1
| #define HAVE_VSNPRINTF 1
| /* end confdefs.h.  */
| #include <stdio.h>
| #ifdef HAVE_SYS_TYPES_H
| # include <sys/types.h>
| #endif
| #ifdef HAVE_SYS_STAT_H
| # include <sys/stat.h>
| #endif
| #ifdef STDC_HEADERS
| # include <stdlib.h>
| # include <stddef.h>
| #else
| # ifdef HAVE_STDLIB_H
| #  include <stdlib.h>
| # endif
| #endif
| #ifdef HAVE_STRING_H
| # if !defined STDC_HEADERS && defined HAVE_MEMORY_H
| #  include <memory.h>
| # endif
| # include <string.h>
| #endif
| #ifdef HAVE_STRINGS_H
| # include <strings.h>
| #endif
| #ifdef HAVE_INTTYPES_H
| # include <inttypes.h>
| #endif
| #ifdef HAVE_STDINT_H
| # include <stdint.h>
| #endif
| #ifdef HAVE_UNISTD_H
| # include <unistd.h>
| #endif
| int
| main ()
| {
| if (sizeof ((long double)))
| 	    return 0;
|   ;
|   return 0;
| }
configure:16599: result: yes
configure:16611: checking for int64_t
configure:16611: gcc -c -g -O2  conftest.c >&5
configure:16611: $? = 0
configure:16611: gcc -c -g -O2  conftest.c >&5
conftest.c: In function 'main':
conftest.c:66:22: error: expected expression before ')' token
   66 | if (sizeof ((int64_t)))
      |                      ^
configure:16611: $? = 1
configure: failed program was:
| /* confdefs.h */
| #define PACKAGE_NAME "ast"
| #define PACKAGE_TARNAME "ast"
| #define PACKAGE_VERSION "9.2.8"
| #define PACKAGE_STRING "ast 9.2.8"
| #define PACKAGE_BUGREPORT "starlink@jiscmail.ac.uk"
| #define PACKAGE_URL ""
| #define PACKAGE "ast"
| #define VERSION "9.2.8"
| #define STDC_HEADERS 1
| #define HAVE_SYS_TYPES_H 1
| #define HAVE_SYS_STAT_H 1
| #define HAVE_STDLIB_H 1
| #define HAVE_STRING_H 1
| #define HAVE_MEMORY_H 1
| #define HAVE_STRINGS_H 1
| #define HAVE_INTTYPES_H 1
| #define HAVE_STDINT_H 1
| #define HAVE_UNISTD_H 1
| #define HAVE_DLFCN_H 1
| #define LT_OBJDIR ".libs/"
| #define HAVE_STDARG_H 1
| #define HAVE_EXECINFO_H 1
| #define HAVE_BACKTRACE 1
| #define HAVE_STRERROR_R 1
| #define HAVE_STRTOK_R 1
| #define HAVE_VSNPRINTF 1
| #define HAVE_LONG_DOUBLE 1
| /* end confdefs.h.  */
| #include <stdio.h>
| #ifdef HAVE_SYS_TYPES_H
| # include <sys/types.h>
| #endif
| #ifdef HAVE_SYS_STAT_H
| # include <sys/stat.h>
| #endif
| #ifdef STDC_HEADERS
| # include <stdlib.h>
| # include <stddef.h>
| #else
| # ifdef HAVE_STDLIB_H
| #  include <stdlib.h>
| # endif
| #endif
| #ifdef HAVE_STRING_H
| # if !defined STDC_HEADERS && defined HAVE_MEMORY_H
| #  include <memory.h>
| # endif
| # include <string.h>
| #endif
| #ifdef HAVE_STRINGS_H
| # include <strings.h>
| #endif
| #ifdef HAVE_INTTYPES_H
| # include <inttypes.h>
| #endif
| #ifdef HAVE_STDINT_H
| # include <stdint.h>
| #endif
| #ifdef HAVE_UNISTD_H
| # include <unistd.h>
| #endif
| int
| main ()
| {
| if (sizeof ((int64_t)))
| 	    return 0;
|   ;
|   return 0;
| }
configure:16611: result: yes
configure:16620: checking for uint64_t
configure:16620: gcc -c -g -O2  conftest.c >&5
configure:16620: $? = 0
configure:16620: gcc -c -g -O2  conftest.c >&5
conftest.c: In function 'main':
conftest.c:67:23: error: expected expression before ')' token
   67 | if (sizeof ((uint64_t)))
      |                       ^
configure:16620: $? = 1
configure: failed program was:
| /* confdefs.h */
| #define PACKAGE_NAME "ast"
| #define PACKAGE_TARNAME "ast"
| #define PACKAGE_VERSION "9.2.8"
| #define PACKAGE_STRING "ast 9.2.8"
| #define PACKAGE_BUGREPORT "starlink@jiscmail.ac.uk"
| #define PACKAGE_URL ""
| #define PACKAGE "ast"
| #define VERSION "9.2.8"
| #define STDC_HEADERS 1
| #define HAVE_SYS_TYPES_H 1
| #define HAVE_SYS_STAT_H 1
| #define HAVE_STDLIB_H 1
| #define HAVE_STRING_H 1
| #define HAVE_MEMORY_H 1
| #define HAVE_STRINGS_H 1
| #define HAVE_INTTYPES_H 1
| #define HAVE_STDINT_H 1
| #define HAVE_UNISTD_H 1
| #define HAVE_DLFCN_H 1
| #define LT_OBJDIR ".libs/"
| #define HAVE_STDARG_H 1
| #define HAVE_EXECINFO_H 1
| #define HAVE_BACKTRACE 1
| #define HAVE_STRERROR_R 1
| #define HAVE_STRTOK_R 1
| #define HAVE_VSNPRINTF 1
| #define HAVE_LONG_DOUBLE 1
| #define HAVE_INT64_T 1
| /* end confdefs.h.  */
| #include <stdio.h>
| #ifdef HAVE_SYS_TYPES_H
| # include <sys/types.h>
| #endif
| #ifdef HAVE_SYS_STAT_H
| # include <sys/stat.h>
| #endif
| #ifdef STDC_HEADERS
| # include <stdlib.h>
| # include <stddef.h>
| #else
| # ifdef HAVE_STDLIB_H
| #  include <stdlib.h>
| # endif
| #endif
| #ifdef HAVE_STRING_H
| # if !defined STDC_HEADERS && defined HAVE_MEMORY_H
| #  include <memory.h>
| # endif
| # include <string.h>
| #endif
| #ifdef HAVE_STRINGS_H
| # include <strings.h>
| #endif
| #ifdef HAVE_INTTYPES_H
| # include <inttypes.h>
| #endif
| #ifdef HAVE_STDINT_H
| # include <stdint.h>
| #endif
| #ifdef HAVE_UNISTD_H
| # include <unistd.h>
| #endif
| int
| main ()
| {
| if (sizeof ((uint64_t)))
| 	    return 0;
|   ;
|   return 0;
| }
configure:16620: result: yes
configure:16636: checking size of long
configure:16641: gcc -o conftest -g -O2   conftest.c  >&5
configure:16641: $? = 0
configure:16641: ./conftest
configure:16641: $? = 0
configure:16655: result: 8
configure:16669: checking size of long long
configure:16674: gcc -o conftest -g -O2   conftest.c  >&5
configure:16674: $? = 0
configure:16674: ./conftest
configure:16674: $? = 0
configure:16688: result: 8
configure:16709: checking whether C compiler defines __func__
configure:16722: gcc -c -g -O2  conftest.c >&5
configure:16722: $? = 0
configure:16723: result: yes
configure:16769: checking for perl
configure:16788: found /usr/bin/perl
configure:16801: result: /usr/bin/perl
configure:16813: checking for isnan
configure:16813: gcc -o conftest -g -O2   conftest.c  >&5
conftest.c:58:6: warning: conflicting types for built-in function 'isnan'; expected 'int()' [-Wbuiltin-declaration-mismatch]
   58 | char isnan ();
      |      ^~~~~
conftest.c:46:1: note: 'isnan' is declared in header '<math.h>'
   45 | # include <limits.h>
   46 | #else
configure:16813: $? = 0
configure:16813: result: yes
configure:16822: checking whether isnan is declared
configure:16822: gcc -c -g -O2  conftest.c >&5
configure:16822: $? = 0
configure:16822: result: yes
configure:16837: checking for isfinite
configure:16837: gcc -o conftest -g -O2   conftest.c  >&5
/usr/bin/ld: /tmp/ccyp7ST7.o: in function `main':
/usr/local/src/SAOImageDS9/ast/conftest.c:71: undefined reference to `isfinite'
collect2: error: ld returned 1 exit status
configure:16837: $? = 1
configure: failed program was:
| /* confdefs.h */
| #define PACKAGE_NAME "ast"
| #define PACKAGE_TARNAME "ast"
| #define PACKAGE_VERSION "9.2.8"
| #define PACKAGE_STRING "ast 9.2.8"
| #define PACKAGE_BUGREPORT "starlink@jiscmail.ac.uk"
| #define PACKAGE_URL ""
| #define PACKAGE "ast"
| #define VERSION "9.2.8"
| #define STDC_HEADERS 1
| #define HAVE_SYS_TYPES_H 1
| #define HAVE_SYS_STAT_H 1
| #define HAVE_STDLIB_H 1
| #define HAVE_STRING_H 1
| #define HAVE_MEMORY_H 1
| #define HAVE_STRINGS_H 1
| #define HAVE_INTTYPES_H 1
| #define HAVE_STDINT_H 1
| #define HAVE_UNISTD_H 1
| #define HAVE_DLFCN_H 1
| #define LT_OBJDIR ".libs/"
| #define HAVE_STDARG_H 1
| #define HAVE_EXECINFO_H 1
| #define HAVE_BACKTRACE 1
| #define HAVE_STRERROR_R 1
| #define HAVE_STRTOK_R 1
| #define HAVE_VSNPRINTF 1
| #define HAVE_LONG_DOUBLE 1
| #define HAVE_INT64_T 1
| #define HAVE_UINT64_T 1
| #define SIZEOF_LONG 8
| #define SIZEOF_LONG_LONG 8
| #define FUNCTION_NAME __func__
| #define HAVE_ISNAN 1
| #define HAVE_DECL_ISNAN 1
| /* end confdefs.h.  */
| /* Define isfinite to an innocuous variant, in case <limits.h> declares isfinite.
|    For example, HP-UX 11i <limits.h> declares gettimeofday.  */
| #define isfinite innocuous_isfinite
| 
| /* System header to define __stub macros and hopefully few prototypes,
|     which can conflict with char isfinite (); below.
|     Prefer <limits.h> to <assert.h> if __STDC__ is defined, since
|     <limits.h> exists even on freestanding compilers.  */
| 
| #ifdef __STDC__
| # include <limits.h>
| #else
| # include <assert.h>
| #endif
| 
| #undef isfinite
| 
| /* Override any GCC internal prototype to avoid an error.
|    Use char because int might match the return type of a GCC
|    builtin and then its argument prototype would still apply.  */
| #ifdef __cplusplus
| extern "C"
| #endif
| char isfinite ();
| /* The GNU C library defines this for functions which it implements
|     to always fail with ENOSYS.  Some functions are actually named
|     something starting with __ and the normal name is an alias.  */
| #if defined __stub_isfinite || defined __stub___isfinite
| choke me
| #endif
| 
| int
| main ()
| {
| return isfinite ();
|   ;
|   return 0;
| }
configure:16837: result: no
configure:16846: checking whether isfinite is declared
configure:16846: gcc -c -g -O2  conftest.c >&5
configure:16846: $? = 0
configure:16846: result: yes
configure:16871: checking if gfortran is in strict f2c compatible mode
configure:16943: result: no
configure:16960: checking size of void*
configure:16965: gcc -o conftest -g -O2   conftest.c  >&5
configure:16965: $? = 0
configure:16965: ./conftest
configure:16965: $? = 0
configure:16979: result: 8
configure:16988: checking whether gfortran has the %LOC extension
configure:17007: gfortran -c -g -O2  conftest.f >&5
conftest.f:5:18:

    5 |       ADDR = %LOC( I )
      |                  1
Warning: Legacy Extension: %LOC() as an rvalue at (1)
configure:17007: $? = 0
configure:17020: result: yes
configure:17027: checking type used for Fortran string lengths
configure:17122: result: long
configure:17164: in post-distribution state
configure:17192: checking for messgen
configure:17224: result: messgen
configure:17239: checking whether the sscanf function is ANSI-compatible
configure:17278: gcc -o conftest -g -O2   conftest.c  >&5
configure:17278: $? = 0
configure:17278: ./conftest
configure:17278: $? = 1
configure: program exited with status 1
configure: failed program was:
| /* confdefs.h */
| #define PACKAGE_NAME "ast"
| #define PACKAGE_TARNAME "ast"
| #define PACKAGE_VERSION "9.2.8"
| #define PACKAGE_STRING "ast 9.2.8"
| #define PACKAGE_BUGREPORT "starlink@jiscmail.ac.uk"
| #define PACKAGE_URL ""
| #define PACKAGE "ast"
| #define VERSION "9.2.8"
| #define STDC_HEADERS 1
| #define HAVE_SYS_TYPES_H 1
| #define HAVE_SYS_STAT_H 1
| #define HAVE_STDLIB_H 1
| #define HAVE_STRING_H 1
| #define HAVE_MEMORY_H 1
| #define HAVE_STRINGS_H 1
| #define HAVE_INTTYPES_H 1
| #define HAVE_STDINT_H 1
| #define HAVE_UNISTD_H 1
| #define HAVE_DLFCN_H 1
| #define LT_OBJDIR ".libs/"
| #define HAVE_STDARG_H 1
| #define HAVE_EXECINFO_H 1
| #define HAVE_BACKTRACE 1
| #define HAVE_STRERROR_R 1
| #define HAVE_STRTOK_R 1
| #define HAVE_VSNPRINTF 1
| #define HAVE_LONG_DOUBLE 1
| #define HAVE_INT64_T 1
| #define HAVE_UINT64_T 1
| #define SIZEOF_LONG 8
| #define SIZEOF_LONG_LONG 8
| #define FUNCTION_NAME __func__
| #define HAVE_ISNAN 1
| #define HAVE_DECL_ISNAN 1
| #define HAVE_DECL_ISFINITE 1
| #define SIZEOF_VOIDP 8
| #define HAVE_PERCENTLOC 1
| #define TRAIL_TYPE long
| /* end confdefs.h.  */
| 
| 
| #include <stdio.h>
| #include <stdlib.h>
| 
| int main() {
|   char foo[] = " name 1111.1 ";
|   char mingw[] = "system= FK4_NO_E";
| 
|   char bar[8];
|   float ff;
|   int system;
|   int nc;
|   int r;
| 
|   nc = 0;
|   r = sscanf(foo, " %s %f %n", bar, &ff, &nc);
| 
|   if ( nc == 13 ) {
|      nc = 0;
|      r = sscanf( mingw, "system= %n%*s %n", &system, &nc );
|      if ( nc != 0 ) nc = 13;
|   }
|   exit( ( nc != 13 ) ? 0 : 1 );
| }
| 
| 
configure:17286: result: yes
configure:17362: checking for star2html
configure:17394: result: star2html
configure:17408: checking for prolat
configure:17440: result: prolat
configure:17612: checking that generated files are newer than configure
configure:17618: result: done
configure:17669: creating ./config.status

## ---------------- ##
## Cache variables. ##
## ---------------- ##

ac_cv_build=x86_64-pc-linux-gnu
ac_cv_c_compiler_gnu=yes
ac_cv_env_CC_set=
ac_cv_env_CC_value=
ac_cv_env_CFLAGS_set=
ac_cv_env_CFLAGS_value=
ac_cv_env_CPPFLAGS_set=
ac_cv_env_CPPFLAGS_value=
ac_cv_env_CPP_set=
ac_cv_env_CPP_value=
ac_cv_env_FCFLAGS_set=
ac_cv_env_FCFLAGS_value=
ac_cv_env_FC_set=
ac_cv_env_FC_value=
ac_cv_env_LDFLAGS_set=
ac_cv_env_LDFLAGS_value=
ac_cv_env_LIBS_set=
ac_cv_env_LIBS_value=
ac_cv_env_MESSGEN_set=
ac_cv_env_MESSGEN_value=
ac_cv_env_PROLAT_set=
ac_cv_env_PROLAT_value=
ac_cv_env_STAR2HTML_set=
ac_cv_env_STAR2HTML_value=
ac_cv_env_STARLINK_set=
ac_cv_env_STARLINK_value=
ac_cv_env_build_alias_set=
ac_cv_env_build_alias_value=
ac_cv_env_host_alias_set=
ac_cv_env_host_alias_value=
ac_cv_env_target_alias_set=
ac_cv_env_target_alias_value=
ac_cv_fc_compiler_gnu=yes
ac_cv_fc_have_percentloc=yes
ac_cv_fc_libs=' -L/usr/lib/gcc/x86_64-linux-gnu/10 -L/usr/lib/gcc/x86_64-linux-gnu/10/../../../x86_64-linux-gnu -L/usr/lib/gcc/x86_64-linux-gnu/10/../../../../lib -L/lib/x86_64-linux-gnu -L/lib/../lib -L/usr/lib/x86_64-linux-gnu -L/usr/lib/../lib -L/usr/lib/gcc/x86_64-linux-gnu/10/../../.. -lgfortran -lm -lquadmath'
ac_cv_func_backtrace=yes
ac_cv_func_isfinite=no
ac_cv_func_isnan=yes
ac_cv_func_strerror_r=yes
ac_cv_func_strtok_r=yes
ac_cv_func_vsnprintf=yes
ac_cv_have_decl_isfinite=yes
ac_cv_have_decl_isnan=yes
ac_cv_header_dlfcn_h=yes
ac_cv_header_execinfo_h=yes
ac_cv_header_inttypes_h=yes
ac_cv_header_memory_h=yes
ac_cv_header_stdarg_h=yes
ac_cv_header_stdc=yes
ac_cv_header_stdint_h=yes
ac_cv_header_stdlib_h=yes
ac_cv_header_string_h=yes
ac_cv_header_strings_h=yes
ac_cv_header_sys_stat_h=yes
ac_cv_header_sys_types_h=yes
ac_cv_header_unistd_h=yes
ac_cv_host=x86_64-pc-linux-gnu
ac_cv_lib_yaml_yaml_parser_initialize=no
ac_cv_objext=o
ac_cv_path_EGREP='/bin/grep -E'
ac_cv_path_FGREP='/bin/grep -F'
ac_cv_path_GIT=/usr/bin/git
ac_cv_path_GREP=/bin/grep
ac_cv_path_MESSGEN=messgen
ac_cv_path_PERL=/usr/bin/perl
ac_cv_path_PROLAT=prolat
ac_cv_path_SED=/bin/sed
ac_cv_path_STAR2HTML=star2html
ac_cv_path_TAR=/bin/tar
ac_cv_path_install='/usr/bin/install -c'
ac_cv_path_mkdir=/bin/mkdir
ac_cv_prog_AWK=mawk
ac_cv_prog_CPP='gcc -E'
ac_cv_prog_ac_ct_AR=ar
ac_cv_prog_ac_ct_CC=gcc
ac_cv_prog_ac_ct_FC=gfortran
ac_cv_prog_ac_ct_OBJDUMP=objdump
ac_cv_prog_ac_ct_RANLIB=ranlib
ac_cv_prog_ac_ct_STRIP=strip
ac_cv_prog_cc_c89=
ac_cv_prog_cc_g=yes
ac_cv_prog_fc_g=yes
ac_cv_prog_fc_v=-v
ac_cv_prog_make_make_set=yes
ac_cv_sizeof_long=8
ac_cv_sizeof_long_long=8
ac_cv_sizeof_voidp=8
ac_cv_type_int64_t=yes
ac_cv_type_long_double=yes
ac_cv_type_uint64_t=yes
am_cv_CC_dependencies_compiler_type=gcc3
am_cv_make_support_nested_variables=yes
am_cv_prog_cc_c_o=yes
lt_cv_ar_at_file=@
lt_cv_deplibs_check_method=pass_all
lt_cv_file_magic_cmd='$MAGIC_CMD'
lt_cv_file_magic_test_file=
lt_cv_ld_reload_flag=-r
lt_cv_nm_interface='BSD nm'
lt_cv_objdir=.libs
lt_cv_path_LD=/usr/bin/ld
lt_cv_path_NM='/usr/bin/nm -B'
lt_cv_path_mainfest_tool=no
lt_cv_prog_compiler_c_o=yes
lt_cv_prog_compiler_c_o_FC=yes
lt_cv_prog_compiler_pic='-fPIC -DPIC'
lt_cv_prog_compiler_pic_FC=-fPIC
lt_cv_prog_compiler_pic_works=yes
lt_cv_prog_compiler_pic_works_FC=yes
lt_cv_prog_compiler_rtti_exceptions=no
lt_cv_prog_compiler_static_works=yes
lt_cv_prog_compiler_static_works_FC=yes
lt_cv_prog_gnu_ld=yes
lt_cv_sharedlib_from_linklib_cmd='printf %s\n'
lt_cv_shlibpath_overrides_runpath=yes
lt_cv_sys_global_symbol_pipe='sed -n -e '\''s/^.*[	 ]\([ABCDGIRSTW][ABCDGIRSTW]*\)[	 ][	 ]*\([_A-Za-z][_A-Za-z0-9]*\)$/\1 \2 \2/p'\'' | sed '\''/ __gnu_lto/d'\'''
lt_cv_sys_global_symbol_to_c_name_address='sed -n -e '\''s/^: \([^ ]*\)[ ]*$/  {\"\1\", (void *) 0},/p'\'' -e '\''s/^[ABCDGIRSTW]* \([^ ]*\) \([^ ]*\)$/  {"\2", (void *) \&\2},/p'\'''
lt_cv_sys_global_symbol_to_c_name_address_lib_prefix='sed -n -e '\''s/^: \([^ ]*\)[ ]*$/  {\"\1\", (void *) 0},/p'\'' -e '\''s/^[ABCDGIRSTW]* \([^ ]*\) \(lib[^ ]*\)$/  {"\2", (void *) \&\2},/p'\'' -e '\''s/^[ABCDGIRSTW]* \([^ ]*\) \([^ ]*\)$/  {"lib\2", (void *) \&\2},/p'\'''
lt_cv_sys_global_symbol_to_cdecl='sed -n -e '\''s/^T .* \(.*\)$/extern int \1();/p'\'' -e '\''s/^[ABCDGIRSTW]* .* \(.*\)$/extern char \1;/p'\'''
lt_cv_sys_max_cmd_len=1572864
lt_cv_to_host_file_cmd=func_convert_file_noop
lt_cv_to_tool_file_cmd=func_convert_file_noop
star_cv_cnf_f2c_compatible=no
star_cv_cnf_trail_type=long

## ----------------- ##
## Output variables. ##
## ----------------- ##

ACLOCAL='${SHELL} /usr/local/src/SAOImageDS9/ast/build-aux/missing aclocal-1.15'
AMDEPBACKSLASH='\'
AMDEP_FALSE='#'
AMDEP_TRUE=''
AMTAR='$${TAR-tar}'
AM_BACKSLASH='\'
AM_DEFAULT_V='$(AM_DEFAULT_VERBOSITY)'
AM_DEFAULT_VERBOSITY='1'
AM_V='$(V)'
AR='ar'
AUTOCONF='${SHELL} /usr/local/src/SAOImageDS9/ast/build-aux/missing autoconf'
AUTOHEADER='${SHELL} /usr/local/src/SAOImageDS9/ast/build-aux/missing autoheader'
AUTOMAKE='${SHELL} /usr/local/src/SAOImageDS9/ast/build-aux/missing automake-1.15'
AWK='mawk'
CC='gcc'
CCDEPMODE='depmode=gcc3'
CFLAGS='-g -O2'
CPP='gcc -E'
CPPFLAGS=''
CYGPATH_W='echo'
DEFS='-DHAVE_CONFIG_H'
DEPDIR='.deps'
DLLTOOL='false'
DSYMUTIL=''
DUMPBIN=''
ECHO_C=''
ECHO_N='-n'
ECHO_T=''
EGREP='/bin/grep -E'
EXEEXT=''
EXTERNAL_CMINPACK='0'
EXTERNAL_CMINPACK_FALSE=''
EXTERNAL_CMINPACK_TRUE='#'
EXTERNAL_PAL='0'
EXTERNAL_PAL_FALSE=''
EXTERNAL_PAL_TRUE='#'
FC='gfortran'
FCFLAGS='-g -O2'
FCLIBS=' -L/usr/lib/gcc/x86_64-linux-gnu/10 -L/usr/lib/gcc/x86_64-linux-gnu/10/../../../x86_64-linux-gnu -L/usr/lib/gcc/x86_64-linux-gnu/10/../../../../lib -L/lib/x86_64-linux-gnu -L/lib/../lib -L/usr/lib/x86_64-linux-gnu -L/usr/lib/../lib -L/usr/lib/gcc/x86_64-linux-gnu/10/../../.. -lgfortran -lm -lquadmath'
FGREP='/bin/grep -F'
FORTRAN='1'
GIT='/usr/bin/git'
GREP='/bin/grep'
INSTALL_DATA='${INSTALL} -m 644'
INSTALL_PROGRAM='${INSTALL}'
INSTALL_SCRIPT='${INSTALL}'
INSTALL_STRIP_PROGRAM='$(install_sh) -c -s'
LATEX2DVI='$$LATEX "\\batchmode\\input $$1" && $$LATEX "\\batchmode\\input $$1"'
LD='/usr/bin/ld -m elf_x86_64'
LDFLAGS=''
LIBCMINPACK=''
LIBOBJS=''
LIBPAL=''
LIBS=''
LIBTOOL='$(SHELL) $(top_builddir)/libtool'
LIPO=''
LN_S='ln -s'
LTLIBOBJS=''
MAKEINFO='${SHELL} /usr/local/src/SAOImageDS9/ast/build-aux/missing makeinfo'
MANIFEST_TOOL=':'
MESSGEN='messgen'
MKDIR_P='/bin/mkdir -p'
NM='/usr/bin/nm -B'
NMEDIT=''
NOFORTRAN_FALSE=''
NOFORTRAN_TRUE='#'
NOPIC_FALSE=''
NOPIC_TRUE='#'
NOTHREADS_FALSE='#'
NOTHREADS_TRUE=''
NOYAML_FALSE='#'
NOYAML_TRUE=''
OBJDUMP='objdump'
OBJEXT='o'
OTOOL64=''
OTOOL=''
PACKAGE='ast'
PACKAGE_BUGREPORT='starlink@jiscmail.ac.uk'
PACKAGE_NAME='ast'
PACKAGE_STRING='ast 9.2.8'
PACKAGE_TARNAME='ast'
PACKAGE_URL=''
PACKAGE_VERSION='9.2.8'
PACKAGE_VERSION_INTEGER='9002008'
PACKAGE_VERSION_MAJOR='9'
PACKAGE_VERSION_MINOR='2'
PACKAGE_VERSION_RELEASE='8'
PATH_SEPARATOR=':'
PAX=''
PERL='/usr/bin/perl'
PREDIST='#'
PROLAT='prolat'
RANLIB='ranlib'
REAL_FUNCTION_TYPE='float'
SED='/bin/sed'
SET_MAKE=''
SHELL='/bin/bash'
STAR2HTML='star2html'
STARLINK='/stardev/git/starlink/star'
STAR_CPPFLAGS='-I/stardev/git/starlink/star/include'
STAR_DEPENDENCIES_ATTRIBUTES=''
STAR_DEPENDENCIES_CHILDREN='<sourceset>sst</sourceset><sourceset>htx</sourceset><sourceset>messgen</sourceset>'
STAR_DOCUMENTATION=' sun210 sun211'
STAR_FCFLAGS='-I/stardev/git/starlink/star/include -fallow-argument-mismatch'
STAR_FFLAGS='-I/stardev/git/starlink/star/include -fallow-argument-mismatch'
STAR_LATEX_DOCUMENTATION='sun210.pdf sun210.tex sun211.pdf sun211.tex sun210.htx_tar sun211.htx_tar'
STAR_LDFLAGS='-L/stardev/git/starlink/star/lib'
STAR_MANIFEST_DIR='$(prefix)/manifests'
STAR_SOURCE_ROOT_DIR=''
STRIP='strip'
TAR='/bin/tar'
THREADS='0'
TOPINCLUDE_FALSE='#'
TOPINCLUDE_TRUE=''
TRAIL_TYPE='long'
VERSION='9.2.8'
YAML='0'
ac_ct_AR='ar'
ac_ct_CC='gcc'
ac_ct_DUMPBIN=''
ac_ct_FC='gfortran'
am__EXEEXT_FALSE=''
am__EXEEXT_TRUE='#'
am__fastdepCC_FALSE='#'
am__fastdepCC_TRUE=''
am__include='include'
am__isrc=''
am__leading_dot='.'
am__nodep='_no'
am__quote=''
am__tar='$${TAR-tar} chof - "$$tardir"'
am__untar='$${TAR-tar} xf -'
bindir='${exec_prefix}/bin'
build='x86_64-pc-linux-gnu'
build_alias=''
build_cpu='x86_64'
build_os='linux-gnu'
build_vendor='pc'
datadir='${datarootdir}'
datarootdir='${prefix}/share'
docdir='${datarootdir}/doc/${PACKAGE_TARNAME}'
dvidir='${docdir}'
exec_prefix='/usr/local/src/SAOImageDS9'
host='x86_64-pc-linux-gnu'
host_alias=''
host_cpu='x86_64'
host_os='linux-gnu'
host_vendor='pc'
htmldir='${docdir}'
includedir='${prefix}/include'
infodir='${datarootdir}/info'
install_sh='${SHELL} /usr/local/src/SAOImageDS9/ast/build-aux/install-sh'
libdir='/usr/local/src/SAOImageDS9/lib'
libexecdir='${exec_prefix}/libexec'
localedir='${datarootdir}/locale'
localstatedir='${prefix}/var'
mandir='${datarootdir}/man'
mkdir_p='$(MKDIR_P)'
oldincludedir='/usr/include'
pdfdir='${docdir}'
prefix='/usr/local/src/SAOImageDS9'
program_transform_name='s,x,x,'
psdir='${docdir}'
sbindir='${exec_prefix}/sbin'
sharedstatedir='${prefix}/com'
stardocsdir='${prefix}/docs'
staretcdir='${prefix}/etc'
starexamplesdir='${prefix}/examples'
starfacsdir='${prefix}/help'
starhelpdir='${prefix}/help'
starnewsdir='${prefix}/news'
sysconfdir='${prefix}/etc'
target_alias=''
version_info='11:8:2'

## ----------- ##
## confdefs.h. ##
## ----------- ##

/* confdefs.h */
#define PACKAGE_NAME "ast"
#define PACKAGE_TARNAME "ast"
#define PACKAGE_VERSION "9.2.8"
#define PACKAGE_STRING "ast 9.2.8"
#define PACKAGE_BUGREPORT "starlink@jiscmail.ac.uk"
#define PACKAGE_URL ""
#define PACKAGE "ast"
#define VERSION "9.2.8"
#define STDC_HEADERS 1
#define HAVE_SYS_TYPES_H 1
#define HAVE_SYS_STAT_H 1
#define HAVE_STDLIB_H 1
#define HAVE_STRING_H 1
#define HAVE_MEMORY_H 1
#define HAVE_STRINGS_H 1
#define HAVE_INTTYPES_H 1
#define HAVE_STDINT_H 1
#define HAVE_UNISTD_H 1
#define HAVE_DLFCN_H 1
#define LT_OBJDIR ".libs/"
#define HAVE_STDARG_H 1
#define HAVE_EXECINFO_H 1
#define HAVE_BACKTRACE 1
#define HAVE_STRERROR_R 1
#define HAVE_STRTOK_R 1
#define HAVE_VSNPRINTF 1
#define HAVE_LONG_DOUBLE 1
#define HAVE_INT64_T 1
#define HAVE_UINT64_T 1
#define SIZEOF_LONG 8
#define SIZEOF_LONG_LONG 8
#define FUNCTION_NAME __func__
#define HAVE_ISNAN 1
#define HAVE_DECL_ISNAN 1
#define HAVE_DECL_ISFINITE 1
#define SIZEOF_VOIDP 8
#define HAVE_PERCENTLOC 1
#define TRAIL_TYPE long

configure: exit 0

## ---------------------- ##
## Running config.status. ##
## ---------------------- ##

This file was extended by ast config.status 9.2.8, which was
generated by Starlink Autoconf 2.69.  Invocation command line was

  CONFIG_FILES    = 
  CONFIG_HEADERS  = 
  CONFIG_LINKS    = 
  CONFIG_COMMANDS = 
  $ ./config.status 

on nancep7.obs-nancay.fr

config.status:1223: creating Makefile
config.status:1223: creating component.xml
config.status:1223: creating ast_link
config.status:1223: creating ast_link_adam
config.status:1223: creating src/object.h
config.status:1223: creating src/f77.h
config.status:1223: creating ast_cpp
config.status:1223: creating config.h
config.status:1404: config.h is unchanged
config.status:1452: executing depfiles commands
config.status:1452: executing libtool commands

## ---------------------- ##
## Running config.status. ##
## ---------------------- ##

This file was extended by ast config.status 9.2.8, which was
generated by Starlink Autoconf 2.69.  Invocation command line was

  CONFIG_FILES    = 
  CONFIG_HEADERS  = 
  CONFIG_LINKS    = 
  CONFIG_COMMANDS = 
  $ ./config.status config.h

on nancep7.obs-nancay.fr

config.status:1223: creating config.h
