This file contains any messages produced by compilers while
running configure, to aid debugging if configure makes a mistake.

It was created by funtools configure 1.4.7, which was
generated by GNU Autoconf 2.71.  Invocation command line was

  $ ./configure --with-zlib=/usr/local/src/SAOImageDS9/lib --prefix /usr/local/src/SAOImageDS9 --exec-prefix /usr/local/src/SAOImageDS9 --libdir /usr/local/src/SAOImageDS9/lib --disable-shared

## --------- ##
## Platform. ##
## --------- ##

hostname = nancep7.obs-nancay.fr
uname -m = x86_64
uname -r = 5.15.0-69-generic
uname -s = Linux
uname -v = #76~20.04.1-Ubuntu SMP Mon Mar 20 15:54:19 UTC 2023

/usr/bin/uname -p = unknown
/bin/uname -X     = unknown

/bin/arch              = unknown
/usr/bin/arch -k       = unknown
/usr/convex/getsysinfo = unknown
/usr/bin/hostinfo      = unknown
/bin/machine           = unknown
/usr/bin/oslevel       = unknown
/bin/universe          = unknown

PATH: /usr/local/sbin/
PATH: /usr/local/bin/
PATH: /usr/sbin/
PATH: /usr/bin/
PATH: /sbin/
PATH: /bin/


## ----------- ##
## Core tests. ##
## ----------- ##

configure:2347: looking for aux files: config.guess config.sub
configure:2360:  trying ./
configure:2389:   ./config.guess found
configure:2389:   ./config.sub found
configure:2511: checking build system type
configure:2526: result: x86_64-pc-linux-gnu
configure:2546: checking host system type
configure:2560: result: x86_64-pc-linux-gnu
configure:2646: checking for gcc
configure:2667: found /usr/bin/gcc
configure:2678: result: gcc
configure:3031: checking for C compiler version
configure:3040: gcc --version >&5
gcc (Debian 10.2.1-6) 10.2.1 20210110
Copyright (C) 2020 Free Software Foundation, Inc.
This is free software; see the source for copying conditions.  There is NO
warranty; not even for MERCHANTABILITY or FITNESS FOR A PARTICULAR PURPOSE.

configure:3051: $? = 0
configure:3040: gcc -v >&5
Using built-in specs.
COLLECT_GCC=gcc
COLLECT_LTO_WRAPPER=/usr/lib/gcc/x86_64-linux-gnu/10/lto-wrapper
OFFLOAD_TARGET_NAMES=nvptx-none:amdgcn-amdhsa:hsa
OFFLOAD_TARGET_DEFAULT=1
Target: x86_64-linux-gnu
Configured with: ../src/configure -v --with-pkgversion='Debian 10.2.1-6' --with-bugurl=file:///usr/share/doc/gcc-10/README.Bugs --enable-languages=c,ada,c++,go,brig,d,fortran,objc,obj-c++,m2 --prefix=/usr --with-gcc-major-version-only --program-suffix=-10 --program-prefix=x86_64-linux-gnu- --enable-shared --enable-linker-build-id --libexecdir=/usr/lib --without-included-gettext --enable-threads=posix --libdir=/usr/lib --enable-nls --enable-bootstrap --enable-clocale=gnu --enable-libstdcxx-debug --enable-libstdcxx-time=yes --with-default-libstdcxx-abi=new --enable-gnu-unique-object --disable-vtable-verify --enable-plugin --enable-default-pie --with-system-zlib --enable-libphobos-checking=release --with-target-system-zlib=auto --enable-objc-gc=auto --enable-multiarch --disable-werror --with-arch-32=i686 --with-abi=m64 --with-multilib-list=m32,m64,mx32 --enable-multilib --with-tune=generic --enable-offload-targets=nvptx-none=/build/gcc-10-Km9U7s/gcc-10-10.2.1/debian/tmp-nvptx/usr,amdgcn-amdhsa=/build/gcc-10-Km9U7s/gcc-10-10.2.1/debian/tmp-gcn/usr,hsa --without-cuda-driver --enable-checking=release --build=x86_64-linux-gnu --host=x86_64-linux-gnu --target=x86_64-linux-gnu --with-build-config=bootstrap-lto-lean --enable-link-mutex
Thread model: posix
Supported LTO compression algorithms: zlib zstd
gcc version 10.2.1 20210110 (Debian 10.2.1-6) 
... rest of stderr output deleted ...
configure:3051: $? = 0
configure:3040: gcc -V >&5
gcc: error: unrecognized command-line option '-V'
gcc: fatal error: no input files
compilation terminated.
configure:3051: $? = 1
configure:3040: gcc -qversion >&5
gcc: error: unrecognized command-line option '-qversion'; did you mean '--version'?
gcc: fatal error: no input files
compilation terminated.
configure:3051: $? = 1
configure:3040: gcc -version >&5
gcc: error: unrecognized command-line option '-version'
gcc: fatal error: no input files
compilation terminated.
configure:3051: $? = 1
configure:3071: checking whether the C compiler works
configure:3093: gcc    conftest.c  >&5
configure:3097: $? = 0
configure:3147: result: yes
configure:3150: checking for C compiler default output file name
configure:3152: result: a.out
configure:3158: checking for suffix of executables
configure:3165: gcc -o conftest    conftest.c  >&5
configure:3169: $? = 0
configure:3192: result: 
configure:3214: checking whether we are cross compiling
configure:3222: gcc -o conftest    conftest.c  >&5
configure:3226: $? = 0
configure:3233: ./conftest
configure:3237: $? = 0
configure:3252: result: no
configure:3257: checking for suffix of object files
configure:3280: gcc -c   conftest.c >&5
configure:3284: $? = 0
configure:3306: result: o
configure:3310: checking whether the compiler supports GNU C
configure:3330: gcc -c   conftest.c >&5
configure:3330: $? = 0
configure:3340: result: yes
configure:3351: checking whether gcc accepts -g
configure:3372: gcc -c -g  conftest.c >&5
configure:3372: $? = 0
configure:3416: result: yes
configure:3436: checking for gcc option to enable C11 features
configure:3451: gcc  -c -g -O2  conftest.c >&5
configure:3451: $? = 0
configure:3469: result: none needed
configure:3586: checking for long long int
configure:3615: result: yes
configure:3672: checking for ranlib
configure:3693: found /usr/bin/ranlib
configure:3704: result: ranlib
configure:3733: checking for stdio.h
configure:3733: gcc -c -g -O2  conftest.c >&5
configure:3733: $? = 0
configure:3733: result: yes
configure:3733: checking for stdlib.h
configure:3733: gcc -c -g -O2  conftest.c >&5
configure:3733: $? = 0
configure:3733: result: yes
configure:3733: checking for string.h
configure:3733: gcc -c -g -O2  conftest.c >&5
configure:3733: $? = 0
configure:3733: result: yes
configure:3733: checking for inttypes.h
configure:3733: gcc -c -g -O2  conftest.c >&5
configure:3733: $? = 0
configure:3733: result: yes
configure:3733: checking for stdint.h
configure:3733: gcc -c -g -O2  conftest.c >&5
configure:3733: $? = 0
configure:3733: result: yes
configure:3733: checking for strings.h
configure:3733: gcc -c -g -O2  conftest.c >&5
configure:3733: $? = 0
configure:3733: result: yes
configure:3733: checking for sys/stat.h
configure:3733: gcc -c -g -O2  conftest.c >&5
configure:3733: $? = 0
configure:3733: result: yes
configure:3733: checking for sys/types.h
configure:3733: gcc -c -g -O2  conftest.c >&5
configure:3733: $? = 0
configure:3733: result: yes
configure:3733: checking for unistd.h
configure:3733: gcc -c -g -O2  conftest.c >&5
configure:3733: $? = 0
configure:3733: result: yes
configure:3758: checking for grep that handles long lines and -e
configure:3822: result: /bin/grep
configure:3827: checking for egrep
configure:3895: result: /bin/grep -E
configure:3901: checking for malloc.h
configure:3901: gcc -c -g -O2  conftest.c >&5
configure:3901: $? = 0
configure:3901: result: yes
configure:3908: checking for getopt.h
configure:3908: gcc -c -g -O2  conftest.c >&5
configure:3908: $? = 0
configure:3908: result: yes
configure:3915: checking for values.h
configure:3915: gcc -c -g -O2  conftest.c >&5
configure:3915: $? = 0
configure:3915: result: yes
configure:3922: checking for dlfcn.h
configure:3922: gcc -c -g -O2  conftest.c >&5
configure:3922: $? = 0
configure:3922: result: yes
configure:3929: checking for sys/un.h
configure:3929: gcc -c -g -O2  conftest.c >&5
configure:3929: $? = 0
configure:3929: result: yes
configure:3936: checking for sys/ipc.h
configure:3936: gcc -c -g -O2  conftest.c >&5
configure:3936: $? = 0
configure:3936: result: yes
configure:3943: checking for sys/mman.h
configure:3943: gcc -c -g -O2  conftest.c >&5
configure:3943: $? = 0
configure:3943: result: yes
configure:3954: checking for sys/shm.h
configure:3954: gcc -c -g -O2  conftest.c >&5
configure:3954: $? = 0
configure:3954: result: yes
configure:3964: checking for socklen_t
configure:3964: gcc -c -g -O2  conftest.c >&5
configure:3964: $? = 0
configure:3964: gcc -c -g -O2  conftest.c >&5
conftest.c: In function 'main':
conftest.c:33:24: error: expected expression before ')' token
   33 | if (sizeof ((socklen_t)))
      |                        ^
configure:3964: $? = 1
configure: failed program was:
| /* confdefs.h */
| #define PACKAGE_NAME "funtools"
| #define PACKAGE_TARNAME "funtools"
| #define PACKAGE_VERSION "1.4.7"
| #define PACKAGE_STRING "funtools 1.4.7"
| #define PACKAGE_BUGREPORT "saord@cfa.harvard.edu"
| #define PACKAGE_URL ""
| #define HAVE_LONG_LONG 1
| #define HAVE_STDIO_H 1
| #define HAVE_STDLIB_H 1
| #define HAVE_STRING_H 1
| #define HAVE_INTTYPES_H 1
| #define HAVE_STDINT_H 1
| #define HAVE_STRINGS_H 1
| #define HAVE_SYS_STAT_H 1
| #define HAVE_SYS_TYPES_H 1
| #define HAVE_UNISTD_H 1
| #define STDC_HEADERS 1
| #define HAVE_MALLOC_H 1
| #define HAVE_GETOPT_H 1
| #define HAVE_VALUES_H 1
| #define HAVE_DLFCN_H 1
| #define HAVE_SYS_UN_H 1
| #define HAVE_SYS_IPC_H 1
| #define HAVE_SYS_MMAN_H 1
| #define HAVE_SYS_SHM_H 1
| /* end confdefs.h.  */
| #include <sys/socket.h>
| 
| int
| main (void)
| {
| if (sizeof ((socklen_t)))
| 	    return 0;
|   ;
|   return 0;
| }
configure:3964: result: yes
configure:3975: checking for an ANSI C-conforming const
configure:4042: gcc -c -g -O2  conftest.c >&5
configure:4042: $? = 0
configure:4050: result: yes
configure:4059: checking for strchr
configure:4059: gcc -o conftest -g -O2   conftest.c  >&5
conftest.c:45:6: warning: conflicting types for built-in function 'strchr'; expected 'char *(const char *, int)' [-Wbuiltin-declaration-mismatch]
   45 | char strchr ();
      |      ^~~~~~
conftest.c:37:1: note: 'strchr' is declared in header '<string.h>'
   36 | #include <limits.h>
   37 | #undef strchr
configure:4059: $? = 0
configure:4059: result: yes
configure:4065: checking for memcpy
configure:4065: gcc -o conftest -g -O2   conftest.c  >&5
conftest.c:46:6: warning: conflicting types for built-in function 'memcpy'; expected 'void *(void *, const void *, long unsigned int)' [-Wbuiltin-declaration-mismatch]
   46 | char memcpy ();
      |      ^~~~~~
conftest.c:38:1: note: 'memcpy' is declared in header '<string.h>'
   37 | #include <limits.h>
   38 | #undef memcpy
configure:4065: $? = 0
configure:4065: result: yes
configure:4071: checking for snprintf
configure:4071: gcc -o conftest -g -O2   conftest.c  >&5
conftest.c:47:6: warning: conflicting types for built-in function 'snprintf'; expected 'int(char *, long unsigned int,  const char *, ...)' [-Wbuiltin-declaration-mismatch]
   47 | char snprintf ();
      |      ^~~~~~~~
conftest.c:39:1: note: 'snprintf' is declared in header '<stdio.h>'
   38 | #include <limits.h>
   39 | #undef snprintf
configure:4071: $? = 0
configure:4071: result: yes
configure:4079: checking for connect
configure:4079: gcc -o conftest -g -O2   conftest.c  >&5
configure:4079: $? = 0
configure:4079: result: yes
configure:4127: checking for gethostbyname
configure:4127: gcc -o conftest -g -O2   conftest.c  >&5
configure:4127: $? = 0
configure:4127: result: yes
configure:4181: checking for filter cc
configure:4192: result: NULL
configure:4196: checking for filter cflags
configure:4207: result: NULL
configure:4212: checking for alternate target library
configure:4223: result: no (libfuntools.a)
configure:4228: checking for external zlib
configure:4239: result: yes
configure:4242: checking for external wcslib
configure:4253: result: no
configure:4256: checking for shared library build
configure:4381: result: no
configure:4384: checking for dynamic loading of filters 
configure:4507: result: no (gcc)
configure:4536: checking for mainlib build
configure:4553: result: no
configure:4573: checking for Tcl configuration
configure:4654: result: found /usr/local/src/SAOImageDS9/tcl8.6/unix/tclConfig.sh
configure:4669: checking for gawk
configure:4704: result: no
configure:4669: checking for mawk
configure:4690: found /usr/bin/mawk
configure:4701: result: mawk
configure:4715: checking for gzip
configure:4736: found /bin/gzip
configure:4748: result: gzip
configure:4764: checking for gnuplot
configure:4797: result: none
configure:4811: checking linux-gnu configuration
configure:4901: result: none
configure:5045: creating ./config.status

## ---------------------- ##
## Running config.status. ##
## ---------------------- ##

This file was extended by funtools config.status 1.4.7, which was
generated by GNU Autoconf 2.71.  Invocation command line was

  CONFIG_FILES    = 
  CONFIG_HEADERS  = 
  CONFIG_LINKS    = 
  CONFIG_COMMANDS = 
  $ ./config.status 

on nancep7.obs-nancay.fr

config.status:840: creating Makefile
config.status:840: creating ./gnu/Makefile
config.status:840: creating ./funtest/Makefile
config.status:840: creating ./faq/Makefile
config.status:840: creating funtools.pc
config.status:840: creating conf.h
config.status:840: creating ./gnu/conf.h
config.status:840: creating ./funtest/conf.h
configure:6271: === configuring in util (/usr/local/src/SAOImageDS9/funtools/util)
configure:6332: running /bin/bash ./configure --disable-option-checking '--prefix=/usr/local/src/SAOImageDS9'  '--with-altlib=/usr/local/src/SAOImageDS9/funtools/libfuntools.a' '--with-zlib=/usr/local/src/SAOImageDS9/lib' '--exec-prefix' '/usr/local/src/SAOImageDS9' '--libdir' '/usr/local/src/SAOImageDS9/lib' '--disable-shared' --cache-file=/dev/null --srcdir=.
configure:6271: === configuring in fitsy (/usr/local/src/SAOImageDS9/funtools/fitsy)
configure:6332: running /bin/bash ./configure --disable-option-checking '--prefix=/usr/local/src/SAOImageDS9'  '--with-altlib=/usr/local/src/SAOImageDS9/funtools/libfuntools.a' '--with-zlib=/usr/local/src/SAOImageDS9/lib' '--exec-prefix' '/usr/local/src/SAOImageDS9' '--libdir' '/usr/local/src/SAOImageDS9/lib' '--disable-shared' --cache-file=/dev/null --srcdir=.
configure:6271: === configuring in filter (/usr/local/src/SAOImageDS9/funtools/filter)
configure:6332: running /bin/bash ./configure --disable-option-checking '--prefix=/usr/local/src/SAOImageDS9'  '--with-altlib=/usr/local/src/SAOImageDS9/funtools/libfuntools.a' '--with-zlib=/usr/local/src/SAOImageDS9/lib' '--exec-prefix' '/usr/local/src/SAOImageDS9' '--libdir' '/usr/local/src/SAOImageDS9/lib' '--disable-shared' --cache-file=/dev/null --srcdir=.
configure:6271: === configuring in wcs (/usr/local/src/SAOImageDS9/funtools/wcs)
configure:6332: running /bin/bash ./configure --disable-option-checking '--prefix=/usr/local/src/SAOImageDS9'  '--with-altlib=/usr/local/src/SAOImageDS9/funtools/libfuntools.a' '--with-zlib=/usr/local/src/SAOImageDS9/lib' '--exec-prefix' '/usr/local/src/SAOImageDS9' '--libdir' '/usr/local/src/SAOImageDS9/lib' '--disable-shared' --cache-file=/dev/null --srcdir=.

## ---------------- ##
## Cache variables. ##
## ---------------- ##

ac_cv_build=x86_64-pc-linux-gnu
ac_cv_c_compiler_gnu=yes
ac_cv_c_const=yes
ac_cv_c_long_long=yes
ac_cv_c_tclconfig=/usr/local/src/SAOImageDS9/tcl8.6/unix
ac_cv_env_CC_set=
ac_cv_env_CC_value=
ac_cv_env_CFLAGS_set=
ac_cv_env_CFLAGS_value=
ac_cv_env_CPPFLAGS_set=
ac_cv_env_CPPFLAGS_value=
ac_cv_env_LDFLAGS_set=
ac_cv_env_LDFLAGS_value=
ac_cv_env_LIBS_set=
ac_cv_env_LIBS_value=
ac_cv_env_build_alias_set=
ac_cv_env_build_alias_value=
ac_cv_env_host_alias_set=
ac_cv_env_host_alias_value=
ac_cv_env_target_alias_set=
ac_cv_env_target_alias_value=
ac_cv_func_connect=yes
ac_cv_func_gethostbyname=yes
ac_cv_func_memcpy=yes
ac_cv_func_snprintf=yes
ac_cv_func_strchr=yes
ac_cv_header_dlfcn_h=yes
ac_cv_header_getopt_h=yes
ac_cv_header_inttypes_h=yes
ac_cv_header_malloc_h=yes
ac_cv_header_stdint_h=yes
ac_cv_header_stdio_h=yes
ac_cv_header_stdlib_h=yes
ac_cv_header_string_h=yes
ac_cv_header_strings_h=yes
ac_cv_header_sys_ipc_h=yes
ac_cv_header_sys_mman_h=yes
ac_cv_header_sys_shm_h=yes
ac_cv_header_sys_stat_h=yes
ac_cv_header_sys_types_h=yes
ac_cv_header_sys_un_h=yes
ac_cv_header_unistd_h=yes
ac_cv_header_values_h=yes
ac_cv_host=x86_64-pc-linux-gnu
ac_cv_objext=o
ac_cv_path_EGREP='/bin/grep -E'
ac_cv_path_GREP=/bin/grep
ac_cv_prog_AWK=mawk
ac_cv_prog_ac_ct_CC=gcc
ac_cv_prog_ac_ct_RANLIB=ranlib
ac_cv_prog_cc_c11=
ac_cv_prog_cc_g=yes
ac_cv_prog_cc_stdc=
ac_cv_prog_gnuplot=none
ac_cv_prog_gzip=gzip
ac_cv_type_socklen_t=yes

## ----------------- ##
## Output variables. ##
## ----------------- ##

AWK='mawk'
CC='gcc'
CFLAGS='-g -O2'
CPPFLAGS=''
DEFLIB='libfuntools.a'
DEFS='-DHAVE_CONFIG_H'
DOMAINLIB=''
DOSHARED=''
ECHO_C=''
ECHO_N='-n'
ECHO_T=''
EGREP='/bin/grep -E'
EXEEXT=''
EXTRA_LIBS=' /usr/local/src/SAOImageDS9/lib'
EXTRA_OBJS=''
FILTER_CC='NULL'
FILTER_CFLAGS='NULL'
GNUPLOT='NONE'
GREP='/bin/grep'
GUNZIP='gzip -dcf'
LDFLAGS=''
LIB='libfuntools.a'
LIBOBJS=''
LIBS=''
LLIB='$(LIB)'
LTLIBOBJS=''
OBJEXT='o'
PACKAGE_BUGREPORT='saord@cfa.harvard.edu'
PACKAGE_NAME='funtools'
PACKAGE_STRING='funtools 1.4.7'
PACKAGE_TARNAME='funtools'
PACKAGE_URL=''
PACKAGE_VERSION='1.4.7'
PATH_SEPARATOR=':'
PIPEGLUE=''
POST='|\& cat'
PRE=''
RANLIB='ranlib'
SHELL='/bin/bash'
USE_DL=''
USE_FPU_DOUBLE='0'
ac_ct_CC='gcc'
bindir='${exec_prefix}/bin'
build='x86_64-pc-linux-gnu'
build_alias=''
build_cpu='x86_64'
build_os='linux-gnu'
build_vendor='pc'
datadir='${datarootdir}'
datarootdir='${prefix}/share'
docdir='${datarootdir}/doc/${PACKAGE_TARNAME}'
dvidir='${docdir}'
exec_prefix='/usr/local/src/SAOImageDS9'
gnuplot='none'
gzip='gzip'
host='x86_64-pc-linux-gnu'
host_alias=''
host_cpu='x86_64'
host_os='linux-gnu'
host_vendor='pc'
htmldir='${docdir}'
includedir='${prefix}/include'
infodir='${datarootdir}/info'
libdir='/usr/local/src/SAOImageDS9/lib'
libexecdir='${exec_prefix}/libexec'
localedir='${datarootdir}/locale'
localstatedir='${prefix}/var'
mandir='${datarootdir}/man'
oldincludedir='/usr/include'
pdfdir='${docdir}'
prefix='/usr/local/src/SAOImageDS9'
program_transform_name='s,x,x,'
psdir='${docdir}'
runstatedir='${localstatedir}/run'
sbindir='${exec_prefix}/sbin'
sharedstatedir='${prefix}/com'
subdirs=' util fitsy filter wcs'
sysconfdir='${prefix}/etc'
target_alias=''

## ----------- ##
## confdefs.h. ##
## ----------- ##

/* confdefs.h */
#define PACKAGE_NAME "funtools"
#define PACKAGE_TARNAME "funtools"
#define PACKAGE_VERSION "1.4.7"
#define PACKAGE_STRING "funtools 1.4.7"
#define PACKAGE_BUGREPORT "saord@cfa.harvard.edu"
#define PACKAGE_URL ""
#define HAVE_LONG_LONG 1
#define HAVE_STDIO_H 1
#define HAVE_STDLIB_H 1
#define HAVE_STRING_H 1
#define HAVE_INTTYPES_H 1
#define HAVE_STDINT_H 1
#define HAVE_STRINGS_H 1
#define HAVE_SYS_STAT_H 1
#define HAVE_SYS_TYPES_H 1
#define HAVE_UNISTD_H 1
#define STDC_HEADERS 1
#define HAVE_MALLOC_H 1
#define HAVE_GETOPT_H 1
#define HAVE_VALUES_H 1
#define HAVE_DLFCN_H 1
#define HAVE_SYS_UN_H 1
#define HAVE_SYS_IPC_H 1
#define HAVE_SYS_MMAN_H 1
#define HAVE_SYS_SHM_H 1
#define HAVE_SOCKLEN_T 1
#define HAVE_STRCHR 1
#define HAVE_MEMCPY 1
#define HAVE_SNPRINTF 1
#define HAVE_TCL 1

configure: exit 0
