This file contains any messages produced by compilers while
running configure, to aid debugging if configure makes a mistake.

It was created by Img configure 1.4.13, which was
generated by GNU Autoconf 2.69.  Invocation command line was

  $ ./configure --with-tk=/usr/local/src/SAOImageDS9/tk8.6/unix --with-tcl=/usr/local/src/SAOImageDS9/tcl8.6/unix --prefix /usr/local/src/SAOImageDS9 --exec-prefix /usr/local/src/SAOImageDS9 --libdir /usr/local/src/SAOImageDS9/lib --disable-shared --disable-stubs --enable-symbols

## --------- ##
## Platform. ##
## --------- ##

hostname = nancep7.obs-nancay.fr
uname -m = x86_64
uname -r = 5.15.0-69-generic
uname -s = Linux
uname -v = #76~20.04.1-Ubuntu SMP Mon Mar 20 15:54:19 UTC 2023

/usr/bin/uname -p = unknown
/bin/uname -X     = unknown

/bin/arch              = unknown
/usr/bin/arch -k       = unknown
/usr/convex/getsysinfo = unknown
/usr/bin/hostinfo      = unknown
/bin/machine           = unknown
/usr/bin/oslevel       = unknown
/bin/universe          = unknown

PATH: /usr/local/sbin
PATH: /usr/local/bin
PATH: /usr/sbin
PATH: /usr/bin
PATH: /sbin
PATH: /bin


## ----------- ##
## Core tests. ##
## ----------- ##

configure:2192: checking TEA configuration
configure:2198: result: ok (TEA 3.13)
configure:2279: configuring Img 1.4.13
configure:2309: checking system version
configure:2335: result: Linux-5.15.0-69-generic
configure:2409: checking for Tcl configuration
configure:2541: result: found /usr/local/src/SAOImageDS9/tcl8.6/unix/tclConfig.sh
configure:2594: checking for gcc
configure:2610: found /usr/bin/gcc
configure:2621: result: gcc
configure:2850: checking for C compiler version
configure:2859: gcc --version >&5
gcc (Debian 10.2.1-6) 10.2.1 20210110
Copyright (C) 2020 Free Software Foundation, Inc.
This is free software; see the source for copying conditions.  There is NO
warranty; not even for MERCHANTABILITY or FITNESS FOR A PARTICULAR PURPOSE.

configure:2870: $? = 0
configure:2859: gcc -v >&5
Using built-in specs.
COLLECT_GCC=gcc
COLLECT_LTO_WRAPPER=/usr/lib/gcc/x86_64-linux-gnu/10/lto-wrapper
OFFLOAD_TARGET_NAMES=nvptx-none:amdgcn-amdhsa:hsa
OFFLOAD_TARGET_DEFAULT=1
Target: x86_64-linux-gnu
Configured with: ../src/configure -v --with-pkgversion='Debian 10.2.1-6' --with-bugurl=file:///usr/share/doc/gcc-10/README.Bugs --enable-languages=c,ada,c++,go,brig,d,fortran,objc,obj-c++,m2 --prefix=/usr --with-gcc-major-version-only --program-suffix=-10 --program-prefix=x86_64-linux-gnu- --enable-shared --enable-linker-build-id --libexecdir=/usr/lib --without-included-gettext --enable-threads=posix --libdir=/usr/lib --enable-nls --enable-bootstrap --enable-clocale=gnu --enable-libstdcxx-debug --enable-libstdcxx-time=yes --with-default-libstdcxx-abi=new --enable-gnu-unique-object --disable-vtable-verify --enable-plugin --enable-default-pie --with-system-zlib --enable-libphobos-checking=release --with-target-system-zlib=auto --enable-objc-gc=auto --enable-multiarch --disable-werror --with-arch-32=i686 --with-abi=m64 --with-multilib-list=m32,m64,mx32 --enable-multilib --with-tune=generic --enable-offload-targets=nvptx-none=/build/gcc-10-Km9U7s/gcc-10-10.2.1/debian/tmp-nvptx/usr,amdgcn-amdhsa=/build/gcc-10-Km9U7s/gcc-10-10.2.1/debian/tmp-gcn/usr,hsa --without-cuda-driver --enable-checking=release --build=x86_64-linux-gnu --host=x86_64-linux-gnu --target=x86_64-linux-gnu --with-build-config=bootstrap-lto-lean --enable-link-mutex
Thread model: posix
Supported LTO compression algorithms: zlib zstd
gcc version 10.2.1 20210110 (Debian 10.2.1-6) 
... rest of stderr output deleted ...
configure:2870: $? = 0
configure:2859: gcc -V >&5
gcc: error: unrecognized command-line option '-V'
gcc: fatal error: no input files
compilation terminated.
configure:2870: $? = 1
configure:2859: gcc -qversion >&5
gcc: error: unrecognized command-line option '-qversion'; did you mean '--version'?
gcc: fatal error: no input files
compilation terminated.
configure:2870: $? = 1
configure:2890: checking whether the C compiler works
configure:2912: gcc    conftest.c  >&5
configure:2916: $? = 0
configure:2964: result: yes
configure:2967: checking for C compiler default output file name
configure:2969: result: a.out
configure:2975: checking for suffix of executables
configure:2982: gcc -o conftest    conftest.c  >&5
configure:2986: $? = 0
configure:3008: result: 
configure:3030: checking whether we are cross compiling
configure:3038: gcc -o conftest    conftest.c  >&5
configure:3042: $? = 0
configure:3049: ./conftest
configure:3053: $? = 0
configure:3068: result: no
configure:3073: checking for suffix of object files
configure:3095: gcc -c   conftest.c >&5
configure:3099: $? = 0
configure:3120: result: o
configure:3124: checking whether we are using the GNU C compiler
configure:3143: gcc -c   conftest.c >&5
configure:3143: $? = 0
configure:3152: result: yes
configure:3161: checking whether gcc accepts -g
configure:3181: gcc -c -g  conftest.c >&5
configure:3181: $? = 0
configure:3222: result: yes
configure:3239: checking for gcc option to accept ISO C89
configure:3302: gcc  -c   conftest.c >&5
configure:3302: $? = 0
configure:3315: result: none needed
configure:3337: checking for existence of /usr/local/src/SAOImageDS9/tcl8.6/unix/tclConfig.sh
configure:3341: result: loading
configure:3395: checking platform
configure:3413: gcc -c   conftest.c >&5
configure:3413: $? = 0
configure:3464: result: unix
configure:3505: checking for Tk configuration
configure:3634: result: found /usr/local/src/SAOImageDS9/tk8.6/unix/tkConfig.sh
configure:3640: checking for existence of /usr/local/src/SAOImageDS9/tk8.6/unix/tkConfig.sh
configure:3644: result: loading
configure:3810: checking for gcc
configure:3837: result: gcc
configure:4066: checking for C compiler version
configure:4075: gcc --version >&5
gcc (Debian 10.2.1-6) 10.2.1 20210110
Copyright (C) 2020 Free Software Foundation, Inc.
This is free software; see the source for copying conditions.  There is NO
warranty; not even for MERCHANTABILITY or FITNESS FOR A PARTICULAR PURPOSE.

configure:4086: $? = 0
configure:4075: gcc -v >&5
Using built-in specs.
COLLECT_GCC=gcc
COLLECT_LTO_WRAPPER=/usr/lib/gcc/x86_64-linux-gnu/10/lto-wrapper
OFFLOAD_TARGET_NAMES=nvptx-none:amdgcn-amdhsa:hsa
OFFLOAD_TARGET_DEFAULT=1
Target: x86_64-linux-gnu
Configured with: ../src/configure -v --with-pkgversion='Debian 10.2.1-6' --with-bugurl=file:///usr/share/doc/gcc-10/README.Bugs --enable-languages=c,ada,c++,go,brig,d,fortran,objc,obj-c++,m2 --prefix=/usr --with-gcc-major-version-only --program-suffix=-10 --program-prefix=x86_64-linux-gnu- --enable-shared --enable-linker-build-id --libexecdir=/usr/lib --without-included-gettext --enable-threads=posix --libdir=/usr/lib --enable-nls --enable-bootstrap --enable-clocale=gnu --enable-libstdcxx-debug --enable-libstdcxx-time=yes --with-default-libstdcxx-abi=new --enable-gnu-unique-object --disable-vtable-verify --enable-plugin --enable-default-pie --with-system-zlib --enable-libphobos-checking=release --with-target-system-zlib=auto --enable-objc-gc=auto --enable-multiarch --disable-werror --with-arch-32=i686 --with-abi=m64 --with-multilib-list=m32,m64,mx32 --enable-multilib --with-tune=generic --enable-offload-targets=nvptx-none=/build/gcc-10-Km9U7s/gcc-10-10.2.1/debian/tmp-nvptx/usr,amdgcn-amdhsa=/build/gcc-10-Km9U7s/gcc-10-10.2.1/debian/tmp-gcn/usr,hsa --without-cuda-driver --enable-checking=release --build=x86_64-linux-gnu --host=x86_64-linux-gnu --target=x86_64-linux-gnu --with-build-config=bootstrap-lto-lean --enable-link-mutex
Thread model: posix
Supported LTO compression algorithms: zlib zstd
gcc version 10.2.1 20210110 (Debian 10.2.1-6) 
... rest of stderr output deleted ...
configure:4086: $? = 0
configure:4075: gcc -V >&5
gcc: error: unrecognized command-line option '-V'
gcc: fatal error: no input files
compilation terminated.
configure:4086: $? = 1
configure:4075: gcc -qversion >&5
gcc: error: unrecognized command-line option '-qversion'; did you mean '--version'?
gcc: fatal error: no input files
compilation terminated.
configure:4086: $? = 1
configure:4090: checking whether we are using the GNU C compiler
configure:4118: result: yes
configure:4127: checking whether gcc accepts -g
configure:4188: result: yes
configure:4205: checking for gcc option to accept ISO C89
configure:4281: result: none needed
configure:4306: checking how to run the C preprocessor
configure:4337: gcc -E  conftest.c
configure:4337: $? = 0
configure:4351: gcc -E  conftest.c
conftest.c:10:10: fatal error: ac_nonexistent.h: No such file or directory
   10 | #include <ac_nonexistent.h>
      |          ^~~~~~~~~~~~~~~~~~
compilation terminated.
configure:4351: $? = 1
configure: failed program was:
| /* confdefs.h */
| #define PACKAGE_NAME "Img"
| #define PACKAGE_TARNAME "img"
| #define PACKAGE_VERSION "1.4.13"
| #define PACKAGE_STRING "Img 1.4.13"
| #define PACKAGE_BUGREPORT ""
| #define PACKAGE_URL ""
| #define BUILD_Img /**/
| /* end confdefs.h.  */
| #include <ac_nonexistent.h>
configure:4376: result: gcc -E
configure:4396: gcc -E  conftest.c
configure:4396: $? = 0
configure:4410: gcc -E  conftest.c
conftest.c:10:10: fatal error: ac_nonexistent.h: No such file or directory
   10 | #include <ac_nonexistent.h>
      |          ^~~~~~~~~~~~~~~~~~
compilation terminated.
configure:4410: $? = 1
configure: failed program was:
| /* confdefs.h */
| #define PACKAGE_NAME "Img"
| #define PACKAGE_TARNAME "img"
| #define PACKAGE_VERSION "1.4.13"
| #define PACKAGE_STRING "Img 1.4.13"
| #define PACKAGE_BUGREPORT ""
| #define PACKAGE_URL ""
| #define BUILD_Img /**/
| /* end confdefs.h.  */
| #include <ac_nonexistent.h>
configure:4443: checking whether make sets $(MAKE)
configure:4465: result: yes
configure:4522: checking for ranlib
configure:4538: found /usr/bin/ranlib
configure:4549: result: ranlib
configure:4580: checking for grep that handles long lines and -e
configure:4638: result: /bin/grep
configure:4643: checking for egrep
configure:4705: result: /bin/grep -E
configure:4710: checking for ANSI C header files
configure:4730: gcc -c   conftest.c >&5
configure:4730: $? = 0
configure:4803: gcc -o conftest    conftest.c  >&5
configure:4803: $? = 0
configure:4803: ./conftest
configure:4803: $? = 0
configure:4814: result: yes
configure:4827: checking for sys/types.h
configure:4827: gcc -c   conftest.c >&5
configure:4827: $? = 0
configure:4827: result: yes
configure:4827: checking for sys/stat.h
configure:4827: gcc -c   conftest.c >&5
configure:4827: $? = 0
configure:4827: result: yes
configure:4827: checking for stdlib.h
configure:4827: gcc -c   conftest.c >&5
configure:4827: $? = 0
configure:4827: result: yes
configure:4827: checking for string.h
configure:4827: gcc -c   conftest.c >&5
configure:4827: $? = 0
configure:4827: result: yes
configure:4827: checking for memory.h
configure:4827: gcc -c   conftest.c >&5
configure:4827: $? = 0
configure:4827: result: yes
configure:4827: checking for strings.h
configure:4827: gcc -c   conftest.c >&5
configure:4827: $? = 0
configure:4827: result: yes
configure:4827: checking for inttypes.h
configure:4827: gcc -c   conftest.c >&5
configure:4827: $? = 0
configure:4827: result: yes
configure:4827: checking for stdint.h
configure:4827: gcc -c   conftest.c >&5
configure:4827: $? = 0
configure:4827: result: yes
configure:4827: checking for unistd.h
configure:4827: gcc -c   conftest.c >&5
configure:4827: $? = 0
configure:4827: result: yes
configure:4849: checking if the compiler understands -pipe
configure:4867: gcc -c  -pipe  conftest.c >&5
configure:4867: $? = 0
configure:4875: result: yes
configure:4886: checking whether byte ordering is bigendian
configure:4901: gcc -c  -pipe  conftest.c >&5
conftest.c:21:9: error: unknown type name 'not'
   21 |         not a universal capable compiler
      |         ^~~
conftest.c:21:15: error: expected '=', ',', ';', 'asm' or '__attribute__' before 'universal'
   21 |         not a universal capable compiler
      |               ^~~~~~~~~
conftest.c:21:15: error: unknown type name 'universal'
configure:4901: $? = 1
configure: failed program was:
| /* confdefs.h */
| #define PACKAGE_NAME "Img"
| #define PACKAGE_TARNAME "img"
| #define PACKAGE_VERSION "1.4.13"
| #define PACKAGE_STRING "Img 1.4.13"
| #define PACKAGE_BUGREPORT ""
| #define PACKAGE_URL ""
| #define BUILD_Img /**/
| #define STDC_HEADERS 1
| #define HAVE_SYS_TYPES_H 1
| #define HAVE_SYS_STAT_H 1
| #define HAVE_STDLIB_H 1
| #define HAVE_STRING_H 1
| #define HAVE_MEMORY_H 1
| #define HAVE_STRINGS_H 1
| #define HAVE_INTTYPES_H 1
| #define HAVE_STDINT_H 1
| #define HAVE_UNISTD_H 1
| /* end confdefs.h.  */
| #ifndef __APPLE_CC__
| 	       not a universal capable compiler
| 	     #endif
| 	     typedef int dummy;
| 
configure:4946: gcc -c  -pipe  conftest.c >&5
configure:4946: $? = 0
configure:4964: gcc -c  -pipe  conftest.c >&5
conftest.c: In function 'main':
conftest.c:27:4: error: unknown type name 'not'; did you mean 'ino_t'?
   27 |    not big endian
      |    ^~~
      |    ino_t
conftest.c:27:12: error: expected '=', ',', ';', 'asm' or '__attribute__' before 'endian'
   27 |    not big endian
      |            ^~~~~~
configure:4964: $? = 1
configure: failed program was:
| /* confdefs.h */
| #define PACKAGE_NAME "Img"
| #define PACKAGE_TARNAME "img"
| #define PACKAGE_VERSION "1.4.13"
| #define PACKAGE_STRING "Img 1.4.13"
| #define PACKAGE_BUGREPORT ""
| #define PACKAGE_URL ""
| #define BUILD_Img /**/
| #define STDC_HEADERS 1
| #define HAVE_SYS_TYPES_H 1
| #define HAVE_SYS_STAT_H 1
| #define HAVE_STDLIB_H 1
| #define HAVE_STRING_H 1
| #define HAVE_MEMORY_H 1
| #define HAVE_STRINGS_H 1
| #define HAVE_INTTYPES_H 1
| #define HAVE_STDINT_H 1
| #define HAVE_UNISTD_H 1
| /* end confdefs.h.  */
| #include <sys/types.h>
| 		#include <sys/param.h>
| 
| int
| main ()
| {
| #if BYTE_ORDER != BIG_ENDIAN
| 		 not big endian
| 		#endif
| 
|   ;
|   return 0;
| }
configure:5092: result: no
configure:5440: checking for Tcl public headers
configure:5511: result: /usr/local/src/SAOImageDS9/tcl8.6/generic
configure:5524: checking for Tk public headers
configure:5598: result: /usr/local/src/SAOImageDS9/tk8.6/generic
configure:5668: checking for pthread_mutex_init in -lpthread
configure:5693: gcc -o conftest  -pipe   conftest.c -lpthread   >&5
configure:5693: $? = 0
configure:5702: result: yes
configure:5911: checking for building with threads
configure:5917: result: yes (default)
configure:5946: checking how to build libraries
configure:5985: result: static
configure:6064: checking for ranlib
configure:6091: result: ranlib
configure:6118: checking if 64bit support is requested
configure:6127: result: no
configure:6132: checking if 64bit Sparc VIS support is requested
configure:6141: result: no
configure:6151: checking if compiler supports visibility "hidden"
configure:6171: gcc -o conftest  -pipe -Werror   conftest.c  >&5
configure:6171: $? = 0
configure:6180: result: yes
configure:6195: checking if rpath support is requested
configure:6204: result: yes
configure:6211: checking system version
configure:6237: result: Linux-5.15.0-69-generic
configure:6317: checking for ar
configure:6333: found /usr/bin/ar
configure:6344: result: ar
configure:7966: checking for cast to union support
configure:7985: gcc -c  -pipe  conftest.c >&5
configure:7985: $? = 0
configure:7993: result: yes
configure:8001: checking stdbool.h usability
configure:8001: gcc -c  -pipe  conftest.c >&5
configure:8001: $? = 0
configure:8001: result: yes
configure:8001: checking stdbool.h presence
configure:8001: gcc -E  conftest.c
configure:8001: $? = 0
configure:8001: result: yes
configure:8001: checking for stdbool.h
configure:8001: result: yes
configure:8027: checking for required early compiler flags
configure:8045: gcc -c  -pipe  conftest.c >&5
configure:8045: $? = 0
configure:8092: gcc -c  -pipe  conftest.c >&5
conftest.c: In function 'main':
conftest.c:33:15: error: storage size of 'buf' isn't known
   33 | struct stat64 buf; int i = stat64("/", &buf);
      |               ^~~
conftest.c:33:28: warning: implicit declaration of function 'stat64'; did you mean 'stat'? [-Wimplicit-function-declaration]
   33 | struct stat64 buf; int i = stat64("/", &buf);
      |                            ^~~~~~
      |                            stat
configure:8092: $? = 1
configure: failed program was:
| /* confdefs.h */
| #define PACKAGE_NAME "Img"
| #define PACKAGE_TARNAME "img"
| #define PACKAGE_VERSION "1.4.13"
| #define PACKAGE_STRING "Img 1.4.13"
| #define PACKAGE_BUGREPORT ""
| #define PACKAGE_URL ""
| #define BUILD_Img /**/
| #define STDC_HEADERS 1
| #define HAVE_SYS_TYPES_H 1
| #define HAVE_SYS_STAT_H 1
| #define HAVE_STDLIB_H 1
| #define HAVE_STRING_H 1
| #define HAVE_MEMORY_H 1
| #define HAVE_STRINGS_H 1
| #define HAVE_INTTYPES_H 1
| #define HAVE_STDINT_H 1
| #define HAVE_UNISTD_H 1
| #define USE_THREAD_ALLOC 1
| #define _REENTRANT 1
| #define _THREAD_SAFE 1
| #define TCL_THREADS 1
| #define STATIC_BUILD 1
| #define MODULE_SCOPE extern __attribute__((__visibility__("hidden")))
| #define HAVE_HIDDEN 1
| #define HAVE_CAST_TO_UNION 1
| #define HAVE_STDBOOL_H 1
| /* end confdefs.h.  */
| #include <sys/stat.h>
| int
| main ()
| {
| struct stat64 buf; int i = stat64("/", &buf);
|   ;
|   return 0;
| }
configure:8107: gcc -c  -pipe  conftest.c >&5
configure:8107: $? = 0
configure:8139: gcc -c  -pipe  conftest.c >&5
conftest.c: In function 'main':
conftest.c:34:19: error: 'open64' undeclared (first use in this function)
   34 | char *p = (char *)open64;
      |                   ^~~~~~
conftest.c:34:19: note: each undeclared identifier is reported only once for each function it appears in
configure:8139: $? = 1
configure: failed program was:
| /* confdefs.h */
| #define PACKAGE_NAME "Img"
| #define PACKAGE_TARNAME "img"
| #define PACKAGE_VERSION "1.4.13"
| #define PACKAGE_STRING "Img 1.4.13"
| #define PACKAGE_BUGREPORT ""
| #define PACKAGE_URL ""
| #define BUILD_Img /**/
| #define STDC_HEADERS 1
| #define HAVE_SYS_TYPES_H 1
| #define HAVE_SYS_STAT_H 1
| #define HAVE_STDLIB_H 1
| #define HAVE_STRING_H 1
| #define HAVE_MEMORY_H 1
| #define HAVE_STRINGS_H 1
| #define HAVE_INTTYPES_H 1
| #define HAVE_STDINT_H 1
| #define HAVE_UNISTD_H 1
| #define USE_THREAD_ALLOC 1
| #define _REENTRANT 1
| #define _THREAD_SAFE 1
| #define TCL_THREADS 1
| #define STATIC_BUILD 1
| #define MODULE_SCOPE extern __attribute__((__visibility__("hidden")))
| #define HAVE_HIDDEN 1
| #define HAVE_CAST_TO_UNION 1
| #define HAVE_STDBOOL_H 1
| #define _LARGEFILE64_SOURCE 1
| /* end confdefs.h.  */
| #include <sys/stat.h>
| int
| main ()
| {
| char *p = (char *)open64;
|   ;
|   return 0;
| }
configure:8154: gcc -c  -pipe  conftest.c >&5
conftest.c: In function 'main':
conftest.c:35:19: error: 'open64' undeclared (first use in this function)
   35 | char *p = (char *)open64;
      |                   ^~~~~~
conftest.c:35:19: note: each undeclared identifier is reported only once for each function it appears in
configure:8154: $? = 1
configure: failed program was:
| /* confdefs.h */
| #define PACKAGE_NAME "Img"
| #define PACKAGE_TARNAME "img"
| #define PACKAGE_VERSION "1.4.13"
| #define PACKAGE_STRING "Img 1.4.13"
| #define PACKAGE_BUGREPORT ""
| #define PACKAGE_URL ""
| #define BUILD_Img /**/
| #define STDC_HEADERS 1
| #define HAVE_SYS_TYPES_H 1
| #define HAVE_SYS_STAT_H 1
| #define HAVE_STDLIB_H 1
| #define HAVE_STRING_H 1
| #define HAVE_MEMORY_H 1
| #define HAVE_STRINGS_H 1
| #define HAVE_INTTYPES_H 1
| #define HAVE_STDINT_H 1
| #define HAVE_UNISTD_H 1
| #define USE_THREAD_ALLOC 1
| #define _REENTRANT 1
| #define _THREAD_SAFE 1
| #define TCL_THREADS 1
| #define STATIC_BUILD 1
| #define MODULE_SCOPE extern __attribute__((__visibility__("hidden")))
| #define HAVE_HIDDEN 1
| #define HAVE_CAST_TO_UNION 1
| #define HAVE_STDBOOL_H 1
| #define _LARGEFILE64_SOURCE 1
| /* end confdefs.h.  */
| #define _LARGEFILE_SOURCE64 1
| #include <sys/stat.h>
| int
| main ()
| {
| char *p = (char *)open64;
|   ;
|   return 0;
| }
configure:8175: result:  _LARGEFILE64_SOURCE
configure:8180: checking for 64-bit integer type
configure:8199: gcc -c  -pipe  conftest.c >&5
conftest.c: In function 'main':
conftest.c:34:1: error: unknown type name '__int64'
   34 | __int64 value = (__int64) 0;
      | ^~~~~~~
conftest.c:34:18: error: '__int64' undeclared (first use in this function)
   34 | __int64 value = (__int64) 0;
      |                  ^~~~~~~
conftest.c:34:18: note: each undeclared identifier is reported only once for each function it appears in
conftest.c:34:27: error: expected ',' or ';' before numeric constant
   34 | __int64 value = (__int64) 0;
      |                           ^
configure:8199: $? = 1
configure: failed program was:
| /* confdefs.h */
| #define PACKAGE_NAME "Img"
| #define PACKAGE_TARNAME "img"
| #define PACKAGE_VERSION "1.4.13"
| #define PACKAGE_STRING "Img 1.4.13"
| #define PACKAGE_BUGREPORT ""
| #define PACKAGE_URL ""
| #define BUILD_Img /**/
| #define STDC_HEADERS 1
| #define HAVE_SYS_TYPES_H 1
| #define HAVE_SYS_STAT_H 1
| #define HAVE_STDLIB_H 1
| #define HAVE_STRING_H 1
| #define HAVE_MEMORY_H 1
| #define HAVE_STRINGS_H 1
| #define HAVE_INTTYPES_H 1
| #define HAVE_STDINT_H 1
| #define HAVE_UNISTD_H 1
| #define USE_THREAD_ALLOC 1
| #define _REENTRANT 1
| #define _THREAD_SAFE 1
| #define TCL_THREADS 1
| #define STATIC_BUILD 1
| #define MODULE_SCOPE extern __attribute__((__visibility__("hidden")))
| #define HAVE_HIDDEN 1
| #define HAVE_CAST_TO_UNION 1
| #define HAVE_STDBOOL_H 1
| #define _LARGEFILE64_SOURCE 1
| /* end confdefs.h.  */
| 
| int
| main ()
| {
| __int64 value = (__int64) 0;
|   ;
|   return 0;
| }
configure:8221: gcc -c  -pipe  conftest.c >&5
conftest.c: In function 'main':
conftest.c:35:21: error: duplicate case value
   35 |             case 1: case (sizeof(long long)==sizeof(long)): ;
      |                     ^~~~
conftest.c:35:13: note: previously used here
   35 |             case 1: case (sizeof(long long)==sizeof(long)): ;
      |             ^~~~
configure:8221: $? = 1
configure: failed program was:
| /* confdefs.h */
| #define PACKAGE_NAME "Img"
| #define PACKAGE_TARNAME "img"
| #define PACKAGE_VERSION "1.4.13"
| #define PACKAGE_STRING "Img 1.4.13"
| #define PACKAGE_BUGREPORT ""
| #define PACKAGE_URL ""
| #define BUILD_Img /**/
| #define STDC_HEADERS 1
| #define HAVE_SYS_TYPES_H 1
| #define HAVE_SYS_STAT_H 1
| #define HAVE_STDLIB_H 1
| #define HAVE_STRING_H 1
| #define HAVE_MEMORY_H 1
| #define HAVE_STRINGS_H 1
| #define HAVE_INTTYPES_H 1
| #define HAVE_STDINT_H 1
| #define HAVE_UNISTD_H 1
| #define USE_THREAD_ALLOC 1
| #define _REENTRANT 1
| #define _THREAD_SAFE 1
| #define TCL_THREADS 1
| #define STATIC_BUILD 1
| #define MODULE_SCOPE extern __attribute__((__visibility__("hidden")))
| #define HAVE_HIDDEN 1
| #define HAVE_CAST_TO_UNION 1
| #define HAVE_STDBOOL_H 1
| #define _LARGEFILE64_SOURCE 1
| /* end confdefs.h.  */
| 
| int
| main ()
| {
| switch (0) {
|             case 1: case (sizeof(long long)==sizeof(long)): ;
|         }
|   ;
|   return 0;
| }
configure:8231: result: yes
configure:8409: checking for build with symbols
configure:8427: result: yes (standard debugging)
configure:8459: checking for X
configure:8567: gcc -E  conftest.c
configure:8567: $? = 0
configure:8598: gcc -o conftest  -pipe   -Wl,--export-dynamic  conftest.c -lX11  >&5
configure:8598: $? = 0
configure:8648: result: libraries , headers 
configure:8659: gcc -E  conftest.c
configure:8659: $? = 0
configure:10684: updating cache config.cache
configure:10771: creating ./config.status

## ---------------------- ##
## Running config.status. ##
## ---------------------- ##

This file was extended by Img config.status 1.4.13, which was
generated by GNU Autoconf 2.69.  Invocation command line was

  CONFIG_FILES    = 
  CONFIG_HEADERS  = 
  CONFIG_LINKS    = 
  CONFIG_COMMANDS = 
  $ ./config.status 

on nancep7.obs-nancay.fr

config.status:806: creating Makefile

## ---------------- ##
## Cache variables. ##
## ---------------- ##

ac_cv_c_bigendian=no
ac_cv_c_compiler_gnu=yes
ac_cv_c_tclconfig=/usr/local/src/SAOImageDS9/tcl8.6/unix
ac_cv_c_tclh=/usr/local/src/SAOImageDS9/tcl8.6/generic
ac_cv_c_tkconfig=/usr/local/src/SAOImageDS9/tk8.6/unix
ac_cv_c_tkh=/usr/local/src/SAOImageDS9/tk8.6/generic
ac_cv_env_CC_set=
ac_cv_env_CC_value=
ac_cv_env_CFLAGS_set=
ac_cv_env_CFLAGS_value=
ac_cv_env_CPPFLAGS_set=
ac_cv_env_CPPFLAGS_value=
ac_cv_env_CPP_set=
ac_cv_env_CPP_value=
ac_cv_env_LDFLAGS_set=
ac_cv_env_LDFLAGS_value=
ac_cv_env_LIBS_set=
ac_cv_env_LIBS_value=
ac_cv_env_XMKMF_set=
ac_cv_env_XMKMF_value=
ac_cv_env_build_alias_set=
ac_cv_env_build_alias_value=
ac_cv_env_host_alias_set=
ac_cv_env_host_alias_value=
ac_cv_env_target_alias_set=
ac_cv_env_target_alias_value=
ac_cv_have_x='have_x=yes	ac_x_includes='\'''\''	ac_x_libraries='\'''\'''
ac_cv_header_inttypes_h=yes
ac_cv_header_memory_h=yes
ac_cv_header_stdbool_h=yes
ac_cv_header_stdc=yes
ac_cv_header_stdint_h=yes
ac_cv_header_stdlib_h=yes
ac_cv_header_string_h=yes
ac_cv_header_strings_h=yes
ac_cv_header_sys_stat_h=yes
ac_cv_header_sys_types_h=yes
ac_cv_header_unistd_h=yes
ac_cv_lib_pthread_pthread_mutex_init=yes
ac_cv_objext=o
ac_cv_path_EGREP='/bin/grep -E'
ac_cv_path_GREP=/bin/grep
ac_cv_prog_CPP='gcc -E'
ac_cv_prog_ac_ct_AR=ar
ac_cv_prog_ac_ct_CC=gcc
ac_cv_prog_ac_ct_RANLIB=ranlib
ac_cv_prog_cc_c89=
ac_cv_prog_cc_g=yes
ac_cv_prog_make_make_set=yes
tcl_cv_cast_to_union=yes
tcl_cv_cc_pipe=yes
tcl_cv_cc_visibility_hidden=yes
tcl_cv_flag__isoc99_source=no
tcl_cv_flag__largefile64_source=yes
tcl_cv_flag__largefile_source64=no
tcl_cv_sys_version=Linux-5.15.0-69-generic
tcl_cv_type_64bit=none

## ----------------- ##
## Output variables. ##
## ----------------- ##

AR='ar'
CC='gcc'
CFLAGS=' -pipe '
CFLAGS_DEBUG='-g'
CFLAGS_DEFAULT='-g'
CFLAGS_OPTIMIZE='-O2 -fomit-frame-pointer'
CFLAGS_WARNING='-Wall'
CLEANFILES=''
CPP='gcc -E'
CPPFLAGS=''
CYGPATH='echo'
DEFS='-DPACKAGE_NAME=\"Img\" -DPACKAGE_TARNAME=\"img\" -DPACKAGE_VERSION=\"1.4.13\" -DPACKAGE_STRING=\"Img\ 1.4.13\" -DPACKAGE_BUGREPORT=\"\" -DPACKAGE_URL=\"\" -DBUILD_Img=/\*\*/ -DSTDC_HEADERS=1 -DHAVE_SYS_TYPES_H=1 -DHAVE_SYS_STAT_H=1 -DHAVE_STDLIB_H=1 -DHAVE_STRING_H=1 -DHAVE_MEMORY_H=1 -DHAVE_STRINGS_H=1 -DHAVE_INTTYPES_H=1 -DHAVE_STDINT_H=1 -DHAVE_UNISTD_H=1 -DUSE_THREAD_ALLOC=1 -D_REENTRANT=1 -D_THREAD_SAFE=1 -DTCL_THREADS=1 -DSTATIC_BUILD=1 -DMODULE_SCOPE=extern\ __attribute__\(\(__visibility__\(\"hidden\"\)\)\) -DHAVE_HIDDEN=1 -DHAVE_CAST_TO_UNION=1 -DHAVE_STDBOOL_H=1 -D_LARGEFILE64_SOURCE=1 -DTCL_WIDE_INT_IS_LONG=1'
ECHO_C=''
ECHO_N='-n'
ECHO_T=''
EGREP='/bin/grep -E'
EXEEXT=''
GREP='/bin/grep'
INSTALL='$(SHELL) $(srcdir)/tclconfig/install-sh -c'
INSTALL_DATA='${INSTALL} -m 644'
INSTALL_DATA_DIR='${INSTALL} -d -m 755'
INSTALL_LIBRARY='${INSTALL} -m 644'
INSTALL_PROGRAM='${INSTALL} -m 755'
INSTALL_SCRIPT='${INSTALL} -m 755'
LDFLAGS=' -Wl,--export-dynamic '
LDFLAGS_DEBUG=''
LDFLAGS_DEFAULT=''
LDFLAGS_OPTIMIZE=''
LD_LIBRARY_PATH_VAR='LD_LIBRARY_PATH'
LIBOBJS=''
LIBS=''
LTLIBOBJS=''
OBJEXT='o'
PACKAGE_BUGREPORT=''
PACKAGE_NAME='Img'
PACKAGE_STRING='Img 1.4.13'
PACKAGE_TARNAME='img'
PACKAGE_URL=''
PACKAGE_VERSION='1.4.13'
PATH_SEPARATOR=':'
PKG_CFLAGS=''
PKG_HEADERS=''
PKG_INCLUDES=''
PKG_LIBS=' -lX11'
PKG_LIB_FILE=''
PKG_STUB_LIB_FILE=''
PKG_STUB_OBJECTS=''
PKG_STUB_SOURCES=''
PKG_TCL_SOURCES=''
RANLIB='ranlib'
RC=''
SET_MAKE=''
SHARED_BUILD='0'
SHELL='/bin/bash'
SHLIB_CFLAGS='-fPIC'
SHLIB_LD='${CC} ${CFLAGS} ${LDFLAGS_DEFAULT} -shared'
SHLIB_LD_LIBS='${LIBS}'
STLIB_LD='${AR} cr'
STUBS_BUILD='0'
TCL_BIN_DIR='/usr/local/src/SAOImageDS9/tcl8.6/unix'
TCL_DEFS='-DPACKAGE_NAME=\"tcl\" -DPACKAGE_TARNAME=\"tcl\" -DPACKAGE_VERSION=\"8.6\" -DPACKAGE_STRING=\"tcl\ 8.6\" -DPACKAGE_BUGREPORT=\"\" -DSTDC_HEADERS=1 -DHAVE_SYS_TYPES_H=1 -DHAVE_SYS_STAT_H=1 -DHAVE_STDLIB_H=1 -DHAVE_STRING_H=1 -DHAVE_MEMORY_H=1 -DHAVE_STRINGS_H=1 -DHAVE_INTTYPES_H=1 -DHAVE_STDINT_H=1 -DHAVE_UNISTD_H=1 -DHAVE_SYS_PARAM_H=1 -DUSE_THREAD_ALLOC=1 -D_REENTRANT=1 -D_THREAD_SAFE=1 -DHAVE_PTHREAD_ATTR_SETSTACKSIZE=1 -DHAVE_PTHREAD_ATFORK=1 -DTCL_THREADS=1 -DTCL_CFGVAL_ENCODING=\"iso8859-1\" -DSTATIC_BUILD=1 -DHAVE_ZLIB=1 -DMODULE_SCOPE=extern\ __attribute__\(\(__visibility__\(\"hidden\"\)\)\) -DHAVE_HIDDEN=1 -DHAVE_CAST_TO_UNION=1 -DTCL_SHLIB_EXT=\".so\" -DTCL_TOMMATH=1 -DMP_PREC=4 -D_LARGEFILE64_SOURCE=1 -DTCL_WIDE_INT_IS_LONG=1 -DHAVE_GETCWD=1 -DHAVE_MKSTEMP=1 -DHAVE_OPENDIR=1 -DHAVE_STRTOL=1 -DHAVE_WAITPID=1 -DHAVE_GETNAMEINFO=1 -DHAVE_GETADDRINFO=1 -DHAVE_FREEADDRINFO=1 -DHAVE_GAI_STRERROR=1 -DHAVE_STRUCT_ADDRINFO=1 -DHAVE_STRUCT_IN6_ADDR=1 -DHAVE_STRUCT_SOCKADDR_IN6=1 -DHAVE_STRUCT_SOCKADDR_STORAGE=1 -DHAVE_GETPWUID_R_5=1 -DHAVE_GETPWUID_R=1 -DHAVE_GETPWNAM_R_5=1 -DHAVE_GETPWNAM_R=1 -DHAVE_GETGRGID_R_5=1 -DHAVE_GETGRGID_R=1 -DHAVE_GETGRNAM_R_5=1 -DHAVE_GETGRNAM_R=1 -DHAVE_DECL_GETHOSTBYNAME_R=1 -DHAVE_GETHOSTBYNAME_R_6=1 -DHAVE_GETHOSTBYNAME_R=1 -DHAVE_DECL_GETHOSTBYADDR_R=1 -DHAVE_GETHOSTBYADDR_R_8=1 -DHAVE_GETHOSTBYADDR_R=1 -DHAVE_TERMIOS_H=1 -DHAVE_SYS_IOCTL_H=1 -DHAVE_SYS_TIME_H=1 -DTIME_WITH_SYS_TIME=1 -DHAVE_GMTIME_R=1 -DHAVE_LOCALTIME_R=1 -DHAVE_MKTIME=1 -DHAVE_TM_GMTOFF=1 -DHAVE_TIMEZONE_VAR=1 -DHAVE_STRUCT_STAT_ST_BLOCKS=1 -DHAVE_STRUCT_STAT_ST_BLKSIZE=1 -DHAVE_BLKCNT_T=1 -DHAVE_INTPTR_T=1 -DHAVE_UINTPTR_T=1 -DNO_UNION_WAIT=1 -DHAVE_SIGNED_CHAR=1 -DHAVE_LANGINFO=1 -DHAVE_MKSTEMPS=1 -DHAVE_FTS=1 -DHAVE_SYS_IOCTL_H=1 -DTCL_UNLOAD_DLLS=1 -DHAVE_CPUID=1 '
TCL_EXTRA_CFLAGS=' -pipe '
TCL_INCLUDES='-I"/usr/local/src/SAOImageDS9/tcl8.6/generic"'
TCL_LD_FLAGS=' -Wl,--export-dynamic '
TCL_LIBS='-ldl -lz  -lpthread -lm'
TCL_LIB_FILE='libtcl8.6.a'
TCL_LIB_FLAG='-ltcl8.6'
TCL_LIB_SPEC='-L/usr/local/src/SAOImageDS9/tcl8.6/unix -ltcl8.6'
TCL_PATCH_LEVEL='.12'
TCL_SHLIB_LD_LIBS='${LIBS}'
TCL_SRC_DIR='/usr/local/src/SAOImageDS9/tcl8.6'
TCL_STUB_LIB_FILE='libtclstub8.6.a'
TCL_STUB_LIB_FLAG='-ltclstub8.6'
TCL_STUB_LIB_SPEC='-L/usr/local/src/SAOImageDS9/tcl8.6/unix -ltclstub8.6'
TCL_THREADS='1'
TCL_TOP_DIR_NATIVE=''
TCL_VERSION='8.6'
TK_BIN_DIR='/usr/local/src/SAOImageDS9/tk8.6/unix'
TK_INCLUDES='-I"/usr/local/src/SAOImageDS9/tk8.6/generic"'
TK_LIBS='-lX11 -lXft -lfontconfig -lfreetype -lfontconfig  -lpthread -ldl -lz  -lpthread -lm'
TK_LIB_FILE='libtk8.6.a'
TK_LIB_FLAG='-ltk8.6'
TK_LIB_SPEC='-L/usr/local/src/SAOImageDS9/tk8.6/unix -ltk8.6'
TK_SRC_DIR='/usr/local/src/SAOImageDS9/tk8.6'
TK_STUB_LIB_FILE='libtkstub8.6.a'
TK_STUB_LIB_FLAG='-ltkstub8.6'
TK_STUB_LIB_SPEC='-L/usr/local/src/SAOImageDS9/tk8.6/unix -ltkstub8.6'
TK_TOP_DIR_NATIVE=''
TK_VERSION='8.6'
TK_XINCLUDES=''
TK_XLIB_DIR_NATIVE=''
XMKMF=''
ac_ct_CC='gcc'
bindir='${exec_prefix}/bin'
build_alias=''
datadir='${datarootdir}'
datarootdir='${prefix}/share'
docdir='${datarootdir}/doc/${PACKAGE_TARNAME}'
dvidir='${docdir}'
exec_prefix='/usr/local/src/SAOImageDS9'
host_alias=''
htmldir='${docdir}'
includedir='${prefix}/include'
infodir='${datarootdir}/info'
libdir='/usr/local/src/SAOImageDS9/lib'
libexecdir='${exec_prefix}/libexec'
localedir='${datarootdir}/locale'
localstatedir='${prefix}/var'
mandir='${datarootdir}/man'
oldincludedir='/usr/include'
pdfdir='${docdir}'
prefix='/usr/local/src/SAOImageDS9'
program_transform_name='s,x,x,'
psdir='${docdir}'
sbindir='${exec_prefix}/sbin'
sharedstatedir='${prefix}/com'
subdirs=' zlib libpng libtiff libjpeg base bmp gif ico jpeg pcx pixmap png ppm ps sgi sun tga tiff window xbm xpm dted raw flir'
sysconfdir='${prefix}/etc'
target_alias=''

## ----------- ##
## confdefs.h. ##
## ----------- ##

/* confdefs.h */
#define PACKAGE_NAME "Img"
#define PACKAGE_TARNAME "img"
#define PACKAGE_VERSION "1.4.13"
#define PACKAGE_STRING "Img 1.4.13"
#define PACKAGE_BUGREPORT ""
#define PACKAGE_URL ""
#define BUILD_Img /**/
#define STDC_HEADERS 1
#define HAVE_SYS_TYPES_H 1
#define HAVE_SYS_STAT_H 1
#define HAVE_STDLIB_H 1
#define HAVE_STRING_H 1
#define HAVE_MEMORY_H 1
#define HAVE_STRINGS_H 1
#define HAVE_INTTYPES_H 1
#define HAVE_STDINT_H 1
#define HAVE_UNISTD_H 1
#define USE_THREAD_ALLOC 1
#define _REENTRANT 1
#define _THREAD_SAFE 1
#define TCL_THREADS 1
#define STATIC_BUILD 1
#define MODULE_SCOPE extern __attribute__((__visibility__("hidden")))
#define HAVE_HIDDEN 1
#define HAVE_CAST_TO_UNION 1
#define HAVE_STDBOOL_H 1
#define _LARGEFILE64_SOURCE 1
#define TCL_WIDE_INT_IS_LONG 1

configure: exit 0
