This file contains any messages produced by compilers while
running configure, to aid debugging if configure makes a mistake.

It was created by sqlite configure 3.36.0, which was
generated by GNU Autoconf 2.71.  Invocation command line was

  $ /usr/local/src/SAOImageDS9/tcl8.6/pkgs/sqlite3.36.0/configure --with-tcl=../.. --with-tclinclude=/usr/local/src/SAOImageDS9/tcl8.6/generic --prefix /usr/local/src/SAOImageDS9 --exec-prefix /usr/local/src/SAOImageDS9 --libdir /usr/local/src/SAOImageDS9/lib --disable-shared --enable-symbols --config-cache --cache-file=/usr/local/src/SAOImageDS9/config.cache --cache-file=/usr/local/src/SAOImageDS9/config.cache --libdir=/usr/local/src/SAOImageDS9/lib --enable-shared --enable-threads

## --------- ##
## Platform. ##
## --------- ##

hostname = nancep7.obs-nancay.fr
uname -m = x86_64
uname -r = 5.15.0-69-generic
uname -s = Linux
uname -v = #76~20.04.1-Ubuntu SMP Mon Mar 20 15:54:19 UTC 2023

/usr/bin/uname -p = unknown
/bin/uname -X     = unknown

/bin/arch              = unknown
/usr/bin/arch -k       = unknown
/usr/convex/getsysinfo = unknown
/usr/bin/hostinfo      = unknown
/bin/machine           = unknown
/usr/bin/oslevel       = unknown
/bin/universe          = unknown

PATH: /usr/local/sbin/
PATH: /usr/local/bin/
PATH: /usr/sbin/
PATH: /usr/bin/
PATH: /sbin/
PATH: /bin/


## ----------- ##
## Core tests. ##
## ----------- ##

configure:2108: loading cache /usr/local/src/SAOImageDS9/config.cache
configure:2517: checking TEA configuration
configure:2523: result: ok (TEA 3.13)
configure:2609: configuring sqlite 3.36.0
configure:2641: checking system version
configure:2668: result: Linux-5.15.0-69-generic
configure:2710: checking for Tcl configuration
configure:2843: result: found /usr/local/src/SAOImageDS9/tcl8.6/unix/tclConfig.sh
configure:2910: checking for gcc
configure:2942: result: gcc
configure:3295: checking for C compiler version
configure:3304: gcc --version >&5
gcc (Debian 10.2.1-6) 10.2.1 20210110
Copyright (C) 2020 Free Software Foundation, Inc.
This is free software; see the source for copying conditions.  There is NO
warranty; not even for MERCHANTABILITY or FITNESS FOR A PARTICULAR PURPOSE.

configure:3315: $? = 0
configure:3304: gcc -v >&5
Using built-in specs.
COLLECT_GCC=gcc
COLLECT_LTO_WRAPPER=/usr/lib/gcc/x86_64-linux-gnu/10/lto-wrapper
OFFLOAD_TARGET_NAMES=nvptx-none:amdgcn-amdhsa:hsa
OFFLOAD_TARGET_DEFAULT=1
Target: x86_64-linux-gnu
Configured with: ../src/configure -v --with-pkgversion='Debian 10.2.1-6' --with-bugurl=file:///usr/share/doc/gcc-10/README.Bugs --enable-languages=c,ada,c++,go,brig,d,fortran,objc,obj-c++,m2 --prefix=/usr --with-gcc-major-version-only --program-suffix=-10 --program-prefix=x86_64-linux-gnu- --enable-shared --enable-linker-build-id --libexecdir=/usr/lib --without-included-gettext --enable-threads=posix --libdir=/usr/lib --enable-nls --enable-bootstrap --enable-clocale=gnu --enable-libstdcxx-debug --enable-libstdcxx-time=yes --with-default-libstdcxx-abi=new --enable-gnu-unique-object --disable-vtable-verify --enable-plugin --enable-default-pie --with-system-zlib --enable-libphobos-checking=release --with-target-system-zlib=auto --enable-objc-gc=auto --enable-multiarch --disable-werror --with-arch-32=i686 --with-abi=m64 --with-multilib-list=m32,m64,mx32 --enable-multilib --with-tune=generic --enable-offload-targets=nvptx-none=/build/gcc-10-Km9U7s/gcc-10-10.2.1/debian/tmp-nvptx/usr,amdgcn-amdhsa=/build/gcc-10-Km9U7s/gcc-10-10.2.1/debian/tmp-gcn/usr,hsa --without-cuda-driver --enable-checking=release --build=x86_64-linux-gnu --host=x86_64-linux-gnu --target=x86_64-linux-gnu --with-build-config=bootstrap-lto-lean --enable-link-mutex
Thread model: posix
Supported LTO compression algorithms: zlib zstd
gcc version 10.2.1 20210110 (Debian 10.2.1-6) 
... rest of stderr output deleted ...
configure:3315: $? = 0
configure:3304: gcc -V >&5
gcc: error: unrecognized command-line option '-V'
gcc: fatal error: no input files
compilation terminated.
configure:3315: $? = 1
configure:3304: gcc -qversion >&5
gcc: error: unrecognized command-line option '-qversion'; did you mean '--version'?
gcc: fatal error: no input files
compilation terminated.
configure:3315: $? = 1
configure:3304: gcc -version >&5
gcc: error: unrecognized command-line option '-version'
gcc: fatal error: no input files
compilation terminated.
configure:3315: $? = 1
configure:3335: checking whether the C compiler works
configure:3357: gcc    conftest.c  >&5
configure:3361: $? = 0
configure:3411: result: yes
configure:3414: checking for C compiler default output file name
configure:3416: result: a.out
configure:3422: checking for suffix of executables
configure:3429: gcc -o conftest    conftest.c  >&5
configure:3433: $? = 0
configure:3456: result: 
configure:3478: checking whether we are cross compiling
configure:3486: gcc -o conftest    conftest.c  >&5
configure:3490: $? = 0
configure:3497: ./conftest
configure:3501: $? = 0
configure:3516: result: no
configure:3521: checking for suffix of object files
configure:3570: result: o
configure:3574: checking whether the compiler supports GNU C
configure:3604: result: yes
configure:3615: checking whether gcc accepts -g
configure:3680: result: yes
configure:3700: checking for gcc option to enable C11 features
configure:3733: result: none needed
configure:3845: checking for existence of /usr/local/src/SAOImageDS9/tcl8.6/unix/tclConfig.sh
configure:3849: result: loading
configure:3903: checking platform
configure:3921: gcc -c   conftest.c >&5
configure:3921: $? = 0
configure:3978: result: unix
configure:4104: checking for gcc
configure:4136: result: gcc
configure:4489: checking for C compiler version
configure:4498: gcc --version >&5
gcc (Debian 10.2.1-6) 10.2.1 20210110
Copyright (C) 2020 Free Software Foundation, Inc.
This is free software; see the source for copying conditions.  There is NO
warranty; not even for MERCHANTABILITY or FITNESS FOR A PARTICULAR PURPOSE.

configure:4509: $? = 0
configure:4498: gcc -v >&5
Using built-in specs.
COLLECT_GCC=gcc
COLLECT_LTO_WRAPPER=/usr/lib/gcc/x86_64-linux-gnu/10/lto-wrapper
OFFLOAD_TARGET_NAMES=nvptx-none:amdgcn-amdhsa:hsa
OFFLOAD_TARGET_DEFAULT=1
Target: x86_64-linux-gnu
Configured with: ../src/configure -v --with-pkgversion='Debian 10.2.1-6' --with-bugurl=file:///usr/share/doc/gcc-10/README.Bugs --enable-languages=c,ada,c++,go,brig,d,fortran,objc,obj-c++,m2 --prefix=/usr --with-gcc-major-version-only --program-suffix=-10 --program-prefix=x86_64-linux-gnu- --enable-shared --enable-linker-build-id --libexecdir=/usr/lib --without-included-gettext --enable-threads=posix --libdir=/usr/lib --enable-nls --enable-bootstrap --enable-clocale=gnu --enable-libstdcxx-debug --enable-libstdcxx-time=yes --with-default-libstdcxx-abi=new --enable-gnu-unique-object --disable-vtable-verify --enable-plugin --enable-default-pie --with-system-zlib --enable-libphobos-checking=release --with-target-system-zlib=auto --enable-objc-gc=auto --enable-multiarch --disable-werror --with-arch-32=i686 --with-abi=m64 --with-multilib-list=m32,m64,mx32 --enable-multilib --with-tune=generic --enable-offload-targets=nvptx-none=/build/gcc-10-Km9U7s/gcc-10-10.2.1/debian/tmp-nvptx/usr,amdgcn-amdhsa=/build/gcc-10-Km9U7s/gcc-10-10.2.1/debian/tmp-gcn/usr,hsa --without-cuda-driver --enable-checking=release --build=x86_64-linux-gnu --host=x86_64-linux-gnu --target=x86_64-linux-gnu --with-build-config=bootstrap-lto-lean --enable-link-mutex
Thread model: posix
Supported LTO compression algorithms: zlib zstd
gcc version 10.2.1 20210110 (Debian 10.2.1-6) 
... rest of stderr output deleted ...
configure:4509: $? = 0
configure:4498: gcc -V >&5
gcc: error: unrecognized command-line option '-V'
gcc: fatal error: no input files
compilation terminated.
configure:4509: $? = 1
configure:4498: gcc -qversion >&5
gcc: error: unrecognized command-line option '-qversion'; did you mean '--version'?
gcc: fatal error: no input files
compilation terminated.
configure:4509: $? = 1
configure:4498: gcc -version >&5
gcc: error: unrecognized command-line option '-version'
gcc: fatal error: no input files
compilation terminated.
configure:4509: $? = 1
configure:4513: checking whether the compiler supports GNU C
configure:4543: result: yes
configure:4554: checking whether gcc accepts -g
configure:4619: result: yes
configure:4639: checking for gcc option to enable C11 features
configure:4672: result: none needed
configure:4787: checking how to run the C preprocessor
configure:4855: result: gcc -E
configure:4869: gcc -E  conftest.c
configure:4869: $? = 0
configure:4884: gcc -E  conftest.c
conftest.c:10:10: fatal error: ac_nonexistent.h: No such file or directory
   10 | #include <ac_nonexistent.h>
      |          ^~~~~~~~~~~~~~~~~~
compilation terminated.
configure:4884: $? = 1
configure: failed program was:
| /* confdefs.h */
| #define PACKAGE_NAME "sqlite"
| #define PACKAGE_TARNAME "sqlite"
| #define PACKAGE_VERSION "3.36.0"
| #define PACKAGE_STRING "sqlite 3.36.0"
| #define PACKAGE_BUGREPORT ""
| #define PACKAGE_URL ""
| #define BUILD_sqlite /**/
| /* end confdefs.h.  */
| #include <ac_nonexistent.h>
configure:4919: checking whether make sets $(MAKE)
configure:4942: result: yes
configure:5004: checking for ranlib
configure:5036: result: ranlib
configure:5070: checking for stdio.h
configure:5070: result: yes
configure:5070: checking for stdlib.h
configure:5070: result: yes
configure:5070: checking for string.h
configure:5070: result: yes
configure:5070: checking for inttypes.h
configure:5070: result: yes
configure:5070: checking for stdint.h
configure:5070: result: yes
configure:5070: checking for strings.h
configure:5070: result: yes
configure:5070: checking for sys/stat.h
configure:5070: result: yes
configure:5070: checking for sys/types.h
configure:5070: result: yes
configure:5070: checking for unistd.h
configure:5070: result: yes
configure:5105: checking if the compiler understands -pipe
configure:5133: result: yes
configure:5144: checking whether byte ordering is bigendian
configure:5359: result: no
configure:5653: checking for Tcl public headers
configure:5726: result: /usr/local/src/SAOImageDS9/tcl8.6/generic
configure:5788: checking for pthread_mutex_init in -lpthread
configure:5821: result: yes
configure:6031: checking for building with threads
configure:6037: result: yes (default)
configure:6088: checking how to build libraries
configure:6124: result: shared
configure:6213: checking for ranlib
configure:6245: result: ranlib
configure:6272: checking if 64bit support is requested
configure:6282: result: no
configure:6287: checking if 64bit Sparc VIS support is requested
configure:6297: result: no
configure:6308: checking if compiler supports visibility "hidden"
configure:6339: result: yes
configure:6355: checking if rpath support is requested
configure:6365: result: yes
configure:6372: checking system version
configure:6399: result: Linux-5.15.0-69-generic
configure:6485: checking for ar
configure:6517: result: ar
configure:8237: checking for cast to union support
configure:8266: result: yes
configure:8274: checking for stdbool.h
configure:8274: result: yes
configure:8300: checking for required early compiler flags
configure:8457: result:  _LARGEFILE64_SOURCE
configure:8462: checking for 64-bit integer type
configure:8516: result: yes
configure:8701: checking for build with symbols
configure:8723: result: yes (standard debugging)
configure:8765: checking for malloc.h
configure:8765: gcc -c  -pipe  conftest.c >&5
configure:8765: $? = 0
configure:8765: result: yes
configure:8773: checking for fdatasync
configure:8773: gcc -o conftest  -pipe   -Wl,--export-dynamic  conftest.c  >&5
configure:8773: $? = 0
configure:8773: result: yes
configure:8779: checking for usleep
configure:8779: gcc -o conftest  -pipe   -Wl,--export-dynamic  conftest.c  >&5
configure:8779: $? = 0
configure:8779: result: yes
configure:8785: checking for strchrnul
configure:8785: gcc -o conftest  -pipe   -Wl,--export-dynamic  conftest.c  >&5
configure:8785: $? = 0
configure:8785: result: yes
configure:8791: checking for localtime_r
configure:8791: result: yes
configure:8797: checking for gmtime_r
configure:8797: result: yes
configure:8803: checking for localtime_s
configure:8803: gcc -o conftest  -pipe   -Wl,--export-dynamic  conftest.c  >&5
/usr/bin/ld: /tmp/ccyRu3Mx.o: in function `main':
conftest.c:(.text+0xa): undefined reference to `localtime_s'
collect2: error: ld returned 1 exit status
configure:8803: $? = 1
configure: failed program was:
| /* confdefs.h */
| #define PACKAGE_NAME "sqlite"
| #define PACKAGE_TARNAME "sqlite"
| #define PACKAGE_VERSION "3.36.0"
| #define PACKAGE_STRING "sqlite 3.36.0"
| #define PACKAGE_BUGREPORT ""
| #define PACKAGE_URL ""
| #define BUILD_sqlite /**/
| #define HAVE_STDIO_H 1
| #define HAVE_STDLIB_H 1
| #define HAVE_STRING_H 1
| #define HAVE_INTTYPES_H 1
| #define HAVE_STDINT_H 1
| #define HAVE_STRINGS_H 1
| #define HAVE_SYS_STAT_H 1
| #define HAVE_SYS_TYPES_H 1
| #define HAVE_UNISTD_H 1
| #define STDC_HEADERS 1
| #define USE_THREAD_ALLOC 1
| #define _REENTRANT 1
| #define _THREAD_SAFE 1
| #define TCL_THREADS 1
| #define SQLITE_THREADSAFE 1
| #define USE_TCL_STUBS 1
| #define USE_TCLOO_STUBS 1
| #define MODULE_SCOPE extern __attribute__((__visibility__("hidden")))
| #define HAVE_HIDDEN 1
| #define HAVE_CAST_TO_UNION 1
| #define HAVE_STDBOOL_H 1
| #define _LARGEFILE64_SOURCE 1
| #define TCL_WIDE_INT_IS_LONG 1
| #define USE_TCL_STUBS 1
| #define HAVE_MALLOC_H 1
| #define HAVE_FDATASYNC 1
| #define HAVE_USLEEP 1
| #define HAVE_STRCHRNUL 1
| #define HAVE_LOCALTIME_R 1
| #define HAVE_GMTIME_R 1
| /* end confdefs.h.  */
| /* Define localtime_s to an innocuous variant, in case <limits.h> declares localtime_s.
|    For example, HP-UX 11i <limits.h> declares gettimeofday.  */
| #define localtime_s innocuous_localtime_s
| 
| /* System header to define __stub macros and hopefully few prototypes,
|    which can conflict with char localtime_s (); below.  */
| 
| #include <limits.h>
| #undef localtime_s
| 
| /* Override any GCC internal prototype to avoid an error.
|    Use char because int might match the return type of a GCC
|    builtin and then its argument prototype would still apply.  */
| #ifdef __cplusplus
| extern "C"
| #endif
| char localtime_s ();
| /* The GNU C library defines this for functions which it implements
|     to always fail with ENOSYS.  Some functions are actually named
|     something starting with __ and the normal name is an alias.  */
| #if defined __stub_localtime_s || defined __stub___localtime_s
| choke me
| #endif
| 
| int
| main (void)
| {
| return localtime_s ();
|   ;
|   return 0;
| }
configure:8803: result: no
configure:8809: checking for malloc_usable_size
configure:8809: gcc -o conftest  -pipe   -Wl,--export-dynamic  conftest.c  >&5
configure:8809: $? = 0
configure:8809: result: yes
configure:8815: checking for utime
configure:8815: gcc -o conftest  -pipe   -Wl,--export-dynamic  conftest.c  >&5
configure:8815: $? = 0
configure:8815: result: yes
configure:8821: checking for flock
configure:8821: gcc -o conftest  -pipe   -Wl,--export-dynamic  conftest.c  >&5
configure:8821: $? = 0
configure:8821: result: yes
configure:8827: checking for readlink
configure:8827: gcc -o conftest  -pipe   -Wl,--export-dynamic  conftest.c  >&5
configure:8827: $? = 0
configure:8827: result: yes
configure:8833: checking for lstat
configure:8833: gcc -o conftest  -pipe   -Wl,--export-dynamic  conftest.c  >&5
configure:8833: $? = 0
configure:8833: result: yes
configure:8839: checking for pread
configure:8839: gcc -o conftest  -pipe   -Wl,--export-dynamic  conftest.c  >&5
configure:8839: $? = 0
configure:8839: result: yes
configure:8845: checking for pread64
configure:8845: gcc -o conftest  -pipe   -Wl,--export-dynamic  conftest.c  >&5
configure:8845: $? = 0
configure:8845: result: yes
configure:8851: checking for pwrite
configure:8851: gcc -o conftest  -pipe   -Wl,--export-dynamic  conftest.c  >&5
configure:8851: $? = 0
configure:8851: result: yes
configure:8857: checking for pwrite64
configure:8857: gcc -o conftest  -pipe   -Wl,--export-dynamic  conftest.c  >&5
configure:8857: $? = 0
configure:8857: result: yes
configure:8863: checking for rand_s
configure:8863: gcc -o conftest  -pipe   -Wl,--export-dynamic  conftest.c  >&5
/usr/bin/ld: /tmp/ccr6DIab.o: in function `main':
conftest.c:(.text+0xa): undefined reference to `rand_s'
collect2: error: ld returned 1 exit status
configure:8863: $? = 1
configure: failed program was:
| /* confdefs.h */
| #define PACKAGE_NAME "sqlite"
| #define PACKAGE_TARNAME "sqlite"
| #define PACKAGE_VERSION "3.36.0"
| #define PACKAGE_STRING "sqlite 3.36.0"
| #define PACKAGE_BUGREPORT ""
| #define PACKAGE_URL ""
| #define BUILD_sqlite /**/
| #define HAVE_STDIO_H 1
| #define HAVE_STDLIB_H 1
| #define HAVE_STRING_H 1
| #define HAVE_INTTYPES_H 1
| #define HAVE_STDINT_H 1
| #define HAVE_STRINGS_H 1
| #define HAVE_SYS_STAT_H 1
| #define HAVE_SYS_TYPES_H 1
| #define HAVE_UNISTD_H 1
| #define STDC_HEADERS 1
| #define USE_THREAD_ALLOC 1
| #define _REENTRANT 1
| #define _THREAD_SAFE 1
| #define TCL_THREADS 1
| #define SQLITE_THREADSAFE 1
| #define USE_TCL_STUBS 1
| #define USE_TCLOO_STUBS 1
| #define MODULE_SCOPE extern __attribute__((__visibility__("hidden")))
| #define HAVE_HIDDEN 1
| #define HAVE_CAST_TO_UNION 1
| #define HAVE_STDBOOL_H 1
| #define _LARGEFILE64_SOURCE 1
| #define TCL_WIDE_INT_IS_LONG 1
| #define USE_TCL_STUBS 1
| #define HAVE_MALLOC_H 1
| #define HAVE_FDATASYNC 1
| #define HAVE_USLEEP 1
| #define HAVE_STRCHRNUL 1
| #define HAVE_LOCALTIME_R 1
| #define HAVE_GMTIME_R 1
| #define HAVE_MALLOC_USABLE_SIZE 1
| #define HAVE_UTIME 1
| #define HAVE_FLOCK 1
| #define HAVE_READLINK 1
| #define HAVE_LSTAT 1
| #define HAVE_PREAD 1
| #define HAVE_PREAD64 1
| #define HAVE_PWRITE 1
| #define HAVE_PWRITE64 1
| /* end confdefs.h.  */
| /* Define rand_s to an innocuous variant, in case <limits.h> declares rand_s.
|    For example, HP-UX 11i <limits.h> declares gettimeofday.  */
| #define rand_s innocuous_rand_s
| 
| /* System header to define __stub macros and hopefully few prototypes,
|    which can conflict with char rand_s (); below.  */
| 
| #include <limits.h>
| #undef rand_s
| 
| /* Override any GCC internal prototype to avoid an error.
|    Use char because int might match the return type of a GCC
|    builtin and then its argument prototype would still apply.  */
| #ifdef __cplusplus
| extern "C"
| #endif
| char rand_s ();
| /* The GNU C library defines this for functions which it implements
|     to always fail with ENOSYS.  Some functions are actually named
|     something starting with __ and the normal name is an alias.  */
| #if defined __stub_rand_s || defined __stub___rand_s
| choke me
| #endif
| 
| int
| main (void)
| {
| return rand_s ();
|   ;
|   return 0;
| }
configure:8863: result: no
configure:8871: checking for gcc options needed to detect all undeclared functions
configure:8893: gcc -c  -pipe   conftest.c >&5
conftest.c: In function 'main':
conftest.c:53:8: error: 'strchr' undeclared (first use in this function)
   53 | (void) strchr;
      |        ^~~~~~
conftest.c:1:1: note: 'strchr' is defined in header '<string.h>'; did you forget to '#include <string.h>'?
    1 | /* confdefs.h */
conftest.c:53:8: note: each undeclared identifier is reported only once for each function it appears in
   53 | (void) strchr;
      |        ^~~~~~
configure:8893: $? = 1
configure: failed program was:
| /* confdefs.h */
| #define PACKAGE_NAME "sqlite"
| #define PACKAGE_TARNAME "sqlite"
| #define PACKAGE_VERSION "3.36.0"
| #define PACKAGE_STRING "sqlite 3.36.0"
| #define PACKAGE_BUGREPORT ""
| #define PACKAGE_URL ""
| #define BUILD_sqlite /**/
| #define HAVE_STDIO_H 1
| #define HAVE_STDLIB_H 1
| #define HAVE_STRING_H 1
| #define HAVE_INTTYPES_H 1
| #define HAVE_STDINT_H 1
| #define HAVE_STRINGS_H 1
| #define HAVE_SYS_STAT_H 1
| #define HAVE_SYS_TYPES_H 1
| #define HAVE_UNISTD_H 1
| #define STDC_HEADERS 1
| #define USE_THREAD_ALLOC 1
| #define _REENTRANT 1
| #define _THREAD_SAFE 1
| #define TCL_THREADS 1
| #define SQLITE_THREADSAFE 1
| #define USE_TCL_STUBS 1
| #define USE_TCLOO_STUBS 1
| #define MODULE_SCOPE extern __attribute__((__visibility__("hidden")))
| #define HAVE_HIDDEN 1
| #define HAVE_CAST_TO_UNION 1
| #define HAVE_STDBOOL_H 1
| #define _LARGEFILE64_SOURCE 1
| #define TCL_WIDE_INT_IS_LONG 1
| #define USE_TCL_STUBS 1
| #define HAVE_MALLOC_H 1
| #define HAVE_FDATASYNC 1
| #define HAVE_USLEEP 1
| #define HAVE_STRCHRNUL 1
| #define HAVE_LOCALTIME_R 1
| #define HAVE_GMTIME_R 1
| #define HAVE_MALLOC_USABLE_SIZE 1
| #define HAVE_UTIME 1
| #define HAVE_FLOCK 1
| #define HAVE_READLINK 1
| #define HAVE_LSTAT 1
| #define HAVE_PREAD 1
| #define HAVE_PREAD64 1
| #define HAVE_PWRITE 1
| #define HAVE_PWRITE64 1
| /* end confdefs.h.  */
| 
| int
| main (void)
| {
| (void) strchr;
|   ;
|   return 0;
| }
configure:8920: gcc -c  -pipe   conftest.c >&5
configure:8920: $? = 0
configure:8937: result: none needed
configure:8951: checking whether strerror_r is declared
configure:8951: gcc -c  -pipe   conftest.c >&5
configure:8951: $? = 0
configure:8951: result: yes
configure:8970: checking whether strerror_r returns char *
configure:8995: gcc -c  -pipe  conftest.c >&5
conftest.c: In function 'main':
conftest.c:57:13: error: invalid type argument of unary '*' (have 'int')
   57 |    char x = *strerror_r (0, buf, sizeof buf);
      |             ^~~~~~~~~~~~~~~~~~~~~~~~~~~~~~~~
conftest.c:58:14: warning: initialization of 'char *' from 'int' makes pointer from integer without a cast [-Wint-conversion]
   58 |    char *p = strerror_r (0, buf, sizeof buf);
      |              ^~~~~~~~~~
configure:8995: $? = 1
configure: failed program was:
| /* confdefs.h */
| #define PACKAGE_NAME "sqlite"
| #define PACKAGE_TARNAME "sqlite"
| #define PACKAGE_VERSION "3.36.0"
| #define PACKAGE_STRING "sqlite 3.36.0"
| #define PACKAGE_BUGREPORT ""
| #define PACKAGE_URL ""
| #define BUILD_sqlite /**/
| #define HAVE_STDIO_H 1
| #define HAVE_STDLIB_H 1
| #define HAVE_STRING_H 1
| #define HAVE_INTTYPES_H 1
| #define HAVE_STDINT_H 1
| #define HAVE_STRINGS_H 1
| #define HAVE_SYS_STAT_H 1
| #define HAVE_SYS_TYPES_H 1
| #define HAVE_UNISTD_H 1
| #define STDC_HEADERS 1
| #define USE_THREAD_ALLOC 1
| #define _REENTRANT 1
| #define _THREAD_SAFE 1
| #define TCL_THREADS 1
| #define SQLITE_THREADSAFE 1
| #define USE_TCL_STUBS 1
| #define USE_TCLOO_STUBS 1
| #define MODULE_SCOPE extern __attribute__((__visibility__("hidden")))
| #define HAVE_HIDDEN 1
| #define HAVE_CAST_TO_UNION 1
| #define HAVE_STDBOOL_H 1
| #define _LARGEFILE64_SOURCE 1
| #define TCL_WIDE_INT_IS_LONG 1
| #define USE_TCL_STUBS 1
| #define HAVE_MALLOC_H 1
| #define HAVE_FDATASYNC 1
| #define HAVE_USLEEP 1
| #define HAVE_STRCHRNUL 1
| #define HAVE_LOCALTIME_R 1
| #define HAVE_GMTIME_R 1
| #define HAVE_MALLOC_USABLE_SIZE 1
| #define HAVE_UTIME 1
| #define HAVE_FLOCK 1
| #define HAVE_READLINK 1
| #define HAVE_LSTAT 1
| #define HAVE_PREAD 1
| #define HAVE_PREAD64 1
| #define HAVE_PWRITE 1
| #define HAVE_PWRITE64 1
| #define HAVE_DECL_STRERROR_R 1
| #define HAVE_STRERROR_R 1
| /* end confdefs.h.  */
| #include <string.h>
| int
| main (void)
| {
| 
| 	  char buf[100];
| 	  char x = *strerror_r (0, buf, sizeof buf);
| 	  char *p = strerror_r (0, buf, sizeof buf);
| 	  return !p || x;
| 
|   ;
|   return 0;
| }
configure:9004: result: no
configure:9021: checking for grep that handles long lines and -e
configure:9085: result: /bin/grep
configure:9090: checking for egrep
configure:9158: result: /bin/grep -E
configure:9291: checking for tclsh
configure:9326: result: /usr/local/src/SAOImageDS9/tcl8.6/unix/tclsh
configure:9397: updating cache /usr/local/src/SAOImageDS9/config.cache
configure:9484: creating ./config.status

## ---------------------- ##
## Running config.status. ##
## ---------------------- ##

This file was extended by sqlite config.status 3.36.0, which was
generated by GNU Autoconf 2.71.  Invocation command line was

  CONFIG_FILES    = 
  CONFIG_HEADERS  = 
  CONFIG_LINKS    = 
  CONFIG_COMMANDS = 
  $ ./config.status 

on nancep7.obs-nancay.fr

config.status:802: creating Makefile
config.status:802: creating pkgIndex.tcl

## ---------------- ##
## Cache variables. ##
## ---------------- ##

ac_cv_c_bigendian=no
ac_cv_c_char_unsigned=no
ac_cv_c_compiler_gnu=yes
ac_cv_c_inline=inline
ac_cv_c_tclconfig=/usr/local/src/SAOImageDS9/tcl8.6/unix
ac_cv_c_tclh=/usr/local/src/SAOImageDS9/tcl8.6/generic
ac_cv_c_undeclared_builtin_options='none needed'
ac_cv_env_CC_set=
ac_cv_env_CC_value=
ac_cv_env_CFLAGS_set=
ac_cv_env_CFLAGS_value=
ac_cv_env_CPPFLAGS_set=
ac_cv_env_CPPFLAGS_value=
ac_cv_env_CPP_set=
ac_cv_env_CPP_value=
ac_cv_env_LDFLAGS_set=
ac_cv_env_LDFLAGS_value=
ac_cv_env_LIBS_set=
ac_cv_env_LIBS_value=
ac_cv_env_build_alias_set=
ac_cv_env_build_alias_value=
ac_cv_env_host_alias_set=
ac_cv_env_host_alias_value=
ac_cv_env_target_alias_set=
ac_cv_env_target_alias_value=
ac_cv_exeext=
ac_cv_func_chflags=no
ac_cv_func_connect=yes
ac_cv_func_fdatasync=yes
ac_cv_func_flock=yes
ac_cv_func_freeaddrinfo=yes
ac_cv_func_fstatfs=yes
ac_cv_func_gai_strerror=yes
ac_cv_func_getaddrinfo=yes
ac_cv_func_getcwd=yes
ac_cv_func_getgrgid_r=yes
ac_cv_func_getgrnam_r=yes
ac_cv_func_gethostbyaddr_r=yes
ac_cv_func_gethostbyname=yes
ac_cv_func_gethostbyname_r=yes
ac_cv_func_getnameinfo=yes
ac_cv_func_getpwnam_r=yes
ac_cv_func_getpwuid_r=yes
ac_cv_func_gettimeofday=yes
ac_cv_func_getwd=yes
ac_cv_func_gmtime_r=yes
ac_cv_func_localtime_r=yes
ac_cv_func_localtime_s=no
ac_cv_func_lstat=yes
ac_cv_func_malloc_usable_size=yes
ac_cv_func_memcmp_working=yes
ac_cv_func_memmove=yes
ac_cv_func_mkstemp=yes
ac_cv_func_mkstemps=yes
ac_cv_func_mktime=yes
ac_cv_func_opendir=yes
ac_cv_func_pread64=yes
ac_cv_func_pread=yes
ac_cv_func_pthread_atfork=yes
ac_cv_func_pthread_attr_setstacksize=yes
ac_cv_func_pwrite64=yes
ac_cv_func_pwrite=yes
ac_cv_func_rand_s=no
ac_cv_func_readlink=yes
ac_cv_func_realpath=yes
ac_cv_func_sin=no
ac_cv_func_strchrnul=yes
ac_cv_func_strerror=yes
ac_cv_func_strerror_r_char_p=no
ac_cv_func_strncasecmp=yes
ac_cv_func_strstr=yes
ac_cv_func_strtol=yes
ac_cv_func_strtoul=yes
ac_cv_func_uname=yes
ac_cv_func_usleep=yes
ac_cv_func_utime=yes
ac_cv_func_wait3=yes
ac_cv_func_waitpid=yes
ac_cv_have_decl_gethostbyaddr_r=yes
ac_cv_have_decl_gethostbyname_r=yes
ac_cv_have_decl_strerror_r=yes
ac_cv_header_dlfcn_h=yes
ac_cv_header_float_h=yes
ac_cv_header_inttypes_h=yes
ac_cv_header_langinfo_h=yes
ac_cv_header_malloc_h=yes
ac_cv_header_memory_h=yes
ac_cv_header_net_errno_h=no
ac_cv_header_stdbool_h=yes
ac_cv_header_stdc=yes
ac_cv_header_stdint_h=yes
ac_cv_header_stdio_h=yes
ac_cv_header_stdlib_h=yes
ac_cv_header_string_h=yes
ac_cv_header_strings_h=yes
ac_cv_header_sys_filio_h=no
ac_cv_header_sys_ioctl_h=yes
ac_cv_header_sys_modem_h=no
ac_cv_header_sys_param_h=yes
ac_cv_header_sys_stat_h=yes
ac_cv_header_sys_time_h=yes
ac_cv_header_sys_types_h=yes
ac_cv_header_sys_wait_h=yes
ac_cv_header_termios_h=yes
ac_cv_header_time=yes
ac_cv_header_unistd_h=yes
ac_cv_header_values_h=yes
ac_cv_header_zlib_h=yes
ac_cv_lib_dl_dlopen=yes
ac_cv_lib_inet_main=no
ac_cv_lib_pthread_pthread_mutex_init=yes
ac_cv_member_struct_stat_st_blksize=yes
ac_cv_member_struct_stat_st_blocks=yes
ac_cv_nolto=yes
ac_cv_objext=o
ac_cv_path_EGREP='/bin/grep -E'
ac_cv_path_GREP=/bin/grep
ac_cv_path_tclsh=/usr/bin/tclsh8.6
ac_cv_prog_CPP='gcc -E'
ac_cv_prog_ac_ct_AR=ar
ac_cv_prog_ac_ct_CC=gcc
ac_cv_prog_ac_ct_RANLIB=ranlib
ac_cv_prog_cc_c11=
ac_cv_prog_cc_g=yes
ac_cv_prog_cc_stdc=
ac_cv_prog_egrep='grep -E'
ac_cv_prog_make_make_set=yes
ac_cv_search_deflateSetHeader=-lz
ac_cv_type_blkcnt_t=yes
ac_cv_type_gz_header=yes
ac_cv_type_intptr_t=yes
ac_cv_type_mode_t=yes
ac_cv_type_pid_t=yes
ac_cv_type_size_t=yes
ac_cv_type_struct_addrinfo=yes
ac_cv_type_struct_in6_addr=yes
ac_cv_type_struct_sockaddr_in6=yes
ac_cv_type_struct_sockaddr_storage=yes
ac_cv_type_uid_t=yes
ac_cv_type_uintptr_t=yes
tcl_cv_api_fts=yes
tcl_cv_api_getgrgid_r_5=yes
tcl_cv_api_getgrnam_r_5=yes
tcl_cv_api_gethostbyaddr_r=yes
tcl_cv_api_gethostbyaddr_r_7=no
tcl_cv_api_gethostbyaddr_r_8=yes
tcl_cv_api_gethostbyname_r=yes
tcl_cv_api_gethostbyname_r_6=yes
tcl_cv_api_getpwnam_r_5=yes
tcl_cv_api_getpwuid_r_5=yes
tcl_cv_cast_to_union=yes
tcl_cv_cc_pipe=yes
tcl_cv_cc_visibility_hidden=yes
tcl_cv_char_signed=yes
tcl_cv_cpuid=yes
tcl_cv_dir_zoneinfo=/usr/share/zoneinfo
tcl_cv_dirent_h=yes
tcl_cv_flag__isoc99_source=no
tcl_cv_flag__largefile64_source=yes
tcl_cv_flag__largefile_source64=no
tcl_cv_grep_gettimeofday=present
tcl_cv_isnan=yes
tcl_cv_langinfo_h=yes
tcl_cv_member_tm_gmtoff=yes
tcl_cv_member_tm_tzadj=no
tcl_cv_putenv_copy=no
tcl_cv_strstr_unbroken=ok
tcl_cv_strtoul_unbroken=ok
tcl_cv_sys_version=Linux-5.15.0-69-generic
tcl_cv_timezone_long=yes
tcl_cv_type_64bit=none
tcl_cv_type_fd_set=yes
tcl_cv_type_socklen_t=yes
tcl_cv_union_wait=no

## ----------------- ##
## Output variables. ##
## ----------------- ##

AR='ar'
CC='gcc'
CFLAGS=' -pipe ${CFLAGS_DEFAULT} ${CFLAGS_WARNING} ${SHLIB_CFLAGS} '
CFLAGS_DEBUG='-g'
CFLAGS_DEFAULT='-g'
CFLAGS_OPTIMIZE='-O2 -fomit-frame-pointer'
CFLAGS_WARNING='-Wall'
CLEANFILES=''
CPP='gcc -E'
CPPFLAGS=''
CYGPATH='echo'
DEFS='-DPACKAGE_NAME=\"sqlite\" -DPACKAGE_TARNAME=\"sqlite\" -DPACKAGE_VERSION=\"3.36.0\" -DPACKAGE_STRING=\"sqlite\ 3.36.0\" -DPACKAGE_BUGREPORT=\"\" -DPACKAGE_URL=\"\" -DBUILD_sqlite=/\*\*/ -DHAVE_STDIO_H=1 -DHAVE_STDLIB_H=1 -DHAVE_STRING_H=1 -DHAVE_INTTYPES_H=1 -DHAVE_STDINT_H=1 -DHAVE_STRINGS_H=1 -DHAVE_SYS_STAT_H=1 -DHAVE_SYS_TYPES_H=1 -DHAVE_UNISTD_H=1 -DSTDC_HEADERS=1 -DUSE_THREAD_ALLOC=1 -D_REENTRANT=1 -D_THREAD_SAFE=1 -DTCL_THREADS=1 -DSQLITE_THREADSAFE=1 -DUSE_TCL_STUBS=1 -DUSE_TCLOO_STUBS=1 -DMODULE_SCOPE=extern\ __attribute__\(\(__visibility__\(\"hidden\"\)\)\) -DHAVE_HIDDEN=1 -DHAVE_CAST_TO_UNION=1 -DHAVE_STDBOOL_H=1 -D_LARGEFILE64_SOURCE=1 -DTCL_WIDE_INT_IS_LONG=1 -DUSE_TCL_STUBS=1 -DHAVE_MALLOC_H=1 -DHAVE_FDATASYNC=1 -DHAVE_USLEEP=1 -DHAVE_STRCHRNUL=1 -DHAVE_LOCALTIME_R=1 -DHAVE_GMTIME_R=1 -DHAVE_MALLOC_USABLE_SIZE=1 -DHAVE_UTIME=1 -DHAVE_FLOCK=1 -DHAVE_READLINK=1 -DHAVE_LSTAT=1 -DHAVE_PREAD=1 -DHAVE_PREAD64=1 -DHAVE_PWRITE=1 -DHAVE_PWRITE64=1 -DHAVE_DECL_STRERROR_R=1 -DHAVE_STRERROR_R=1'
ECHO_C=''
ECHO_N='-n'
ECHO_T=''
EGREP='/bin/grep -E'
EXEEXT=''
GREP='/bin/grep'
INSTALL='$(SHELL) $(srcdir)/tclconfig/install-sh -c'
INSTALL_DATA='${INSTALL} -m 644'
INSTALL_DATA_DIR='${INSTALL} -d -m 755'
INSTALL_LIBRARY='${INSTALL} -m 644'
INSTALL_PROGRAM='${INSTALL} -m 755'
INSTALL_SCRIPT='${INSTALL} -m 755'
LDFLAGS=' -Wl,--export-dynamic '
LDFLAGS_DEBUG=''
LDFLAGS_DEFAULT=''
LDFLAGS_OPTIMIZE=''
LD_LIBRARY_PATH_VAR='LD_LIBRARY_PATH'
LIBOBJS=''
LIBS=''
LTLIBOBJS=''
MAKE_LIB='${SHLIB_LD} ${LDFLAGS} ${LDFLAGS_DEFAULT} -o $@ $(PKG_OBJECTS) ${SHLIB_LD_LIBS} '
MAKE_SHARED_LIB='${SHLIB_LD} ${LDFLAGS} ${LDFLAGS_DEFAULT} -o $@ $(PKG_OBJECTS) ${SHLIB_LD_LIBS}'
MAKE_STATIC_LIB='${STLIB_LD} $@ $(PKG_OBJECTS)'
MAKE_STUB_LIB='${STLIB_LD} $@ $(PKG_STUB_OBJECTS)'
OBJEXT='o'
PACKAGE_BUGREPORT=''
PACKAGE_NAME='sqlite'
PACKAGE_STRING='sqlite 3.36.0'
PACKAGE_TARNAME='sqlite'
PACKAGE_URL=''
PACKAGE_VERSION='3.36.0'
PATH_SEPARATOR=':'
PKG_CFLAGS=' -DSQLITE_ENABLE_DBPAGE_VTAB=1 -DSQLITE_ENABLE_DBSTAT_VTAB=1 -DSQLITE_ENABLE_FTS3_PARENTHESIS=1 -DSQLITE_ENABLE_FTS4=1 -DSQLITE_ENABLE_FTS5=1 -DSQLITE_ENABLE_COLUMN_METADATA=1 -DSQLITE_ENABLE_JSON1=1 -DSQLITE_3_SUFFIX_ONLY=1 -DSQLITE_ENABLE_RTREE=1 -DSQLITE_ENABLE_GEOPOLY=1 -DSQLITE_ENABLE_STAT4=1 -DSQLITE_ENABLE_UPDATE_DELETE_LIMIT=1 -DSQLITE_ENABLE_MATH_FUNCTIONS=1 -DSQLITE_LIKE_DOESNT_MATCH_BLOBS=1 -DSQLITE_UNTESTABLE=1 -DSQLITE_OMIT_DEPRECATED=1 -DSQLITE_OMIT_LOOKASIDE=1 -DSQLITE_SECURE_DELETE=1 -DSQLITE_SOUNDEX=1 -DSQLITE_USE_ALLOCA=1 -DSQLITE_WIN32_NO_ANSI=1 -DSQLITE_WIN32_GETVERSIONEX=0'
PKG_HEADERS=''
PKG_INCLUDES=' -I"/usr/local/src/SAOImageDS9/tcl8.6/pkgs/sqlite3.36.0/generic"'
PKG_LIBS=' -lpthread'
PKG_LIB_FILE8='libsqlite3.36.0.so'
PKG_LIB_FILE9='libtcl9sqlite3.36.0.so'
PKG_LIB_FILE='libsqlite3.36.0.so'
PKG_OBJECTS=' tclsqlite3.o'
PKG_SOURCES=' tclsqlite3.c'
PKG_STUB_LIB_FILE='libsqlitestub3.36.0.a'
PKG_STUB_OBJECTS=''
PKG_STUB_SOURCES=''
PKG_TCL_SOURCES=''
RANLIB=':'
RANLIB_STUB='ranlib'
RC=''
SET_MAKE=''
SHARED_BUILD='1'
SHELL='/bin/bash'
SHLIB_CFLAGS='-fPIC'
SHLIB_LD='${CC} ${CFLAGS} ${LDFLAGS_DEFAULT} -shared'
SHLIB_LD_LIBS='${LIBS} -L/usr/local/src/SAOImageDS9/tcl8.6/unix -ltclstub8.6'
STLIB_LD='${AR} cr'
STUBS_BUILD='1'
TCLSH_PROG='/usr/local/src/SAOImageDS9/tcl8.6/unix/tclsh'
TCL_BIN_DIR='/usr/local/src/SAOImageDS9/tcl8.6/unix'
TCL_DEFS='-DPACKAGE_NAME=\"tcl\" -DPACKAGE_TARNAME=\"tcl\" -DPACKAGE_VERSION=\"8.6\" -DPACKAGE_STRING=\"tcl\ 8.6\" -DPACKAGE_BUGREPORT=\"\" -DSTDC_HEADERS=1 -DHAVE_SYS_TYPES_H=1 -DHAVE_SYS_STAT_H=1 -DHAVE_STDLIB_H=1 -DHAVE_STRING_H=1 -DHAVE_MEMORY_H=1 -DHAVE_STRINGS_H=1 -DHAVE_INTTYPES_H=1 -DHAVE_STDINT_H=1 -DHAVE_UNISTD_H=1 -DHAVE_SYS_PARAM_H=1 -DUSE_THREAD_ALLOC=1 -D_REENTRANT=1 -D_THREAD_SAFE=1 -DHAVE_PTHREAD_ATTR_SETSTACKSIZE=1 -DHAVE_PTHREAD_ATFORK=1 -DTCL_THREADS=1 -DTCL_CFGVAL_ENCODING=\"iso8859-1\" -DSTATIC_BUILD=1 -DHAVE_ZLIB=1 -DMODULE_SCOPE=extern\ __attribute__\(\(__visibility__\(\"hidden\"\)\)\) -DHAVE_HIDDEN=1 -DHAVE_CAST_TO_UNION=1 -DTCL_SHLIB_EXT=\".so\" -DTCL_TOMMATH=1 -DMP_PREC=4 -D_LARGEFILE64_SOURCE=1 -DTCL_WIDE_INT_IS_LONG=1 -DHAVE_GETCWD=1 -DHAVE_MKSTEMP=1 -DHAVE_OPENDIR=1 -DHAVE_STRTOL=1 -DHAVE_WAITPID=1 -DHAVE_GETNAMEINFO=1 -DHAVE_GETADDRINFO=1 -DHAVE_FREEADDRINFO=1 -DHAVE_GAI_STRERROR=1 -DHAVE_STRUCT_ADDRINFO=1 -DHAVE_STRUCT_IN6_ADDR=1 -DHAVE_STRUCT_SOCKADDR_IN6=1 -DHAVE_STRUCT_SOCKADDR_STORAGE=1 -DHAVE_GETPWUID_R_5=1 -DHAVE_GETPWUID_R=1 -DHAVE_GETPWNAM_R_5=1 -DHAVE_GETPWNAM_R=1 -DHAVE_GETGRGID_R_5=1 -DHAVE_GETGRGID_R=1 -DHAVE_GETGRNAM_R_5=1 -DHAVE_GETGRNAM_R=1 -DHAVE_DECL_GETHOSTBYNAME_R=1 -DHAVE_GETHOSTBYNAME_R_6=1 -DHAVE_GETHOSTBYNAME_R=1 -DHAVE_DECL_GETHOSTBYADDR_R=1 -DHAVE_GETHOSTBYADDR_R_8=1 -DHAVE_GETHOSTBYADDR_R=1 -DHAVE_TERMIOS_H=1 -DHAVE_SYS_IOCTL_H=1 -DHAVE_SYS_TIME_H=1 -DTIME_WITH_SYS_TIME=1 -DHAVE_GMTIME_R=1 -DHAVE_LOCALTIME_R=1 -DHAVE_MKTIME=1 -DHAVE_TM_GMTOFF=1 -DHAVE_TIMEZONE_VAR=1 -DHAVE_STRUCT_STAT_ST_BLOCKS=1 -DHAVE_STRUCT_STAT_ST_BLKSIZE=1 -DHAVE_BLKCNT_T=1 -DHAVE_INTPTR_T=1 -DHAVE_UINTPTR_T=1 -DNO_UNION_WAIT=1 -DHAVE_SIGNED_CHAR=1 -DHAVE_LANGINFO=1 -DHAVE_MKSTEMPS=1 -DHAVE_FTS=1 -DHAVE_SYS_IOCTL_H=1 -DTCL_UNLOAD_DLLS=1 -DHAVE_CPUID=1 '
TCL_EXTRA_CFLAGS=' -pipe '
TCL_INCLUDES='-I"/usr/local/src/SAOImageDS9/tcl8.6/generic"'
TCL_LD_FLAGS=' -Wl,--export-dynamic '
TCL_LIBS='-ldl -lz  -lpthread -lm'
TCL_LIB_FILE='libtcl8.6.a'
TCL_LIB_FLAG='-ltcl8.6'
TCL_LIB_SPEC='-L/usr/local/src/SAOImageDS9/tcl8.6/unix -ltcl8.6'
TCL_PATCH_LEVEL='.12'
TCL_SHLIB_LD_LIBS='${LIBS}'
TCL_SRC_DIR='/usr/local/src/SAOImageDS9/tcl8.6'
TCL_STUB_LIB_FILE='libtclstub8.6.a'
TCL_STUB_LIB_FLAG='-ltclstub8.6'
TCL_STUB_LIB_SPEC='-L/usr/local/src/SAOImageDS9/tcl8.6/unix -ltclstub8.6'
TCL_THREADS='1'
TCL_VERSION='8.6'
VC_MANIFEST_EMBED_DLL=''
VC_MANIFEST_EMBED_EXE=''
ac_ct_CC='gcc'
bindir='${exec_prefix}/bin'
build_alias=''
datadir='${datarootdir}'
datarootdir='${prefix}/share'
docdir='${datarootdir}/doc/${PACKAGE_TARNAME}'
dvidir='${docdir}'
exec_prefix='/usr/local/src/SAOImageDS9'
host_alias=''
htmldir='${docdir}'
includedir='${prefix}/include'
infodir='${datarootdir}/info'
libdir='/usr/local/src/SAOImageDS9/lib'
libexecdir='${exec_prefix}/libexec'
localedir='${datarootdir}/locale'
localstatedir='${prefix}/var'
mandir='${datarootdir}/man'
oldincludedir='/usr/include'
pdfdir='${docdir}'
prefix='/usr/local/src/SAOImageDS9'
program_transform_name='s,x,x,'
psdir='${docdir}'
runstatedir='${localstatedir}/run'
sbindir='${exec_prefix}/sbin'
sharedstatedir='${prefix}/com'
sysconfdir='${prefix}/etc'
target_alias=''

## ----------- ##
## confdefs.h. ##
## ----------- ##

/* confdefs.h */
#define PACKAGE_NAME "sqlite"
#define PACKAGE_TARNAME "sqlite"
#define PACKAGE_VERSION "3.36.0"
#define PACKAGE_STRING "sqlite 3.36.0"
#define PACKAGE_BUGREPORT ""
#define PACKAGE_URL ""
#define BUILD_sqlite /**/
#define HAVE_STDIO_H 1
#define HAVE_STDLIB_H 1
#define HAVE_STRING_H 1
#define HAVE_INTTYPES_H 1
#define HAVE_STDINT_H 1
#define HAVE_STRINGS_H 1
#define HAVE_SYS_STAT_H 1
#define HAVE_SYS_TYPES_H 1
#define HAVE_UNISTD_H 1
#define STDC_HEADERS 1
#define USE_THREAD_ALLOC 1
#define _REENTRANT 1
#define _THREAD_SAFE 1
#define TCL_THREADS 1
#define SQLITE_THREADSAFE 1
#define USE_TCL_STUBS 1
#define USE_TCLOO_STUBS 1
#define MODULE_SCOPE extern __attribute__((__visibility__("hidden")))
#define HAVE_HIDDEN 1
#define HAVE_CAST_TO_UNION 1
#define HAVE_STDBOOL_H 1
#define _LARGEFILE64_SOURCE 1
#define TCL_WIDE_INT_IS_LONG 1
#define USE_TCL_STUBS 1
#define HAVE_MALLOC_H 1
#define HAVE_FDATASYNC 1
#define HAVE_USLEEP 1
#define HAVE_STRCHRNUL 1
#define HAVE_LOCALTIME_R 1
#define HAVE_GMTIME_R 1
#define HAVE_MALLOC_USABLE_SIZE 1
#define HAVE_UTIME 1
#define HAVE_FLOCK 1
#define HAVE_READLINK 1
#define HAVE_LSTAT 1
#define HAVE_PREAD 1
#define HAVE_PREAD64 1
#define HAVE_PWRITE 1
#define HAVE_PWRITE64 1
#define HAVE_DECL_STRERROR_R 1
#define HAVE_STRERROR_R 1

configure: exit 0
