This file contains any messages produced by compilers while
running configure, to aid debugging if configure makes a mistake.

It was created by tksao configure 1.0, which was
generated by GNU Autoconf 2.71.  Invocation command line was

  $ ./configure --with-tk=/usr/local/src/SAOImageDS9/tk8.6/unix --with-tcl=/usr/local/src/SAOImageDS9/tcl8.6/unix --with-xml2-config=/usr/bin/xml2-config --prefix /usr/local/src/SAOImageDS9 --exec-prefix /usr/local/src/SAOImageDS9 --libdir /usr/local/src/SAOImageDS9/lib --disable-shared --disable-stubs --enable-symbols --config-cache --cache-file=/usr/local/src/SAOImageDS9/config.cache

## --------- ##
## Platform. ##
## --------- ##

hostname = nancep7.obs-nancay.fr
uname -m = x86_64
uname -r = 5.15.0-69-generic
uname -s = Linux
uname -v = #76~20.04.1-Ubuntu SMP Mon Mar 20 15:54:19 UTC 2023

/usr/bin/uname -p = unknown
/bin/uname -X     = unknown

/bin/arch              = unknown
/usr/bin/arch -k       = unknown
/usr/convex/getsysinfo = unknown
/usr/bin/hostinfo      = unknown
/bin/machine           = unknown
/usr/bin/oslevel       = unknown
/bin/universe          = unknown

PATH: /usr/local/sbin/
PATH: /usr/local/bin/
PATH: /usr/sbin/
PATH: /usr/bin/
PATH: /sbin/
PATH: /bin/


## ----------- ##
## Core tests. ##
## ----------- ##

configure:2143: loading cache /usr/local/src/SAOImageDS9/config.cache
configure:2768: checking TEA configuration
configure:2774: result: ok (TEA 3.13)
configure:2860: configuring tksao 1.0
configure:2890: checking system version
configure:2914: result: Linux-5.15.0-69-generic
configure:2956: checking for Tcl configuration
configure:3090: result: found /usr/local/src/SAOImageDS9/tcl8.6/unix/tclConfig.sh
configure:3157: checking for gcc
configure:3189: result: gcc
configure:3542: checking for C compiler version
configure:3551: gcc --version >&5
gcc (Debian 10.2.1-6) 10.2.1 20210110
Copyright (C) 2020 Free Software Foundation, Inc.
This is free software; see the source for copying conditions.  There is NO
warranty; not even for MERCHANTABILITY or FITNESS FOR A PARTICULAR PURPOSE.

configure:3562: $? = 0
configure:3551: gcc -v >&5
Using built-in specs.
COLLECT_GCC=gcc
COLLECT_LTO_WRAPPER=/usr/lib/gcc/x86_64-linux-gnu/10/lto-wrapper
OFFLOAD_TARGET_NAMES=nvptx-none:amdgcn-amdhsa:hsa
OFFLOAD_TARGET_DEFAULT=1
Target: x86_64-linux-gnu
Configured with: ../src/configure -v --with-pkgversion='Debian 10.2.1-6' --with-bugurl=file:///usr/share/doc/gcc-10/README.Bugs --enable-languages=c,ada,c++,go,brig,d,fortran,objc,obj-c++,m2 --prefix=/usr --with-gcc-major-version-only --program-suffix=-10 --program-prefix=x86_64-linux-gnu- --enable-shared --enable-linker-build-id --libexecdir=/usr/lib --without-included-gettext --enable-threads=posix --libdir=/usr/lib --enable-nls --enable-bootstrap --enable-clocale=gnu --enable-libstdcxx-debug --enable-libstdcxx-time=yes --with-default-libstdcxx-abi=new --enable-gnu-unique-object --disable-vtable-verify --enable-plugin --enable-default-pie --with-system-zlib --enable-libphobos-checking=release --with-target-system-zlib=auto --enable-objc-gc=auto --enable-multiarch --disable-werror --with-arch-32=i686 --with-abi=m64 --with-multilib-list=m32,m64,mx32 --enable-multilib --with-tune=generic --enable-offload-targets=nvptx-none=/build/gcc-10-Km9U7s/gcc-10-10.2.1/debian/tmp-nvptx/usr,amdgcn-amdhsa=/build/gcc-10-Km9U7s/gcc-10-10.2.1/debian/tmp-gcn/usr,hsa --without-cuda-driver --enable-checking=release --build=x86_64-linux-gnu --host=x86_64-linux-gnu --target=x86_64-linux-gnu --with-build-config=bootstrap-lto-lean --enable-link-mutex
Thread model: posix
Supported LTO compression algorithms: zlib zstd
gcc version 10.2.1 20210110 (Debian 10.2.1-6) 
... rest of stderr output deleted ...
configure:3562: $? = 0
configure:3551: gcc -V >&5
gcc: error: unrecognized command-line option '-V'
gcc: fatal error: no input files
compilation terminated.
configure:3562: $? = 1
configure:3551: gcc -qversion >&5
gcc: error: unrecognized command-line option '-qversion'; did you mean '--version'?
gcc: fatal error: no input files
compilation terminated.
configure:3562: $? = 1
configure:3551: gcc -version >&5
gcc: error: unrecognized command-line option '-version'
gcc: fatal error: no input files
compilation terminated.
configure:3562: $? = 1
configure:3582: checking whether the C compiler works
configure:3604: gcc    conftest.c  >&5
configure:3608: $? = 0
configure:3658: result: yes
configure:3661: checking for C compiler default output file name
configure:3663: result: a.out
configure:3669: checking for suffix of executables
configure:3676: gcc -o conftest    conftest.c  >&5
configure:3680: $? = 0
configure:3703: result: 
configure:3725: checking whether we are cross compiling
configure:3733: gcc -o conftest    conftest.c  >&5
configure:3737: $? = 0
configure:3744: ./conftest
configure:3748: $? = 0
configure:3763: result: no
configure:3768: checking for suffix of object files
configure:3817: result: o
configure:3821: checking whether the compiler supports GNU C
configure:3851: result: yes
configure:3862: checking whether gcc accepts -g
configure:3927: result: yes
configure:3947: checking for gcc option to enable C11 features
configure:3980: result: none needed
configure:4092: checking for existence of /usr/local/src/SAOImageDS9/tcl8.6/unix/tclConfig.sh
configure:4096: result: loading
configure:4160: checking platform
configure:4178: gcc -c   conftest.c >&5
configure:4178: $? = 0
configure:4234: result: unix
configure:4278: checking for Tk configuration
configure:4412: result: found /usr/local/src/SAOImageDS9/tk8.6/unix/tkConfig.sh
configure:4418: checking for existence of /usr/local/src/SAOImageDS9/tk8.6/unix/tkConfig.sh
configure:4422: result: loading
configure:4603: checking for gcc
configure:4635: result: gcc
configure:4988: checking for C compiler version
configure:4997: gcc --version >&5
gcc (Debian 10.2.1-6) 10.2.1 20210110
Copyright (C) 2020 Free Software Foundation, Inc.
This is free software; see the source for copying conditions.  There is NO
warranty; not even for MERCHANTABILITY or FITNESS FOR A PARTICULAR PURPOSE.

configure:5008: $? = 0
configure:4997: gcc -v >&5
Using built-in specs.
COLLECT_GCC=gcc
COLLECT_LTO_WRAPPER=/usr/lib/gcc/x86_64-linux-gnu/10/lto-wrapper
OFFLOAD_TARGET_NAMES=nvptx-none:amdgcn-amdhsa:hsa
OFFLOAD_TARGET_DEFAULT=1
Target: x86_64-linux-gnu
Configured with: ../src/configure -v --with-pkgversion='Debian 10.2.1-6' --with-bugurl=file:///usr/share/doc/gcc-10/README.Bugs --enable-languages=c,ada,c++,go,brig,d,fortran,objc,obj-c++,m2 --prefix=/usr --with-gcc-major-version-only --program-suffix=-10 --program-prefix=x86_64-linux-gnu- --enable-shared --enable-linker-build-id --libexecdir=/usr/lib --without-included-gettext --enable-threads=posix --libdir=/usr/lib --enable-nls --enable-bootstrap --enable-clocale=gnu --enable-libstdcxx-debug --enable-libstdcxx-time=yes --with-default-libstdcxx-abi=new --enable-gnu-unique-object --disable-vtable-verify --enable-plugin --enable-default-pie --with-system-zlib --enable-libphobos-checking=release --with-target-system-zlib=auto --enable-objc-gc=auto --enable-multiarch --disable-werror --with-arch-32=i686 --with-abi=m64 --with-multilib-list=m32,m64,mx32 --enable-multilib --with-tune=generic --enable-offload-targets=nvptx-none=/build/gcc-10-Km9U7s/gcc-10-10.2.1/debian/tmp-nvptx/usr,amdgcn-amdhsa=/build/gcc-10-Km9U7s/gcc-10-10.2.1/debian/tmp-gcn/usr,hsa --without-cuda-driver --enable-checking=release --build=x86_64-linux-gnu --host=x86_64-linux-gnu --target=x86_64-linux-gnu --with-build-config=bootstrap-lto-lean --enable-link-mutex
Thread model: posix
Supported LTO compression algorithms: zlib zstd
gcc version 10.2.1 20210110 (Debian 10.2.1-6) 
... rest of stderr output deleted ...
configure:5008: $? = 0
configure:4997: gcc -V >&5
gcc: error: unrecognized command-line option '-V'
gcc: fatal error: no input files
compilation terminated.
configure:5008: $? = 1
configure:4997: gcc -qversion >&5
gcc: error: unrecognized command-line option '-qversion'; did you mean '--version'?
gcc: fatal error: no input files
compilation terminated.
configure:5008: $? = 1
configure:4997: gcc -version >&5
gcc: error: unrecognized command-line option '-version'
gcc: fatal error: no input files
compilation terminated.
configure:5008: $? = 1
configure:5012: checking whether the compiler supports GNU C
configure:5042: result: yes
configure:5053: checking whether gcc accepts -g
configure:5118: result: yes
configure:5138: checking for gcc option to enable C11 features
configure:5171: result: none needed
configure:5286: checking how to run the C preprocessor
configure:5354: result: gcc -E
configure:5368: gcc -E  conftest.c
configure:5368: $? = 0
configure:5383: gcc -E  conftest.c
conftest.c:10:10: fatal error: ac_nonexistent.h: No such file or directory
   10 | #include <ac_nonexistent.h>
      |          ^~~~~~~~~~~~~~~~~~
compilation terminated.
configure:5383: $? = 1
configure: failed program was:
| /* confdefs.h */
| #define PACKAGE_NAME "tksao"
| #define PACKAGE_TARNAME "tksao"
| #define PACKAGE_VERSION "1.0"
| #define PACKAGE_STRING "tksao 1.0"
| #define PACKAGE_BUGREPORT ""
| #define PACKAGE_URL ""
| #define BUILD_tksao /**/
| /* end confdefs.h.  */
| #include <ac_nonexistent.h>
configure:5418: checking whether make sets $(MAKE)
configure:5441: result: yes
configure:5503: checking for ranlib
configure:5535: result: ranlib
configure:5569: checking for stdio.h
configure:5569: result: yes
configure:5569: checking for stdlib.h
configure:5569: result: yes
configure:5569: checking for string.h
configure:5569: result: yes
configure:5569: checking for inttypes.h
configure:5569: result: yes
configure:5569: checking for stdint.h
configure:5569: result: yes
configure:5569: checking for strings.h
configure:5569: result: yes
configure:5569: checking for sys/stat.h
configure:5569: result: yes
configure:5569: checking for sys/types.h
configure:5569: result: yes
configure:5569: checking for unistd.h
configure:5569: result: yes
configure:5604: checking if the compiler understands -pipe
configure:5632: result: yes
configure:5643: checking whether byte ordering is bigendian
configure:5858: result: no
configure:5948: checking for g++
configure:5980: result: g++
configure:6007: checking for C++ compiler version
configure:6016: g++ --version >&5
g++ (Debian 10.2.1-6) 10.2.1 20210110
Copyright (C) 2020 Free Software Foundation, Inc.
This is free software; see the source for copying conditions.  There is NO
warranty; not even for MERCHANTABILITY or FITNESS FOR A PARTICULAR PURPOSE.

configure:6027: $? = 0
configure:6016: g++ -v >&5
Using built-in specs.
COLLECT_GCC=g++
COLLECT_LTO_WRAPPER=/usr/lib/gcc/x86_64-linux-gnu/10/lto-wrapper
OFFLOAD_TARGET_NAMES=nvptx-none:amdgcn-amdhsa:hsa
OFFLOAD_TARGET_DEFAULT=1
Target: x86_64-linux-gnu
Configured with: ../src/configure -v --with-pkgversion='Debian 10.2.1-6' --with-bugurl=file:///usr/share/doc/gcc-10/README.Bugs --enable-languages=c,ada,c++,go,brig,d,fortran,objc,obj-c++,m2 --prefix=/usr --with-gcc-major-version-only --program-suffix=-10 --program-prefix=x86_64-linux-gnu- --enable-shared --enable-linker-build-id --libexecdir=/usr/lib --without-included-gettext --enable-threads=posix --libdir=/usr/lib --enable-nls --enable-bootstrap --enable-clocale=gnu --enable-libstdcxx-debug --enable-libstdcxx-time=yes --with-default-libstdcxx-abi=new --enable-gnu-unique-object --disable-vtable-verify --enable-plugin --enable-default-pie --with-system-zlib --enable-libphobos-checking=release --with-target-system-zlib=auto --enable-objc-gc=auto --enable-multiarch --disable-werror --with-arch-32=i686 --with-abi=m64 --with-multilib-list=m32,m64,mx32 --enable-multilib --with-tune=generic --enable-offload-targets=nvptx-none=/build/gcc-10-Km9U7s/gcc-10-10.2.1/debian/tmp-nvptx/usr,amdgcn-amdhsa=/build/gcc-10-Km9U7s/gcc-10-10.2.1/debian/tmp-gcn/usr,hsa --without-cuda-driver --enable-checking=release --build=x86_64-linux-gnu --host=x86_64-linux-gnu --target=x86_64-linux-gnu --with-build-config=bootstrap-lto-lean --enable-link-mutex
Thread model: posix
Supported LTO compression algorithms: zlib zstd
gcc version 10.2.1 20210110 (Debian 10.2.1-6) 
... rest of stderr output deleted ...
configure:6027: $? = 0
configure:6016: g++ -V >&5
g++: error: unrecognized command-line option '-V'
g++: fatal error: no input files
compilation terminated.
configure:6027: $? = 1
configure:6016: g++ -qversion >&5
g++: error: unrecognized command-line option '-qversion'; did you mean '--version'?
g++: fatal error: no input files
compilation terminated.
configure:6027: $? = 1
configure:6031: checking whether the compiler supports GNU C++
configure:6061: result: yes
configure:6072: checking whether g++ accepts -g
configure:6137: result: yes
configure:6157: checking for g++ option to enable C++11 features
configure:6172: g++  -c -g -O2  conftest.cpp >&5
configure:6172: $? = 0
configure:6190: result: none needed
configure:6549: checking system version
configure:6573: result: Linux-5.15.0-69-generic
configure:6588: checking for Tcl public headers
configure:6661: result: /usr/local/src/SAOImageDS9/tcl8.6/generic
configure:6676: checking for Tk public headers
configure:6752: result: /usr/local/src/SAOImageDS9/tk8.6/generic
configure:6780: checking for Tk private include files
configure:6844: result: Using srcdir found in tkConfig.sh: /usr/local/src/SAOImageDS9/tk8.6
configure:6851: checking for X
configure:7076: result: libraries , headers 
configure:7087: gcc -E  conftest.c
configure:7087: $? = 0
configure:7258: checking for pthread_mutex_init in -lpthread
configure:7291: result: yes
configure:7501: checking for building with threads
configure:7507: result: yes (default)
configure:7536: checking how to build libraries
configure:7577: result: static
configure:7661: checking for ranlib
configure:7693: result: ranlib
configure:7720: checking if 64bit support is requested
configure:7730: result: no
configure:7735: checking if 64bit Sparc VIS support is requested
configure:7745: result: no
configure:7756: checking if compiler supports visibility "hidden"
configure:7787: result: yes
configure:7803: checking if rpath support is requested
configure:7813: result: yes
configure:7840: checking system version
configure:7864: result: Linux-5.15.0-69-generic
configure:7950: checking for ar
configure:7982: result: ar
configure:9841: checking for cast to union support
configure:9870: result: yes
configure:9893: checking for required early compiler flags
configure:10050: result:  _LARGEFILE64_SOURCE
configure:10055: checking for 64-bit integer type
configure:10109: result: using long
configure:10263: checking for build with symbols
configure:10283: result: yes (standard debugging)
configure:10318: checking for grep that handles long lines and -e
configure:10382: result: /bin/grep
configure:10387: checking for egrep
configure:10455: result: /bin/grep -E
configure:10573: checking for tclsh
configure:10608: result: /usr/local/src/SAOImageDS9/tcl8.6/unix/tclsh
configure:10613: checking for wish
configure:10648: result: /usr/local/src/SAOImageDS9/tk8.6/unix/wish
configure:10657: checking for xml2-config script
configure:10686: result: /usr/bin/xml2-config
configure:10806: updating cache /usr/local/src/SAOImageDS9/config.cache
configure:10893: creating ./config.status

## ---------------------- ##
## Running config.status. ##
## ---------------------- ##

This file was extended by tksao config.status 1.0, which was
generated by GNU Autoconf 2.71.  Invocation command line was

  CONFIG_FILES    = 
  CONFIG_HEADERS  = 
  CONFIG_LINKS    = 
  CONFIG_COMMANDS = 
  $ ./config.status 

on nancep7.obs-nancay.fr

config.status:861: creating Makefile
config.status:861: creating pkgIndex.tcl
config.status:861: creating tksaoConfig.sh

## ---------------- ##
## Cache variables. ##
## ---------------- ##

ac_cv_c_bigendian=no
ac_cv_c_char_unsigned=no
ac_cv_c_compiler_gnu=yes
ac_cv_c_inline=inline
ac_cv_c_tclconfig=/usr/local/src/SAOImageDS9/tcl8.6/unix
ac_cv_c_tclh=/usr/local/src/SAOImageDS9/tcl8.6/generic
ac_cv_c_tdbcconfig=/usr/local/src/SAOImageDS9/tcl8.6/unix/pkgs/tdbc1.1.3
ac_cv_c_tkconfig=/usr/local/src/SAOImageDS9/tk8.6/unix
ac_cv_c_tkh=/usr/local/src/SAOImageDS9/tk8.6/generic
ac_cv_c_undeclared_builtin_options='none needed'
ac_cv_cxx_compiler_gnu=yes
ac_cv_env_CCC_set=
ac_cv_env_CCC_value=
ac_cv_env_CC_set=
ac_cv_env_CC_value=
ac_cv_env_CFLAGS_set=
ac_cv_env_CFLAGS_value=
ac_cv_env_CPPFLAGS_set=
ac_cv_env_CPPFLAGS_value=
ac_cv_env_CPP_set=
ac_cv_env_CPP_value=
ac_cv_env_CXXFLAGS_set=
ac_cv_env_CXXFLAGS_value=
ac_cv_env_CXX_set=
ac_cv_env_CXX_value=
ac_cv_env_LDFLAGS_set=
ac_cv_env_LDFLAGS_value=
ac_cv_env_LIBS_set=
ac_cv_env_LIBS_value=
ac_cv_env_XMKMF_set=
ac_cv_env_XMKMF_value=
ac_cv_env_build_alias_set=
ac_cv_env_build_alias_value=
ac_cv_env_host_alias_set=
ac_cv_env_host_alias_value=
ac_cv_env_target_alias_set=
ac_cv_env_target_alias_value=
ac_cv_exeext=
ac_cv_func_XScreenSaverQueryInfo=no
ac_cv_func_chflags=no
ac_cv_func_connect=yes
ac_cv_func_fdatasync=yes
ac_cv_func_flock=yes
ac_cv_func_freeaddrinfo=yes
ac_cv_func_fstatfs=yes
ac_cv_func_gai_strerror=yes
ac_cv_func_getaddrinfo=yes
ac_cv_func_getcwd=yes
ac_cv_func_getgrgid_r=yes
ac_cv_func_getgrnam_r=yes
ac_cv_func_gethostbyaddr_r=yes
ac_cv_func_gethostbyname=yes
ac_cv_func_gethostbyname_r=yes
ac_cv_func_getnameinfo=yes
ac_cv_func_getpwnam_r=yes
ac_cv_func_getpwuid_r=yes
ac_cv_func_gettimeofday=yes
ac_cv_func_getwd=yes
ac_cv_func_gmtime_r=yes
ac_cv_func_localtime_r=yes
ac_cv_func_localtime_s=no
ac_cv_func_lstat=yes
ac_cv_func_malloc_usable_size=yes
ac_cv_func_memcmp_working=yes
ac_cv_func_memmove=yes
ac_cv_func_mkstemp=yes
ac_cv_func_mkstemps=yes
ac_cv_func_mktime=yes
ac_cv_func_opendir=yes
ac_cv_func_pread64=yes
ac_cv_func_pread=yes
ac_cv_func_pthread_atfork=yes
ac_cv_func_pthread_attr_setstacksize=yes
ac_cv_func_pwrite64=yes
ac_cv_func_pwrite=yes
ac_cv_func_rand_s=no
ac_cv_func_readlink=yes
ac_cv_func_realpath=yes
ac_cv_func_sin=no
ac_cv_func_strchrnul=yes
ac_cv_func_strerror=yes
ac_cv_func_strerror_r_char_p=no
ac_cv_func_strncasecmp=yes
ac_cv_func_strstr=yes
ac_cv_func_strtol=yes
ac_cv_func_strtoul=yes
ac_cv_func_uname=yes
ac_cv_func_usleep=yes
ac_cv_func_utime=yes
ac_cv_func_wait3=yes
ac_cv_func_waitpid=yes
ac_cv_have_decl_gethostbyaddr_r=yes
ac_cv_have_decl_gethostbyname_r=yes
ac_cv_have_decl_strerror_r=yes
ac_cv_have_x='have_x=yes	ac_x_includes='\'''\''	ac_x_libraries='\'''\'''
ac_cv_header_X11_XKBlib_h=yes
ac_cv_header_X11_Xft_Xft_h=yes
ac_cv_header_X11_extensions_scrnsaver_h=no
ac_cv_header_dlfcn_h=yes
ac_cv_header_float_h=yes
ac_cv_header_inttypes_h=yes
ac_cv_header_langinfo_h=yes
ac_cv_header_malloc_h=yes
ac_cv_header_memory_h=yes
ac_cv_header_net_errno_h=no
ac_cv_header_stdbool_h=yes
ac_cv_header_stdc=yes
ac_cv_header_stdint_h=yes
ac_cv_header_stdio_h=yes
ac_cv_header_stdlib_h=yes
ac_cv_header_string_h=yes
ac_cv_header_strings_h=yes
ac_cv_header_sys_filio_h=no
ac_cv_header_sys_ioctl_h=yes
ac_cv_header_sys_modem_h=no
ac_cv_header_sys_param_h=yes
ac_cv_header_sys_shm_h=yes
ac_cv_header_sys_stat_h=yes
ac_cv_header_sys_time_h=yes
ac_cv_header_sys_types_h=yes
ac_cv_header_sys_un_h=yes
ac_cv_header_sys_wait_h=yes
ac_cv_header_termios_h=yes
ac_cv_header_time=yes
ac_cv_header_unistd_h=yes
ac_cv_header_values_h=yes
ac_cv_header_zlib_h=yes
ac_cv_lib_X11_XkbKeycodeToKeysym=yes
ac_cv_lib_Xbsd_main=no
ac_cv_lib_Xext_XScreenSaverQueryInfo=no
ac_cv_lib_Xft_XftFontOpen=yes
ac_cv_lib_Xss_XScreenSaverQueryInfo=no
ac_cv_lib_dl_dlopen=yes
ac_cv_lib_fontconfig_FcFontSort=yes
ac_cv_lib_inet_main=no
ac_cv_lib_pthread_pthread_mutex_init=yes
ac_cv_lib_winsock_main=no
ac_cv_lib_ws2_32_main=no
ac_cv_member_struct_stat_st_blksize=yes
ac_cv_member_struct_stat_st_blocks=yes
ac_cv_nolto=yes
ac_cv_objext=o
ac_cv_path_EGREP='/bin/grep -E'
ac_cv_path_GREP=/bin/grep
ac_cv_path_tclsh=/usr/bin/tclsh8.6
ac_cv_prog_CPP='gcc -E'
ac_cv_prog_ac_ct_AR=ar
ac_cv_prog_ac_ct_CC=gcc
ac_cv_prog_ac_ct_CXX=g++
ac_cv_prog_ac_ct_RANLIB=ranlib
ac_cv_prog_cc_c11=
ac_cv_prog_cc_c89=
ac_cv_prog_cc_g=yes
ac_cv_prog_cc_stdc=
ac_cv_prog_cxx_11=no
ac_cv_prog_cxx_cxx11=
ac_cv_prog_cxx_g=yes
ac_cv_prog_cxx_stdcxx=
ac_cv_prog_egrep='grep -E'
ac_cv_prog_make_make_set=yes
ac_cv_search_deflateSetHeader=-lz
ac_cv_sizeof_long=8
ac_cv_sizeof_long_long=8
ac_cv_type_blkcnt_t=yes
ac_cv_type_gz_header=yes
ac_cv_type_intptr_t=yes
ac_cv_type_long_long=yes
ac_cv_type_mode_t=yes
ac_cv_type_pid_t=yes
ac_cv_type_size_t=yes
ac_cv_type_struct_addrinfo=yes
ac_cv_type_struct_in6_addr=yes
ac_cv_type_struct_sockaddr_in6=yes
ac_cv_type_struct_sockaddr_storage=yes
ac_cv_type_uid_t=yes
ac_cv_type_uintptr_t=yes
tcl_cv_api_fts=yes
tcl_cv_api_getgrgid_r_5=yes
tcl_cv_api_getgrnam_r_5=yes
tcl_cv_api_gethostbyaddr_r=yes
tcl_cv_api_gethostbyaddr_r_7=no
tcl_cv_api_gethostbyaddr_r_8=yes
tcl_cv_api_gethostbyname_r=yes
tcl_cv_api_gethostbyname_r_6=yes
tcl_cv_api_getpwnam_r_5=yes
tcl_cv_api_getpwuid_r_5=yes
tcl_cv_cast_to_union=yes
tcl_cv_cc_pipe=yes
tcl_cv_cc_visibility_hidden=yes
tcl_cv_char_signed=yes
tcl_cv_cpuid=yes
tcl_cv_dir_zoneinfo=/usr/share/zoneinfo
tcl_cv_dirent_h=yes
tcl_cv_flag__isoc99_source=no
tcl_cv_flag__largefile64_source=yes
tcl_cv_flag__largefile_source64=no
tcl_cv_grep_gettimeofday=present
tcl_cv_isnan=yes
tcl_cv_langinfo_h=yes
tcl_cv_member_tm_gmtoff=yes
tcl_cv_member_tm_tzadj=no
tcl_cv_putenv_copy=no
tcl_cv_pwd_pw_gecos=yes
tcl_cv_strstr_unbroken=ok
tcl_cv_strtoul_unbroken=ok
tcl_cv_sys_version=Linux-5.15.0-69-generic
tcl_cv_timezone_long=yes
tcl_cv_type_64bit=none
tcl_cv_type_fd_set=yes
tcl_cv_type_socklen_t=yes
tcl_cv_union_wait=no

## ----------------- ##
## Output variables. ##
## ----------------- ##

AR='ar'
CC='gcc'
CELIB_DIR=''
CFLAGS=' -pipe ${CFLAGS_DEFAULT} ${CFLAGS_WARNING} '
CFLAGS_DEBUG='-g'
CFLAGS_DEFAULT='-g'
CFLAGS_OPTIMIZE='-O2 -fomit-frame-pointer'
CFLAGS_WARNING='-Wall'
CLEANFILES=''
CPP='gcc -E'
CPPFLAGS=''
CXX='g++'
CXXFLAGS='-g -O2'
CYGPATH='echo'
DEFS='-DPACKAGE_NAME=\"tksao\" -DPACKAGE_TARNAME=\"tksao\" -DPACKAGE_VERSION=\"1.0\" -DPACKAGE_STRING=\"tksao\ 1.0\" -DPACKAGE_BUGREPORT=\"\" -DPACKAGE_URL=\"\" -DBUILD_tksao=/\*\*/ -DHAVE_STDIO_H=1 -DHAVE_STDLIB_H=1 -DHAVE_STRING_H=1 -DHAVE_INTTYPES_H=1 -DHAVE_STDINT_H=1 -DHAVE_STRINGS_H=1 -DHAVE_SYS_STAT_H=1 -DHAVE_SYS_TYPES_H=1 -DHAVE_UNISTD_H=1 -DSTDC_HEADERS=1 -DUSE_THREAD_ALLOC=1 -D_REENTRANT=1 -D_THREAD_SAFE=1 -DTCL_THREADS=1 -DSTATIC_BUILD=1 -DMODULE_SCOPE=extern\ __attribute__\(\(__visibility__\(\"hidden\"\)\)\) -DHAVE_HIDDEN=1 -DHAVE_CAST_TO_UNION=1 -D_LARGEFILE64_SOURCE=1 -DTCL_WIDE_INT_IS_LONG=1'
ECHO_C=''
ECHO_N='-n'
ECHO_T=''
EGREP='/bin/grep -E'
EXEEXT=''
GREP='/bin/grep'
INSTALL='$(SHELL) $(srcdir)/tclconfig/install-sh -c'
INSTALL_DATA='${INSTALL} -m 644'
INSTALL_DATA_DIR='${INSTALL} -d -m 755'
INSTALL_LIBRARY='${INSTALL} -m 644'
INSTALL_PROGRAM='${INSTALL} -m 755'
INSTALL_SCRIPT='${INSTALL} -m 755'
LDFLAGS=' -Wl,--export-dynamic '
LDFLAGS_DEFAULT=' -Wl,--export-dynamic '
LD_LIBRARY_PATH_VAR='LD_LIBRARY_PATH'
LIBOBJS=''
LIBS=''
LTLIBOBJS=''
MAJOR_VERSION=''
MAKE_LIB='${STLIB_LD} $@ $(PKG_OBJECTS) '
MAKE_SHARED_LIB='${SHLIB_LD} -o $@ $(PKG_OBJECTS) ${SHLIB_LD_LIBS}'
MAKE_STATIC_LIB='${STLIB_LD} $@ $(PKG_OBJECTS)'
MAKE_STUB_LIB='${STLIB_LD} $@ $(PKG_STUB_OBJECTS)'
MINOR_VERSION=''
OBJEXT='o'
PACKAGE_BUGREPORT=''
PACKAGE_NAME='tksao'
PACKAGE_STRING='tksao 1.0'
PACKAGE_TARNAME='tksao'
PACKAGE_URL=''
PACKAGE_VERSION='1.0'
PATCHLEVEL=''
PATH_SEPARATOR=':'
PKG_CFLAGS=' '
PKG_HEADERS=''
PKG_INCLUDES=' -I. -I./colorbar -I./frame -I./list -I./magnifier -I./panner -I./tkutil -I./widget -I/usr/local/src/SAOImageDS9/include'
PKG_LIBS=' -lX11'
PKG_LIB_FILE='libtksao1.0.a'
PKG_OBJECTS=' saotk.o colorbar/cbgrid.o colorbar/colorbar.o colorbar/colorbarbase.o colorbar/colorbarrgb.o colorbar/colorbarrgbtruecolor16.o colorbar/colorbarrgbtruecolor24.o colorbar/colorbarrgbtruecolor8.o colorbar/colorbartruecolor16.o colorbar/colorbartruecolor24.o colorbar/colorbartruecolor8.o colorbar/colormap.o colorbar/colortag.o colorbar/default.o colorbar/lex.o colorbar/lut.o colorbar/lutlex.o colorbar/lutparser.o colorbar/parser.o colorbar/sao.o colorbar/saolex.o colorbar/saoparser.o frame/annulus.o frame/base.o frame/basebox.o frame/basecommand.o frame/baseellipse.o frame/baseline.o frame/baseload.o frame/basemarker.o frame/basepolygon.o frame/box.o frame/boxannulus.o frame/bpanda.o frame/callback.o frame/ciaolex.o frame/ciaoparser.o frame/circle.o frame/colorscale.o frame/colorscalergb.o frame/colorscaletrue16.o frame/colorscaletrue24.o frame/colorscaletrue32.o frame/colorscaletrue8.o frame/compass.o frame/composite.o frame/context.o frame/contour.o frame/contourlex.o frame/contourparser.o frame/coord.o frame/cpanda.o frame/ds9lex.o frame/ds9parser.o frame/ellipse.o frame/ellipseannulus.o frame/epanda.o frame/fitsanalysis.o frame/fitsbin.o frame/fitsblock.o frame/fitscompress.o frame/fitsdata.o frame/fitsenvi.o frame/fitshealpix.o frame/fitsimage.o frame/fitsmap.o frame/fitsmask.o frame/fitsnrrd.o frame/fr3dcommand.o frame/fr3dmap.o frame/frame.o frame/frame3d.o frame/frame3dbase.o frame/frame3dtruecolor16.o frame/frame3dtruecolor24.o frame/frame3dtruecolor8.o frame/framebase.o frame/frameload.o frame/framergb.o frame/framergbload.o frame/framergbtruecolor16.o frame/framergbtruecolor24.o frame/framergbtruecolor8.o frame/frametruecolor16.o frame/frametruecolor24.o frame/frametruecolor8.o frame/frblt.o frame/frcommand.o frame/frmap.o frame/frmarker.o frame/frmarkerxml.o frame/frsave.o frame/frscale.o frame/fvcontour.o frame/grid.o frame/grid25d.o frame/grid2d.o frame/grid3d.o frame/inversescale.o frame/lex.o frame/line.o frame/marker.o frame/parser.o frame/point.o frame/polygon.o frame/projection.o frame/proslex.o frame/prosparser.o frame/raytrace.o frame/ruler.o frame/saolex.o frame/saoparser.o frame/segment.o frame/tag.o frame/text.o frame/tnglex.o frame/tngparser.o frame/vect.o frame/wcsast.o frame/xylex.o frame/xyparser.o list/list.o magnifier/lex.o magnifier/magnifier.o magnifier/magnifiertrue.o magnifier/parser.o panner/lex.o panner/panner.o panner/pannertrue.o panner/parser.o tkutil/attribute.o tkutil/convolve.o tkutil/grf.o tkutil/grf3d.o tkutil/grid25dbase.o tkutil/grid2dbase.o tkutil/grid3dbase.o tkutil/gridbase.o tkutil/ps.o tkutil/psutil.o widget/truecolor16.o widget/truecolor24.o widget/truecolor8.o widget/widget.o'
PKG_SOURCES=' saotk.C colorbar/cbgrid.C colorbar/colorbar.C colorbar/colorbarbase.C colorbar/colorbarrgb.C colorbar/colorbarrgbtruecolor16.C colorbar/colorbarrgbtruecolor24.C colorbar/colorbarrgbtruecolor8.C colorbar/colorbartruecolor16.C colorbar/colorbartruecolor24.C colorbar/colorbartruecolor8.C colorbar/colormap.C colorbar/colortag.C colorbar/default.C colorbar/lex.C colorbar/lut.C colorbar/lutlex.C colorbar/lutparser.C colorbar/parser.C colorbar/sao.C colorbar/saolex.C colorbar/saoparser.C frame/annulus.C frame/base.C frame/basebox.C frame/basecommand.C frame/baseellipse.C frame/baseline.C frame/baseload.C frame/basemarker.C frame/basepolygon.C frame/box.C frame/boxannulus.C frame/bpanda.C frame/callback.C frame/ciaolex.C frame/ciaoparser.C frame/circle.C frame/colorscale.C frame/colorscalergb.C frame/colorscaletrue16.C frame/colorscaletrue24.C frame/colorscaletrue32.C frame/colorscaletrue8.C frame/compass.C frame/composite.C frame/context.C frame/contour.C frame/contourlex.C frame/contourparser.C frame/coord.C frame/cpanda.C frame/ds9lex.C frame/ds9parser.C frame/ellipse.C frame/ellipseannulus.C frame/epanda.C frame/fitsanalysis.C frame/fitsbin.C frame/fitsblock.C frame/fitscompress.C frame/fitsdata.C frame/fitsenvi.C frame/fitshealpix.C frame/fitsimage.C frame/fitsmap.C frame/fitsmask.C frame/fitsnrrd.C frame/fr3dcommand.C frame/fr3dmap.C frame/frame.C frame/frame3d.C frame/frame3dbase.C frame/frame3dtruecolor16.C frame/frame3dtruecolor24.C frame/frame3dtruecolor8.C frame/framebase.C frame/frameload.C frame/framergb.C frame/framergbload.C frame/framergbtruecolor16.C frame/framergbtruecolor24.C frame/framergbtruecolor8.C frame/frametruecolor16.C frame/frametruecolor24.C frame/frametruecolor8.C frame/frblt.C frame/frcommand.C frame/frmap.C frame/frmarker.C frame/frmarkerxml.C frame/frsave.C frame/frscale.C frame/fvcontour.C frame/grid.C frame/grid25d.C frame/grid2d.C frame/grid3d.C frame/inversescale.C frame/lex.C frame/line.C frame/marker.C frame/parser.C frame/point.C frame/polygon.C frame/projection.C frame/proslex.C frame/prosparser.C frame/raytrace.C frame/ruler.C frame/saolex.C frame/saoparser.C frame/segment.C frame/tag.C frame/text.C frame/tnglex.C frame/tngparser.C frame/vect.C frame/wcsast.C frame/xylex.C frame/xyparser.C list/list.C magnifier/lex.C magnifier/magnifier.C magnifier/magnifiertrue.C magnifier/parser.C panner/lex.C panner/panner.C panner/pannertrue.C panner/parser.C tkutil/attribute.C tkutil/convolve.C tkutil/grf.C tkutil/grf3d.C tkutil/grid25dbase.C tkutil/grid2dbase.C tkutil/grid3dbase.C tkutil/gridbase.C tkutil/ps.C tkutil/psutil.C widget/truecolor16.C widget/truecolor24.C widget/truecolor8.C widget/widget.C'
PKG_STUB_LIB_FILE='libtksaostub1.0.a'
PKG_STUB_OBJECTS=''
PKG_STUB_SOURCES=''
PKG_TCL_SOURCES=''
RANLIB='ranlib'
RANLIB_STUB='ranlib'
RC=''
SET_MAKE=''
SHARED_BUILD='0'
SHELL='/bin/bash'
SHLIB_CFLAGS='-fPIC'
SHLIB_LD='${CC} ${CFLAGS} ${LDFLAGS_DEFAULT} -shared'
SHLIB_LD_LIBS='${LIBS}'
STLIB_LD='${AR} cr'
STUBS_BUILD='0'
TCLSH_PROG='/usr/local/src/SAOImageDS9/tcl8.6/unix/tclsh'
TCL_BIN_DIR='/usr/local/src/SAOImageDS9/tcl8.6/unix'
TCL_DBGX=''
TCL_DEFS='-DPACKAGE_NAME=\"tcl\" -DPACKAGE_TARNAME=\"tcl\" -DPACKAGE_VERSION=\"8.6\" -DPACKAGE_STRING=\"tcl\ 8.6\" -DPACKAGE_BUGREPORT=\"\" -DSTDC_HEADERS=1 -DHAVE_SYS_TYPES_H=1 -DHAVE_SYS_STAT_H=1 -DHAVE_STDLIB_H=1 -DHAVE_STRING_H=1 -DHAVE_MEMORY_H=1 -DHAVE_STRINGS_H=1 -DHAVE_INTTYPES_H=1 -DHAVE_STDINT_H=1 -DHAVE_UNISTD_H=1 -DHAVE_SYS_PARAM_H=1 -DUSE_THREAD_ALLOC=1 -D_REENTRANT=1 -D_THREAD_SAFE=1 -DHAVE_PTHREAD_ATTR_SETSTACKSIZE=1 -DHAVE_PTHREAD_ATFORK=1 -DTCL_THREADS=1 -DTCL_CFGVAL_ENCODING=\"iso8859-1\" -DSTATIC_BUILD=1 -DHAVE_ZLIB=1 -DMODULE_SCOPE=extern\ __attribute__\(\(__visibility__\(\"hidden\"\)\)\) -DHAVE_HIDDEN=1 -DHAVE_CAST_TO_UNION=1 -DTCL_SHLIB_EXT=\".so\" -DTCL_TOMMATH=1 -DMP_PREC=4 -D_LARGEFILE64_SOURCE=1 -DTCL_WIDE_INT_IS_LONG=1 -DHAVE_GETCWD=1 -DHAVE_MKSTEMP=1 -DHAVE_OPENDIR=1 -DHAVE_STRTOL=1 -DHAVE_WAITPID=1 -DHAVE_GETNAMEINFO=1 -DHAVE_GETADDRINFO=1 -DHAVE_FREEADDRINFO=1 -DHAVE_GAI_STRERROR=1 -DHAVE_STRUCT_ADDRINFO=1 -DHAVE_STRUCT_IN6_ADDR=1 -DHAVE_STRUCT_SOCKADDR_IN6=1 -DHAVE_STRUCT_SOCKADDR_STORAGE=1 -DHAVE_GETPWUID_R_5=1 -DHAVE_GETPWUID_R=1 -DHAVE_GETPWNAM_R_5=1 -DHAVE_GETPWNAM_R=1 -DHAVE_GETGRGID_R_5=1 -DHAVE_GETGRGID_R=1 -DHAVE_GETGRNAM_R_5=1 -DHAVE_GETGRNAM_R=1 -DHAVE_DECL_GETHOSTBYNAME_R=1 -DHAVE_GETHOSTBYNAME_R_6=1 -DHAVE_GETHOSTBYNAME_R=1 -DHAVE_DECL_GETHOSTBYADDR_R=1 -DHAVE_GETHOSTBYADDR_R_8=1 -DHAVE_GETHOSTBYADDR_R=1 -DHAVE_TERMIOS_H=1 -DHAVE_SYS_IOCTL_H=1 -DHAVE_SYS_TIME_H=1 -DTIME_WITH_SYS_TIME=1 -DHAVE_GMTIME_R=1 -DHAVE_LOCALTIME_R=1 -DHAVE_MKTIME=1 -DHAVE_TM_GMTOFF=1 -DHAVE_TIMEZONE_VAR=1 -DHAVE_STRUCT_STAT_ST_BLOCKS=1 -DHAVE_STRUCT_STAT_ST_BLKSIZE=1 -DHAVE_BLKCNT_T=1 -DHAVE_INTPTR_T=1 -DHAVE_UINTPTR_T=1 -DNO_UNION_WAIT=1 -DHAVE_SIGNED_CHAR=1 -DHAVE_LANGINFO=1 -DHAVE_MKSTEMPS=1 -DHAVE_FTS=1 -DHAVE_SYS_IOCTL_H=1 -DTCL_UNLOAD_DLLS=1 -DHAVE_CPUID=1 '
TCL_EXTRA_CFLAGS=' -pipe '
TCL_INCLUDES='-I"/usr/local/src/SAOImageDS9/tcl8.6/generic"'
TCL_LD_FLAGS=' -Wl,--export-dynamic '
TCL_LIBS='-ldl -lz  -lpthread -lm'
TCL_LIB_FILE='libtcl8.6.a'
TCL_LIB_FLAG='-ltcl8.6'
TCL_LIB_SPEC='-L/usr/local/src/SAOImageDS9/tcl8.6/unix -ltcl8.6'
TCL_PATCH_LEVEL='.12'
TCL_SHLIB_LD_LIBS='${LIBS}'
TCL_SRC_DIR='/usr/local/src/SAOImageDS9/tcl8.6'
TCL_STUB_LIB_FILE='libtclstub8.6.a'
TCL_STUB_LIB_FLAG='-ltclstub8.6'
TCL_STUB_LIB_SPEC='-L/usr/local/src/SAOImageDS9/tcl8.6/unix -ltclstub8.6'
TCL_THREADS='1'
TCL_VERSION='8.6'
TK_BIN_DIR='/usr/local/src/SAOImageDS9/tk8.6/unix'
TK_INCLUDES='-I"/usr/local/src/SAOImageDS9/tk8.6/generic" -I"/usr/local/src/SAOImageDS9/tk8.6/unix" -I"/usr/local/src/SAOImageDS9/tk8.6/generic/ttk"'
TK_LIBS='-lX11 -lXft -lfontconfig -lfreetype -lfontconfig  -lpthread -ldl -lz  -lpthread -lm'
TK_LIB_FILE='libtk8.6.a'
TK_LIB_FLAG='-ltk8.6'
TK_LIB_SPEC='-L/usr/local/src/SAOImageDS9/tk8.6/unix -ltk8.6'
TK_SRC_DIR='/usr/local/src/SAOImageDS9/tk8.6'
TK_STUB_LIB_FILE='libtkstub8.6.a'
TK_STUB_LIB_FLAG='-ltkstub8.6'
TK_STUB_LIB_SPEC='-L/usr/local/src/SAOImageDS9/tk8.6/unix -ltkstub8.6'
TK_TOP_DIR_NATIVE='"/usr/local/src/SAOImageDS9/tk8.6"'
TK_VERSION='8.6'
TK_XINCLUDES=''
TK_XLIB_DIR_NATIVE='"/usr/local/src/SAOImageDS9/tk8.6/xlib"'
VC_MANIFEST_EMBED_DLL=''
VC_MANIFEST_EMBED_EXE=''
WISH_PROG='/usr/local/src/SAOImageDS9/tk8.6/unix/wish'
XMKMF=''
XML2_CFLAGS='-I/usr/include/libxml2'
XML2_LIBS='-lxml2'
ac_ct_CC='gcc'
ac_ct_CXX='g++'
bindir='${exec_prefix}/bin'
build_alias=''
datadir='${datarootdir}'
datarootdir='${prefix}/share'
docdir='${datarootdir}/doc/${PACKAGE_TARNAME}'
dvidir='${docdir}'
exec_prefix='/usr/local/src/SAOImageDS9'
host_alias=''
htmldir='${docdir}'
includedir='${prefix}/include'
infodir='${datarootdir}/info'
libdir='/usr/local/src/SAOImageDS9/lib'
libexecdir='${exec_prefix}/libexec'
localedir='${datarootdir}/locale'
localstatedir='${prefix}/var'
mandir='${datarootdir}/man'
oldincludedir='/usr/include'
pdfdir='${docdir}'
prefix='/usr/local/src/SAOImageDS9'
program_transform_name='s,x,x,'
psdir='${docdir}'
runstatedir='${localstatedir}/run'
sbindir='${exec_prefix}/sbin'
sharedstatedir='${prefix}/com'
sysconfdir='${prefix}/etc'
target_alias=''
tksao_BUILD_LIB_SPEC='-L/usr/local/src/SAOImageDS9/tksao -ltksao1.0'
tksao_BUILD_STUB_LIB_PATH='/usr/local/src/SAOImageDS9/tksao/libtksaostub1.0.a'
tksao_BUILD_STUB_LIB_SPEC='-L/usr/local/src/SAOImageDS9/tksao -ltksaostub1.0'
tksao_LIB_SPEC='-L/usr/local/src/SAOImageDS9/lib/tksao1.0 -ltksao1.0'
tksao_STUB_LIB_PATH='/usr/local/src/SAOImageDS9/lib/tksao1.0/libtksaostub1.0.a'
tksao_STUB_LIB_SPEC='-L/usr/local/src/SAOImageDS9/lib/tksao1.0 -ltksaostub1.0'

## ----------- ##
## confdefs.h. ##
## ----------- ##

/* confdefs.h */
#define PACKAGE_NAME "tksao"
#define PACKAGE_TARNAME "tksao"
#define PACKAGE_VERSION "1.0"
#define PACKAGE_STRING "tksao 1.0"
#define PACKAGE_BUGREPORT ""
#define PACKAGE_URL ""
#define BUILD_tksao /**/
#define HAVE_STDIO_H 1
#define HAVE_STDLIB_H 1
#define HAVE_STRING_H 1
#define HAVE_INTTYPES_H 1
#define HAVE_STDINT_H 1
#define HAVE_STRINGS_H 1
#define HAVE_SYS_STAT_H 1
#define HAVE_SYS_TYPES_H 1
#define HAVE_UNISTD_H 1
#define STDC_HEADERS 1
#define USE_THREAD_ALLOC 1
#define _REENTRANT 1
#define _THREAD_SAFE 1
#define TCL_THREADS 1
#define STATIC_BUILD 1
#define MODULE_SCOPE extern __attribute__((__visibility__("hidden")))
#define HAVE_HIDDEN 1
#define HAVE_CAST_TO_UNION 1
#define _LARGEFILE64_SOURCE 1
#define TCL_WIDE_INT_IS_LONG 1

configure: exit 0
