This file contains any messages produced by compilers while
running configure, to aid debugging if configure makes a mistake.

It was created by util configure 1.0, which was
generated by GNU Autoconf 2.71.  Invocation command line was

  $ ./configure --disable-option-checking --prefix=/usr/local/src/SAOImageDS9 --with-altlib=/usr/local/src/SAOImageDS9/funtools/libfuntools.a --with-zlib=/usr/local/src/SAOImageDS9/lib --exec-prefix /usr/local/src/SAOImageDS9 --libdir /usr/local/src/SAOImageDS9/lib --disable-shared --cache-file=/dev/null --srcdir=.

## --------- ##
## Platform. ##
## --------- ##

hostname = nancep7.obs-nancay.fr
uname -m = x86_64
uname -r = 5.15.0-69-generic
uname -s = Linux
uname -v = #76~20.04.1-Ubuntu SMP Mon Mar 20 15:54:19 UTC 2023

/usr/bin/uname -p = unknown
/bin/uname -X     = unknown

/bin/arch              = unknown
/usr/bin/arch -k       = unknown
/usr/convex/getsysinfo = unknown
/usr/bin/hostinfo      = unknown
/bin/machine           = unknown
/usr/bin/oslevel       = unknown
/bin/universe          = unknown

PATH: /usr/local/sbin/
PATH: /usr/local/bin/
PATH: /usr/sbin/
PATH: /usr/bin/
PATH: /sbin/
PATH: /bin/


## ----------- ##
## Core tests. ##
## ----------- ##

configure:2366: looking for aux files: config.guess config.sub
configure:2379:  trying ./
configure:2408:   ./config.guess found
configure:2408:   ./config.sub found
configure:2530: checking build system type
configure:2545: result: x86_64-unknown-linux-gnu
configure:2565: checking host system type
configure:2579: result: x86_64-unknown-linux-gnu
configure:2665: checking for gcc
configure:2686: found /usr/bin/gcc
configure:2697: result: gcc
configure:3050: checking for C compiler version
configure:3059: gcc --version >&5
gcc (Debian 10.2.1-6) 10.2.1 20210110
Copyright (C) 2020 Free Software Foundation, Inc.
This is free software; see the source for copying conditions.  There is NO
warranty; not even for MERCHANTABILITY or FITNESS FOR A PARTICULAR PURPOSE.

configure:3070: $? = 0
configure:3059: gcc -v >&5
Using built-in specs.
COLLECT_GCC=gcc
COLLECT_LTO_WRAPPER=/usr/lib/gcc/x86_64-linux-gnu/10/lto-wrapper
OFFLOAD_TARGET_NAMES=nvptx-none:amdgcn-amdhsa:hsa
OFFLOAD_TARGET_DEFAULT=1
Target: x86_64-linux-gnu
Configured with: ../src/configure -v --with-pkgversion='Debian 10.2.1-6' --with-bugurl=file:///usr/share/doc/gcc-10/README.Bugs --enable-languages=c,ada,c++,go,brig,d,fortran,objc,obj-c++,m2 --prefix=/usr --with-gcc-major-version-only --program-suffix=-10 --program-prefix=x86_64-linux-gnu- --enable-shared --enable-linker-build-id --libexecdir=/usr/lib --without-included-gettext --enable-threads=posix --libdir=/usr/lib --enable-nls --enable-bootstrap --enable-clocale=gnu --enable-libstdcxx-debug --enable-libstdcxx-time=yes --with-default-libstdcxx-abi=new --enable-gnu-unique-object --disable-vtable-verify --enable-plugin --enable-default-pie --with-system-zlib --enable-libphobos-checking=release --with-target-system-zlib=auto --enable-objc-gc=auto --enable-multiarch --disable-werror --with-arch-32=i686 --with-abi=m64 --with-multilib-list=m32,m64,mx32 --enable-multilib --with-tune=generic --enable-offload-targets=nvptx-none=/build/gcc-10-Km9U7s/gcc-10-10.2.1/debian/tmp-nvptx/usr,amdgcn-amdhsa=/build/gcc-10-Km9U7s/gcc-10-10.2.1/debian/tmp-gcn/usr,hsa --without-cuda-driver --enable-checking=release --build=x86_64-linux-gnu --host=x86_64-linux-gnu --target=x86_64-linux-gnu --with-build-config=bootstrap-lto-lean --enable-link-mutex
Thread model: posix
Supported LTO compression algorithms: zlib zstd
gcc version 10.2.1 20210110 (Debian 10.2.1-6) 
... rest of stderr output deleted ...
configure:3070: $? = 0
configure:3059: gcc -V >&5
gcc: error: unrecognized command-line option '-V'
gcc: fatal error: no input files
compilation terminated.
configure:3070: $? = 1
configure:3059: gcc -qversion >&5
gcc: error: unrecognized command-line option '-qversion'; did you mean '--version'?
gcc: fatal error: no input files
compilation terminated.
configure:3070: $? = 1
configure:3059: gcc -version >&5
gcc: error: unrecognized command-line option '-version'
gcc: fatal error: no input files
compilation terminated.
configure:3070: $? = 1
configure:3090: checking whether the C compiler works
configure:3112: gcc    conftest.c  >&5
configure:3116: $? = 0
configure:3166: result: yes
configure:3169: checking for C compiler default output file name
configure:3171: result: a.out
configure:3177: checking for suffix of executables
configure:3184: gcc -o conftest    conftest.c  >&5
configure:3188: $? = 0
configure:3211: result: 
configure:3233: checking whether we are cross compiling
configure:3241: gcc -o conftest    conftest.c  >&5
configure:3245: $? = 0
configure:3252: ./conftest
configure:3256: $? = 0
configure:3271: result: no
configure:3276: checking for suffix of object files
configure:3299: gcc -c   conftest.c >&5
configure:3303: $? = 0
configure:3325: result: o
configure:3329: checking whether the compiler supports GNU C
configure:3349: gcc -c   conftest.c >&5
configure:3349: $? = 0
configure:3359: result: yes
configure:3370: checking whether gcc accepts -g
configure:3391: gcc -c -g  conftest.c >&5
configure:3391: $? = 0
configure:3435: result: yes
configure:3455: checking for gcc option to enable C11 features
configure:3470: gcc  -c -g -O2  conftest.c >&5
configure:3470: $? = 0
configure:3488: result: none needed
configure:3605: checking for long long int
configure:3634: result: yes
configure:3691: checking for ranlib
configure:3712: found /usr/bin/ranlib
configure:3723: result: ranlib
configure:3750: checking for stdio.h
configure:3750: gcc -c -g -O2  conftest.c >&5
configure:3750: $? = 0
configure:3750: result: yes
configure:3750: checking for stdlib.h
configure:3750: gcc -c -g -O2  conftest.c >&5
configure:3750: $? = 0
configure:3750: result: yes
configure:3750: checking for string.h
configure:3750: gcc -c -g -O2  conftest.c >&5
configure:3750: $? = 0
configure:3750: result: yes
configure:3750: checking for inttypes.h
configure:3750: gcc -c -g -O2  conftest.c >&5
configure:3750: $? = 0
configure:3750: result: yes
configure:3750: checking for stdint.h
configure:3750: gcc -c -g -O2  conftest.c >&5
configure:3750: $? = 0
configure:3750: result: yes
configure:3750: checking for strings.h
configure:3750: gcc -c -g -O2  conftest.c >&5
configure:3750: $? = 0
configure:3750: result: yes
configure:3750: checking for sys/stat.h
configure:3750: gcc -c -g -O2  conftest.c >&5
configure:3750: $? = 0
configure:3750: result: yes
configure:3750: checking for sys/types.h
configure:3750: gcc -c -g -O2  conftest.c >&5
configure:3750: $? = 0
configure:3750: result: yes
configure:3750: checking for unistd.h
configure:3750: gcc -c -g -O2  conftest.c >&5
configure:3750: $? = 0
configure:3750: result: yes
configure:3775: checking for grep that handles long lines and -e
configure:3839: result: /bin/grep
configure:3847: checking for egrep
configure:3915: result: /bin/grep -E
configure:3921: checking for malloc.h
configure:3921: gcc -c -g -O2  conftest.c >&5
configure:3921: $? = 0
configure:3921: result: yes
configure:3928: checking for getopt.h
configure:3928: gcc -c -g -O2  conftest.c >&5
configure:3928: $? = 0
configure:3928: result: yes
configure:3935: checking for values.h
configure:3935: gcc -c -g -O2  conftest.c >&5
configure:3935: $? = 0
configure:3935: result: yes
configure:3942: checking for dlfcn.h
configure:3942: gcc -c -g -O2  conftest.c >&5
configure:3942: $? = 0
configure:3942: result: yes
configure:3949: checking for setjmp.h
configure:3949: gcc -c -g -O2  conftest.c >&5
configure:3949: $? = 0
configure:3949: result: yes
configure:3956: checking for sys/un.h
configure:3956: gcc -c -g -O2  conftest.c >&5
configure:3956: $? = 0
configure:3956: result: yes
configure:3963: checking for sys/mman.h
configure:3963: gcc -c -g -O2  conftest.c >&5
configure:3963: $? = 0
configure:3963: result: yes
configure:3970: checking for sys/ipc.h
configure:3970: gcc -c -g -O2  conftest.c >&5
configure:3970: $? = 0
configure:3970: result: yes
configure:3977: checking for crt_externs.h
configure:3977: gcc -c -g -O2  conftest.c >&5
conftest.c:56:10: fatal error: crt_externs.h: No such file or directory
   56 | #include <crt_externs.h>
      |          ^~~~~~~~~~~~~~~
compilation terminated.
configure:3977: $? = 1
configure: failed program was:
| /* confdefs.h */
| #define PACKAGE_NAME "util"
| #define PACKAGE_TARNAME "util"
| #define PACKAGE_VERSION "1.0"
| #define PACKAGE_STRING "util 1.0"
| #define PACKAGE_BUGREPORT "saord@cfa.harvard.edu"
| #define PACKAGE_URL ""
| #define HAVE_LONG_LONG 1
| #define HAVE_STDIO_H 1
| #define HAVE_STDLIB_H 1
| #define HAVE_STRING_H 1
| #define HAVE_INTTYPES_H 1
| #define HAVE_STDINT_H 1
| #define HAVE_STRINGS_H 1
| #define HAVE_SYS_STAT_H 1
| #define HAVE_SYS_TYPES_H 1
| #define HAVE_UNISTD_H 1
| #define STDC_HEADERS 1
| #define HAVE_MALLOC_H 1
| #define HAVE_GETOPT_H 1
| #define HAVE_VALUES_H 1
| #define HAVE_DLFCN_H 1
| #define HAVE_SETJMP_H 1
| #define HAVE_SYS_UN_H 1
| #define HAVE_SYS_MMAN_H 1
| #define HAVE_SYS_IPC_H 1
| /* end confdefs.h.  */
| #include <stddef.h>
| #ifdef HAVE_STDIO_H
| # include <stdio.h>
| #endif
| #ifdef HAVE_STDLIB_H
| # include <stdlib.h>
| #endif
| #ifdef HAVE_STRING_H
| # include <string.h>
| #endif
| #ifdef HAVE_INTTYPES_H
| # include <inttypes.h>
| #endif
| #ifdef HAVE_STDINT_H
| # include <stdint.h>
| #endif
| #ifdef HAVE_STRINGS_H
| # include <strings.h>
| #endif
| #ifdef HAVE_SYS_TYPES_H
| # include <sys/types.h>
| #endif
| #ifdef HAVE_SYS_STAT_H
| # include <sys/stat.h>
| #endif
| #ifdef HAVE_UNISTD_H
| # include <unistd.h>
| #endif
| #include <crt_externs.h>
configure:3977: result: no
configure:3989: checking for sys/shm.h
configure:3989: gcc -c -g -O2  conftest.c >&5
configure:3989: $? = 0
configure:3989: result: yes
configure:3999: checking for socklen_t
configure:3999: gcc -c -g -O2  conftest.c >&5
configure:3999: $? = 0
configure:3999: gcc -c -g -O2  conftest.c >&5
conftest.c: In function 'main':
conftest.c:34:24: error: expected expression before ')' token
   34 | if (sizeof ((socklen_t)))
      |                        ^
configure:3999: $? = 1
configure: failed program was:
| /* confdefs.h */
| #define PACKAGE_NAME "util"
| #define PACKAGE_TARNAME "util"
| #define PACKAGE_VERSION "1.0"
| #define PACKAGE_STRING "util 1.0"
| #define PACKAGE_BUGREPORT "saord@cfa.harvard.edu"
| #define PACKAGE_URL ""
| #define HAVE_LONG_LONG 1
| #define HAVE_STDIO_H 1
| #define HAVE_STDLIB_H 1
| #define HAVE_STRING_H 1
| #define HAVE_INTTYPES_H 1
| #define HAVE_STDINT_H 1
| #define HAVE_STRINGS_H 1
| #define HAVE_SYS_STAT_H 1
| #define HAVE_SYS_TYPES_H 1
| #define HAVE_UNISTD_H 1
| #define STDC_HEADERS 1
| #define HAVE_MALLOC_H 1
| #define HAVE_GETOPT_H 1
| #define HAVE_VALUES_H 1
| #define HAVE_DLFCN_H 1
| #define HAVE_SETJMP_H 1
| #define HAVE_SYS_UN_H 1
| #define HAVE_SYS_MMAN_H 1
| #define HAVE_SYS_IPC_H 1
| #define HAVE_SYS_SHM_H 1
| /* end confdefs.h.  */
| #include <sys/socket.h>
| 
| int
| main (void)
| {
| if (sizeof ((socklen_t)))
| 	    return 0;
|   ;
|   return 0;
| }
configure:3999: result: yes
configure:4010: checking for an ANSI C-conforming const
configure:4077: gcc -c -g -O2  conftest.c >&5
configure:4077: $? = 0
configure:4085: result: yes
configure:4094: checking for strchr
configure:4094: gcc -o conftest -g -O2   conftest.c  >&5
conftest.c:46:6: warning: conflicting types for built-in function 'strchr'; expected 'char *(const char *, int)' [-Wbuiltin-declaration-mismatch]
   46 | char strchr ();
      |      ^~~~~~
conftest.c:38:1: note: 'strchr' is declared in header '<string.h>'
   37 | #include <limits.h>
   38 | #undef strchr
configure:4094: $? = 0
configure:4094: result: yes
configure:4100: checking for memcpy
configure:4100: gcc -o conftest -g -O2   conftest.c  >&5
conftest.c:47:6: warning: conflicting types for built-in function 'memcpy'; expected 'void *(void *, const void *, long unsigned int)' [-Wbuiltin-declaration-mismatch]
   47 | char memcpy ();
      |      ^~~~~~
conftest.c:39:1: note: 'memcpy' is declared in header '<string.h>'
   38 | #include <limits.h>
   39 | #undef memcpy
configure:4100: $? = 0
configure:4100: result: yes
configure:4106: checking for snprintf
configure:4106: gcc -o conftest -g -O2   conftest.c  >&5
conftest.c:48:6: warning: conflicting types for built-in function 'snprintf'; expected 'int(char *, long unsigned int,  const char *, ...)' [-Wbuiltin-declaration-mismatch]
   48 | char snprintf ();
      |      ^~~~~~~~
conftest.c:40:1: note: 'snprintf' is declared in header '<stdio.h>'
   39 | #include <limits.h>
   40 | #undef snprintf
configure:4106: $? = 0
configure:4106: result: yes
configure:4112: checking for ftello
configure:4112: gcc -o conftest -g -O2   conftest.c  >&5
configure:4112: $? = 0
configure:4112: result: yes
configure:4118: checking for fseeko
configure:4118: gcc -o conftest -g -O2   conftest.c  >&5
configure:4118: $? = 0
configure:4118: result: yes
configure:4124: checking for setenv
configure:4124: gcc -o conftest -g -O2   conftest.c  >&5
configure:4124: $? = 0
configure:4124: result: yes
configure:4132: checking for connect
configure:4132: gcc -o conftest -g -O2   conftest.c  >&5
configure:4132: $? = 0
configure:4132: result: yes
configure:4180: checking for gethostbyname
configure:4180: gcc -o conftest -g -O2   conftest.c  >&5
configure:4180: $? = 0
configure:4180: result: yes
configure:4234: checking whether byte ordering is bigendian
configure:4250: gcc -c -g -O2  conftest.c >&5
conftest.c:37:9: error: unknown type name 'not'
   37 |         not a universal capable compiler
      |         ^~~
conftest.c:37:15: error: expected '=', ',', ';', 'asm' or '__attribute__' before 'universal'
   37 |         not a universal capable compiler
      |               ^~~~~~~~~
conftest.c:37:15: error: unknown type name 'universal'
configure:4250: $? = 1
configure: failed program was:
| /* confdefs.h */
| #define PACKAGE_NAME "util"
| #define PACKAGE_TARNAME "util"
| #define PACKAGE_VERSION "1.0"
| #define PACKAGE_STRING "util 1.0"
| #define PACKAGE_BUGREPORT "saord@cfa.harvard.edu"
| #define PACKAGE_URL ""
| #define HAVE_LONG_LONG 1
| #define HAVE_STDIO_H 1
| #define HAVE_STDLIB_H 1
| #define HAVE_STRING_H 1
| #define HAVE_INTTYPES_H 1
| #define HAVE_STDINT_H 1
| #define HAVE_STRINGS_H 1
| #define HAVE_SYS_STAT_H 1
| #define HAVE_SYS_TYPES_H 1
| #define HAVE_UNISTD_H 1
| #define STDC_HEADERS 1
| #define HAVE_MALLOC_H 1
| #define HAVE_GETOPT_H 1
| #define HAVE_VALUES_H 1
| #define HAVE_DLFCN_H 1
| #define HAVE_SETJMP_H 1
| #define HAVE_SYS_UN_H 1
| #define HAVE_SYS_MMAN_H 1
| #define HAVE_SYS_IPC_H 1
| #define HAVE_SYS_SHM_H 1
| #define HAVE_SOCKLEN_T 1
| #define HAVE_STRCHR 1
| #define HAVE_MEMCPY 1
| #define HAVE_SNPRINTF 1
| #define HAVE_FTELLO 1
| #define HAVE_FSEEKO 1
| #define HAVE_SETENV 1
| /* end confdefs.h.  */
| #ifndef __APPLE_CC__
| 	       not a universal capable compiler
| 	     #endif
| 	     typedef int dummy;
| 
configure:4296: gcc -c -g -O2  conftest.c >&5
configure:4296: $? = 0
configure:4315: gcc -c -g -O2  conftest.c >&5
conftest.c: In function 'main':
conftest.c:43:4: error: unknown type name 'not'; did you mean 'ino_t'?
   43 |    not big endian
      |    ^~~
      |    ino_t
conftest.c:43:12: error: expected '=', ',', ';', 'asm' or '__attribute__' before 'endian'
   43 |    not big endian
      |            ^~~~~~
configure:4315: $? = 1
configure: failed program was:
| /* confdefs.h */
| #define PACKAGE_NAME "util"
| #define PACKAGE_TARNAME "util"
| #define PACKAGE_VERSION "1.0"
| #define PACKAGE_STRING "util 1.0"
| #define PACKAGE_BUGREPORT "saord@cfa.harvard.edu"
| #define PACKAGE_URL ""
| #define HAVE_LONG_LONG 1
| #define HAVE_STDIO_H 1
| #define HAVE_STDLIB_H 1
| #define HAVE_STRING_H 1
| #define HAVE_INTTYPES_H 1
| #define HAVE_STDINT_H 1
| #define HAVE_STRINGS_H 1
| #define HAVE_SYS_STAT_H 1
| #define HAVE_SYS_TYPES_H 1
| #define HAVE_UNISTD_H 1
| #define STDC_HEADERS 1
| #define HAVE_MALLOC_H 1
| #define HAVE_GETOPT_H 1
| #define HAVE_VALUES_H 1
| #define HAVE_DLFCN_H 1
| #define HAVE_SETJMP_H 1
| #define HAVE_SYS_UN_H 1
| #define HAVE_SYS_MMAN_H 1
| #define HAVE_SYS_IPC_H 1
| #define HAVE_SYS_SHM_H 1
| #define HAVE_SOCKLEN_T 1
| #define HAVE_STRCHR 1
| #define HAVE_MEMCPY 1
| #define HAVE_SNPRINTF 1
| #define HAVE_FTELLO 1
| #define HAVE_FSEEKO 1
| #define HAVE_SETENV 1
| /* end confdefs.h.  */
| #include <sys/types.h>
| 		#include <sys/param.h>
| 
| int
| main (void)
| {
| #if BYTE_ORDER != BIG_ENDIAN
| 		 not big endian
| 		#endif
| 
|   ;
|   return 0;
| }
configure:4449: result: no
configure:4468: checking for alternate target library
configure:4479: result: yes (/usr/local/src/SAOImageDS9/funtools/libfuntools.a)
configure:4484: checking for shared library build
configure:4507: result: no
configure:4633: checking for request to use posix_spawn
configure:4643: result: no
configure:4685: checking for Tcl configuration
configure:4766: result: found /usr/local/src/SAOImageDS9/tcl8.6/unix/tclConfig.sh
configure:4777: checking for external zlib
configure:4788: result: yes
configure:4791: checking linux-gnu configuration
configure:4881: result: none
configure:5000: creating ./config.status

## ---------------------- ##
## Running config.status. ##
## ---------------------- ##

This file was extended by util config.status 1.0, which was
generated by GNU Autoconf 2.71.  Invocation command line was

  CONFIG_FILES    = 
  CONFIG_HEADERS  = 
  CONFIG_LINKS    = 
  CONFIG_COMMANDS = 
  $ ./config.status 

on nancep7.obs-nancay.fr

config.status:826: creating Makefile
config.status:826: creating NaN.h
config.status:826: creating conf.h

## ---------------- ##
## Cache variables. ##
## ---------------- ##

ac_cv_build=x86_64-unknown-linux-gnu
ac_cv_c_bigendian=no
ac_cv_c_compiler_gnu=yes
ac_cv_c_const=yes
ac_cv_c_long_long=yes
ac_cv_c_tclconfig=/usr/local/src/SAOImageDS9/tcl8.6/unix
ac_cv_env_CC_set=
ac_cv_env_CC_value=
ac_cv_env_CFLAGS_set=
ac_cv_env_CFLAGS_value=
ac_cv_env_CPPFLAGS_set=
ac_cv_env_CPPFLAGS_value=
ac_cv_env_LDFLAGS_set=
ac_cv_env_LDFLAGS_value=
ac_cv_env_LIBS_set=
ac_cv_env_LIBS_value=
ac_cv_env_build_alias_set=
ac_cv_env_build_alias_value=
ac_cv_env_host_alias_set=
ac_cv_env_host_alias_value=
ac_cv_env_target_alias_set=
ac_cv_env_target_alias_value=
ac_cv_func_connect=yes
ac_cv_func_fseeko=yes
ac_cv_func_ftello=yes
ac_cv_func_gethostbyname=yes
ac_cv_func_memcpy=yes
ac_cv_func_setenv=yes
ac_cv_func_snprintf=yes
ac_cv_func_strchr=yes
ac_cv_header_crt_externs_h=no
ac_cv_header_dlfcn_h=yes
ac_cv_header_getopt_h=yes
ac_cv_header_inttypes_h=yes
ac_cv_header_malloc_h=yes
ac_cv_header_setjmp_h=yes
ac_cv_header_stdint_h=yes
ac_cv_header_stdio_h=yes
ac_cv_header_stdlib_h=yes
ac_cv_header_string_h=yes
ac_cv_header_strings_h=yes
ac_cv_header_sys_ipc_h=yes
ac_cv_header_sys_mman_h=yes
ac_cv_header_sys_shm_h=yes
ac_cv_header_sys_stat_h=yes
ac_cv_header_sys_types_h=yes
ac_cv_header_sys_un_h=yes
ac_cv_header_unistd_h=yes
ac_cv_header_values_h=yes
ac_cv_host=x86_64-unknown-linux-gnu
ac_cv_objext=o
ac_cv_path_EGREP='/bin/grep -E'
ac_cv_path_GREP=/bin/grep
ac_cv_prog_ac_ct_CC=gcc
ac_cv_prog_ac_ct_RANLIB=ranlib
ac_cv_prog_cc_c11=
ac_cv_prog_cc_g=yes
ac_cv_prog_cc_stdc=
ac_cv_type_socklen_t=yes

## ----------------- ##
## Output variables. ##
## ----------------- ##

BIGENDIAN='0'
CC='gcc'
CFLAGS='-g -O2'
CPPFLAGS=''
DEFLIB='libutil.a'
DEFS='-DHAVE_CONFIG_H'
DOSHARED=''
ECHO_C=''
ECHO_N='-n'
ECHO_T=''
EGREP='/bin/grep -E'
EXEEXT=''
EXTRA_LIBS=' /usr/local/src/SAOImageDS9/lib'
EXTRA_OBJS=''
GREP='/bin/grep'
LDFLAGS=''
LIB='/usr/local/src/SAOImageDS9/funtools/libfuntools.a'
LIBOBJS=''
LIBS=''
LLIB='$(LIB)'
LTLIBOBJS=''
OBJEXT='o'
PACKAGE_BUGREPORT='saord@cfa.harvard.edu'
PACKAGE_NAME='util'
PACKAGE_STRING='util 1.0'
PACKAGE_TARNAME='util'
PACKAGE_URL=''
PACKAGE_VERSION='1.0'
PATH_SEPARATOR=':'
RANLIB='ranlib'
SHELL='/bin/bash'
USE_DL=''
ac_ct_CC='gcc'
bindir='${exec_prefix}/bin'
build='x86_64-unknown-linux-gnu'
build_alias=''
build_cpu='x86_64'
build_os='linux-gnu'
build_vendor='unknown'
datadir='${datarootdir}'
datarootdir='${prefix}/share'
docdir='${datarootdir}/doc/${PACKAGE_TARNAME}'
dvidir='${docdir}'
exec_prefix='/usr/local/src/SAOImageDS9'
host='x86_64-unknown-linux-gnu'
host_alias=''
host_cpu='x86_64'
host_os='linux-gnu'
host_vendor='unknown'
htmldir='${docdir}'
includedir='${prefix}/include'
infodir='${datarootdir}/info'
libdir='/usr/local/src/SAOImageDS9/lib'
libexecdir='${exec_prefix}/libexec'
localedir='${datarootdir}/locale'
localstatedir='${prefix}/var'
mandir='${datarootdir}/man'
oldincludedir='/usr/include'
pdfdir='${docdir}'
prefix='/usr/local/src/SAOImageDS9'
program_transform_name='s,x,x,'
psdir='${docdir}'
runstatedir='${localstatedir}/run'
sbindir='${exec_prefix}/sbin'
sharedstatedir='${prefix}/com'
sysconfdir='${prefix}/etc'
target_alias=''

## ----------- ##
## confdefs.h. ##
## ----------- ##

/* confdefs.h */
#define PACKAGE_NAME "util"
#define PACKAGE_TARNAME "util"
#define PACKAGE_VERSION "1.0"
#define PACKAGE_STRING "util 1.0"
#define PACKAGE_BUGREPORT "saord@cfa.harvard.edu"
#define PACKAGE_URL ""
#define HAVE_LONG_LONG 1
#define HAVE_STDIO_H 1
#define HAVE_STDLIB_H 1
#define HAVE_STRING_H 1
#define HAVE_INTTYPES_H 1
#define HAVE_STDINT_H 1
#define HAVE_STRINGS_H 1
#define HAVE_SYS_STAT_H 1
#define HAVE_SYS_TYPES_H 1
#define HAVE_UNISTD_H 1
#define STDC_HEADERS 1
#define HAVE_MALLOC_H 1
#define HAVE_GETOPT_H 1
#define HAVE_VALUES_H 1
#define HAVE_DLFCN_H 1
#define HAVE_SETJMP_H 1
#define HAVE_SYS_UN_H 1
#define HAVE_SYS_MMAN_H 1
#define HAVE_SYS_IPC_H 1
#define HAVE_SYS_SHM_H 1
#define HAVE_SOCKLEN_T 1
#define HAVE_STRCHR 1
#define HAVE_MEMCPY 1
#define HAVE_SNPRINTF 1
#define HAVE_FTELLO 1
#define HAVE_FSEEKO 1
#define HAVE_SETENV 1
#define HAVE_TCL 1

configure: exit 0
